c:\originalhr\hoverrace\nettarget\videoservices\debug\alstub.obj
c:\originalhr\hoverrace\nettarget\videoservices\debug\videobuffersdl2integration.obj
c:\originalhr\hoverrace\nettarget\videoservices\debug\videobuffersdl2adapter.obj
c:\originalhr\hoverrace\nettarget\videoservices\debug\sdl2graphics.obj
c:\originalhr\hoverrace\nettarget\videoservices\debug\videobuffer2ddraw.obj
c:\originalhr\hoverrace\nettarget\videoservices\debug\videobuffer.obj
c:\originalhr\hoverrace\nettarget\videoservices\debug\stdafx.obj
c:\originalhr\hoverrace\nettarget\videoservices\debug\sprite.obj
c:\originalhr\hoverrace\nettarget\videoservices\debug\soundserver.obj
c:\originalhr\hoverrace\nettarget\videoservices\debug\patch.obj
c:\originalhr\hoverrace\nettarget\videoservices\debug\colortab.obj
c:\originalhr\hoverrace\nettarget\videoservices\debug\colorpalette.obj
c:\originalhr\hoverrace\nettarget\videoservices\debug\bitmap.obj
c:\originalhr\hoverrace\nettarget\videoservices\debug\3dviewportrendering.obj
c:\originalhr\hoverrace\nettarget\videoservices\debug\3dviewport.obj
c:\originalhr\hoverrace\nettarget\videoservices\debug\2dviewport.obj
c:\originalhr\hoverrace\nettarget\videoservices\debug\vc143.pdb
c:\originalhr\hoverrace\debug\videoservices.dll
c:\originalhr\hoverrace\debug\videoservices.pdb
c:\originalhr\hoverrace\debug\videoservices.lib
c:\originalhr\hoverrace\debug\videoservices.exp
c:\originalhr\hoverrace\debug\videoservices.ilk
c:\originalhr\hoverrace\nettarget\videoservices\debug\videoservices.vcxproj.filelistabsolute.txt
c:\originalhr\hoverrace\nettarget\videoservices\debug\videoservices.tlog\cl.command.1.tlog
c:\originalhr\hoverrace\nettarget\videoservices\debug\videoservices.tlog\cl.items.tlog
c:\originalhr\hoverrace\nettarget\videoservices\debug\videoservices.tlog\cl.read.1.tlog
c:\originalhr\hoverrace\nettarget\videoservices\debug\videoservices.tlog\cl.write.1.tlog
c:\originalhr\hoverrace\nettarget\videoservices\debug\videoservices.tlog\link.command.1.tlog
c:\originalhr\hoverrace\nettarget\videoservices\debug\videoservices.tlog\link.read.1.tlog
c:\originalhr\hoverrace\nettarget\videoservices\debug\videoservices.tlog\link.secondary.1.tlog
c:\originalhr\hoverrace\nettarget\videoservices\debug\videoservices.tlog\link.write.1.tlog
