MSBuild version 17.9.5+33de0b227 for .NET Framework
Build started 11/11/2025 17:53:38.

Project "C:\originalhr\HoverRace\NetTarget\MainCharacter\MainCharacter.vcxproj" on node 1 (default targets).
Project "C:\originalhr\HoverRace\NetTarget\MainCharacter\MainCharacter.vcxproj" (1) is building "C:\originalhr\HoverRace\NetTarget\Util\Util.vcxproj" (2) on node 1 (default targets).
PrepareForBuild:
  Structured output is enabled. The formatting of compiler diagnostics will reflect the error hierarchy. See https://aka.ms/cpp/structured-output for more details.
InitializeBuildStatus:
  Creating "C:\originalhr\HoverRace\NetTarget\Util\Release\Util.tlog\unsuccessfulbuild" because "AlwaysCreate" was specified.
  Touching "C:\originalhr\HoverRace\NetTarget\Util\Release\Util.tlog\unsuccessfulbuild".
ClCompile:
  All outputs are up-to-date.
Link:
  All outputs are up-to-date.
  Util.vcxproj -> c:\originalhr\HoverRace\Release\Util.dll
FinalizeBuildStatus:
  Deleting file "C:\originalhr\HoverRace\NetTarget\Util\Release\Util.tlog\unsuccessfulbuild".
  Touching "C:\originalhr\HoverRace\NetTarget\Util\Release\Util.tlog\Util.lastbuildstate".
Done Building Project "C:\originalhr\HoverRace\NetTarget\Util\Util.vcxproj" (default targets).
Project "C:\originalhr\HoverRace\NetTarget\MainCharacter\MainCharacter.vcxproj" (1) is building "C:\originalhr\HoverRace\NetTarget\VideoServices\VideoServices.vcxproj" (3) on node 1 (default targets).
PrepareForBuild:
  Structured output is enabled. The formatting of compiler diagnostics will reflect the error hierarchy. See https://aka.ms/cpp/structured-output for more details.
InitializeBuildStatus:
  Creating "C:\originalhr\HoverRace\NetTarget\VideoServices\Release\VideoServices.tlog\unsuccessfulbuild" because "AlwaysCreate" was specified.
  Touching "C:\originalhr\HoverRace\NetTarget\VideoServices\Release\VideoServices.tlog\unsuccessfulbuild".
ClCompile:
  All outputs are up-to-date.
Link:
  All outputs are up-to-date.
  VideoServices.vcxproj -> c:\originalhr\HoverRace\Release\VideoServices.dll
FinalizeBuildStatus:
  Deleting file "C:\originalhr\HoverRace\NetTarget\VideoServices\Release\VideoServices.tlog\unsuccessfulbuild".
  Touching "C:\originalhr\HoverRace\NetTarget\VideoServices\Release\VideoServices.tlog\VideoServices.lastbuildstate".
Done Building Project "C:\originalhr\HoverRace\NetTarget\VideoServices\VideoServices.vcxproj" (default targets).
Project "C:\originalhr\HoverRace\NetTarget\MainCharacter\MainCharacter.vcxproj" (1) is building "C:\originalhr\HoverRace\NetTarget\Model\Model.vcxproj" (4) on node 1 (default targets).
PrepareForBuild:
  Structured output is enabled. The formatting of compiler diagnostics will reflect the error hierarchy. See https://aka.ms/cpp/structured-output for more details.
InitializeBuildStatus:
  Creating "C:\originalhr\HoverRace\NetTarget\Model\Release\Model.tlog\unsuccessfulbuild" because "AlwaysCreate" was specified.
  Touching "C:\originalhr\HoverRace\NetTarget\Model\Release\Model.tlog\unsuccessfulbuild".
ClCompile:
  All outputs are up-to-date.
Link:
  All outputs are up-to-date.
  Model.vcxproj -> c:\originalhr\HoverRace\Release\Model.dll
FinalizeBuildStatus:
  Deleting file "C:\originalhr\HoverRace\NetTarget\Model\Release\Model.tlog\unsuccessfulbuild".
  Touching "C:\originalhr\HoverRace\NetTarget\Model\Release\Model.tlog\Model.lastbuildstate".
Done Building Project "C:\originalhr\HoverRace\NetTarget\Model\Model.vcxproj" (default targets).
PrepareForBuild:
  Structured output is enabled. The formatting of compiler diagnostics will reflect the error hierarchy. See https://aka.ms/cpp/structured-output for more details.
InitializeBuildStatus:
  Touching "C:\originalhr\HoverRace\NetTarget\MainCharacter\Release\MainCharacter.tlog\unsuccessfulbuild".
ClCompile:
  C:\Program Files\Microsoft Visual Studio\2022\Community\VC\Tools\MSVC\14.39.33519\bin\HostX86\x86\CL.exe /c /I"C:\Program Files\Microsoft Visual Studio\2022\Community\SDK\ScopeCppSDK\vc15\VC\include" /I"C:\Program Files\Microsoft Visual Studio\2022\Community\VC\Tools\MSVC\14.39.33519\include" /Zi /nologo /W4 /WX- /diagnostics:column /O2 /Oy- /D WIN32 /D NDEBUG /D _WINDOWS /D MR_MAIN_CHARACTER /D _AFXDLL /D _WINDLL /D _MBCS /D _AFXDLL /Gm- /EHsc /MD /GS /fp:precise /Zc:wchar_t /Zc:forScope /Zc:inline /Fo"C:\originalhr\HoverRace\NetTarget\MainCharacter\Release\\" /Fd"C:\originalhr\HoverRace\NetTarget\MainCharacter\Release\vc143.pdb" /external:W4 /Gd /TP /analyze- /FC /errorReport:queue /FS MainCharacter.cpp
  MainCharacter.cpp
  _WIN32_WINNT not defined. Defaulting to _WIN32_WINNT_MAXVER (see WinSDKVer.h)
C:\Program Files\Microsoft Visual Studio\2022\Community\VC\Tools\MSVC\14.39.33519\include\yvals_core.h(880,1): warning C4005: '_MSVC_STL_VERSION': macro redefinition [C:\originalhr\HoverRace\NetTarget\MainCharacter\MainCharacter.vcxproj]
  (compiling source file 'MainCharacter.cpp')
  C:\Program Files\Microsoft Visual Studio\2022\Community\SDK\ScopeCppSDK\vc15\VC\include\yvals.h(156,1):
  see previous definition of '_MSVC_STL_VERSION'
  
C:\Program Files\Microsoft Visual Studio\2022\Community\VC\Tools\MSVC\14.39.33519\include\yvals_core.h(881,1): warning C4005: '_MSVC_STL_UPDATE': macro redefinition [C:\originalhr\HoverRace\NetTarget\MainCharacter\MainCharacter.vcxproj]
  (compiling source file 'MainCharacter.cpp')
  C:\Program Files\Microsoft Visual Studio\2022\Community\SDK\ScopeCppSDK\vc15\VC\include\yvals.h(157,1):
  see previous definition of '_MSVC_STL_UPDATE'
  
C:\Program Files\Microsoft Visual Studio\2022\Community\VC\Tools\MSVC\14.39.33519\include\yvals_core.h(1000,1): warning C4005: '_DEPRECATE_TR1_NAMESPACE': macro redefinition [C:\originalhr\HoverRace\NetTarget\MainCharacter\MainCharacter.vcxproj]
  (compiling source file 'MainCharacter.cpp')
  C:\Program Files\Microsoft Visual Studio\2022\Community\SDK\ScopeCppSDK\vc15\VC\include\yvals.h(247,1):
  see previous definition of '_DEPRECATE_TR1_NAMESPACE'
  
C:\Program Files\Microsoft Visual Studio\2022\Community\VC\Tools\MSVC\14.39.33519\include\yvals_core.h(1014,1): warning C4005: '_MISMATCHED_ALLOCATOR_MESSAGE': macro redefinition [C:\originalhr\HoverRace\NetTarget\MainCharacter\MainCharacter.vcxproj]
  (compiling source file 'MainCharacter.cpp')
  C:\Program Files\Microsoft Visual Studio\2022\Community\SDK\ScopeCppSDK\vc15\VC\include\yvals.h(303,1):
  see previous definition of '_MISMATCHED_ALLOCATOR_MESSAGE'
  
C:\originalhr\HoverRace\NetTarget\MainCharacter\MainCharacter.cpp(48,2): warning C4091: 'static ': ignored on left of 'MR_ResActorFriend' when no variable is declared [C:\originalhr\HoverRace\NetTarget\MainCharacter\MainCharacter.vcxproj]
C:\originalhr\HoverRace\NetTarget\MainCharacter\MainCharacter.cpp(103,22): error C2027: use of undefined type 'MR_ObjectFactoryData' [C:\originalhr\HoverRace\NetTarget\MainCharacter\MainCharacter.vcxproj]
  C:\originalhr\HoverRace\NetTarget\MainCharacter\MainCharacter.cpp(40,8):
  see declaration of 'MR_ObjectFactoryData'
  
C:\originalhr\HoverRace\NetTarget\MainCharacter\MainCharacter.cpp(107,22): error C2027: use of undefined type 'MR_ObjectFactoryData' [C:\originalhr\HoverRace\NetTarget\MainCharacter\MainCharacter.vcxproj]
  C:\originalhr\HoverRace\NetTarget\MainCharacter\MainCharacter.cpp(40,8):
  see declaration of 'MR_ObjectFactoryData'
  
C:\originalhr\HoverRace\NetTarget\MainCharacter\MainCharacter.cpp(111,22): error C2027: use of undefined type 'MR_ObjectFactoryData' [C:\originalhr\HoverRace\NetTarget\MainCharacter\MainCharacter.vcxproj]
  C:\originalhr\HoverRace\NetTarget\MainCharacter\MainCharacter.cpp(40,8):
  see declaration of 'MR_ObjectFactoryData'
  
C:\originalhr\HoverRace\NetTarget\MainCharacter\MainCharacter.cpp(373,20): warning C4996: 'fopen': This function or variable may be unsafe. Consider using fopen_s instead. To disable deprecation, use _CRT_SECURE_NO_WARNINGS. See online help for details. [C:\originalhr\HoverRace\NetTarget\MainCharacter\MainCharacter.vcxproj]
C:\originalhr\HoverRace\NetTarget\MainCharacter\MainCharacter.cpp(412,27): warning C4477: 'fprintf' : format string '%.1f' requires an argument of type 'double', but variadic argument 3 has type 'MR_Int32' [C:\originalhr\HoverRace\NetTarget\MainCharacter\MainCharacter.vcxproj]
C:\originalhr\HoverRace\NetTarget\MainCharacter\MainCharacter.cpp(412,27): warning C4477: 'fprintf' : format string '%.1f' requires an argument of type 'double', but variadic argument 4 has type 'MR_Int32' [C:\originalhr\HoverRace\NetTarget\MainCharacter\MainCharacter.vcxproj]
C:\originalhr\HoverRace\NetTarget\MainCharacter\MainCharacter.cpp(412,27): warning C4477: 'fprintf' : format string '%.1f' requires an argument of type 'double', but variadic argument 5 has type 'MR_Int32' [C:\originalhr\HoverRace\NetTarget\MainCharacter\MainCharacter.vcxproj]
C:\originalhr\HoverRace\NetTarget\MainCharacter\MainCharacter.cpp(410,23): warning C4996: 'fopen': This function or variable may be unsafe. Consider using fopen_s instead. To disable deprecation, use _CRT_SECURE_NO_WARNINGS. See online help for details. [C:\originalhr\HoverRace\NetTarget\MainCharacter\MainCharacter.vcxproj]
C:\originalhr\HoverRace\NetTarget\MainCharacter\MainCharacter.cpp(457,29): warning C4996: 'fopen': This function or variable may be unsafe. Consider using fopen_s instead. To disable deprecation, use _CRT_SECURE_NO_WARNINGS. See online help for details. [C:\originalhr\HoverRace\NetTarget\MainCharacter\MainCharacter.vcxproj]
C:\originalhr\HoverRace\NetTarget\MainCharacter\MainCharacter.cpp(473,20): warning C4996: 'fopen': This function or variable may be unsafe. Consider using fopen_s instead. To disable deprecation, use _CRT_SECURE_NO_WARNINGS. See online help for details. [C:\originalhr\HoverRace\NetTarget\MainCharacter\MainCharacter.vcxproj]
C:\originalhr\HoverRace\NetTarget\MainCharacter\MainCharacter.cpp(538,55): warning C4244: 'argument': conversion from 'double' to 'MR_Int32', possible loss of data [C:\originalhr\HoverRace\NetTarget\MainCharacter\MainCharacter.vcxproj]
C:\originalhr\HoverRace\NetTarget\MainCharacter\MainCharacter.cpp(539,55): warning C4244: 'argument': conversion from 'double' to 'MR_Int32', possible loss of data [C:\originalhr\HoverRace\NetTarget\MainCharacter\MainCharacter.vcxproj]
C:\originalhr\HoverRace\NetTarget\MainCharacter\MainCharacter.cpp(540,40): warning C4244: 'argument': conversion from 'double' to 'MR_Int32', possible loss of data [C:\originalhr\HoverRace\NetTarget\MainCharacter\MainCharacter.vcxproj]
C:\originalhr\HoverRace\NetTarget\MainCharacter\MainCharacter.cpp(585,31): warning C4244: '=': conversion from 'MR_UInt32' to 'MR_Angle', possible loss of data [C:\originalhr\HoverRace\NetTarget\MainCharacter\MainCharacter.vcxproj]
C:\originalhr\HoverRace\NetTarget\MainCharacter\MainCharacter.cpp(811,32): warning C4244: '-=': conversion from 'double' to 'MR_SimulationTime', possible loss of data [C:\originalhr\HoverRace\NetTarget\MainCharacter\MainCharacter.vcxproj]
C:\originalhr\HoverRace\NetTarget\MainCharacter\MainCharacter.cpp(1013,34): warning C4244: 'argument': conversion from 'double' to 'MR_Int32', possible loss of data [C:\originalhr\HoverRace\NetTarget\MainCharacter\MainCharacter.vcxproj]
C:\originalhr\HoverRace\NetTarget\MainCharacter\MainCharacter.cpp(1012,34): warning C4244: 'argument': conversion from 'double' to 'MR_Int32', possible loss of data [C:\originalhr\HoverRace\NetTarget\MainCharacter\MainCharacter.vcxproj]
C:\originalhr\HoverRace\NetTarget\MainCharacter\MainCharacter.cpp(1011,34): warning C4244: 'argument': conversion from 'double' to 'MR_Int32', possible loss of data [C:\originalhr\HoverRace\NetTarget\MainCharacter\MainCharacter.vcxproj]
C:\originalhr\HoverRace\NetTarget\MainCharacter\MainCharacter.cpp(1194,35): warning C4244: '=': conversion from 'double' to 'MR_Int32', possible loss of data [C:\originalhr\HoverRace\NetTarget\MainCharacter\MainCharacter.vcxproj]
C:\originalhr\HoverRace\NetTarget\MainCharacter\MainCharacter.cpp(1195,35): warning C4244: '=': conversion from 'double' to 'MR_Int32', possible loss of data [C:\originalhr\HoverRace\NetTarget\MainCharacter\MainCharacter.vcxproj]
C:\originalhr\HoverRace\NetTarget\MainCharacter\MainCharacter.cpp(1343,36): warning C4244: '=': conversion from 'double' to 'MR_Int32', possible loss of data [C:\originalhr\HoverRace\NetTarget\MainCharacter\MainCharacter.vcxproj]
C:\originalhr\HoverRace\NetTarget\MainCharacter\MainCharacter.cpp(1344,36): warning C4244: '=': conversion from 'double' to 'MR_Int32', possible loss of data [C:\originalhr\HoverRace\NetTarget\MainCharacter\MainCharacter.vcxproj]
Done Building Project "C:\originalhr\HoverRace\NetTarget\MainCharacter\MainCharacter.vcxproj" (default targets) -- FAILED.

Build FAILED.

"C:\originalhr\HoverRace\NetTarget\MainCharacter\MainCharacter.vcxproj" (default target) (1) ->
(ClCompile target) -> 
  C:\Program Files\Microsoft Visual Studio\2022\Community\VC\Tools\MSVC\14.39.33519\include\yvals_core.h(880,1): warning C4005: '_MSVC_STL_VERSION': macro redefinition [C:\originalhr\HoverRace\NetTarget\MainCharacter\MainCharacter.vcxproj]
  C:\Program Files\Microsoft Visual Studio\2022\Community\VC\Tools\MSVC\14.39.33519\include\yvals_core.h(881,1): warning C4005: '_MSVC_STL_UPDATE': macro redefinition [C:\originalhr\HoverRace\NetTarget\MainCharacter\MainCharacter.vcxproj]
  C:\Program Files\Microsoft Visual Studio\2022\Community\VC\Tools\MSVC\14.39.33519\include\yvals_core.h(1000,1): warning C4005: '_DEPRECATE_TR1_NAMESPACE': macro redefinition [C:\originalhr\HoverRace\NetTarget\MainCharacter\MainCharacter.vcxproj]
  C:\Program Files\Microsoft Visual Studio\2022\Community\VC\Tools\MSVC\14.39.33519\include\yvals_core.h(1014,1): warning C4005: '_MISMATCHED_ALLOCATOR_MESSAGE': macro redefinition [C:\originalhr\HoverRace\NetTarget\MainCharacter\MainCharacter.vcxproj]
  C:\originalhr\HoverRace\NetTarget\MainCharacter\MainCharacter.cpp(48,2): warning C4091: 'static ': ignored on left of 'MR_ResActorFriend' when no variable is declared [C:\originalhr\HoverRace\NetTarget\MainCharacter\MainCharacter.vcxproj]
  C:\originalhr\HoverRace\NetTarget\MainCharacter\MainCharacter.cpp(373,20): warning C4996: 'fopen': This function or variable may be unsafe. Consider using fopen_s instead. To disable deprecation, use _CRT_SECURE_NO_WARNINGS. See online help for details. [C:\originalhr\HoverRace\NetTarget\MainCharacter\MainCharacter.vcxproj]
  C:\originalhr\HoverRace\NetTarget\MainCharacter\MainCharacter.cpp(412,27): warning C4477: 'fprintf' : format string '%.1f' requires an argument of type 'double', but variadic argument 3 has type 'MR_Int32' [C:\originalhr\HoverRace\NetTarget\MainCharacter\MainCharacter.vcxproj]
  C:\originalhr\HoverRace\NetTarget\MainCharacter\MainCharacter.cpp(412,27): warning C4477: 'fprintf' : format string '%.1f' requires an argument of type 'double', but variadic argument 4 has type 'MR_Int32' [C:\originalhr\HoverRace\NetTarget\MainCharacter\MainCharacter.vcxproj]
  C:\originalhr\HoverRace\NetTarget\MainCharacter\MainCharacter.cpp(412,27): warning C4477: 'fprintf' : format string '%.1f' requires an argument of type 'double', but variadic argument 5 has type 'MR_Int32' [C:\originalhr\HoverRace\NetTarget\MainCharacter\MainCharacter.vcxproj]
  C:\originalhr\HoverRace\NetTarget\MainCharacter\MainCharacter.cpp(410,23): warning C4996: 'fopen': This function or variable may be unsafe. Consider using fopen_s instead. To disable deprecation, use _CRT_SECURE_NO_WARNINGS. See online help for details. [C:\originalhr\HoverRace\NetTarget\MainCharacter\MainCharacter.vcxproj]
  C:\originalhr\HoverRace\NetTarget\MainCharacter\MainCharacter.cpp(457,29): warning C4996: 'fopen': This function or variable may be unsafe. Consider using fopen_s instead. To disable deprecation, use _CRT_SECURE_NO_WARNINGS. See online help for details. [C:\originalhr\HoverRace\NetTarget\MainCharacter\MainCharacter.vcxproj]
  C:\originalhr\HoverRace\NetTarget\MainCharacter\MainCharacter.cpp(473,20): warning C4996: 'fopen': This function or variable may be unsafe. Consider using fopen_s instead. To disable deprecation, use _CRT_SECURE_NO_WARNINGS. See online help for details. [C:\originalhr\HoverRace\NetTarget\MainCharacter\MainCharacter.vcxproj]
  C:\originalhr\HoverRace\NetTarget\MainCharacter\MainCharacter.cpp(538,55): warning C4244: 'argument': conversion from 'double' to 'MR_Int32', possible loss of data [C:\originalhr\HoverRace\NetTarget\MainCharacter\MainCharacter.vcxproj]
  C:\originalhr\HoverRace\NetTarget\MainCharacter\MainCharacter.cpp(539,55): warning C4244: 'argument': conversion from 'double' to 'MR_Int32', possible loss of data [C:\originalhr\HoverRace\NetTarget\MainCharacter\MainCharacter.vcxproj]
  C:\originalhr\HoverRace\NetTarget\MainCharacter\MainCharacter.cpp(540,40): warning C4244: 'argument': conversion from 'double' to 'MR_Int32', possible loss of data [C:\originalhr\HoverRace\NetTarget\MainCharacter\MainCharacter.vcxproj]
  C:\originalhr\HoverRace\NetTarget\MainCharacter\MainCharacter.cpp(585,31): warning C4244: '=': conversion from 'MR_UInt32' to 'MR_Angle', possible loss of data [C:\originalhr\HoverRace\NetTarget\MainCharacter\MainCharacter.vcxproj]
  C:\originalhr\HoverRace\NetTarget\MainCharacter\MainCharacter.cpp(811,32): warning C4244: '-=': conversion from 'double' to 'MR_SimulationTime', possible loss of data [C:\originalhr\HoverRace\NetTarget\MainCharacter\MainCharacter.vcxproj]
  C:\originalhr\HoverRace\NetTarget\MainCharacter\MainCharacter.cpp(1013,34): warning C4244: 'argument': conversion from 'double' to 'MR_Int32', possible loss of data [C:\originalhr\HoverRace\NetTarget\MainCharacter\MainCharacter.vcxproj]
  C:\originalhr\HoverRace\NetTarget\MainCharacter\MainCharacter.cpp(1012,34): warning C4244: 'argument': conversion from 'double' to 'MR_Int32', possible loss of data [C:\originalhr\HoverRace\NetTarget\MainCharacter\MainCharacter.vcxproj]
  C:\originalhr\HoverRace\NetTarget\MainCharacter\MainCharacter.cpp(1011,34): warning C4244: 'argument': conversion from 'double' to 'MR_Int32', possible loss of data [C:\originalhr\HoverRace\NetTarget\MainCharacter\MainCharacter.vcxproj]
  C:\originalhr\HoverRace\NetTarget\MainCharacter\MainCharacter.cpp(1194,35): warning C4244: '=': conversion from 'double' to 'MR_Int32', possible loss of data [C:\originalhr\HoverRace\NetTarget\MainCharacter\MainCharacter.vcxproj]
  C:\originalhr\HoverRace\NetTarget\MainCharacter\MainCharacter.cpp(1195,35): warning C4244: '=': conversion from 'double' to 'MR_Int32', possible loss of data [C:\originalhr\HoverRace\NetTarget\MainCharacter\MainCharacter.vcxproj]
  C:\originalhr\HoverRace\NetTarget\MainCharacter\MainCharacter.cpp(1343,36): warning C4244: '=': conversion from 'double' to 'MR_Int32', possible loss of data [C:\originalhr\HoverRace\NetTarget\MainCharacter\MainCharacter.vcxproj]
  C:\originalhr\HoverRace\NetTarget\MainCharacter\MainCharacter.cpp(1344,36): warning C4244: '=': conversion from 'double' to 'MR_Int32', possible loss of data [C:\originalhr\HoverRace\NetTarget\MainCharacter\MainCharacter.vcxproj]


"C:\originalhr\HoverRace\NetTarget\MainCharacter\MainCharacter.vcxproj" (default target) (1) ->
(ClCompile target) -> 
  C:\originalhr\HoverRace\NetTarget\MainCharacter\MainCharacter.cpp(103,22): error C2027: use of undefined type 'MR_ObjectFactoryData' [C:\originalhr\HoverRace\NetTarget\MainCharacter\MainCharacter.vcxproj]
  C:\originalhr\HoverRace\NetTarget\MainCharacter\MainCharacter.cpp(107,22): error C2027: use of undefined type 'MR_ObjectFactoryData' [C:\originalhr\HoverRace\NetTarget\MainCharacter\MainCharacter.vcxproj]
  C:\originalhr\HoverRace\NetTarget\MainCharacter\MainCharacter.cpp(111,22): error C2027: use of undefined type 'MR_ObjectFactoryData' [C:\originalhr\HoverRace\NetTarget\MainCharacter\MainCharacter.vcxproj]

    24 Warning(s)
    3 Error(s)

Time Elapsed 00:00:02.52
