MSBuild version 17.9.5+33de0b227 for .NET Framework
Build started 07/11/2025 16:18:52.

Project "c:\originalhr\HoverRace\NetTarget.sln" on node 1 (default targets).
ValidateSolutionConfiguration:
  Building solution configuration "Release|Default".
Project "c:\originalhr\HoverRace\NetTarget.sln" (1) is building "c:\originalhr\HoverRace\NetTarget\Util\Util.vcxproj" (2) on node 1 (default targets).
PrepareForBuild:
  Structured output is enabled. The formatting of compiler diagnostics will reflect the error hierarchy. See https://aka.ms/cpp/structured-output for more details.
InitializeBuildStatus:
  Touching "Release\Util.tlog\unsuccessfulbuild".
ClCompile:
  C:\Program Files\Microsoft Visual Studio\2022\Community\VC\Tools\MSVC\14.39.33519\bin\HostX86\x86\CL.exe /c /I\gdk\sdk\inc /Zi /nologo /W4 /WX- /diagnostics:column /O2 /Oy- /D WIN32 /D NDEBUG /D _WINDOWS /D MR_UTIL /D _AFXDLL /D _WINDLL /D _MBCS /D _AFXDLL /Gm- /EHsc /MD /GS /fp:precise /Zc:wchar_t /Zc:forScope /Zc:inline /Fo"Release\\" /Fd"Release\vc143.pdb" /external:W4 /Gd /TP /analyze- /FC /errorReport:queue DllObjectFactory.cpp FuzzyLogic.cpp Profiler.cpp RecordFile.cpp StdAfx.cpp StrRes.cpp WorldCoordinates.cpp
  DllObjectFactory.cpp
  _WIN32_WINNT not defined. Defaulting to _WIN32_WINNT_MAXVER (see WinSDKVer.h)
  FuzzyLogic.cpp
c:\originalhr\HoverRace\NetTarget\Util\stdafx.h(12,10): error C1083: Cannot open include file: 'typeinfo.h': No such file or directory [c:\originalhr\HoverRace\NetTarget\Util\Util.vcxproj]
  _WIN32_WINNT not defined. Defaulting to _WIN32_WINNT_MAXVER (see WinSDKVer.h)
  (compiling source file 'DllObjectFactory.cpp')
  
c:\originalhr\HoverRace\NetTarget\Util\stdafx.h(12,10): error C1083: Cannot open include file: 'typeinfo.h': No such file or directory [c:\originalhr\HoverRace\NetTarget\Util\Util.vcxproj]
  (compiling source file 'FuzzyLogic.cpp')
  
  Profiler.cpp
  _WIN32_WINNT not defined. Defaulting to _WIN32_WINNT_MAXVER (see WinSDKVer.h)
c:\originalhr\HoverRace\NetTarget\Util\stdafx.h(12,10): error C1083: Cannot open include file: 'typeinfo.h': No such file or directory [c:\originalhr\HoverRace\NetTarget\Util\Util.vcxproj]
  (compiling source file 'Profiler.cpp')
  
  RecordFile.cpp
  _WIN32_WINNT not defined. Defaulting to _WIN32_WINNT_MAXVER (see WinSDKVer.h)
c:\originalhr\HoverRace\NetTarget\Util\stdafx.h(12,10): error C1083: Cannot open include file: 'typeinfo.h': No such file or directory [c:\originalhr\HoverRace\NetTarget\Util\Util.vcxproj]
  (compiling source file 'RecordFile.cpp')
  
  StdAfx.cpp
  _WIN32_WINNT not defined. Defaulting to _WIN32_WINNT_MAXVER (see WinSDKVer.h)
c:\originalhr\HoverRace\NetTarget\Util\stdafx.h(12,10): error C1083: Cannot open include file: 'typeinfo.h': No such file or directory [c:\originalhr\HoverRace\NetTarget\Util\Util.vcxproj]
  (compiling source file 'StdAfx.cpp')
  
  StrRes.cpp
  _WIN32_WINNT not defined. Defaulting to _WIN32_WINNT_MAXVER (see WinSDKVer.h)
c:\originalhr\HoverRace\NetTarget\Util\stdafx.h(12,10): error C1083: Cannot open include file: 'typeinfo.h': No such file or directory [c:\originalhr\HoverRace\NetTarget\Util\Util.vcxproj]
  (compiling source file 'StrRes.cpp')
  
  WorldCoordinates.cpp
  _WIN32_WINNT not defined. Defaulting to _WIN32_WINNT_MAXVER (see WinSDKVer.h)
c:\originalhr\HoverRace\NetTarget\Util\stdafx.h(12,10): error C1083: Cannot open include file: 'typeinfo.h': No such file or directory [c:\originalhr\HoverRace\NetTarget\Util\Util.vcxproj]
  (compiling source file 'WorldCoordinates.cpp')
  
  Generating Code...
Done Building Project "c:\originalhr\HoverRace\NetTarget\Util\Util.vcxproj" (default targets) -- FAILED.
Project "c:\originalhr\HoverRace\NetTarget.sln" (1) is building "c:\originalhr\HoverRace\NetTarget\MazeCompiler\MazeCompiler.vcxproj.metaproj" (3) on node 1 (default targets).
Project "c:\originalhr\HoverRace\NetTarget\MazeCompiler\MazeCompiler.vcxproj.metaproj" (3) is building "c:\originalhr\HoverRace\NetTarget\VideoServices\VideoServices.vcxproj.metaproj" (4) on node 1 (default targets).
Project "c:\originalhr\HoverRace\NetTarget\VideoServices\VideoServices.vcxproj.metaproj" (4) is building "c:\originalhr\HoverRace\NetTarget\ColorTools\ColorTools.vcxproj" (5) on node 1 (default targets).
PrepareForBuild:
  Structured output is enabled. The formatting of compiler diagnostics will reflect the error hierarchy. See https://aka.ms/cpp/structured-output for more details.
InitializeBuildStatus:
  Touching "Release\ColorTools.tlog\unsuccessfulbuild".
ClCompile:
  C:\Program Files\Microsoft Visual Studio\2022\Community\VC\Tools\MSVC\14.39.33519\bin\HostX86\x86\CL.exe /c /Zi /nologo /W4 /WX- /diagnostics:column /O2 /Oy- /Gm- /EHsc /MD /GS /fp:precise /Zc:wchar_t /Zc:forScope /Zc:inline /Fo"Release\\" /Fd"Release\vc143.pdb" /external:W4 /Gd /TP /analyze- /FC /errorReport:queue ColorTools.cpp StdAfx.cpp
  ColorTools.cpp
C:\Program Files\Microsoft Visual Studio\2022\Community\VC\Tools\MSVC\14.39.33519\atlmfc\include\afx.h(24,1): error C1189: #error:  Building MFC application with /MD[d] (CRT dll version) requires MFC shared dll version. Please #define _AFXDLL or do not use /MD[d] [c:\originalhr\HoverRace\NetTarget\ColorTools\ColorTools.vcxproj]
  (compiling source file 'ColorTools.cpp')
  
  StdAfx.cpp
C:\Program Files\Microsoft Visual Studio\2022\Community\VC\Tools\MSVC\14.39.33519\atlmfc\include\afx.h(24,1): error C1189: #error:  Building MFC application with /MD[d] (CRT dll version) requires MFC shared dll version. Please #define _AFXDLL or do not use /MD[d] [c:\originalhr\HoverRace\NetTarget\ColorTools\ColorTools.vcxproj]
  (compiling source file 'StdAfx.cpp')
  
  Generating Code...
Done Building Project "c:\originalhr\HoverRace\NetTarget\ColorTools\ColorTools.vcxproj" (default targets) -- FAILED.
Done Building Project "c:\originalhr\HoverRace\NetTarget\VideoServices\VideoServices.vcxproj.metaproj" (default targets) -- FAILED.
Done Building Project "c:\originalhr\HoverRace\NetTarget\MazeCompiler\MazeCompiler.vcxproj.metaproj" (default targets) -- FAILED.
Project "c:\originalhr\HoverRace\NetTarget.sln" (1) is building "c:\originalhr\HoverRace\NetTarget\GameServer\GameServer.vcxproj" (8) on node 1 (default targets).
PrepareForBuild:
  Structured output is enabled. The formatting of compiler diagnostics will reflect the error hierarchy. See https://aka.ms/cpp/structured-output for more details.
InitializeBuildStatus:
  Creating "Release\GameServer.tlog\unsuccessfulbuild" because "AlwaysCreate" was specified.
  Touching "Release\GameServer.tlog\unsuccessfulbuild".
FinalizeBuildStatus:
  Deleting file "Release\GameServer.tlog\unsuccessfulbuild".
  Touching "Release\GameServer.tlog\GameServer.lastbuildstate".
Done Building Project "c:\originalhr\HoverRace\NetTarget\GameServer\GameServer.vcxproj" (default targets).
Done Building Project "c:\originalhr\HoverRace\NetTarget.sln" (default targets) -- FAILED.

Build FAILED.

"c:\originalhr\HoverRace\NetTarget.sln" (default target) (1) ->
"c:\originalhr\HoverRace\NetTarget\Util\Util.vcxproj" (default target) (2) ->
(ClCompile target) -> 
  c:\originalhr\HoverRace\NetTarget\Util\stdafx.h(12,10): error C1083: Cannot open include file: 'typeinfo.h': No such file or directory [c:\originalhr\HoverRace\NetTarget\Util\Util.vcxproj]
  c:\originalhr\HoverRace\NetTarget\Util\stdafx.h(12,10): error C1083: Cannot open include file: 'typeinfo.h': No such file or directory [c:\originalhr\HoverRace\NetTarget\Util\Util.vcxproj]
  c:\originalhr\HoverRace\NetTarget\Util\stdafx.h(12,10): error C1083: Cannot open include file: 'typeinfo.h': No such file or directory [c:\originalhr\HoverRace\NetTarget\Util\Util.vcxproj]
  c:\originalhr\HoverRace\NetTarget\Util\stdafx.h(12,10): error C1083: Cannot open include file: 'typeinfo.h': No such file or directory [c:\originalhr\HoverRace\NetTarget\Util\Util.vcxproj]
  c:\originalhr\HoverRace\NetTarget\Util\stdafx.h(12,10): error C1083: Cannot open include file: 'typeinfo.h': No such file or directory [c:\originalhr\HoverRace\NetTarget\Util\Util.vcxproj]
  c:\originalhr\HoverRace\NetTarget\Util\stdafx.h(12,10): error C1083: Cannot open include file: 'typeinfo.h': No such file or directory [c:\originalhr\HoverRace\NetTarget\Util\Util.vcxproj]
  c:\originalhr\HoverRace\NetTarget\Util\stdafx.h(12,10): error C1083: Cannot open include file: 'typeinfo.h': No such file or directory [c:\originalhr\HoverRace\NetTarget\Util\Util.vcxproj]


"c:\originalhr\HoverRace\NetTarget.sln" (default target) (1) ->
"c:\originalhr\HoverRace\NetTarget\MazeCompiler\MazeCompiler.vcxproj.metaproj" (default target) (3) ->
"c:\originalhr\HoverRace\NetTarget\VideoServices\VideoServices.vcxproj.metaproj" (default target) (4) ->
"c:\originalhr\HoverRace\NetTarget\ColorTools\ColorTools.vcxproj" (default target) (5) ->
  C:\Program Files\Microsoft Visual Studio\2022\Community\VC\Tools\MSVC\14.39.33519\atlmfc\include\afx.h(24,1): error C1189: #error:  Building MFC application with /MD[d] (CRT dll version) requires MFC shared dll version. Please #define _AFXDLL or do not use /MD[d] [c:\originalhr\HoverRace\NetTarget\ColorTools\ColorTools.vcxproj]
  C:\Program Files\Microsoft Visual Studio\2022\Community\VC\Tools\MSVC\14.39.33519\atlmfc\include\afx.h(24,1): error C1189: #error:  Building MFC application with /MD[d] (CRT dll version) requires MFC shared dll version. Please #define _AFXDLL or do not use /MD[d] [c:\originalhr\HoverRace\NetTarget\ColorTools\ColorTools.vcxproj]

    0 Warning(s)
    9 Error(s)

Time Elapsed 00:00:11.75
