
===========================================
RaceServer started at: Sat Nov 15 18:27:11 2025
===========================================
[2025-11-15 18:27:11] [INFO] === RaceServer Starting ===
[2025-11-15 18:27:11] [INFO] Port: 9600, Logfile: raceserver.log
[2025-11-15 18:27:11] [INFO] Race manager initialized for 50 max concurrent races
[2025-11-15 18:27:11] [INFO] Race manager initialized for 50 max concurrent races
[2025-11-15 18:27:11] [INFO] Server socket initialized successfully on port 9600
[2025-11-15 18:27:11] [INFO] Server socket listening on port 9600
[2025-11-15 18:27:11] [INFO] === Server Ready - Accepting Connections ===
[2025-11-15 18:27:21] [DEBUG] Server stats - Active races: 0, Total players: 0
[2025-11-15 18:27:31] [DEBUG] Server stats - Active races: 0, Total players: 0
[2025-11-15 18:27:41] [DEBUG] Server stats - Active races: 0, Total players: 0
[2025-11-15 18:27:51] [DEBUG] Server stats - Active races: 0, Total players: 0
[2025-11-15 18:28:01] [DEBUG] Server stats - Active races: 0, Total players: 0
[2025-11-15 18:28:11] [DEBUG] Server stats - Active races: 0, Total players: 0
[2025-11-15 18:28:21] [DEBUG] Server stats - Active races: 0, Total players: 0
[2025-11-15 18:28:31] [DEBUG] Server stats - Active races: 0, Total players: 0
[2025-11-15 18:28:34] [INFO] New client connection: ID=1 from 127.0.0.1:47964
[2025-11-15 18:28:41] [DEBUG] Server stats - Active races: 0, Total players: 0
[2025-11-15 18:28:51] [DEBUG] Server stats - Active races: 0, Total players: 0
[2025-11-15 18:29:01] [DEBUG] Server stats - Active races: 0, Total players: 0
[2025-11-15 18:29:04] [INFO] Closing connection: ID=1
[2025-11-15 18:29:11] [DEBUG] Server stats - Active races: 0, Total players: 0
[2025-11-15 18:29:21] [DEBUG] Server stats - Active races: 0, Total players: 0
[2025-11-15 18:29:31] [DEBUG] Server stats - Active races: 0, Total players: 0
[2025-11-15 18:29:41] [DEBUG] Server stats - Active races: 0, Total players: 0
[2025-11-15 18:29:51] [DEBUG] Server stats - Active races: 0, Total players: 0
[2025-11-15 18:30:01] [DEBUG] Server stats - Active races: 0, Total players: 0
[2025-11-15 18:30:11] [DEBUG] Server stats - Active races: 0, Total players: 0
[2025-11-15 18:30:21] [DEBUG] Server stats - Active races: 0, Total players: 0
[2025-11-15 18:30:31] [DEBUG] Server stats - Active races: 0, Total players: 0
[2025-11-15 18:30:41] [DEBUG] Server stats - Active races: 0, Total players: 0
[2025-11-15 18:30:51] [DEBUG] Server stats - Active races: 0, Total players: 0
[2025-11-15 18:31:01] [DEBUG] Server stats - Active races: 0, Total players: 0
[2025-11-15 18:31:11] [DEBUG] Server stats - Active races: 0, Total players: 0
[2025-11-15 18:31:21] [DEBUG] Server stats - Active races: 0, Total players: 0
[2025-11-15 18:31:31] [DEBUG] Server stats - Active races: 0, Total players: 0
[2025-11-15 18:31:41] [DEBUG] Server stats - Active races: 0, Total players: 0
[2025-11-15 18:31:51] [DEBUG] Server stats - Active races: 0, Total players: 0
[2025-11-15 18:32:01] [DEBUG] Server stats - Active races: 0, Total players: 0
[2025-11-15 18:32:11] [DEBUG] Server stats - Active races: 0, Total players: 0
[2025-11-15 18:32:21] [DEBUG] Server stats - Active races: 0, Total players: 0
[2025-11-15 18:32:31] [DEBUG] Server stats - Active races: 0, Total players: 0
[2025-11-15 18:32:41] [DEBUG] Server stats - Active races: 0, Total players: 0
[2025-11-15 18:32:51] [DEBUG] Server stats - Active races: 0, Total players: 0
[2025-11-15 18:33:01] [DEBUG] Server stats - Active races: 0, Total players: 0
[2025-11-15 18:33:11] [DEBUG] Server stats - Active races: 0, Total players: 0
[2025-11-15 18:33:21] [DEBUG] Server stats - Active races: 0, Total players: 0
[2025-11-15 18:33:31] [DEBUG] Server stats - Active races: 0, Total players: 0
[2025-11-15 18:33:41] [DEBUG] Server stats - Active races: 0, Total players: 0
[2025-11-15 18:33:51] [DEBUG] Server stats - Active races: 0, Total players: 0
[2025-11-15 18:34:01] [DEBUG] Server stats - Active races: 0, Total players: 0
[2025-11-15 18:34:11] [DEBUG] Server stats - Active races: 0, Total players: 0
[2025-11-15 18:34:21] [DEBUG] Server stats - Active races: 0, Total players: 0
[2025-11-15 18:34:31] [DEBUG] Server stats - Active races: 0, Total players: 0
[2025-11-15 18:34:41] [DEBUG] Server stats - Active races: 0, Total players: 0
[2025-11-15 18:34:51] [DEBUG] Server stats - Active races: 0, Total players: 0
[2025-11-15 18:35:01] [DEBUG] Server stats - Active races: 0, Total players: 0
[2025-11-15 18:35:11] [DEBUG] Server stats - Active races: 0, Total players: 0
[2025-11-15 18:35:21] [DEBUG] Server stats - Active races: 0, Total players: 0
[2025-11-15 18:35:31] [DEBUG] Server stats - Active races: 0, Total players: 0
[2025-11-15 18:35:41] [DEBUG] Server stats - Active races: 0, Total players: 0
[2025-11-15 18:35:51] [DEBUG] Server stats - Active races: 0, Total players: 0
[2025-11-15 18:36:01] [DEBUG] Server stats - Active races: 0, Total players: 0
[2025-11-15 18:36:11] [DEBUG] Server stats - Active races: 0, Total players: 0
[2025-11-15 18:36:21] [DEBUG] Server stats - Active races: 0, Total players: 0
[2025-11-15 18:36:31] [DEBUG] Server stats - Active races: 0, Total players: 0
[2025-11-15 18:36:41] [DEBUG] Server stats - Active races: 0, Total players: 0
[2025-11-15 18:36:51] [DEBUG] Server stats - Active races: 0, Total players: 0
[2025-11-15 18:37:01] [DEBUG] Server stats - Active races: 0, Total players: 0
[2025-11-15 18:37:11] [DEBUG] Server stats - Active races: 0, Total players: 0
[2025-11-15 18:37:21] [DEBUG] Server stats - Active races: 0, Total players: 0
[2025-11-15 18:37:31] [DEBUG] Server stats - Active races: 0, Total players: 0
[2025-11-15 18:37:41] [DEBUG] Server stats - Active races: 0, Total players: 0
[2025-11-15 18:37:51] [DEBUG] Server stats - Active races: 0, Total players: 0
[2025-11-15 18:38:01] [DEBUG] Server stats - Active races: 0, Total players: 0
[2025-11-15 18:38:11] [DEBUG] Server stats - Active races: 0, Total players: 0
[2025-11-15 18:38:21] [DEBUG] Server stats - Active races: 0, Total players: 0
[2025-11-15 18:38:31] [DEBUG] Server stats - Active races: 0, Total players: 0
[2025-11-15 18:38:41] [DEBUG] Server stats - Active races: 0, Total players: 0
[2025-11-15 18:38:51] [DEBUG] Server stats - Active races: 0, Total players: 0
[2025-11-15 18:39:01] [DEBUG] Server stats - Active races: 0, Total players: 0
[2025-11-15 18:39:11] [DEBUG] Server stats - Active races: 0, Total players: 0
[2025-11-15 18:39:21] [DEBUG] Server stats - Active races: 0, Total players: 0
[2025-11-15 18:39:31] [DEBUG] Server stats - Active races: 0, Total players: 0
[2025-11-15 18:39:41] [DEBUG] Server stats - Active races: 0, Total players: 0
[2025-11-15 18:39:51] [DEBUG] Server stats - Active races: 0, Total players: 0
[2025-11-15 18:40:01] [DEBUG] Server stats - Active races: 0, Total players: 0
