MSBuild version 17.9.5+33de0b227 for .NET Framework

c:\originalhr2\HoverRaceAI\NetTarget.sln.metaproj : error MSB3202: The project file "c:\originalhr2\HoverRaceAI\NetTarget\GameServer\GameServer.vcxproj" was not found. [c:\originalhr2\HoverRaceAI\NetTarget.sln]
  StdAfx.cpp
  _WIN32_WINNT not defined. Defaulting to _WIN32_WINNT_MAXVER (see WinSDKVer.h)
  Util.vcxproj -> c:\originalhr\HoverRace\Release\Util.dll
  ColorTools.vcxproj -> c:\originalhr\HoverRace\Release\ColorTools.dll
c:\originalhr2\HoverRaceAI\NetTarget\PaletteCreator\PaletteCreator.vcxproj.metaproj : error MSB3202: The project file "c:\originalhr2\HoverRaceAI\NetTarget\PaletteCreator\PaletteCreator.vcxproj" was not found.
  VideoServices.vcxproj -> C:\originalhr2\HoverRaceAI\Release\VideoServices.dll
c:\originalhr2\HoverRaceAI\NetTarget\ResourceCompiler\ResourceCompiler.vcxproj.metaproj : error MSB3202: The project file "c:\originalhr2\HoverRaceAI\NetTarget\ResourceCompiler\ResourceCompiler.vcxproj" was not found.
  Model.vcxproj -> c:\originalhr\HoverRace\Release\Model.dll
  ChildFrm.cpp
  GDIResources.cpp
  HoverCad.cpp
  MainCharacter.vcxproj -> c:\originalhr\HoverRace\Release\MainCharacter.dll
  HoverCadDoc.cpp
  ObjFacTools.vcxproj -> c:\originalhr\HoverRace\Release\ObjFacTools.dll
c:\originalhr2\HoverRaceAI\HoverCad\HoverCad.cpp(189,2): warning C4996: 'CWinApp::Enable3dControls': CWinApp::Enable3dControls is no longer needed. You should remove this call. [c:\originalhr2\HoverRaceAI\HoverCad\HoverCad.vcxproj]
  (compiling source file '/HoverCad.cpp')
  
c:\originalhr2\HoverRaceAI\HoverCad\HoverCadDoc.cpp(1534,54): warning C4244: '=': conversion from 'double' to 'int', possible loss of data [c:\originalhr2\HoverRaceAI\HoverCad\HoverCad.vcxproj]
  (compiling source file '/HoverCadDoc.cpp')
  
c:\originalhr2\HoverRaceAI\HoverCad\HoverCadDoc.cpp(1535,54): warning C4244: '=': conversion from 'double' to 'int', possible loss of data [c:\originalhr2\HoverRaceAI\HoverCad\HoverCad.vcxproj]
  (compiling source file '/HoverCadDoc.cpp')
  
c:\originalhr2\HoverRaceAI\HoverCad\HoverCadDoc.cpp(1997,16): warning C4996: 'getcwd': The POSIX name for this item is deprecated. Instead, use the ISO C and C++ conformant name: _getcwd. See online help for details. [c:\originalhr2\HoverRaceAI\HoverCad\HoverCad.vcxproj]
  (compiling source file '/HoverCadDoc.cpp')
  
c:\originalhr2\HoverRaceAI\HoverCad\HoverCadDoc.cpp(2003,19): warning C4996: 'chdir': The POSIX name for this item is deprecated. Instead, use the ISO C and C++ conformant name: _chdir. See online help for details. [c:\originalhr2\HoverRaceAI\HoverCad\HoverCad.vcxproj]
  (compiling source file '/HoverCadDoc.cpp')
  
c:\originalhr2\HoverRaceAI\HoverCad\HoverCadDoc.cpp(2070,16): warning C4996: 'unlink': The POSIX name for this item is deprecated. Instead, use the ISO C and C++ conformant name: _unlink. See online help for details. [c:\originalhr2\HoverRaceAI\HoverCad\HoverCad.vcxproj]
  (compiling source file '/HoverCadDoc.cpp')
  
c:\originalhr2\HoverRaceAI\HoverCad\HoverCadDoc.cpp(2072,16): warning C4996: 'chdir': The POSIX name for this item is deprecated. Instead, use the ISO C and C++ conformant name: _chdir. See online help for details. [c:\originalhr2\HoverRaceAI\HoverCad\HoverCad.vcxproj]
  (compiling source file '/HoverCadDoc.cpp')
  
c:\originalhr2\HoverRaceAI\HoverCad\HoverCadDoc.cpp(2109,13): warning C4996: 'unlink': The POSIX name for this item is deprecated. Instead, use the ISO C and C++ conformant name: _unlink. See online help for details. [c:\originalhr2\HoverRaceAI\HoverCad\HoverCad.vcxproj]
  (compiling source file '/HoverCadDoc.cpp')
  
  HoverCadView.cpp
c:\originalhr2\HoverRaceAI\HoverCad\HoverCadView.cpp(150,61): warning C4244: 'argument': conversion from 'double' to 'int', possible loss of data [c:\originalhr2\HoverRaceAI\HoverCad\HoverCad.vcxproj]
  (compiling source file '/HoverCadView.cpp')
  
c:\originalhr2\HoverRaceAI\HoverCad\HoverCadView.cpp(149,61): warning C4244: 'argument': conversion from 'double' to 'int', possible loss of data [c:\originalhr2\HoverRaceAI\HoverCad\HoverCad.vcxproj]
  (compiling source file '/HoverCadView.cpp')
  
c:\originalhr2\HoverRaceAI\HoverCad\HoverCadView.cpp(156,47): warning C4244: 'argument': conversion from 'double' to 'int', possible loss of data [c:\originalhr2\HoverRaceAI\HoverCad\HoverCad.vcxproj]
  (compiling source file '/HoverCadView.cpp')
  
c:\originalhr2\HoverRaceAI\HoverCad\HoverCadView.cpp(155,47): warning C4244: 'argument': conversion from 'double' to 'int', possible loss of data [c:\originalhr2\HoverRaceAI\HoverCad\HoverCad.vcxproj]
  (compiling source file '/HoverCadView.cpp')
  
c:\originalhr2\HoverRaceAI\HoverCad\HoverCadView.cpp(329,43): warning C4244: '=': conversion from 'double' to 'LONG', possible loss of data [c:\originalhr2\HoverRaceAI\HoverCad\HoverCad.vcxproj]
  (compiling source file '/HoverCadView.cpp')
  
c:\originalhr2\HoverRaceAI\HoverCad\HoverCadView.cpp(330,43): warning C4244: '=': conversion from 'double' to 'LONG', possible loss of data [c:\originalhr2\HoverRaceAI\HoverCad\HoverCad.vcxproj]
  (compiling source file '/HoverCadView.cpp')
  
c:\originalhr2\HoverRaceAI\HoverCad\HoverCadView.cpp(331,43): warning C4244: '=': conversion from 'double' to 'LONG', possible loss of data [c:\originalhr2\HoverRaceAI\HoverCad\HoverCad.vcxproj]
  (compiling source file '/HoverCadView.cpp')
  
c:\originalhr2\HoverRaceAI\HoverCad\HoverCadView.cpp(332,43): warning C4244: '=': conversion from 'double' to 'LONG', possible loss of data [c:\originalhr2\HoverRaceAI\HoverCad\HoverCad.vcxproj]
  (compiling source file '/HoverCadView.cpp')
  
  StdAfx.cpp
  StdAfx.cpp
c:\originalhr2\HoverRaceAI\HoverCad\HoverCadView.cpp(610,35): warning C4244: 'argument': conversion from 'double' to 'int', possible loss of data [c:\originalhr2\HoverRaceAI\HoverCad\HoverCad.vcxproj]
  (compiling source file '/HoverCadView.cpp')
  
c:\originalhr2\HoverRaceAI\HoverCad\HoverCadView.cpp(609,35): warning C4244: 'argument': conversion from 'double' to 'int', possible loss of data [c:\originalhr2\HoverRaceAI\HoverCad\HoverCad.vcxproj]
  (compiling source file '/HoverCadView.cpp')
  
c:\originalhr2\HoverRaceAI\HoverCad\HoverCadView.cpp(608,35): warning C4244: 'argument': conversion from 'double' to 'int', possible loss of data [c:\originalhr2\HoverRaceAI\HoverCad\HoverCad.vcxproj]
  (compiling source file '/HoverCadView.cpp')
  
c:\originalhr2\HoverRaceAI\HoverCad\HoverCadView.cpp(607,35): warning C4244: 'argument': conversion from 'double' to 'int', possible loss of data [c:\originalhr2\HoverRaceAI\HoverCad\HoverCad.vcxproj]
  (compiling source file '/HoverCadView.cpp')
  
c:\originalhr2\HoverRaceAI\HoverCad\HoverCadView.cpp(633,27): warning C4838: conversion from 'int' to 'UINT' requires a narrowing conversion [c:\originalhr2\HoverRaceAI\HoverCad\HoverCad.vcxproj]
  (compiling source file '/HoverCadView.cpp')
  
c:\originalhr2\HoverRaceAI\HoverCad\HoverCadView.cpp(648,28): warning C4838: conversion from 'int' to 'UINT' requires a narrowing conversion [c:\originalhr2\HoverRaceAI\HoverCad\HoverCad.vcxproj]
  (compiling source file '/HoverCadView.cpp')
  
  HoverTypes.cpp
  MainFrm.cpp
  _WIN32_WINNT not defined. Defaulting to _WIN32_WINNT_MAXVER (see WinSDKVer.h)
LINK : fatal error LNK1104: cannot open file 'Model.lib' [c:\originalhr2\HoverRaceAI\NetTarget\Game2\Game2.vcxproj]
  _WIN32_WINNT not defined. Defaulting to _WIN32_WINNT_MAXVER (see WinSDKVer.h)
  ScaleSelect.cpp
  SelectAttrib.cpp
c:\originalhr2\HoverRaceAI\HoverCad\SelectAttrib.cpp(59,33): warning C4244: '=': conversion from 'double' to 'int', possible loss of data [c:\originalhr2\HoverRaceAI\HoverCad\HoverCad.vcxproj]
  (compiling source file '/SelectAttrib.cpp')
  
  ZoomBar.cpp
c:\originalhr2\HoverRaceAI\HoverCad\ZoomBar.cpp(71,26): warning C4244: 'initializing': conversion from 'double' to 'int', possible loss of data [c:\originalhr2\HoverRaceAI\HoverCad\HoverCad.vcxproj]
  (compiling source file '/ZoomBar.cpp')
  
C:\Program Files\Microsoft Visual Studio\2022\Community\VC\Tools\MSVC\14.39.33519\include\yvals_core.h(880,1): warning C4005: '_MSVC_STL_VERSION': macro redefinition [c:\originalhr2\HoverRaceAI\NetTarget\ObjFac1\ObjFac1.vcxproj]
  (compiling source file '../ObjFac1/StdAfx.cpp')
  C:\Program Files\Microsoft Visual Studio\2022\Community\SDK\ScopeCppSDK\vc15\VC\include\yvals.h(156,1):
  see previous definition of '_MSVC_STL_VERSION'
  
C:\Program Files\Microsoft Visual Studio\2022\Community\VC\Tools\MSVC\14.39.33519\include\yvals_core.h(881,1): warning C4005: '_MSVC_STL_UPDATE': macro redefinition [c:\originalhr2\HoverRaceAI\NetTarget\ObjFac1\ObjFac1.vcxproj]
  (compiling source file '../ObjFac1/StdAfx.cpp')
  C:\Program Files\Microsoft Visual Studio\2022\Community\SDK\ScopeCppSDK\vc15\VC\include\yvals.h(157,1):
  see previous definition of '_MSVC_STL_UPDATE'
  
C:\Program Files\Microsoft Visual Studio\2022\Community\VC\Tools\MSVC\14.39.33519\include\yvals_core.h(1000,1): warning C4005: '_DEPRECATE_TR1_NAMESPACE': macro redefinition [c:\originalhr2\HoverRaceAI\NetTarget\ObjFac1\ObjFac1.vcxproj]
  (compiling source file '../ObjFac1/StdAfx.cpp')
  C:\Program Files\Microsoft Visual Studio\2022\Community\SDK\ScopeCppSDK\vc15\VC\include\yvals.h(247,1):
  see previous definition of '_DEPRECATE_TR1_NAMESPACE'
  
C:\Program Files\Microsoft Visual Studio\2022\Community\VC\Tools\MSVC\14.39.33519\include\yvals_core.h(1014,1): warning C4005: '_MISMATCHED_ALLOCATOR_MESSAGE': macro redefinition [c:\originalhr2\HoverRaceAI\NetTarget\ObjFac1\ObjFac1.vcxproj]
  (compiling source file '../ObjFac1/StdAfx.cpp')
  C:\Program Files\Microsoft Visual Studio\2022\Community\SDK\ScopeCppSDK\vc15\VC\include\yvals.h(303,1):
  see previous definition of '_MISMATCHED_ALLOCATOR_MESSAGE'
  
  Generating code
  660 of 664 functions (99.4%) were compiled, the rest were copied from previous compilation.
    74 functions were new in current compilation
    0 functions had inline decision re-evaluated but remain unchanged
  Finished generating code
  HoverCad.vcxproj -> c:\originalhr2\HoverRaceAI\Release\HoverCad.exe
  BallElement.cpp
  LevelBuilder.cpp
  BumperGate.cpp
c:\originalhr2\HoverRaceAI\NetTarget\MazeCompiler\LevelBuilder.cpp(240,21): warning C4996: 'strcmpi': The POSIX name for this item is deprecated. Instead, use the ISO C and C++ conformant name: _strcmpi. See online help for details. [c:\originalhr2\HoverRaceAI\NetTarget\MazeCompiler\MazeCompiler.vcxproj]
  (compiling source file '/LevelBuilder.cpp')
  
c:\originalhr2\HoverRaceAI\NetTarget\MazeCompiler\LevelBuilder.cpp(244,26): warning C4996: 'strcmpi': The POSIX name for this item is deprecated. Instead, use the ISO C and C++ conformant name: _strcmpi. See online help for details. [c:\originalhr2\HoverRaceAI\NetTarget\MazeCompiler\MazeCompiler.vcxproj]
  (compiling source file '/LevelBuilder.cpp')
  
c:\originalhr2\HoverRaceAI\NetTarget\MazeCompiler\LevelBuilder.cpp(266,26): warning C4996: 'strcmpi': The POSIX name for this item is deprecated. Instead, use the ISO C and C++ conformant name: _strcmpi. See online help for details. [c:\originalhr2\HoverRaceAI\NetTarget\MazeCompiler\MazeCompiler.vcxproj]
  (compiling source file '/LevelBuilder.cpp')
  
c:\originalhr2\HoverRaceAI\NetTarget\MazeCompiler\LevelBuilder.cpp(318,21): warning C4996: 'strcmpi': The POSIX name for this item is deprecated. Instead, use the ISO C and C++ conformant name: _strcmpi. See online help for details. [c:\originalhr2\HoverRaceAI\NetTarget\MazeCompiler\MazeCompiler.vcxproj]
  (compiling source file '/LevelBuilder.cpp')
  
c:\originalhr2\HoverRaceAI\NetTarget\MazeCompiler\LevelBuilder.cpp(322,26): warning C4996: 'strcmpi': The POSIX name for this item is deprecated. Instead, use the ISO C and C++ conformant name: _strcmpi. See online help for details. [c:\originalhr2\HoverRaceAI\NetTarget\MazeCompiler\MazeCompiler.vcxproj]
  (compiling source file '/LevelBuilder.cpp')
  
c:\originalhr2\HoverRaceAI\NetTarget\MazeCompiler\LevelBuilder.cpp(335,26): warning C4996: 'strcmpi': The POSIX name for this item is deprecated. Instead, use the ISO C and C++ conformant name: _strcmpi. See online help for details. [c:\originalhr2\HoverRaceAI\NetTarget\MazeCompiler\MazeCompiler.vcxproj]
  (compiling source file '/LevelBuilder.cpp')
  
c:\originalhr2\HoverRaceAI\NetTarget\MazeCompiler\LevelBuilder.cpp(348,26): warning C4996: 'strcmpi': The POSIX name for this item is deprecated. Instead, use the ISO C and C++ conformant name: _strcmpi. See online help for details. [c:\originalhr2\HoverRaceAI\NetTarget\MazeCompiler\MazeCompiler.vcxproj]
  (compiling source file '/LevelBuilder.cpp')
  
c:\originalhr2\HoverRaceAI\NetTarget\MazeCompiler\LevelBuilder.cpp(720,18): warning C4996: 'stricmp': The POSIX name for this item is deprecated. Instead, use the ISO C and C++ conformant name: _stricmp. See online help for details. [c:\originalhr2\HoverRaceAI\NetTarget\MazeCompiler\MazeCompiler.vcxproj]
  (compiling source file '/LevelBuilder.cpp')
  
c:\originalhr2\HoverRaceAI\NetTarget\MazeCompiler\LevelBuilder.cpp(730,23): warning C4996: 'stricmp': The POSIX name for this item is deprecated. Instead, use the ISO C and C++ conformant name: _stricmp. See online help for details. [c:\originalhr2\HoverRaceAI\NetTarget\MazeCompiler\MazeCompiler.vcxproj]
  (compiling source file '/LevelBuilder.cpp')
  
c:\originalhr2\HoverRaceAI\NetTarget\MazeCompiler\LevelBuilder.cpp(736,23): warning C4996: 'stricmp': The POSIX name for this item is deprecated. Instead, use the ISO C and C++ conformant name: _stricmp. See online help for details. [c:\originalhr2\HoverRaceAI\NetTarget\MazeCompiler\MazeCompiler.vcxproj]
  (compiling source file '/LevelBuilder.cpp')
  
c:\originalhr2\HoverRaceAI\NetTarget\MazeCompiler\LevelBuilder.cpp(740,23): warning C4996: 'stricmp': The POSIX name for this item is deprecated. Instead, use the ISO C and C++ conformant name: _stricmp. See online help for details. [c:\originalhr2\HoverRaceAI\NetTarget\MazeCompiler\MazeCompiler.vcxproj]
  (compiling source file '/LevelBuilder.cpp')
  
c:\originalhr2\HoverRaceAI\NetTarget\MazeCompiler\LevelBuilder.cpp(800,15): warning C4996: 'stricmp': The POSIX name for this item is deprecated. Instead, use the ISO C and C++ conformant name: _stricmp. See online help for details. [c:\originalhr2\HoverRaceAI\NetTarget\MazeCompiler\MazeCompiler.vcxproj]
  (compiling source file '/LevelBuilder.cpp')
  
c:\originalhr2\HoverRaceAI\NetTarget\MazeCompiler\LevelBuilder.cpp(810,20): warning C4996: 'stricmp': The POSIX name for this item is deprecated. Instead, use the ISO C and C++ conformant name: _stricmp. See online help for details. [c:\originalhr2\HoverRaceAI\NetTarget\MazeCompiler\MazeCompiler.vcxproj]
  (compiling source file '/LevelBuilder.cpp')
  
c:\originalhr2\HoverRaceAI\NetTarget\MazeCompiler\LevelBuilder.cpp(816,20): warning C4996: 'stricmp': The POSIX name for this item is deprecated. Instead, use the ISO C and C++ conformant name: _stricmp. See online help for details. [c:\originalhr2\HoverRaceAI\NetTarget\MazeCompiler\MazeCompiler.vcxproj]
  (compiling source file '/LevelBuilder.cpp')
  
c:\originalhr2\HoverRaceAI\NetTarget\MazeCompiler\LevelBuilder.cpp(820,20): warning C4996: 'stricmp': The POSIX name for this item is deprecated. Instead, use the ISO C and C++ conformant name: _stricmp. See online help for details. [c:\originalhr2\HoverRaceAI\NetTarget\MazeCompiler\MazeCompiler.vcxproj]
  (compiling source file '/LevelBuilder.cpp')
  
  LevelBuilderVisiblesZones.cpp
c:\originalhr2\HoverRaceAI\NetTarget\ObjFac1\BumperGate.cpp(115,69): warning C4100: 'pLevel': unreferenced formal parameter [c:\originalhr2\HoverRaceAI\NetTarget\ObjFac1\ObjFac1.vcxproj]
  (compiling source file '/BumperGate.cpp')
  
c:\originalhr2\HoverRaceAI\NetTarget\ObjFac1\BumperGate.cpp(145,153): warning C4100: 'pHorizontalDirection': unreferenced formal parameter [c:\originalhr2\HoverRaceAI\NetTarget\ObjFac1\ObjFac1.vcxproj]
  (compiling source file '/BumperGate.cpp')
  
c:\originalhr2\HoverRaceAI\NetTarget\ObjFac1\BumperGate.cpp(145,127): warning C4100: 'pValidDirection': unreferenced formal parameter [c:\originalhr2\HoverRaceAI\NetTarget\ObjFac1\ObjFac1.vcxproj]
  (compiling source file '/BumperGate.cpp')
  
c:\originalhr2\HoverRaceAI\NetTarget\ObjFac1\BumperGate.cpp(145,111): warning C4100: 'pDuration': unreferenced formal parameter [c:\originalhr2\HoverRaceAI\NetTarget\ObjFac1\ObjFac1.vcxproj]
  (compiling source file '/BumperGate.cpp')
  
c:\originalhr2\HoverRaceAI\NetTarget\ObjFac1\BumperGate.cpp(145,86): warning C4100: 'pTime': unreferenced formal parameter [c:\originalhr2\HoverRaceAI\NetTarget\ObjFac1\ObjFac1.vcxproj]
  (compiling source file '/BumperGate.cpp')
  
  DefaultSurface.cpp
  main.cpp
c:\originalhr2\HoverRaceAI\NetTarget\MazeCompiler\main.cpp(909,18): warning C4477: 'printf' : format string '%s' requires an argument of type 'char *', but variadic argument 1 has type 'CString' [c:\originalhr2\HoverRaceAI\NetTarget\MazeCompiler\MazeCompiler.vcxproj]
  (compiling source file '/main.cpp')
  
  DoubleSpeedSource.cpp
  Parser.cpp
c:\originalhr2\HoverRaceAI\NetTarget\MazeCompiler\Parser.cpp(167,53): warning C4996: 'stricmp': The POSIX name for this item is deprecated. Instead, use the ISO C and C++ conformant name: _stricmp. See online help for details. [c:\originalhr2\HoverRaceAI\NetTarget\MazeCompiler\MazeCompiler.vcxproj]
  (compiling source file '/Parser.cpp')
  
c:\originalhr2\HoverRaceAI\NetTarget\MazeCompiler\Parser.cpp(206,11): warning C4996: 'stricmp': The POSIX name for this item is deprecated. Instead, use the ISO C and C++ conformant name: _stricmp. See online help for details. [c:\originalhr2\HoverRaceAI\NetTarget\MazeCompiler\MazeCompiler.vcxproj]
  (compiling source file '/Parser.cpp')
  
  TrackCommonStuff.cpp
  TrackMap.cpp
  FinishLine.cpp
  FuelSource.cpp
  GenericRenderer.cpp
  HoverRender.cpp
c:\originalhr2\HoverRaceAI\NetTarget\ObjFac1\HoverRender.cpp(35,2): warning C4091: 'static ': ignored on left of 'MR_ResActorFriend' when no variable is declared [c:\originalhr2\HoverRaceAI\NetTarget\ObjFac1\ObjFac1.vcxproj]
  (compiling source file '/HoverRender.cpp')
  
c:\originalhr2\HoverRaceAI\NetTarget\ObjFac1\HoverRender.cpp(110,23): warning C4996: 'fopen': This function or variable may be unsafe. Consider using fopen_s instead. To disable deprecation, use _CRT_SECURE_NO_WARNINGS. See online help for details. [c:\originalhr2\HoverRaceAI\NetTarget\ObjFac1\ObjFac1.vcxproj]
  (compiling source file '/HoverRender.cpp')
  
c:\originalhr2\HoverRaceAI\NetTarget\ObjFac1\HoverRender.cpp(175,23): warning C4996: 'fopen': This function or variable may be unsafe. Consider using fopen_s instead. To disable deprecation, use _CRT_SECURE_NO_WARNINGS. See online help for details. [c:\originalhr2\HoverRaceAI\NetTarget\ObjFac1\ObjFac1.vcxproj]
  (compiling source file '/HoverRender.cpp')
  
  main.cpp
c:\originalhr2\HoverRaceAI\NetTarget\ObjFac1\main.cpp(55,85): warning C4190: 'MR_GetObjectFamily' has C-linkage specified, but returns UDT 'ATL::CStringT<char,StrTraitMFC_DLL<char,ATL::ChTraitsCRT<_CharType>>>' which is incompatible with C [c:\originalhr2\HoverRaceAI\NetTarget\ObjFac1\ObjFac1.vcxproj]
c:\originalhr2\HoverRaceAI\NetTarget\ObjFac1\main.cpp(55,85): warning C4190:         with [c:\originalhr2\HoverRaceAI\NetTarget\ObjFac1\ObjFac1.vcxproj]
c:\originalhr2\HoverRaceAI\NetTarget\ObjFac1\main.cpp(55,85): warning C4190:         [ [c:\originalhr2\HoverRaceAI\NetTarget\ObjFac1\ObjFac1.vcxproj]
c:\originalhr2\HoverRaceAI\NetTarget\ObjFac1\main.cpp(55,85): warning C4190:             _CharType=char [c:\originalhr2\HoverRaceAI\NetTarget\ObjFac1\ObjFac1.vcxproj]
c:\originalhr2\HoverRaceAI\NetTarget\ObjFac1\main.cpp(55,85): warning C4190:         ] [c:\originalhr2\HoverRaceAI\NetTarget\ObjFac1\ObjFac1.vcxproj]
  (compiling source file '/main.cpp')
  C:\Program Files\Microsoft Visual Studio\2022\Community\VC\Tools\MSVC\14.39.33519\atlmfc\include\afxstr.h(87,84):
  see declaration of 'ATL::CStringT<char,StrTraitMFC_DLL<char,ATL::ChTraitsCRT<_CharType>>>'
          with
          [
              _CharType=char
          ]
  
c:\originalhr2\HoverRaceAI\NetTarget\ObjFac1\main.cpp(56,85): warning C4190: 'MR_GetObjectDescription' has C-linkage specified, but returns UDT 'ATL::CStringT<char,StrTraitMFC_DLL<char,ATL::ChTraitsCRT<_CharType>>>' which is incompatible with C [c:\originalhr2\HoverRaceAI\NetTarget\ObjFac1\ObjFac1.vcxproj]
c:\originalhr2\HoverRaceAI\NetTarget\ObjFac1\main.cpp(56,85): warning C4190:         with [c:\originalhr2\HoverRaceAI\NetTarget\ObjFac1\ObjFac1.vcxproj]
c:\originalhr2\HoverRaceAI\NetTarget\ObjFac1\main.cpp(56,85): warning C4190:         [ [c:\originalhr2\HoverRaceAI\NetTarget\ObjFac1\ObjFac1.vcxproj]
c:\originalhr2\HoverRaceAI\NetTarget\ObjFac1\main.cpp(56,85): warning C4190:             _CharType=char [c:\originalhr2\HoverRaceAI\NetTarget\ObjFac1\ObjFac1.vcxproj]
c:\originalhr2\HoverRaceAI\NetTarget\ObjFac1\main.cpp(56,85): warning C4190:         ] [c:\originalhr2\HoverRaceAI\NetTarget\ObjFac1\ObjFac1.vcxproj]
  (compiling source file '/main.cpp')
  C:\Program Files\Microsoft Visual Studio\2022\Community\VC\Tools\MSVC\14.39.33519\atlmfc\include\afxstr.h(87,84):
  see declaration of 'ATL::CStringT<char,StrTraitMFC_DLL<char,ATL::ChTraitsCRT<_CharType>>>'
          with
          [
              _CharType=char
          ]
  
c:\originalhr2\HoverRaceAI\NetTarget\ObjFac1\main.cpp(74,20): warning C4996: 'fopen': This function or variable may be unsafe. Consider using fopen_s instead. To disable deprecation, use _CRT_SECURE_NO_WARNINGS. See online help for details. [c:\originalhr2\HoverRaceAI\NetTarget\ObjFac1\ObjFac1.vcxproj]
  (compiling source file '/main.cpp')
  
c:\originalhr2\HoverRaceAI\NetTarget\ObjFac1\main.cpp(178,20): warning C4996: 'fopen': This function or variable may be unsafe. Consider using fopen_s instead. To disable deprecation, use _CRT_SECURE_NO_WARNINGS. See online help for details. [c:\originalhr2\HoverRaceAI\NetTarget\ObjFac1\ObjFac1.vcxproj]
  (compiling source file '/main.cpp')
  
  Mine.cpp
  Generating code
c:\originalhr2\HoverRaceAI\NetTarget\ObjFac1\Mine.cpp(124,32): warning C4244: '-=': conversion from 'double' to 'MR_Int32', possible loss of data [c:\originalhr2\HoverRaceAI\NetTarget\ObjFac1\ObjFac1.vcxproj]
  (compiling source file '/Mine.cpp')
  
c:\originalhr2\HoverRaceAI\NetTarget\ObjFac1\Mine.cpp(177,38): warning C4244: '=': conversion from 'const MR_Int32' to 'MR_Int16', possible loss of data [c:\originalhr2\HoverRaceAI\NetTarget\ObjFac1\ObjFac1.vcxproj]
  (compiling source file '/Mine.cpp')
  
  Missile.cpp
c:\originalhr2\HoverRaceAI\NetTarget\ObjFac1\Missile.cpp(117,41): warning C4244: '=': conversion from 'double' to 'MR_Int32', possible loss of data [c:\originalhr2\HoverRaceAI\NetTarget\ObjFac1\ObjFac1.vcxproj]
  (compiling source file '/Missile.cpp')
  
c:\originalhr2\HoverRaceAI\NetTarget\ObjFac1\Missile.cpp(118,41): warning C4244: '=': conversion from 'double' to 'MR_Int32', possible loss of data [c:\originalhr2\HoverRaceAI\NetTarget\ObjFac1\ObjFac1.vcxproj]
  (compiling source file '/Missile.cpp')
  
c:\originalhr2\HoverRaceAI\NetTarget\ObjFac1\Missile.cpp(241,31): warning C4244: '=': conversion from 'double' to 'MR_Int32', possible loss of data [c:\originalhr2\HoverRaceAI\NetTarget\ObjFac1\ObjFac1.vcxproj]
  (compiling source file '/Missile.cpp')
  
c:\originalhr2\HoverRaceAI\NetTarget\ObjFac1\Missile.cpp(242,31): warning C4244: '=': conversion from 'double' to 'MR_Int32', possible loss of data [c:\originalhr2\HoverRaceAI\NetTarget\ObjFac1\ObjFac1.vcxproj]
  (compiling source file '/Missile.cpp')
  
c:\originalhr2\HoverRaceAI\NetTarget\ObjFac1\Missile.cpp(306,108): warning C4100: 'pDuration': unreferenced formal parameter [c:\originalhr2\HoverRaceAI\NetTarget\ObjFac1\ObjFac1.vcxproj]
  (compiling source file '/Missile.cpp')
  
c:\originalhr2\HoverRaceAI\NetTarget\ObjFac1\Missile.cpp(306,83): warning C4100: 'pTime': unreferenced formal parameter [c:\originalhr2\HoverRaceAI\NetTarget\ObjFac1\ObjFac1.vcxproj]
  (compiling source file '/Missile.cpp')
  
c:\originalhr2\HoverRaceAI\NetTarget\ObjFac1\Missile.cpp(363,38): warning C4244: '=': conversion from 'const MR_Int32' to 'MR_Int16', possible loss of data [c:\originalhr2\HoverRaceAI\NetTarget\ObjFac1\ObjFac1.vcxproj]
  (compiling source file '/Missile.cpp')
  
c:\originalhr2\HoverRaceAI\NetTarget\ObjFac1\Missile.cpp(367,29): warning C4244: '=': conversion from 'const int' to 'MR_Int8', possible loss of data [c:\originalhr2\HoverRaceAI\NetTarget\ObjFac1\ObjFac1.vcxproj]
  (compiling source file '/Missile.cpp')
  
  PowerUp.cpp
c:\originalhr2\HoverRaceAI\NetTarget\ObjFac1\PowerUp.cpp(166,38): warning C4244: '=': conversion from 'const MR_Int32' to 'MR_Int16', possible loss of data [c:\originalhr2\HoverRaceAI\NetTarget\ObjFac1\ObjFac1.vcxproj]
  (compiling source file '/PowerUp.cpp')
  
  TestElement.cpp
c:\originalhr2\HoverRaceAI\NetTarget\ObjFac1\TestElement.cpp(147,112): warning C4100: 'pDuration': unreferenced formal parameter [c:\originalhr2\HoverRaceAI\NetTarget\ObjFac1\ObjFac1.vcxproj]
  (compiling source file '/TestElement.cpp')
  
c:\originalhr2\HoverRaceAI\NetTarget\ObjFac1\TestElement.cpp(147,87): warning C4100: 'pTime': unreferenced formal parameter [c:\originalhr2\HoverRaceAI\NetTarget\ObjFac1\ObjFac1.vcxproj]
  (compiling source file '/TestElement.cpp')
  
  WoodSurface.cpp
  Generating Code...
  190 of 193 functions (98.4%) were compiled, the rest were copied from previous compilation.
    30 functions were new in current compilation
    0 functions had inline decision re-evaluated but remain unchanged
  Finished generating code
  MazeCompiler.vcxproj -> c:\originalhr2\HoverRaceAI\Release\MazeCompiler.exe
     Creating library c:\originalhr\HoverRace\Release\ObjFac1.lib and object c:\originalhr\HoverRace\Release\ObjFac1.exp
  ObjFac1.vcxproj -> c:\originalhr\HoverRace\Release\ObjFac1.dll
