MSBuild version 17.9.5+33de0b227 for .NET Framework

  Util.vcxproj -> c:\originalhr\HoverRace\Release\Util.dll
  ColorTools.vcxproj -> c:\originalhr\HoverRace\Release\ColorTools.dll
  VideoServices.vcxproj -> C:\originalhr2\HoverRaceAI\Release\VideoServices.dll
  Model.vcxproj -> c:\originalhr\HoverRace\Release\Model.dll
  MainCharacter.vcxproj -> c:\originalhr\HoverRace\Release\MainCharacter.dll
  ObjFacTools.vcxproj -> c:\originalhr\HoverRace\Release\ObjFacTools.dll
cl : command line  warning D9025: overriding '/EHs' with '/EHa' [c:\originalhr2\HoverRaceAI\NetTarget\Game2\Game2.vcxproj]
  GameApp.cpp
  _WIN32_WINNT not defined. Defaulting to _WIN32_WINNT_MAXVER (see WinSDKVer.h)
C:\Program Files\Microsoft Visual Studio\2022\Community\VC\Tools\MSVC\14.39.33519\include\yvals_core.h(880,1): warning C4005: '_MSVC_STL_VERSION': macro redefinition [c:\originalhr2\HoverRaceAI\NetTarget\Game2\Game2.vcxproj]
  (compiling source file 'GameApp.cpp')
  C:\Program Files\Microsoft Visual Studio\2022\Community\SDK\ScopeCppSDK\vc15\VC\include\yvals.h(156,1):
  see previous definition of '_MSVC_STL_VERSION'
  
C:\Program Files\Microsoft Visual Studio\2022\Community\VC\Tools\MSVC\14.39.33519\include\yvals_core.h(881,1): warning C4005: '_MSVC_STL_UPDATE': macro redefinition [c:\originalhr2\HoverRaceAI\NetTarget\Game2\Game2.vcxproj]
  (compiling source file 'GameApp.cpp')
  C:\Program Files\Microsoft Visual Studio\2022\Community\SDK\ScopeCppSDK\vc15\VC\include\yvals.h(157,1):
  see previous definition of '_MSVC_STL_UPDATE'
  
C:\Program Files\Microsoft Visual Studio\2022\Community\VC\Tools\MSVC\14.39.33519\include\yvals_core.h(1000,1): warning C4005: '_DEPRECATE_TR1_NAMESPACE': macro redefinition [c:\originalhr2\HoverRaceAI\NetTarget\Game2\Game2.vcxproj]
  (compiling source file 'GameApp.cpp')
  C:\Program Files\Microsoft Visual Studio\2022\Community\SDK\ScopeCppSDK\vc15\VC\include\yvals.h(247,1):
  see previous definition of '_DEPRECATE_TR1_NAMESPACE'
  
C:\Program Files\Microsoft Visual Studio\2022\Community\VC\Tools\MSVC\14.39.33519\include\yvals_core.h(1014,1): warning C4005: '_MISMATCHED_ALLOCATOR_MESSAGE': macro redefinition [c:\originalhr2\HoverRaceAI\NetTarget\Game2\Game2.vcxproj]
  (compiling source file 'GameApp.cpp')
  C:\Program Files\Microsoft Visual Studio\2022\Community\SDK\ScopeCppSDK\vc15\VC\include\yvals.h(303,1):
  see previous definition of '_MISMATCHED_ALLOCATOR_MESSAGE'
  
c:\originalhr2\HoverRaceAI\NetTarget\Game2\Security.h(62,45): warning C4244: '+=': conversion from 'int' to 'unsigned short', possible loss of data [c:\originalhr2\HoverRaceAI\NetTarget\Game2\Game2.vcxproj]
  (compiling source file 'GameApp.cpp')
  
c:\originalhr2\HoverRaceAI\NetTarget\Game2\Security.h(63,45): warning C4244: '+=': conversion from 'int' to 'unsigned short', possible loss of data [c:\originalhr2\HoverRaceAI\NetTarget\Game2\Game2.vcxproj]
  (compiling source file 'GameApp.cpp')
  
c:\originalhr2\HoverRaceAI\NetTarget\Game2\Security.h(64,45): warning C4244: '+=': conversion from 'int' to 'unsigned short', possible loss of data [c:\originalhr2\HoverRaceAI\NetTarget\Game2\Game2.vcxproj]
  (compiling source file 'GameApp.cpp')
  
c:\originalhr2\HoverRaceAI\NetTarget\Game2\Security.h(65,40): warning C4244: '+=': conversion from 'int' to 'unsigned short', possible loss of data [c:\originalhr2\HoverRaceAI\NetTarget\Game2\Game2.vcxproj]
  (compiling source file 'GameApp.cpp')
  
c:\originalhr2\HoverRaceAI\NetTarget\Game2\Security.h(179,11): warning C4244: 'return': conversion from 'unsigned short' to 'unsigned char', possible loss of data [c:\originalhr2\HoverRaceAI\NetTarget\Game2\Game2.vcxproj]
  (compiling source file 'GameApp.cpp')
  
c:\originalhr2\HoverRaceAI\NetTarget\Game2\Security.h(192,11): warning C4244: 'return': conversion from 'unsigned short' to 'unsigned char', possible loss of data [c:\originalhr2\HoverRaceAI\NetTarget\Game2\Game2.vcxproj]
  (compiling source file 'GameApp.cpp')
  
c:\originalhr2\HoverRaceAI\NetTarget\Game2\Security.h(204,18): warning C4244: 'initializing': conversion from 'int' to 'char', possible loss of data [c:\originalhr2\HoverRaceAI\NetTarget\Game2\Game2.vcxproj]
  (compiling source file 'GameApp.cpp')
  
c:\originalhr2\HoverRaceAI\NetTarget\Game2\GameApp.cpp(722,28): warning C4244: '=': conversion from 'int' to 'MR_UInt8', possible loss of data [c:\originalhr2\HoverRaceAI\NetTarget\Game2\Game2.vcxproj]
c:\originalhr2\HoverRaceAI\NetTarget\Game2\GameApp.cpp(723,28): warning C4244: '=': conversion from 'int' to 'MR_UInt8', possible loss of data [c:\originalhr2\HoverRaceAI\NetTarget\Game2\Game2.vcxproj]
c:\originalhr2\HoverRaceAI\NetTarget\Game2\GameApp.cpp(724,28): warning C4244: '=': conversion from 'int' to 'MR_UInt8', possible loss of data [c:\originalhr2\HoverRaceAI\NetTarget\Game2\Game2.vcxproj]
c:\originalhr2\HoverRaceAI\NetTarget\Game2\GameApp.cpp(725,28): warning C4244: '=': conversion from 'int' to 'MR_UInt8', possible loss of data [c:\originalhr2\HoverRaceAI\NetTarget\Game2\Game2.vcxproj]
c:\originalhr2\HoverRaceAI\NetTarget\Game2\GameApp.cpp(726,28): warning C4244: '=': conversion from 'int' to 'MR_UInt8', possible loss of data [c:\originalhr2\HoverRaceAI\NetTarget\Game2\Game2.vcxproj]
c:\originalhr2\HoverRaceAI\NetTarget\Game2\GameApp.cpp(727,28): warning C4244: '=': conversion from 'int' to 'MR_UInt8', possible loss of data [c:\originalhr2\HoverRaceAI\NetTarget\Game2\Game2.vcxproj]
c:\originalhr2\HoverRaceAI\NetTarget\Game2\GameApp.cpp(728,28): warning C4244: '=': conversion from 'int' to 'MR_UInt8', possible loss of data [c:\originalhr2\HoverRaceAI\NetTarget\Game2\Game2.vcxproj]
c:\originalhr2\HoverRaceAI\NetTarget\Game2\GameApp.cpp(730,28): warning C4244: '=': conversion from 'int' to 'MR_UInt8', possible loss of data [c:\originalhr2\HoverRaceAI\NetTarget\Game2\Game2.vcxproj]
c:\originalhr2\HoverRaceAI\NetTarget\Game2\GameApp.cpp(731,28): warning C4244: '=': conversion from 'int' to 'MR_UInt8', possible loss of data [c:\originalhr2\HoverRaceAI\NetTarget\Game2\Game2.vcxproj]
c:\originalhr2\HoverRaceAI\NetTarget\Game2\GameApp.cpp(732,28): warning C4244: '=': conversion from 'int' to 'MR_UInt8', possible loss of data [c:\originalhr2\HoverRaceAI\NetTarget\Game2\Game2.vcxproj]
c:\originalhr2\HoverRaceAI\NetTarget\Game2\GameApp.cpp(733,28): warning C4244: '=': conversion from 'int' to 'MR_UInt8', possible loss of data [c:\originalhr2\HoverRaceAI\NetTarget\Game2\Game2.vcxproj]
c:\originalhr2\HoverRaceAI\NetTarget\Game2\GameApp.cpp(734,28): warning C4244: '=': conversion from 'int' to 'MR_UInt8', possible loss of data [c:\originalhr2\HoverRaceAI\NetTarget\Game2\Game2.vcxproj]
c:\originalhr2\HoverRaceAI\NetTarget\Game2\GameApp.cpp(735,28): warning C4244: '=': conversion from 'int' to 'MR_UInt8', possible loss of data [c:\originalhr2\HoverRaceAI\NetTarget\Game2\Game2.vcxproj]
c:\originalhr2\HoverRaceAI\NetTarget\Game2\GameApp.cpp(736,28): warning C4244: '=': conversion from 'int' to 'MR_UInt8', possible loss of data [c:\originalhr2\HoverRaceAI\NetTarget\Game2\Game2.vcxproj]
c:\originalhr2\HoverRaceAI\NetTarget\Game2\GameApp.cpp(1026,20): warning C4996: 'fopen': This function or variable may be unsafe. Consider using fopen_s instead. To disable deprecation, use _CRT_SECURE_NO_WARNINGS. See online help for details. [c:\originalhr2\HoverRaceAI\NetTarget\Game2\Game2.vcxproj]
c:\originalhr2\HoverRaceAI\NetTarget\Game2\GameApp.cpp(1128,14): warning C4996: 'fopen': This function or variable may be unsafe. Consider using fopen_s instead. To disable deprecation, use _CRT_SECURE_NO_WARNINGS. See online help for details. [c:\originalhr2\HoverRaceAI\NetTarget\Game2\Game2.vcxproj]
c:\originalhr2\HoverRaceAI\NetTarget\Game2\GameApp.cpp(1245,20): warning C4996: 'fopen': This function or variable may be unsafe. Consider using fopen_s instead. To disable deprecation, use _CRT_SECURE_NO_WARNINGS. See online help for details. [c:\originalhr2\HoverRaceAI\NetTarget\Game2\Game2.vcxproj]
c:\originalhr2\HoverRaceAI\NetTarget\Game2\GameApp.cpp(1400,85): warning C4100: 'pChar2': unreferenced formal parameter [c:\originalhr2\HoverRaceAI\NetTarget\Game2\Game2.vcxproj]
c:\originalhr2\HoverRaceAI\NetTarget\Game2\GameApp.cpp(1636,43): warning C4244: 'argument': conversion from 'int' to 'MR_UInt8', possible loss of data [c:\originalhr2\HoverRaceAI\NetTarget\Game2\Game2.vcxproj]
c:\originalhr2\HoverRaceAI\NetTarget\Game2\GameApp.cpp(1478,20): warning C4996: 'fopen': This function or variable may be unsafe. Consider using fopen_s instead. To disable deprecation, use _CRT_SECURE_NO_WARNINGS. See online help for details. [c:\originalhr2\HoverRaceAI\NetTarget\Game2\Game2.vcxproj]
c:\originalhr2\HoverRaceAI\NetTarget\Game2\GameApp.cpp(1485,17): warning C4996: 'fopen': This function or variable may be unsafe. Consider using fopen_s instead. To disable deprecation, use _CRT_SECURE_NO_WARNINGS. See online help for details. [c:\originalhr2\HoverRaceAI\NetTarget\Game2\Game2.vcxproj]
c:\originalhr2\HoverRaceAI\NetTarget\Game2\GameApp.cpp(1489,20): warning C4996: 'fopen': This function or variable may be unsafe. Consider using fopen_s instead. To disable deprecation, use _CRT_SECURE_NO_WARNINGS. See online help for details. [c:\originalhr2\HoverRaceAI\NetTarget\Game2\Game2.vcxproj]
c:\originalhr2\HoverRaceAI\NetTarget\Game2\GameApp.cpp(1494,23): warning C4996: 'fopen': This function or variable may be unsafe. Consider using fopen_s instead. To disable deprecation, use _CRT_SECURE_NO_WARNINGS. See online help for details. [c:\originalhr2\HoverRaceAI\NetTarget\Game2\Game2.vcxproj]
c:\originalhr2\HoverRaceAI\NetTarget\Game2\GameApp.cpp(1532,29): warning C4996: 'fopen': This function or variable may be unsafe. Consider using fopen_s instead. To disable deprecation, use _CRT_SECURE_NO_WARNINGS. See online help for details. [c:\originalhr2\HoverRaceAI\NetTarget\Game2\Game2.vcxproj]
c:\originalhr2\HoverRaceAI\NetTarget\Game2\GameApp.cpp(1535,29): warning C4996: 'fopen': This function or variable may be unsafe. Consider using fopen_s instead. To disable deprecation, use _CRT_SECURE_NO_WARNINGS. See online help for details. [c:\originalhr2\HoverRaceAI\NetTarget\Game2\Game2.vcxproj]
c:\originalhr2\HoverRaceAI\NetTarget\Game2\GameApp.cpp(1546,32): warning C4996: 'fopen': This function or variable may be unsafe. Consider using fopen_s instead. To disable deprecation, use _CRT_SECURE_NO_WARNINGS. See online help for details. [c:\originalhr2\HoverRaceAI\NetTarget\Game2\Game2.vcxproj]
c:\originalhr2\HoverRaceAI\NetTarget\Game2\GameApp.cpp(1550,32): warning C4996: 'fopen': This function or variable may be unsafe. Consider using fopen_s instead. To disable deprecation, use _CRT_SECURE_NO_WARNINGS. See online help for details. [c:\originalhr2\HoverRaceAI\NetTarget\Game2\Game2.vcxproj]
c:\originalhr2\HoverRaceAI\NetTarget\Game2\GameApp.cpp(1555,35): warning C4996: 'fopen': This function or variable may be unsafe. Consider using fopen_s instead. To disable deprecation, use _CRT_SECURE_NO_WARNINGS. See online help for details. [c:\originalhr2\HoverRaceAI\NetTarget\Game2\Game2.vcxproj]
c:\originalhr2\HoverRaceAI\NetTarget\Game2\GameApp.cpp(1560,38): warning C4996: 'fopen': This function or variable may be unsafe. Consider using fopen_s instead. To disable deprecation, use _CRT_SECURE_NO_WARNINGS. See online help for details. [c:\originalhr2\HoverRaceAI\NetTarget\Game2\Game2.vcxproj]
c:\originalhr2\HoverRaceAI\NetTarget\Game2\GameApp.cpp(1564,38): warning C4996: 'fopen': This function or variable may be unsafe. Consider using fopen_s instead. To disable deprecation, use _CRT_SECURE_NO_WARNINGS. See online help for details. [c:\originalhr2\HoverRaceAI\NetTarget\Game2\Game2.vcxproj]
c:\originalhr2\HoverRaceAI\NetTarget\Game2\GameApp.cpp(1570,35): warning C4996: 'fopen': This function or variable may be unsafe. Consider using fopen_s instead. To disable deprecation, use _CRT_SECURE_NO_WARNINGS. See online help for details. [c:\originalhr2\HoverRaceAI\NetTarget\Game2\Game2.vcxproj]
c:\originalhr2\HoverRaceAI\NetTarget\Game2\GameApp.cpp(1574,29): warning C4996: 'fopen': This function or variable may be unsafe. Consider using fopen_s instead. To disable deprecation, use _CRT_SECURE_NO_WARNINGS. See online help for details. [c:\originalhr2\HoverRaceAI\NetTarget\Game2\Game2.vcxproj]
c:\originalhr2\HoverRaceAI\NetTarget\Game2\GameApp.cpp(1578,29): warning C4996: 'fopen': This function or variable may be unsafe. Consider using fopen_s instead. To disable deprecation, use _CRT_SECURE_NO_WARNINGS. See online help for details. [c:\originalhr2\HoverRaceAI\NetTarget\Game2\Game2.vcxproj]
c:\originalhr2\HoverRaceAI\NetTarget\Game2\GameApp.cpp(1583,35): warning C4996: 'fopen': This function or variable may be unsafe. Consider using fopen_s instead. To disable deprecation, use _CRT_SECURE_NO_WARNINGS. See online help for details. [c:\originalhr2\HoverRaceAI\NetTarget\Game2\Game2.vcxproj]
c:\originalhr2\HoverRaceAI\NetTarget\Game2\GameApp.cpp(1588,38): warning C4996: 'fopen': This function or variable may be unsafe. Consider using fopen_s instead. To disable deprecation, use _CRT_SECURE_NO_WARNINGS. See online help for details. [c:\originalhr2\HoverRaceAI\NetTarget\Game2\Game2.vcxproj]
c:\originalhr2\HoverRaceAI\NetTarget\Game2\GameApp.cpp(1592,38): warning C4996: 'fopen': This function or variable may be unsafe. Consider using fopen_s instead. To disable deprecation, use _CRT_SECURE_NO_WARNINGS. See online help for details. [c:\originalhr2\HoverRaceAI\NetTarget\Game2\Game2.vcxproj]
c:\originalhr2\HoverRaceAI\NetTarget\Game2\GameApp.cpp(1598,35): warning C4996: 'fopen': This function or variable may be unsafe. Consider using fopen_s instead. To disable deprecation, use _CRT_SECURE_NO_WARNINGS. See online help for details. [c:\originalhr2\HoverRaceAI\NetTarget\Game2\Game2.vcxproj]
c:\originalhr2\HoverRaceAI\NetTarget\Game2\GameApp.cpp(1612,29): warning C4996: 'fopen': This function or variable may be unsafe. Consider using fopen_s instead. To disable deprecation, use _CRT_SECURE_NO_WARNINGS. See online help for details. [c:\originalhr2\HoverRaceAI\NetTarget\Game2\Game2.vcxproj]
c:\originalhr2\HoverRaceAI\NetTarget\Game2\GameApp.cpp(1638,23): warning C4996: 'fopen': This function or variable may be unsafe. Consider using fopen_s instead. To disable deprecation, use _CRT_SECURE_NO_WARNINGS. See online help for details. [c:\originalhr2\HoverRaceAI\NetTarget\Game2\Game2.vcxproj]
c:\originalhr2\HoverRaceAI\NetTarget\Game2\GameApp.cpp(1645,29): warning C4996: 'fopen': This function or variable may be unsafe. Consider using fopen_s instead. To disable deprecation, use _CRT_SECURE_NO_WARNINGS. See online help for details. [c:\originalhr2\HoverRaceAI\NetTarget\Game2\Game2.vcxproj]
c:\originalhr2\HoverRaceAI\NetTarget\Game2\GameApp.cpp(1649,29): warning C4996: 'fopen': This function or variable may be unsafe. Consider using fopen_s instead. To disable deprecation, use _CRT_SECURE_NO_WARNINGS. See online help for details. [c:\originalhr2\HoverRaceAI\NetTarget\Game2\Game2.vcxproj]
c:\originalhr2\HoverRaceAI\NetTarget\Game2\GameApp.cpp(1662,26): warning C4996: 'fopen': This function or variable may be unsafe. Consider using fopen_s instead. To disable deprecation, use _CRT_SECURE_NO_WARNINGS. See online help for details. [c:\originalhr2\HoverRaceAI\NetTarget\Game2\Game2.vcxproj]
c:\originalhr2\HoverRaceAI\NetTarget\Game2\GameApp.cpp(1669,32): warning C4996: 'fopen': This function or variable may be unsafe. Consider using fopen_s instead. To disable deprecation, use _CRT_SECURE_NO_WARNINGS. See online help for details. [c:\originalhr2\HoverRaceAI\NetTarget\Game2\Game2.vcxproj]
c:\originalhr2\HoverRaceAI\NetTarget\Game2\GameApp.cpp(1673,32): warning C4996: 'fopen': This function or variable may be unsafe. Consider using fopen_s instead. To disable deprecation, use _CRT_SECURE_NO_WARNINGS. See online help for details. [c:\originalhr2\HoverRaceAI\NetTarget\Game2\Game2.vcxproj]
c:\originalhr2\HoverRaceAI\NetTarget\Game2\GameApp.cpp(1685,17): warning C4996: 'fopen': This function or variable may be unsafe. Consider using fopen_s instead. To disable deprecation, use _CRT_SECURE_NO_WARNINGS. See online help for details. [c:\originalhr2\HoverRaceAI\NetTarget\Game2\Game2.vcxproj]
c:\originalhr2\HoverRaceAI\NetTarget\Game2\GameApp.cpp(1717,14): warning C4996: 'fopen': This function or variable may be unsafe. Consider using fopen_s instead. To disable deprecation, use _CRT_SECURE_NO_WARNINGS. See online help for details. [c:\originalhr2\HoverRaceAI\NetTarget\Game2\Game2.vcxproj]
c:\originalhr2\HoverRaceAI\NetTarget\Game2\GameApp.cpp(1725,20): warning C4996: 'fopen': This function or variable may be unsafe. Consider using fopen_s instead. To disable deprecation, use _CRT_SECURE_NO_WARNINGS. See online help for details. [c:\originalhr2\HoverRaceAI\NetTarget\Game2\Game2.vcxproj]
c:\originalhr2\HoverRaceAI\NetTarget\Game2\GameApp.cpp(1733,17): warning C4996: 'fopen': This function or variable may be unsafe. Consider using fopen_s instead. To disable deprecation, use _CRT_SECURE_NO_WARNINGS. See online help for details. [c:\originalhr2\HoverRaceAI\NetTarget\Game2\Game2.vcxproj]
c:\originalhr2\HoverRaceAI\NetTarget\Game2\GameApp.cpp(1744,20): warning C4996: 'fopen': This function or variable may be unsafe. Consider using fopen_s instead. To disable deprecation, use _CRT_SECURE_NO_WARNINGS. See online help for details. [c:\originalhr2\HoverRaceAI\NetTarget\Game2\Game2.vcxproj]
c:\originalhr2\HoverRaceAI\NetTarget\Game2\GameApp.cpp(1750,23): warning C4996: 'fopen': This function or variable may be unsafe. Consider using fopen_s instead. To disable deprecation, use _CRT_SECURE_NO_WARNINGS. See online help for details. [c:\originalhr2\HoverRaceAI\NetTarget\Game2\Game2.vcxproj]
c:\originalhr2\HoverRaceAI\NetTarget\Game2\GameApp.cpp(2089,20): warning C4996: 'fopen': This function or variable may be unsafe. Consider using fopen_s instead. To disable deprecation, use _CRT_SECURE_NO_WARNINGS. See online help for details. [c:\originalhr2\HoverRaceAI\NetTarget\Game2\Game2.vcxproj]
c:\originalhr2\HoverRaceAI\NetTarget\Game2\GameApp.cpp(3163,91): warning C4100: 'pWParam': unreferenced formal parameter [c:\originalhr2\HoverRaceAI\NetTarget\Game2\Game2.vcxproj]
c:\originalhr2\HoverRaceAI\NetTarget\Game2\GameApp.cpp(3261,82): warning C4100: 'pWParam': unreferenced formal parameter [c:\originalhr2\HoverRaceAI\NetTarget\Game2\Game2.vcxproj]
c:\originalhr2\HoverRaceAI\NetTarget\Game2\GameApp.cpp(3356,99): warning C4100: 'pLParam': unreferenced formal parameter [c:\originalhr2\HoverRaceAI\NetTarget\Game2\Game2.vcxproj]
c:\originalhr2\HoverRaceAI\NetTarget\Game2\GameApp.cpp(3356,51): warning C4100: 'pWindow': unreferenced formal parameter [c:\originalhr2\HoverRaceAI\NetTarget\Game2\Game2.vcxproj]
c:\originalhr2\HoverRaceAI\NetTarget\Game2\GameApp.cpp(3389,97): warning C4100: 'pLParam': unreferenced formal parameter [c:\originalhr2\HoverRaceAI\NetTarget\Game2\Game2.vcxproj]
c:\originalhr2\HoverRaceAI\NetTarget\Game2\GameApp.cpp(3389,80): warning C4100: 'pWParam': unreferenced formal parameter [c:\originalhr2\HoverRaceAI\NetTarget\Game2\Game2.vcxproj]
c:\originalhr2\HoverRaceAI\NetTarget\Game2\GameApp.cpp(3389,64): warning C4100: 'pMsgId': unreferenced formal parameter [c:\originalhr2\HoverRaceAI\NetTarget\Game2\Game2.vcxproj]
c:\originalhr2\HoverRaceAI\NetTarget\Game2\GameApp.cpp(3389,49): warning C4100: 'pWindow': unreferenced formal parameter [c:\originalhr2\HoverRaceAI\NetTarget\Game2\Game2.vcxproj]
c:\originalhr2\HoverRaceAI\NetTarget\Game2\GameApp.cpp(3407,111): warning C4100: 'pLParam': unreferenced formal parameter [c:\originalhr2\HoverRaceAI\NetTarget\Game2\Game2.vcxproj]
c:\originalhr2\HoverRaceAI\NetTarget\Game2\GameApp.cpp(3445,94): warning C4100: 'pLParam': unreferenced formal parameter [c:\originalhr2\HoverRaceAI\NetTarget\Game2\Game2.vcxproj]
c:\originalhr2\HoverRaceAI\NetTarget\Game2\GameApp.cpp(3675,24): warning C4996: 'localtime': This function or variable may be unsafe. Consider using localtime_s instead. To disable deprecation, use _CRT_SECURE_NO_WARNINGS. See online help for details. [c:\originalhr2\HoverRaceAI\NetTarget\Game2\Game2.vcxproj]
c:\originalhr2\HoverRaceAI\NetTarget\Game2\GameApp.cpp(3575,95): warning C4100: 'pLParam': unreferenced formal parameter [c:\originalhr2\HoverRaceAI\NetTarget\Game2\Game2.vcxproj]
c:\originalhr2\HoverRaceAI\NetTarget\Game2\GameApp.cpp(3709,91): warning C4100: 'pLParam': unreferenced formal parameter [c:\originalhr2\HoverRaceAI\NetTarget\Game2\Game2.vcxproj]
c:\originalhr2\HoverRaceAI\NetTarget\Game2\GameApp.cpp(3852,97): warning C4100: 'pLParam': unreferenced formal parameter [c:\originalhr2\HoverRaceAI\NetTarget\Game2\Game2.vcxproj]
c:\originalhr2\HoverRaceAI\NetTarget\Game2\GameApp.cpp(4076,98): warning C4100: 'pLParam': unreferenced formal parameter [c:\originalhr2\HoverRaceAI\NetTarget\Game2\Game2.vcxproj]
c:\originalhr2\HoverRaceAI\NetTarget\Game2\GameApp.cpp(4236,104): warning C4100: 'pLParam': unreferenced formal parameter [c:\originalhr2\HoverRaceAI\NetTarget\Game2\Game2.vcxproj]
c:\originalhr2\HoverRaceAI\NetTarget\Game2\GameApp.cpp(4380,30): warning C4244: '=': conversion from 'int' to 'WORD', possible loss of data [c:\originalhr2\HoverRaceAI\NetTarget\Game2\Game2.vcxproj]
c:\originalhr2\HoverRaceAI\NetTarget\Game2\GameApp.cpp(4333,1): warning C4706: assignment within conditional expression [c:\originalhr2\HoverRaceAI\NetTarget\Game2\Game2.vcxproj]
  Game2.vcxproj -> C:\originalhr2\HoverRaceAI\Release\Game2.exe
