c:\originalhr\hoverrace\nettarget\util\debug\worldcoordinates.obj
c:\originalhr\hoverrace\nettarget\util\debug\strres.obj
c:\originalhr\hoverrace\nettarget\util\debug\stdafx.obj
c:\originalhr\hoverrace\nettarget\util\debug\recordfile.obj
c:\originalhr\hoverrace\nettarget\util\debug\profiler.obj
c:\originalhr\hoverrace\nettarget\util\debug\fuzzylogic.obj
c:\originalhr\hoverrace\nettarget\util\debug\dllobjectfactory.obj
c:\originalhr\hoverrace\nettarget\util\debug\vc143.pdb
c:\originalhr\hoverrace\debug\util.dll
c:\originalhr\hoverrace\debug\util.pdb
c:\originalhr\hoverrace\debug\util.lib
c:\originalhr\hoverrace\debug\util.exp
c:\originalhr\hoverrace\debug\util.ilk
c:\originalhr\hoverrace\nettarget\util\debug\util.vcxproj.filelistabsolute.txt
c:\originalhr\hoverrace\nettarget\util\debug\util.tlog\cl.command.1.tlog
c:\originalhr\hoverrace\nettarget\util\debug\util.tlog\cl.items.tlog
c:\originalhr\hoverrace\nettarget\util\debug\util.tlog\cl.read.1.tlog
c:\originalhr\hoverrace\nettarget\util\debug\util.tlog\cl.write.1.tlog
c:\originalhr\hoverrace\nettarget\util\debug\util.tlog\link.command.1.tlog
c:\originalhr\hoverrace\nettarget\util\debug\util.tlog\link.read.1.tlog
c:\originalhr\hoverrace\nettarget\util\debug\util.tlog\link.secondary.1.tlog
c:\originalhr\hoverrace\nettarget\util\debug\util.tlog\link.write.1.tlog
