c:\originalhr\hoverrace\nettarget\game2\debug\vc143.pdb
c:\originalhr\hoverrace\nettarget\game2\debug\trackselect.obj
c:\originalhr\hoverrace\nettarget\game2\debug\stdafx.obj
c:\originalhr\hoverrace\nettarget\game2\debug\sponsor.obj
c:\originalhr\hoverrace\nettarget\game2\debug\observer.obj
c:\originalhr\hoverrace\nettarget\game2\debug\networksession.obj
c:\originalhr\hoverrace\nettarget\game2\debug\netinterface.obj
c:\originalhr\hoverrace\nettarget\game2\debug\matchreport.obj
c:\originalhr\hoverrace\nettarget\game2\debug\main.obj
c:\originalhr\hoverrace\nettarget\game2\debug\license.obj
c:\originalhr\hoverrace\nettarget\game2\debug\internetroom.obj
c:\originalhr\hoverrace\nettarget\game2\debug\gameapp.obj
c:\originalhr\hoverrace\nettarget\game2\debug\commondialog.obj
c:\originalhr\hoverrace\nettarget\game2\debug\clientsession.obj
c:\originalhr\hoverrace\nettarget\game2\debug\banner.obj
c:\originalhr\hoverrace\release\game2.exe
c:\originalhr\hoverrace\release\game2.pdb
c:\originalhr\hoverrace\nettarget\game2\debug\game2.res
c:\originalhr\hoverrace\release\game2.ilk
c:\originalhr\hoverrace\nettarget\game2\debug\game2.tlog\cl.command.1.tlog
c:\originalhr\hoverrace\nettarget\game2\debug\game2.tlog\cl.items.tlog
c:\originalhr\hoverrace\nettarget\game2\debug\game2.tlog\cl.read.1.tlog
c:\originalhr\hoverrace\nettarget\game2\debug\game2.tlog\cl.write.1.tlog
c:\originalhr\hoverrace\nettarget\game2\debug\game2.tlog\link.command.1.tlog
c:\originalhr\hoverrace\nettarget\game2\debug\game2.tlog\link.read.1.tlog
c:\originalhr\hoverrace\nettarget\game2\debug\game2.tlog\link.secondary.1.tlog
c:\originalhr\hoverrace\nettarget\game2\debug\game2.tlog\link.write.1.tlog
c:\originalhr\hoverrace\nettarget\game2\debug\game2.tlog\rc.command.1.tlog
c:\originalhr\hoverrace\nettarget\game2\debug\game2.tlog\rc.read.1.tlog
c:\originalhr\hoverrace\nettarget\game2\debug\game2.tlog\rc.write.1.tlog
