c:\originalhr\hoverrace\nettarget\objfactools\debug\stdafx.obj
c:\originalhr\hoverrace\nettarget\objfactools\debug\spritehandle.obj
c:\originalhr\hoverrace\nettarget\objfactools\debug\resourcelib.obj
c:\originalhr\hoverrace\nettarget\objfactools\debug\ressprite.obj
c:\originalhr\hoverrace\nettarget\objfactools\debug\ressound.obj
c:\originalhr\hoverrace\nettarget\objfactools\debug\resbitmap.obj
c:\originalhr\hoverrace\nettarget\objfactools\debug\resactor.obj
c:\originalhr\hoverrace\nettarget\objfactools\debug\objectfactorydata.obj
c:\originalhr\hoverrace\nettarget\objfactools\debug\freeelementbaserenderer.obj
c:\originalhr\hoverrace\nettarget\objfactools\debug\freeelementbase.obj
c:\originalhr\hoverrace\nettarget\objfactools\debug\bitmapsurface.obj
c:\originalhr\hoverrace\nettarget\objfactools\debug\vc143.pdb
c:\originalhr\hoverrace\debug\objfactools.dll
c:\originalhr\hoverrace\debug\objfactools.pdb
c:\originalhr\hoverrace\debug\objfactools.lib
c:\originalhr\hoverrace\debug\objfactools.exp
c:\originalhr\hoverrace\debug\objfactools.ilk
c:\originalhr\hoverrace\nettarget\objfactools\debug\objfactools.vcxproj.filelistabsolute.txt
c:\originalhr\hoverrace\nettarget\objfactools\debug\objfactools.tlog\cl.command.1.tlog
c:\originalhr\hoverrace\nettarget\objfactools\debug\objfactools.tlog\cl.items.tlog
c:\originalhr\hoverrace\nettarget\objfactools\debug\objfactools.tlog\cl.read.1.tlog
c:\originalhr\hoverrace\nettarget\objfactools\debug\objfactools.tlog\cl.write.1.tlog
c:\originalhr\hoverrace\nettarget\objfactools\debug\objfactools.tlog\link.command.1.tlog
c:\originalhr\hoverrace\nettarget\objfactools\debug\objfactools.tlog\link.read.1.tlog
c:\originalhr\hoverrace\nettarget\objfactools\debug\objfactools.tlog\link.secondary.1.tlog
c:\originalhr\hoverrace\nettarget\objfactools\debug\objfactools.tlog\link.write.1.tlog
