
========== MR_InitModule Called ==========
Module handle: 0x507B0000
Module path: C:\originalhr2\HoverRaceAI\Release\ObjFac1.dll
Attempting to load resource file: C:\originalhr2\HoverRaceAI\Release\ObjFac1.dat
SUCCESS: ObjFac1 resources loaded successfully
gObjectFactoryData: 0x00E13DC0
========== MR_InitModule Complete ==========

========== MR_InitModule Called ==========
Module handle: 0x507B0000
Module path: C:\originalhr2\HoverRaceAI\Release\ObjFac1.dll
Attempting to load resource file: C:\originalhr2\HoverRaceAI\Release\ObjFac1.dat
SUCCESS: ObjFac1 resources loaded successfully
gObjectFactoryData: 0x00946D90
========== MR_InitModule Complete ==========

========== MR_InitModule Called ==========
Module handle: 0x507B0000
Module path: C:\originalhr2\HoverRaceAI\Release\ObjFac1.dll
Attempting to load resource file: C:\originalhr2\HoverRaceAI\Release\ObjFac1.dat
SUCCESS: ObjFac1 resources loaded successfully
gObjectFactoryData: 0x01266FD8
========== MR_InitModule Complete ==========

========== MR_InitModule Called ==========
Module handle: 0x507B0000
Module path: C:\originalhr2\HoverRaceAI\Release\ObjFac1.dll
Attempting to load resource file: C:\originalhr2\HoverRaceAI\Release\ObjFac1.dat
SUCCESS: ObjFac1 resources loaded successfully
gObjectFactoryData: 0x01008AE8
========== MR_InitModule Complete ==========
