
MR_GetObject called with pClassId=1000
  SUCCESS: Object created at 0x05E9DD38

MR_GetObject called with pClassId=1100
  SUCCESS: Object created at 0x05E9DD68

MR_GetObject called with pClassId=1102
  SUCCESS: Object created at 0x05E9DC90

MR_GetObject called with pClassId=1103
  SUCCESS: Object created at 0x05E9DDF8

MR_GetObject called with pClassId=1101
  SUCCESS: Object created at 0x05E9DC48

MR_GetObject called with pClassId=51
  SUCCESS: Object created at 0x05ECEF98

MR_GetObject called with pClassId=50
  SUCCESS: Object created at 0x05ECEFD8

MR_GetObject called with pClassId=52
  SUCCESS: Object created at 0x05E97610

MR_GetObject called with pClassId=69
  SUCCESS: Object created at 0x05ECEF18

MR_GetObject called with pClassId=53
  SUCCESS: Object created at 0x05E977A0

MR_GetObject called with pClassId=52
  SUCCESS: Object created at 0x05E97570

MR_GetObject called with pClassId=51
  SUCCESS: Object created at 0x05ECEF58

MR_GetObject called with pClassId=50
  SUCCESS: Object created at 0x05ECF018

MR_GetObject called with pClassId=52
  SUCCESS: Object created at 0x05E971D8

MR_GetObject called with pClassId=52
  SUCCESS: Object created at 0x05E97250

MR_GetObject called with pClassId=53
  SUCCESS: Object created at 0x05E971B0

MR_GetObject called with pClassId=61
  SUCCESS: Object created at 0x05ECF038

MR_GetObject called with pClassId=51
  SUCCESS: Object created at 0x05ECF218

MR_GetObject called with pClassId=50
  SUCCESS: Object created at 0x05ECF298

MR_GetObject called with pClassId=52
  SUCCESS: Object created at 0x05E97160

MR_GetObject called with pClassId=54
  SUCCESS: Object created at 0x05E972F0

MR_GetObject called with pClassId=52
  SUCCESS: Object created at 0x05E97138

MR_GetObject called with pClassId=60
  SUCCESS: Object created at 0x05ECF438

MR_GetObject called with pClassId=52
  SUCCESS: Object created at 0x05E97188

MR_GetObject called with pClassId=51
  SUCCESS: Object created at 0x05ECF1F8

MR_GetObject called with pClassId=50
  SUCCESS: Object created at 0x05ECF278

MR_GetObject called with pClassId=52
  SUCCESS: Object created at 0x05E97228

MR_GetObject called with pClassId=54
  SUCCESS: Object created at 0x05E97200

MR_GetObject called with pClassId=52
  SUCCESS: Object created at 0x05E97278

MR_GetObject called with pClassId=60
  SUCCESS: Object created at 0x05ECF2B8

MR_GetObject called with pClassId=52
  SUCCESS: Object created at 0x05E973E0

MR_GetObject called with pClassId=51
  SUCCESS: Object created at 0x05ECF458

MR_GetObject called with pClassId=50
  SUCCESS: Object created at 0x05ECF498

MR_GetObject called with pClassId=52
  SUCCESS: Object created at 0x05E972A0

MR_GetObject called with pClassId=59
  SUCCESS: Object created at 0x05ECF318

MR_GetObject called with pClassId=52
  SUCCESS: Object created at 0x05E97318

MR_GetObject called with pClassId=55
  SUCCESS: Object created at 0x05E97408

MR_GetObject called with pClassId=53
  SUCCESS: Object created at 0x05E97098

MR_GetObject called with pClassId=51
  SUCCESS: Object created at 0x05ECF338

MR_GetObject called with pClassId=50
  SUCCESS: Object created at 0x05ECF0B8

MR_GetObject called with pClassId=52
  SUCCESS: Object created at 0x05E97340

MR_GetObject called with pClassId=52
  SUCCESS: Object created at 0x05E97368

MR_GetObject called with pClassId=53
  SUCCESS: Object created at 0x05E97458

MR_GetObject called with pClassId=52
  SUCCESS: Object created at 0x05E97390

MR_GetObject called with pClassId=51
  SUCCESS: Object created at 0x05ECF358

MR_GetObject called with pClassId=50
  SUCCESS: Object created at 0x05ECF3D8

MR_GetObject called with pClassId=59
  SUCCESS: Object created at 0x05ECF398

MR_GetObject called with pClassId=52
  SUCCESS: Object created at 0x05E973B8

MR_GetObject called with pClassId=55
  SUCCESS: Object created at 0x05E97110

MR_GetObject called with pClassId=53
  SUCCESS: Object created at 0x05E974D0

MR_GetObject called with pClassId=52
  SUCCESS: Object created at 0x05E974A8

MR_GetObject called with pClassId=51
  SUCCESS: Object created at 0x05ECF118

MR_GetObject called with pClassId=50
  SUCCESS: Object created at 0x05ECF138

MR_GetObject called with pClassId=60
  SUCCESS: Object created at 0x05ECF198

MR_GetObject called with pClassId=52
  SUCCESS: Object created at 0x05E974F8

MR_GetObject called with pClassId=52
  SUCCESS: Object created at 0x05E97520

MR_GetObject called with pClassId=54
  SUCCESS: Object created at 0x05E97048

MR_GetObject called with pClassId=52
  SUCCESS: Object created at 0x05E970E8

MR_GetObject called with pClassId=51
  SUCCESS: Object created at 0x05ECF7D8

MR_GetObject called with pClassId=50
  SUCCESS: Object created at 0x05ECF6F8

MR_GetObject called with pClassId=52
  SUCCESS: Object created at 0x05F6E4B8

MR_GetObject called with pClassId=54
  SUCCESS: Object created at 0x05F6E850

MR_GetObject called with pClassId=68
  SUCCESS: Object created at 0x05ECF738

MR_GetObject called with pClassId=52
  SUCCESS: Object created at 0x05F6E5F8

MR_GetObject called with pClassId=60
  SUCCESS: Object created at 0x05ECF598

MR_GetObject called with pClassId=52
  SUCCESS: Object created at 0x05F6E698

MR_GetObject called with pClassId=51
  SUCCESS: Object created at 0x05ECF638

MR_GetObject called with pClassId=50
  SUCCESS: Object created at 0x05ECF718

MR_GetObject called with pClassId=52
  SUCCESS: Object created at 0x05F6E490

MR_GetObject called with pClassId=52
  SUCCESS: Object created at 0x05F6E8F0

MR_GetObject called with pClassId=53
  SUCCESS: Object created at 0x05F6E558

MR_GetObject called with pClassId=52
  SUCCESS: Object created at 0x05F6E580

MR_GetObject called with pClassId=51
  SUCCESS: Object created at 0x05ECF4F8

MR_GetObject called with pClassId=50
  SUCCESS: Object created at 0x05ECF658

MR_GetObject called with pClassId=52
  SUCCESS: Object created at 0x05F6E648

MR_GetObject called with pClassId=52
  SUCCESS: Object created at 0x05F6E468

MR_GetObject called with pClassId=53
  SUCCESS: Object created at 0x05F6E8C8

MR_GetObject called with pClassId=52
  SUCCESS: Object created at 0x05F6E5A8

MR_GetObject called with pClassId=51
  SUCCESS: Object created at 0x05ECF518

MR_GetObject called with pClassId=50
  SUCCESS: Object created at 0x05ECF818

MR_GetObject called with pClassId=60
  SUCCESS: Object created at 0x05ECF838

MR_GetObject called with pClassId=52
  SUCCESS: Object created at 0x05F6E670

MR_GetObject called with pClassId=61
  SUCCESS: Object created at 0x05ECF898

MR_GetObject called with pClassId=56
  SUCCESS: Object created at 0x05F6E620

MR_GetObject called with pClassId=54
  SUCCESS: Object created at 0x05F6E6C0

MR_GetObject called with pClassId=52
  SUCCESS: Object created at 0x05F6E418

MR_GetObject called with pClassId=51
  SUCCESS: Object created at 0x05ECF5F8

MR_GetObject called with pClassId=50
  SUCCESS: Object created at 0x05ECF858

MR_GetObject called with pClassId=52
  SUCCESS: Object created at 0x05F6E6E8

MR_GetObject called with pClassId=54
  SUCCESS: Object created at 0x05F6E7D8

MR_GetObject called with pClassId=52
  SUCCESS: Object created at 0x05F6E508

MR_GetObject called with pClassId=60
  SUCCESS: Object created at 0x05ECF678

MR_GetObject called with pClassId=52
  SUCCESS: Object created at 0x05F6E788

MR_GetObject called with pClassId=51
  SUCCESS: Object created at 0x05ECF4B8

MR_GetObject called with pClassId=50
  SUCCESS: Object created at 0x05ECF578

MR_GetObject called with pClassId=59
  SUCCESS: Object created at 0x05ECF6B8

MR_GetObject called with pClassId=52
  SUCCESS: Object created at 0x05F6E710

MR_GetObject called with pClassId=55
  SUCCESS: Object created at 0x05F6E738

MR_GetObject called with pClassId=53
  SUCCESS: Object created at 0x05F6E530

MR_GetObject called with pClassId=52
  SUCCESS: Object created at 0x05F6E5D0

MR_GetObject called with pClassId=51
  SUCCESS: Object created at 0x05ECF778

MR_GetObject called with pClassId=50
  SUCCESS: Object created at 0x05F6FBA8

MR_GetObject called with pClassId=53
  SUCCESS: Object created at 0x05F6E878

MR_GetObject called with pClassId=52
  SUCCESS: Object created at 0x05F6E8A0

MR_GetObject called with pClassId=52
  SUCCESS: Object created at 0x05F6E9B8

MR_GetObject called with pClassId=52
  SUCCESS: Object created at 0x05F6E940

MR_GetObject called with pClassId=51
  SUCCESS: Object created at 0x05F6FBC8

MR_GetObject called with pClassId=50
  SUCCESS: Object created at 0x05F6FD08

MR_GetObject called with pClassId=53
  SUCCESS: Object created at 0x05F6E918

MR_GetObject called with pClassId=52
  SUCCESS: Object created at 0x05F6E968

MR_GetObject called with pClassId=59
  SUCCESS: Object created at 0x05F6FA48

MR_GetObject called with pClassId=52
  SUCCESS: Object created at 0x05F6E990

MR_GetObject called with pClassId=55
  SUCCESS: Object created at 0x05F6DDD8

MR_GetObject called with pClassId=51
  SUCCESS: Object created at 0x05F6FC08

MR_GetObject called with pClassId=50
  SUCCESS: Object created at 0x05F6FE08

MR_GetObject called with pClassId=52
  SUCCESS: Object created at 0x05F6DAB8

MR_GetObject called with pClassId=54
  SUCCESS: Object created at 0x05F6DBD0

MR_GetObject called with pClassId=52
  SUCCESS: Object created at 0x05F6DBF8

MR_GetObject called with pClassId=60
  SUCCESS: Object created at 0x05F6FC28

MR_GetObject called with pClassId=52
  SUCCESS: Object created at 0x05F6DAE0

MR_GetObject called with pClassId=51
  SUCCESS: Object created at 0x05F6FA68

MR_GetObject called with pClassId=50
  SUCCESS: Object created at 0x05F6FDC8

MR_GetObject called with pClassId=60
  SUCCESS: Object created at 0x05F6FDE8

MR_GetObject called with pClassId=52
  SUCCESS: Object created at 0x05F6DE00

MR_GetObject called with pClassId=52
  SUCCESS: Object created at 0x05F6DA68

MR_GetObject called with pClassId=52
  SUCCESS: Object created at 0x05F6DC70

MR_GetObject called with pClassId=52
  SUCCESS: Object created at 0x05F6DC20

MR_GetObject called with pClassId=67
  SUCCESS: Object created at 0x05F6FA88

MR_GetObject called with pClassId=67
  SUCCESS: Object created at 0x05F6FD28

MR_GetObject called with pClassId=67
  SUCCESS: Object created at 0x05F6FAA8

MR_GetObject called with pClassId=67
  SUCCESS: Object created at 0x05F6FC68

MR_GetObject called with pClassId=67
  SUCCESS: Object created at 0x05F6FC88

MR_GetObject called with pClassId=67
  SUCCESS: Object created at 0x05F6FAE8

MR_GetObject called with pClassId=51
  SUCCESS: Object created at 0x05F6FCA8

MR_GetObject called with pClassId=51
  SUCCESS: Object created at 0x05F6FCC8

MR_GetObject called with pClassId=70
  SUCCESS: Object created at 0x05F6FB28

MR_GetObject called with pClassId=50
  SUCCESS: Object created at 0x05F6FB48

MR_GetObject called with pClassId=71
  SUCCESS: Object created at 0x05F6FEC8

MR_GetObject called with pClassId=68
  SUCCESS: Object created at 0x05F6FF08

MR_GetObject called with pClassId=51
  SUCCESS: Object created at 0x05F70048

MR_GetObject called with pClassId=51
  SUCCESS: Object created at 0x05F70088

MR_GetObject called with pClassId=50
  SUCCESS: Object created at 0x05F6FEE8

MR_GetObject called with pClassId=70
  SUCCESS: Object created at 0x05F6FE68

MR_GetObject called with pClassId=50
  SUCCESS: Object created at 0x05F6FE88

MR_GetObject called with pClassId=71
  SUCCESS: Object created at 0x05F6FF88

MR_GetObject called with pClassId=65
  SUCCESS: Object created at 0x05F6FE28

MR_GetObject called with pClassId=65
  SUCCESS: Object created at 0x05F6FF28

MR_GetObject called with pClassId=65
  SUCCESS: Object created at 0x05F6FF68

MR_GetObject called with pClassId=65
  SUCCESS: Object created at 0x05F701C8

MR_GetObject called with pClassId=65
  SUCCESS: Object created at 0x05F6FEA8

MR_GetObject called with pClassId=65
  SUCCESS: Object created at 0x05F70168

MR_GetObject called with pClassId=65
  SUCCESS: Object created at 0x05F70148

MR_GetObject called with pClassId=65
  SUCCESS: Object created at 0x05F6FE48

MR_GetObject called with pClassId=65
  SUCCESS: Object created at 0x05F6FFE8

MR_GetObject called with pClassId=65
  SUCCESS: Object created at 0x05F701A8

MR_GetObject called with pClassId=203
  SUCCESS: Object created at 0x05F6D278

MR_GetObject called with pClassId=204
  SUCCESS: Object created at 0x05F6CAE0

MR_GetObject called with pClassId=152
  SUCCESS: Object created at 0x00EBC318

MR_GetObject called with pClassId=202
  SUCCESS: Object created at 0x05F6D2C0

MR_GetObject called with pClassId=200
  SUCCESS: Object created at 0x00EBC8F0

MR_GetObject called with pClassId=100
  SUCCESS: Object created at 0x00EC69E0

MR_GetObject called with pClassId=1000
  SUCCESS: Object created at 0x059F6030

MR_GetObject called with pClassId=1100
  SUCCESS: Object created at 0x059F6060

MR_GetObject called with pClassId=1102
  SUCCESS: Object created at 0x059F6198

MR_GetObject called with pClassId=1103
  SUCCESS: Object created at 0x059F61B0

MR_GetObject called with pClassId=1101
  SUCCESS: Object created at 0x059F61C8

MR_GetObject called with pClassId=51
  SUCCESS: Object created at 0x059FF780

MR_GetObject called with pClassId=50
  SUCCESS: Object created at 0x059FF700

MR_GetObject called with pClassId=52
  SUCCESS: Object created at 0x059C9440

MR_GetObject called with pClassId=69
  SUCCESS: Object created at 0x059FF8E0

MR_GetObject called with pClassId=53
  SUCCESS: Object created at 0x059C9468

MR_GetObject called with pClassId=52
  SUCCESS: Object created at 0x059C90D0

MR_GetObject called with pClassId=51
  SUCCESS: Object created at 0x059FF8A0

MR_GetObject called with pClassId=50
  SUCCESS: Object created at 0x059FF960

MR_GetObject called with pClassId=52
  SUCCESS: Object created at 0x059C90F8

MR_GetObject called with pClassId=52
  SUCCESS: Object created at 0x059C9148

MR_GetObject called with pClassId=53
  SUCCESS: Object created at 0x059C9170

MR_GetObject called with pClassId=61
  SUCCESS: Object created at 0x059FF980

MR_GetObject called with pClassId=51
  SUCCESS: Object created at 0x059FFA00

MR_GetObject called with pClassId=50
  SUCCESS: Object created at 0x059FF680

MR_GetObject called with pClassId=52
  SUCCESS: Object created at 0x059C9198

MR_GetObject called with pClassId=54
  SUCCESS: Object created at 0x059C92B0

MR_GetObject called with pClassId=52
  SUCCESS: Object created at 0x059C9300

MR_GetObject called with pClassId=60
  SUCCESS: Object created at 0x059FFB00

MR_GetObject called with pClassId=52
  SUCCESS: Object created at 0x059C9288

MR_GetObject called with pClassId=51
  SUCCESS: Object created at 0x059FFDC0

MR_GetObject called with pClassId=50
  SUCCESS: Object created at 0x059FFD40

MR_GetObject called with pClassId=52
  SUCCESS: Object created at 0x059C91E8

MR_GetObject called with pClassId=54
  SUCCESS: Object created at 0x059C9378

MR_GetObject called with pClassId=52
  SUCCESS: Object created at 0x059C9418

MR_GetObject called with pClassId=60
  SUCCESS: Object created at 0x059FFD80

MR_GetObject called with pClassId=52
  SUCCESS: Object created at 0x059C9210

MR_GetObject called with pClassId=51
  SUCCESS: Object created at 0x059FFB60

MR_GetObject called with pClassId=50
  SUCCESS: Object created at 0x059FFA80

MR_GetObject called with pClassId=52
  SUCCESS: Object created at 0x059C9328

MR_GetObject called with pClassId=59
  SUCCESS: Object created at 0x059FFC40

MR_GetObject called with pClassId=52
  SUCCESS: Object created at 0x059C9350

MR_GetObject called with pClassId=55
  SUCCESS: Object created at 0x059C9738

MR_GetObject called with pClassId=53
  SUCCESS: Object created at 0x059C9698

MR_GetObject called with pClassId=51
  SUCCESS: Object created at 0x059FFB80

MR_GetObject called with pClassId=50
  SUCCESS: Object created at 0x059FFC80

MR_GetObject called with pClassId=52
  SUCCESS: Object created at 0x059C97B0

MR_GetObject called with pClassId=52
  SUCCESS: Object created at 0x059C9558

MR_GetObject called with pClassId=53
  SUCCESS: Object created at 0x059C97D8

MR_GetObject called with pClassId=52
  SUCCESS: Object created at 0x059C96C0

MR_GetObject called with pClassId=51
  SUCCESS: Object created at 0x059FFA20

MR_GetObject called with pClassId=50
  SUCCESS: Object created at 0x059FFCA0

MR_GetObject called with pClassId=59
  SUCCESS: Object created at 0x059FFC00

MR_GetObject called with pClassId=52
  SUCCESS: Object created at 0x059C95D0

MR_GetObject called with pClassId=55
  SUCCESS: Object created at 0x059C95A8

MR_GetObject called with pClassId=53
  SUCCESS: Object created at 0x059C9648

MR_GetObject called with pClassId=52
  SUCCESS: Object created at 0x059C95F8

MR_GetObject called with pClassId=51
  SUCCESS: Object created at 0x059FFBC0

MR_GetObject called with pClassId=50
  SUCCESS: Object created at 0x059FFA60

MR_GetObject called with pClassId=60
  SUCCESS: Object created at 0x059FFAC0

MR_GetObject called with pClassId=52
  SUCCESS: Object created at 0x059C9670

MR_GetObject called with pClassId=52
  SUCCESS: Object created at 0x059C9620

MR_GetObject called with pClassId=54
  SUCCESS: Object created at 0x059C96E8

MR_GetObject called with pClassId=52
  SUCCESS: Object created at 0x059C9710

MR_GetObject called with pClassId=51
  SUCCESS: Object created at 0x009AEC10

MR_GetObject called with pClassId=50
  SUCCESS: Object created at 0x009AEE30

MR_GetObject called with pClassId=52
  SUCCESS: Object created at 0x05AA0248

MR_GetObject called with pClassId=54
  SUCCESS: Object created at 0x05AA01F8

MR_GetObject called with pClassId=68
  SUCCESS: Object created at 0x009AECB0

MR_GetObject called with pClassId=52
  SUCCESS: Object created at 0x05AA02E8

MR_GetObject called with pClassId=60
  SUCCESS: Object created at 0x009AEC30

MR_GetObject called with pClassId=52
  SUCCESS: Object created at 0x05AA01A8

MR_GetObject called with pClassId=51
  SUCCESS: Object created at 0x009AEE70

MR_GetObject called with pClassId=50
  SUCCESS: Object created at 0x009AED70

MR_GetObject called with pClassId=52
  SUCCESS: Object created at 0x05AA0338

MR_GetObject called with pClassId=52
  SUCCESS: Object created at 0x05AA02C0

MR_GetObject called with pClassId=53
  SUCCESS: Object created at 0x05AA0568

MR_GetObject called with pClassId=52
  SUCCESS: Object created at 0x05AA04F0

MR_GetObject called with pClassId=51
  SUCCESS: Object created at 0x009AEEF0

MR_GetObject called with pClassId=50
  SUCCESS: Object created at 0x009AEE10

MR_GetObject called with pClassId=52
  SUCCESS: Object created at 0x05AA01D0

MR_GetObject called with pClassId=52
  SUCCESS: Object created at 0x05AA0270

MR_GetObject called with pClassId=53
  SUCCESS: Object created at 0x05AA0220

MR_GetObject called with pClassId=52
  SUCCESS: Object created at 0x05AA03B0

MR_GetObject called with pClassId=51
  SUCCESS: Object created at 0x009AECD0

MR_GetObject called with pClassId=50
  SUCCESS: Object created at 0x009AEC90

MR_GetObject called with pClassId=60
  SUCCESS: Object created at 0x009AEEB0

MR_GetObject called with pClassId=52
  SUCCESS: Object created at 0x05AA0518

MR_GetObject called with pClassId=61
  SUCCESS: Object created at 0x009AEB70

MR_GetObject called with pClassId=56
  SUCCESS: Object created at 0x05AA0658

MR_GetObject called with pClassId=54
  SUCCESS: Object created at 0x05AA0540

MR_GetObject called with pClassId=52
  SUCCESS: Object created at 0x05AA0450

MR_GetObject called with pClassId=51
  SUCCESS: Object created at 0x009AED30

MR_GetObject called with pClassId=50
  SUCCESS: Object created at 0x009AEBB0

MR_GetObject called with pClassId=52
  SUCCESS: Object created at 0x05AA0428

MR_GetObject called with pClassId=54
  SUCCESS: Object created at 0x05AA0630

MR_GetObject called with pClassId=52
  SUCCESS: Object created at 0x05AA0180

MR_GetObject called with pClassId=60
  SUCCESS: Object created at 0x009AEBD0

MR_GetObject called with pClassId=52
  SUCCESS: Object created at 0x05AA0298

MR_GetObject called with pClassId=51
  SUCCESS: Object created at 0x009AECF0

MR_GetObject called with pClassId=50
  SUCCESS: Object created at 0x009AED50

MR_GetObject called with pClassId=59
  SUCCESS: Object created at 0x009AEDB0

MR_GetObject called with pClassId=52
  SUCCESS: Object created at 0x05AA0590

MR_GetObject called with pClassId=55
  SUCCESS: Object created at 0x05AA0478

MR_GetObject called with pClassId=53
  SUCCESS: Object created at 0x05AA0388

MR_GetObject called with pClassId=52
  SUCCESS: Object created at 0x05AA0360

MR_GetObject called with pClassId=51
  SUCCESS: Object created at 0x009AE250

MR_GetObject called with pClassId=50
  SUCCESS: Object created at 0x009AE270

MR_GetObject called with pClassId=53
  SUCCESS: Object created at 0x05AA04C8

MR_GetObject called with pClassId=52
  SUCCESS: Object created at 0x05AA05E0

MR_GetObject called with pClassId=52
  SUCCESS: Object created at 0x05AA06F8

MR_GetObject called with pClassId=52
  SUCCESS: Object created at 0x05AA06D0

MR_GetObject called with pClassId=51
  SUCCESS: Object created at 0x009ADFB0

MR_GetObject called with pClassId=50
  SUCCESS: Object created at 0x009ADF90

MR_GetObject called with pClassId=53
  SUCCESS: Object created at 0x05AA06A8

MR_GetObject called with pClassId=52
  SUCCESS: Object created at 0x05AA0720

MR_GetObject called with pClassId=59
  SUCCESS: Object created at 0x009AE170

MR_GetObject called with pClassId=52
  SUCCESS: Object created at 0x05AA0680

MR_GetObject called with pClassId=55
  SUCCESS: Object created at 0x05A9FB18

MR_GetObject called with pClassId=51
  SUCCESS: Object created at 0x009AE070

MR_GetObject called with pClassId=50
  SUCCESS: Object created at 0x009AE090

MR_GetObject called with pClassId=52
  SUCCESS: Object created at 0x05A9F960

MR_GetObject called with pClassId=54
  SUCCESS: Object created at 0x05A9FAC8

MR_GetObject called with pClassId=52
  SUCCESS: Object created at 0x05A9FB68

MR_GetObject called with pClassId=60
  SUCCESS: Object created at 0x009AE0F0

MR_GetObject called with pClassId=52
  SUCCESS: Object created at 0x05A9FC08

MR_GetObject called with pClassId=51
  SUCCESS: Object created at 0x009AE290

MR_GetObject called with pClassId=50
  SUCCESS: Object created at 0x009AE1F0

MR_GetObject called with pClassId=60
  SUCCESS: Object created at 0x009AE190

MR_GetObject called with pClassId=52
  SUCCESS: Object created at 0x05A9FC58

MR_GetObject called with pClassId=52
  SUCCESS: Object created at 0x05A9FBB8

MR_GetObject called with pClassId=52
  SUCCESS: Object created at 0x05A9FAF0

MR_GetObject called with pClassId=52
  SUCCESS: Object created at 0x05A9FA28

MR_GetObject called with pClassId=67
  SUCCESS: Object created at 0x009AE330

MR_GetObject called with pClassId=67
  SUCCESS: Object created at 0x009AE350

MR_GetObject called with pClassId=67
  SUCCESS: Object created at 0x009AE2B0

MR_GetObject called with pClassId=67
  SUCCESS: Object created at 0x009AE1B0

MR_GetObject called with pClassId=67
  SUCCESS: Object created at 0x009ADFF0

MR_GetObject called with pClassId=67
  SUCCESS: Object created at 0x009AE1D0

MR_GetObject called with pClassId=51
  SUCCESS: Object created at 0x009AE2D0

MR_GetObject called with pClassId=51
  SUCCESS: Object created at 0x009ADF70

MR_GetObject called with pClassId=70
  SUCCESS: Object created at 0x009ADFD0

MR_GetObject called with pClassId=50
  SUCCESS: Object created at 0x009AE510

MR_GetObject called with pClassId=71
  SUCCESS: Object created at 0x009AE630

MR_GetObject called with pClassId=68
  SUCCESS: Object created at 0x009AE650

MR_GetObject called with pClassId=51
  SUCCESS: Object created at 0x009AE530

MR_GetObject called with pClassId=51
  SUCCESS: Object created at 0x009AE5B0

MR_GetObject called with pClassId=50
  SUCCESS: Object created at 0x009AE470

MR_GetObject called with pClassId=70
  SUCCESS: Object created at 0x009AE390

MR_GetObject called with pClassId=50
  SUCCESS: Object created at 0x009AE3D0

MR_GetObject called with pClassId=71
  SUCCESS: Object created at 0x009AE670

MR_GetObject called with pClassId=65
  SUCCESS: Object created at 0x009AE4B0

MR_GetObject called with pClassId=65
  SUCCESS: Object created at 0x009AE550

MR_GetObject called with pClassId=65
  SUCCESS: Object created at 0x009AE570

MR_GetObject called with pClassId=65
  SUCCESS: Object created at 0x009AE4D0

MR_GetObject called with pClassId=65
  SUCCESS: Object created at 0x009AE4F0

MR_GetObject called with pClassId=65
  SUCCESS: Object created at 0x009AE3F0

MR_GetObject called with pClassId=65
  SUCCESS: Object created at 0x009AE590

MR_GetObject called with pClassId=65
  SUCCESS: Object created at 0x009AE690

MR_GetObject called with pClassId=65
  SUCCESS: Object created at 0x009AE5D0

MR_GetObject called with pClassId=65
  SUCCESS: Object created at 0x009AE3B0

MR_GetObject called with pClassId=203
  SUCCESS: Object created at 0x059F0C78

MR_GetObject called with pClassId=204
  SUCCESS: Object created at 0x059F0AC8

MR_GetObject called with pClassId=152
  SUCCESS: Object created at 0x009A8C00

MR_GetObject called with pClassId=202
  SUCCESS: Object created at 0x059F0B10

MR_GetObject called with pClassId=200
  SUCCESS: Object created at 0x009A8BA8

MR_GetObject called with pClassId=100
  SUCCESS: Object created at 0x00999768

MR_GetObject called with pClassId=1000
  SUCCESS: Object created at 0x064C9598

MR_GetObject called with pClassId=1100
  SUCCESS: Object created at 0x064C9580

MR_GetObject called with pClassId=1102
  SUCCESS: Object created at 0x064C95B0

MR_GetObject called with pClassId=1103
  SUCCESS: Object created at 0x064C9520

MR_GetObject called with pClassId=1101
  SUCCESS: Object created at 0x064C9538

MR_GetObject called with pClassId=51
  SUCCESS: Object created at 0x064D0F90

MR_GetObject called with pClassId=50
  SUCCESS: Object created at 0x064D0FF0

MR_GetObject called with pClassId=52
  SUCCESS: Object created at 0x06499118

MR_GetObject called with pClassId=69
  SUCCESS: Object created at 0x064D0FB0

MR_GetObject called with pClassId=53
  SUCCESS: Object created at 0x064993C0

MR_GetObject called with pClassId=52
  SUCCESS: Object created at 0x06499208

MR_GetObject called with pClassId=51
  SUCCESS: Object created at 0x064D10B0

MR_GetObject called with pClassId=50
  SUCCESS: Object created at 0x064D10D0

MR_GetObject called with pClassId=52
  SUCCESS: Object created at 0x06499348

MR_GetObject called with pClassId=52
  SUCCESS: Object created at 0x06499438

MR_GetObject called with pClassId=53
  SUCCESS: Object created at 0x064990A0

MR_GetObject called with pClassId=61
  SUCCESS: Object created at 0x064D0D70

MR_GetObject called with pClassId=51
  SUCCESS: Object created at 0x064D0450

MR_GetObject called with pClassId=50
  SUCCESS: Object created at 0x064D04B0

MR_GetObject called with pClassId=52
  SUCCESS: Object created at 0x06499280

MR_GetObject called with pClassId=54
  SUCCESS: Object created at 0x064991B8

MR_GetObject called with pClassId=52
  SUCCESS: Object created at 0x06499460

MR_GetObject called with pClassId=60
  SUCCESS: Object created at 0x064D0190

MR_GetObject called with pClassId=52
  SUCCESS: Object created at 0x064991E0

MR_GetObject called with pClassId=51
  SUCCESS: Object created at 0x064D01B0

MR_GetObject called with pClassId=50
  SUCCESS: Object created at 0x064D0310

MR_GetObject called with pClassId=52
  SUCCESS: Object created at 0x06499370

MR_GetObject called with pClassId=54
  SUCCESS: Object created at 0x064994B0

MR_GetObject called with pClassId=52
  SUCCESS: Object created at 0x06499258

MR_GetObject called with pClassId=60
  SUCCESS: Object created at 0x064D04D0

MR_GetObject called with pClassId=52
  SUCCESS: Object created at 0x06499398

MR_GetObject called with pClassId=51
  SUCCESS: Object created at 0x064D0470

MR_GetObject called with pClassId=50
  SUCCESS: Object created at 0x064D0370

MR_GetObject called with pClassId=52
  SUCCESS: Object created at 0x064994D8

MR_GetObject called with pClassId=59
  SUCCESS: Object created at 0x064D0250

MR_GetObject called with pClassId=52
  SUCCESS: Object created at 0x06499528

MR_GetObject called with pClassId=55
  SUCCESS: Object created at 0x06499668

MR_GetObject called with pClassId=53
  SUCCESS: Object created at 0x064995F0

MR_GetObject called with pClassId=51
  SUCCESS: Object created at 0x064D02D0

MR_GetObject called with pClassId=50
  SUCCESS: Object created at 0x064D0490

MR_GetObject called with pClassId=52
  SUCCESS: Object created at 0x06499730

MR_GetObject called with pClassId=52
  SUCCESS: Object created at 0x06499758

MR_GetObject called with pClassId=53
  SUCCESS: Object created at 0x064996B8

MR_GetObject called with pClassId=52
  SUCCESS: Object created at 0x06499708

MR_GetObject called with pClassId=51
  SUCCESS: Object created at 0x064D0270

MR_GetObject called with pClassId=50
  SUCCESS: Object created at 0x064D0130

MR_GetObject called with pClassId=59
  SUCCESS: Object created at 0x064D0410

MR_GetObject called with pClassId=52
  SUCCESS: Object created at 0x06499578

MR_GetObject called with pClassId=55
  SUCCESS: Object created at 0x064996E0

MR_GetObject called with pClassId=53
  SUCCESS: Object created at 0x06499780

MR_GetObject called with pClassId=52
  SUCCESS: Object created at 0x064997D0

MR_GetObject called with pClassId=51
  SUCCESS: Object created at 0x064D0150

MR_GetObject called with pClassId=50
  SUCCESS: Object created at 0x064D0170

MR_GetObject called with pClassId=60
  SUCCESS: Object created at 0x064D0230

MR_GetObject called with pClassId=52
  SUCCESS: Object created at 0x06499550

MR_GetObject called with pClassId=52
  SUCCESS: Object created at 0x064995A0

MR_GetObject called with pClassId=54
  SUCCESS: Object created at 0x064995C8

MR_GetObject called with pClassId=52
  SUCCESS: Object created at 0x06499640

MR_GetObject called with pClassId=51
  SUCCESS: Object created at 0x064D05B0

MR_GetObject called with pClassId=50
  SUCCESS: Object created at 0x064D0830

MR_GetObject called with pClassId=52
  SUCCESS: Object created at 0x065720D0

MR_GetObject called with pClassId=54
  SUCCESS: Object created at 0x065721E8

MR_GetObject called with pClassId=68
  SUCCESS: Object created at 0x064D0890

MR_GetObject called with pClassId=52
  SUCCESS: Object created at 0x065723A0

MR_GetObject called with pClassId=60
  SUCCESS: Object created at 0x064D0810

MR_GetObject called with pClassId=52
  SUCCESS: Object created at 0x065722D8

MR_GetObject called with pClassId=51
  SUCCESS: Object created at 0x064D05F0

MR_GetObject called with pClassId=50
  SUCCESS: Object created at 0x064D0870

MR_GetObject called with pClassId=52
  SUCCESS: Object created at 0x06572120

MR_GetObject called with pClassId=52
  SUCCESS: Object created at 0x06572418

MR_GetObject called with pClassId=53
  SUCCESS: Object created at 0x06572288

MR_GetObject called with pClassId=52
  SUCCESS: Object created at 0x06571F90

MR_GetObject called with pClassId=51
  SUCCESS: Object created at 0x064D0610

MR_GetObject called with pClassId=50
  SUCCESS: Object created at 0x064D0850

MR_GetObject called with pClassId=52
  SUCCESS: Object created at 0x06571FB8

MR_GetObject called with pClassId=52
  SUCCESS: Object created at 0x06572350

MR_GetObject called with pClassId=53
  SUCCESS: Object created at 0x065722B0

MR_GetObject called with pClassId=52
  SUCCESS: Object created at 0x06571FE0

MR_GetObject called with pClassId=51
  SUCCESS: Object created at 0x064D0690

MR_GetObject called with pClassId=50
  SUCCESS: Object created at 0x064D0670

MR_GetObject called with pClassId=60
  SUCCESS: Object created at 0x064D07F0

MR_GetObject called with pClassId=52
  SUCCESS: Object created at 0x06572170

MR_GetObject called with pClassId=61
  SUCCESS: Object created at 0x064D08D0

MR_GetObject called with pClassId=56
  SUCCESS: Object created at 0x065723C8

MR_GetObject called with pClassId=54
  SUCCESS: Object created at 0x06572238

MR_GetObject called with pClassId=52
  SUCCESS: Object created at 0x06572148

MR_GetObject called with pClassId=51
  SUCCESS: Object created at 0x064D07B0

MR_GetObject called with pClassId=50
  SUCCESS: Object created at 0x064D06D0

MR_GetObject called with pClassId=52
  SUCCESS: Object created at 0x06572300

MR_GetObject called with pClassId=54
  SUCCESS: Object created at 0x06572328

MR_GetObject called with pClassId=52
  SUCCESS: Object created at 0x065723F0

MR_GetObject called with pClassId=60
  SUCCESS: Object created at 0x064D0570

MR_GetObject called with pClassId=52
  SUCCESS: Object created at 0x06572260

MR_GetObject called with pClassId=51
  SUCCESS: Object created at 0x064D0590

MR_GetObject called with pClassId=50
  SUCCESS: Object created at 0x064D0730

MR_GetObject called with pClassId=59
  SUCCESS: Object created at 0x064D0770

MR_GetObject called with pClassId=52
  SUCCESS: Object created at 0x06572030

MR_GetObject called with pClassId=55
  SUCCESS: Object created at 0x06572440

MR_GetObject called with pClassId=53
  SUCCESS: Object created at 0x06572058

MR_GetObject called with pClassId=52
  SUCCESS: Object created at 0x065720A8

MR_GetObject called with pClassId=51
  SUCCESS: Object created at 0x064D07D0

MR_GetObject called with pClassId=50
  SUCCESS: Object created at 0x065741E0

MR_GetObject called with pClassId=53
  SUCCESS: Object created at 0x06572198

MR_GetObject called with pClassId=52
  SUCCESS: Object created at 0x065721C0

MR_GetObject called with pClassId=52
  SUCCESS: Object created at 0x065726C0

MR_GetObject called with pClassId=52
  SUCCESS: Object created at 0x06572738

MR_GetObject called with pClassId=51
  SUCCESS: Object created at 0x06573EC0

MR_GetObject called with pClassId=50
  SUCCESS: Object created at 0x065741A0

MR_GetObject called with pClassId=53
  SUCCESS: Object created at 0x06572878

MR_GetObject called with pClassId=52
  SUCCESS: Object created at 0x06572558

MR_GetObject called with pClassId=59
  SUCCESS: Object created at 0x06574160

MR_GetObject called with pClassId=52
  SUCCESS: Object created at 0x06572940

MR_GetObject called with pClassId=55
  SUCCESS: Object created at 0x065724B8

MR_GetObject called with pClassId=51
  SUCCESS: Object created at 0x06573F40

MR_GetObject called with pClassId=50
  SUCCESS: Object created at 0x06574040

MR_GetObject called with pClassId=52
  SUCCESS: Object created at 0x06572760

MR_GetObject called with pClassId=54
  SUCCESS: Object created at 0x065727B0

MR_GetObject called with pClassId=52
  SUCCESS: Object created at 0x065728A0

MR_GetObject called with pClassId=60
  SUCCESS: Object created at 0x06574220

MR_GetObject called with pClassId=52
  SUCCESS: Object created at 0x06572620

MR_GetObject called with pClassId=51
  SUCCESS: Object created at 0x06574240

MR_GetObject called with pClassId=50
  SUCCESS: Object created at 0x06574060

MR_GetObject called with pClassId=60
  SUCCESS: Object created at 0x06574000

MR_GetObject called with pClassId=52
  SUCCESS: Object created at 0x06572530

MR_GetObject called with pClassId=52
  SUCCESS: Object created at 0x06572580

MR_GetObject called with pClassId=52
  SUCCESS: Object created at 0x065725F8

MR_GetObject called with pClassId=52
  SUCCESS: Object created at 0x06572648

MR_GetObject called with pClassId=67
  SUCCESS: Object created at 0x06574080

MR_GetObject called with pClassId=67
  SUCCESS: Object created at 0x06573EE0

MR_GetObject called with pClassId=67
  SUCCESS: Object created at 0x06573F60

MR_GetObject called with pClassId=67
  SUCCESS: Object created at 0x06573F80

MR_GetObject called with pClassId=67
  SUCCESS: Object created at 0x06574020

MR_GetObject called with pClassId=67
  SUCCESS: Object created at 0x06573FA0

MR_GetObject called with pClassId=51
  SUCCESS: Object created at 0x065740A0

MR_GetObject called with pClassId=51
  SUCCESS: Object created at 0x065740E0

MR_GetObject called with pClassId=70
  SUCCESS: Object created at 0x06573460

MR_GetObject called with pClassId=50
  SUCCESS: Object created at 0x065732A0

MR_GetObject called with pClassId=71
  SUCCESS: Object created at 0x065735A0

MR_GetObject called with pClassId=68
  SUCCESS: Object created at 0x06573300

MR_GetObject called with pClassId=51
  SUCCESS: Object created at 0x06573560

MR_GetObject called with pClassId=51
  SUCCESS: Object created at 0x06573320

MR_GetObject called with pClassId=50
  SUCCESS: Object created at 0x06573620

MR_GetObject called with pClassId=70
  SUCCESS: Object created at 0x06573520

MR_GetObject called with pClassId=50
  SUCCESS: Object created at 0x06573580

MR_GetObject called with pClassId=71
  SUCCESS: Object created at 0x06573340

MR_GetObject called with pClassId=65
  SUCCESS: Object created at 0x06573660

MR_GetObject called with pClassId=65
  SUCCESS: Object created at 0x06573640

MR_GetObject called with pClassId=65
  SUCCESS: Object created at 0x065734C0

MR_GetObject called with pClassId=65
  SUCCESS: Object created at 0x06573540

MR_GetObject called with pClassId=65
  SUCCESS: Object created at 0x06573360

MR_GetObject called with pClassId=65
  SUCCESS: Object created at 0x065735C0

MR_GetObject called with pClassId=65
  SUCCESS: Object created at 0x065733E0

MR_GetObject called with pClassId=65
  SUCCESS: Object created at 0x06573380

MR_GetObject called with pClassId=65
  SUCCESS: Object created at 0x065735E0

MR_GetObject called with pClassId=65
  SUCCESS: Object created at 0x065734E0

MR_GetObject called with pClassId=203
  SUCCESS: Object created at 0x064C10B0

MR_GetObject called with pClassId=204
  SUCCESS: Object created at 0x064C0AC8

MR_GetObject called with pClassId=152
  SUCCESS: Object created at 0x01307148

MR_GetObject called with pClassId=202
  SUCCESS: Object created at 0x064C0E70

MR_GetObject called with pClassId=200
  SUCCESS: Object created at 0x013071A0

MR_GetObject called with pClassId=100
  SUCCESS: Object created at 0x012D1D40

MR_GetObject called with pClassId=1000
  SUCCESS: Object created at 0x060220F8

MR_GetObject called with pClassId=1100
  SUCCESS: Object created at 0x06022128

MR_GetObject called with pClassId=1102
  SUCCESS: Object created at 0x060221E8

MR_GetObject called with pClassId=1103
  SUCCESS: Object created at 0x06022170

MR_GetObject called with pClassId=1101
  SUCCESS: Object created at 0x060222C0

MR_GetObject called with pClassId=51
  SUCCESS: Object created at 0x05FD8230

MR_GetObject called with pClassId=50
  SUCCESS: Object created at 0x05FD82B0

MR_GetObject called with pClassId=52
  SUCCESS: Object created at 0x06022E30

MR_GetObject called with pClassId=69
  SUCCESS: Object created at 0x05FD8370

MR_GetObject called with pClassId=53
  SUCCESS: Object created at 0x06022D90

MR_GetObject called with pClassId=52
  SUCCESS: Object created at 0x06022DB8

MR_GetObject called with pClassId=51
  SUCCESS: Object created at 0x05FD81F0

MR_GetObject called with pClassId=50
  SUCCESS: Object created at 0x05FD8310

MR_GetObject called with pClassId=52
  SUCCESS: Object created at 0x06022BB0

MR_GetObject called with pClassId=52
  SUCCESS: Object created at 0x060228E0

MR_GetObject called with pClassId=53
  SUCCESS: Object created at 0x06022CC8

MR_GetObject called with pClassId=61
  SUCCESS: Object created at 0x05FD8330

MR_GetObject called with pClassId=51
  SUCCESS: Object created at 0x05FD7650

MR_GetObject called with pClassId=50
  SUCCESS: Object created at 0x05FD7730

MR_GetObject called with pClassId=52
  SUCCESS: Object created at 0x06022930

MR_GetObject called with pClassId=54
  SUCCESS: Object created at 0x06022CF0

MR_GetObject called with pClassId=52
  SUCCESS: Object created at 0x06022908

MR_GetObject called with pClassId=60
  SUCCESS: Object created at 0x05FD76F0

MR_GetObject called with pClassId=52
  SUCCESS: Object created at 0x06022958

MR_GetObject called with pClassId=51
  SUCCESS: Object created at 0x05FD7810

MR_GetObject called with pClassId=50
  SUCCESS: Object created at 0x05FD7610

MR_GetObject called with pClassId=52
  SUCCESS: Object created at 0x06022890

MR_GetObject called with pClassId=54
  SUCCESS: Object created at 0x06022A20

MR_GetObject called with pClassId=52
  SUCCESS: Object created at 0x060229D0

MR_GetObject called with pClassId=60
  SUCCESS: Object created at 0x05FD7750

MR_GetObject called with pClassId=52
  SUCCESS: Object created at 0x06022980

MR_GetObject called with pClassId=51
  SUCCESS: Object created at 0x05FD75D0

MR_GetObject called with pClassId=50
  SUCCESS: Object created at 0x05FD7710

MR_GetObject called with pClassId=52
  SUCCESS: Object created at 0x06022D18

MR_GetObject called with pClassId=59
  SUCCESS: Object created at 0x05FD7770

MR_GetObject called with pClassId=52
  SUCCESS: Object created at 0x060229A8

MR_GetObject called with pClassId=55
  SUCCESS: Object created at 0x06022840

MR_GetObject called with pClassId=53
  SUCCESS: Object created at 0x06022B38

MR_GetObject called with pClassId=51
  SUCCESS: Object created at 0x05FD7670

MR_GetObject called with pClassId=50
  SUCCESS: Object created at 0x05FD7470

MR_GetObject called with pClassId=52
  SUCCESS: Object created at 0x06022BD8

MR_GetObject called with pClassId=52
  SUCCESS: Object created at 0x06022B10

MR_GetObject called with pClassId=53
  SUCCESS: Object created at 0x06022C28

MR_GetObject called with pClassId=52
  SUCCESS: Object created at 0x06022A48

MR_GetObject called with pClassId=51
  SUCCESS: Object created at 0x05FD75F0

MR_GetObject called with pClassId=50
  SUCCESS: Object created at 0x05FD77F0

MR_GetObject called with pClassId=59
  SUCCESS: Object created at 0x05FD7830

MR_GetObject called with pClassId=52
  SUCCESS: Object created at 0x06022AC0

MR_GetObject called with pClassId=55
  SUCCESS: Object created at 0x06022AE8

MR_GetObject called with pClassId=53
  SUCCESS: Object created at 0x06022B60

MR_GetObject called with pClassId=52
  SUCCESS: Object created at 0x06022B88

MR_GetObject called with pClassId=51
  SUCCESS: Object created at 0x05FD77B0

MR_GetObject called with pClassId=50
  SUCCESS: Object created at 0x05FD77D0

MR_GetObject called with pClassId=60
  SUCCESS: Object created at 0x05FD7850

MR_GetObject called with pClassId=52
  SUCCESS: Object created at 0x06022C78

MR_GetObject called with pClassId=52
  SUCCESS: Object created at 0x06022868

MR_GetObject called with pClassId=54
  SUCCESS: Object created at 0x06022CA0

MR_GetObject called with pClassId=52
  SUCCESS: Object created at 0x060228B8

MR_GetObject called with pClassId=51
  SUCCESS: Object created at 0x060BD990

MR_GetObject called with pClassId=50
  SUCCESS: Object created at 0x060BD890

MR_GetObject called with pClassId=52
  SUCCESS: Object created at 0x060BED18

MR_GetObject called with pClassId=54
  SUCCESS: Object created at 0x060BEE58

MR_GetObject called with pClassId=68
  SUCCESS: Object created at 0x060BD830

MR_GetObject called with pClassId=52
  SUCCESS: Object created at 0x060BEC28

MR_GetObject called with pClassId=60
  SUCCESS: Object created at 0x060BD730

MR_GetObject called with pClassId=52
  SUCCESS: Object created at 0x060BEB38

MR_GetObject called with pClassId=51
  SUCCESS: Object created at 0x060BD770

MR_GetObject called with pClassId=50
  SUCCESS: Object created at 0x060BD870

MR_GetObject called with pClassId=52
  SUCCESS: Object created at 0x060BECA0

MR_GetObject called with pClassId=52
  SUCCESS: Object created at 0x060BED68

MR_GetObject called with pClassId=53
  SUCCESS: Object created at 0x060BEB88

MR_GetObject called with pClassId=52
  SUCCESS: Object created at 0x060BEBD8

MR_GetObject called with pClassId=51
  SUCCESS: Object created at 0x060BD9F0

MR_GetObject called with pClassId=50
  SUCCESS: Object created at 0x060BD910

MR_GetObject called with pClassId=52
  SUCCESS: Object created at 0x060BED90

MR_GetObject called with pClassId=52
  SUCCESS: Object created at 0x060BEC50

MR_GetObject called with pClassId=53
  SUCCESS: Object created at 0x060BEE80

MR_GetObject called with pClassId=52
  SUCCESS: Object created at 0x060BEDB8

MR_GetObject called with pClassId=51
  SUCCESS: Object created at 0x060BD6F0

MR_GetObject called with pClassId=50
  SUCCESS: Object created at 0x060BD8B0

MR_GetObject called with pClassId=60
  SUCCESS: Object created at 0x060BD8F0

MR_GetObject called with pClassId=52
  SUCCESS: Object created at 0x060BEC00

MR_GetObject called with pClassId=61
  SUCCESS: Object created at 0x060BD950

MR_GetObject called with pClassId=56
  SUCCESS: Object created at 0x060BEFE8

MR_GetObject called with pClassId=54
  SUCCESS: Object created at 0x060BEEA8

MR_GetObject called with pClassId=52
  SUCCESS: Object created at 0x060BECF0

MR_GetObject called with pClassId=51
  SUCCESS: Object created at 0x060BD7B0

MR_GetObject called with pClassId=50
  SUCCESS: Object created at 0x060BD7F0

MR_GetObject called with pClassId=52
  SUCCESS: Object created at 0x060BEF20

MR_GetObject called with pClassId=54
  SUCCESS: Object created at 0x060BEB60

MR_GetObject called with pClassId=52
  SUCCESS: Object created at 0x060BEC78

MR_GetObject called with pClassId=60
  SUCCESS: Object created at 0x060BD630

MR_GetObject called with pClassId=52
  SUCCESS: Object created at 0x060BEDE0

MR_GetObject called with pClassId=51
  SUCCESS: Object created at 0x060BD9D0

MR_GetObject called with pClassId=50
  SUCCESS: Object created at 0x060BDA10

MR_GetObject called with pClassId=59
  SUCCESS: Object created at 0x060BD690

MR_GetObject called with pClassId=52
  SUCCESS: Object created at 0x060BEFC0

MR_GetObject called with pClassId=55
  SUCCESS: Object created at 0x060BEE30

MR_GetObject called with pClassId=53
  SUCCESS: Object created at 0x060BEED0

MR_GetObject called with pClassId=52
  SUCCESS: Object created at 0x060BEF48

MR_GetObject called with pClassId=51
  SUCCESS: Object created at 0x060BD6D0

MR_GetObject called with pClassId=50
  SUCCESS: Object created at 0x060BD710

MR_GetObject called with pClassId=53
  SUCCESS: Object created at 0x060BF010

MR_GetObject called with pClassId=52
  SUCCESS: Object created at 0x060BEBB0

MR_GetObject called with pClassId=52
  SUCCESS: Object created at 0x060BF240

MR_GetObject called with pClassId=52
  SUCCESS: Object created at 0x060BF3A8

MR_GetObject called with pClassId=51
  SUCCESS: Object created at 0x060BDA50

MR_GetObject called with pClassId=50
  SUCCESS: Object created at 0x060BDB50

MR_GetObject called with pClassId=53
  SUCCESS: Object created at 0x060BF358

MR_GetObject called with pClassId=52
  SUCCESS: Object created at 0x060BF2B8

MR_GetObject called with pClassId=59
  SUCCESS: Object created at 0x060BDA90

MR_GetObject called with pClassId=52
  SUCCESS: Object created at 0x060BF4E8

MR_GetObject called with pClassId=55
  SUCCESS: Object created at 0x060BF510

MR_GetObject called with pClassId=51
  SUCCESS: Object created at 0x060BDA30

MR_GetObject called with pClassId=50
  SUCCESS: Object created at 0x060BDCB0

MR_GetObject called with pClassId=52
  SUCCESS: Object created at 0x060BF308

MR_GetObject called with pClassId=54
  SUCCESS: Object created at 0x060BF3F8

MR_GetObject called with pClassId=52
  SUCCESS: Object created at 0x060BF150

MR_GetObject called with pClassId=60
  SUCCESS: Object created at 0x060BDBB0

MR_GetObject called with pClassId=52
  SUCCESS: Object created at 0x060BF1A0

MR_GetObject called with pClassId=51
  SUCCESS: Object created at 0x060BDB70

MR_GetObject called with pClassId=50
  SUCCESS: Object created at 0x060BDB90

MR_GetObject called with pClassId=60
  SUCCESS: Object created at 0x060BDAF0

MR_GetObject called with pClassId=52
  SUCCESS: Object created at 0x060BF380

MR_GetObject called with pClassId=52
  SUCCESS: Object created at 0x060BF330

MR_GetObject called with pClassId=52
  SUCCESS: Object created at 0x060BF420

MR_GetObject called with pClassId=52
  SUCCESS: Object created at 0x060BF1F0

MR_GetObject called with pClassId=67
  SUCCESS: Object created at 0x060BDA70

MR_GetObject called with pClassId=67
  SUCCESS: Object created at 0x060BDBD0

MR_GetObject called with pClassId=67
  SUCCESS: Object created at 0x060BDC50

MR_GetObject called with pClassId=67
  SUCCESS: Object created at 0x060BDC70

MR_GetObject called with pClassId=67
  SUCCESS: Object created at 0x060BDD70

MR_GetObject called with pClassId=67
  SUCCESS: Object created at 0x060BDD90

MR_GetObject called with pClassId=51
  SUCCESS: Object created at 0x060BDC90

MR_GetObject called with pClassId=51
  SUCCESS: Object created at 0x060BDCD0

MR_GetObject called with pClassId=70
  SUCCESS: Object created at 0x060BDD30

MR_GetObject called with pClassId=50
  SUCCESS: Object created at 0x060BDD50

MR_GetObject called with pClassId=71
  SUCCESS: Object created at 0x060BDE10

MR_GetObject called with pClassId=68
  SUCCESS: Object created at 0x060BDEF0

MR_GetObject called with pClassId=51
  SUCCESS: Object created at 0x060BDFF0

MR_GetObject called with pClassId=51
  SUCCESS: Object created at 0x060BDF30

MR_GetObject called with pClassId=50
  SUCCESS: Object created at 0x060BDE30

MR_GetObject called with pClassId=70
  SUCCESS: Object created at 0x060BDF10

MR_GetObject called with pClassId=50
  SUCCESS: Object created at 0x060BDF50

MR_GetObject called with pClassId=71
  SUCCESS: Object created at 0x060BDFD0

MR_GetObject called with pClassId=65
  SUCCESS: Object created at 0x060BE030

MR_GetObject called with pClassId=65
  SUCCESS: Object created at 0x060BE050

MR_GetObject called with pClassId=65
  SUCCESS: Object created at 0x060BE130

MR_GetObject called with pClassId=65
  SUCCESS: Object created at 0x060BDF70

MR_GetObject called with pClassId=65
  SUCCESS: Object created at 0x060BE010

MR_GetObject called with pClassId=65
  SUCCESS: Object created at 0x060BE170

MR_GetObject called with pClassId=65
  SUCCESS: Object created at 0x060BDF90

MR_GetObject called with pClassId=65
  SUCCESS: Object created at 0x060BDFB0

MR_GetObject called with pClassId=65
  SUCCESS: Object created at 0x060BE1B0

MR_GetObject called with pClassId=65
  SUCCESS: Object created at 0x060BE070

MR_GetObject called with pClassId=203
  SUCCESS: Object created at 0x060BC8F0

MR_GetObject called with pClassId=204
  SUCCESS: Object created at 0x060BCBC0

MR_GetObject called with pClassId=152
  SUCCESS: Object created at 0x010B96C8

MR_GetObject called with pClassId=202
  SUCCESS: Object created at 0x060BC7D0

MR_GetObject called with pClassId=200
  SUCCESS: Object created at 0x010B9720

MR_GetObject called with pClassId=100
  SUCCESS: Object created at 0x05FDEF00
