InsertElement START: pElement=00E66490, pRoom=0, mAllowRendering=1
  Created new FreeElement: 05F715D8
  About to call AddRenderer()
  AddRenderer() succeeded
  Set mElement pointer
  About to call MoveElement()
  MoveElement() succeeded
InsertElement END: returning 05F715D8
InsertElement START: pElement=0099A850, pRoom=0, mAllowRendering=1
  Created new FreeElement: 059F62D0
  About to call AddRenderer()
  AddRenderer() succeeded
  Set mElement pointer
  About to call MoveElement()
  MoveElement() succeeded
InsertElement END: returning 059F62D0
InsertElement START: pElement=012C4650, pRoom=0, mAllowRendering=1
  Created new FreeElement: 064C97F0
  About to call AddRenderer()
  AddRenderer() succeeded
  Set mElement pointer
  About to call MoveElement()
  MoveElement() succeeded
InsertElement END: returning 064C97F0
InsertElement START: pElement=01061B28, pRoom=0, mAllowRendering=1
  Created new FreeElement: 060225F0
  About to call AddRenderer()
  AddRenderer() succeeded
  Set mElement pointer
  About to call MoveElement()
  MoveElement() succeeded
InsertElement END: returning 060225F0
