c:\originalhr\hoverrace\nettarget\mazecompiler\debug\mazecompiler.pch
c:\originalhr\hoverrace\nettarget\mazecompiler\debug\vc143.pdb
c:\originalhr\hoverrace\nettarget\mazecompiler\debug\vc143.idb
c:\originalhr\hoverrace\nettarget\mazecompiler\debug\stdafx.obj
c:\originalhr\hoverrace\nettarget\mazecompiler\debug\trackmap.obj
c:\originalhr\hoverrace\nettarget\mazecompiler\debug\trackcommonstuff.obj
c:\originalhr\hoverrace\nettarget\mazecompiler\debug\parser.obj
c:\originalhr\hoverrace\nettarget\mazecompiler\debug\main.obj
c:\originalhr\hoverrace\nettarget\mazecompiler\debug\levelbuildervisibleszones.obj
c:\originalhr\hoverrace\nettarget\mazecompiler\debug\levelbuilder.obj
c:\originalhr\hoverrace\release\mazecompiler.exe
c:\originalhr\hoverrace\release\mazecompiler.pdb
c:\originalhr\hoverrace\nettarget\mazecompiler\debug\mazecompiler.res
c:\originalhr\hoverrace\nettarget\mazecompiler\debug\mazecompiler.ilk
c:\originalhr\hoverrace\nettarget\mazecompiler\debug\mazecompiler.tlog\cl.command.1.tlog
c:\originalhr\hoverrace\nettarget\mazecompiler\debug\mazecompiler.tlog\cl.items.tlog
c:\originalhr\hoverrace\nettarget\mazecompiler\debug\mazecompiler.tlog\cl.read.1.tlog
c:\originalhr\hoverrace\nettarget\mazecompiler\debug\mazecompiler.tlog\cl.write.1.tlog
c:\originalhr\hoverrace\nettarget\mazecompiler\debug\mazecompiler.tlog\link.command.1.tlog
c:\originalhr\hoverrace\nettarget\mazecompiler\debug\mazecompiler.tlog\link.read.1.tlog
c:\originalhr\hoverrace\nettarget\mazecompiler\debug\mazecompiler.tlog\link.secondary.1.tlog
c:\originalhr\hoverrace\nettarget\mazecompiler\debug\mazecompiler.tlog\link.write.1.tlog
c:\originalhr\hoverrace\nettarget\mazecompiler\debug\mazecompiler.tlog\rc.command.1.tlog
c:\originalhr\hoverrace\nettarget\mazecompiler\debug\mazecompiler.tlog\rc.read.1.tlog
c:\originalhr\hoverrace\nettarget\mazecompiler\debug\mazecompiler.tlog\rc.write.1.tlog
