c:\originalhr2\hoverraceai\nettarget\mazecompiler\release\mazecompiler.pch
c:\originalhr2\hoverraceai\nettarget\mazecompiler\release\vc143.pdb
c:\originalhr2\hoverraceai\nettarget\mazecompiler\release\stdafx.obj
c:\originalhr2\hoverraceai\nettarget\mazecompiler\release\trackmap.obj
c:\originalhr2\hoverraceai\nettarget\mazecompiler\release\trackcommonstuff.obj
c:\originalhr2\hoverraceai\nettarget\mazecompiler\release\parser.obj
c:\originalhr2\hoverraceai\nettarget\mazecompiler\release\main.obj
c:\originalhr2\hoverraceai\nettarget\mazecompiler\release\levelbuildervisibleszones.obj
c:\originalhr2\hoverraceai\nettarget\mazecompiler\release\levelbuilder.obj
c:\originalhr\hoverrace\release\mazecompiler.exe
c:\originalhr\hoverrace\release\mazecompiler.pdb
c:\originalhr2\hoverraceai\release\mazecompiler.exe
c:\originalhr2\hoverraceai\release\mazecompiler.pdb
c:\originalhr\hoverrace\nettarget\mazecompiler\release\mazecompiler.res
c:\originalhr2\hoverraceai\nettarget\mazecompiler\release\mazecompiler.res
c:\originalhr2\hoverraceai\nettarget\mazecompiler\release\mazecompiler.ipdb
c:\originalhr2\hoverraceai\nettarget\mazecompiler\release\mazecompiler.iobj
c:\originalhr2\hoverraceai\nettarget\mazecompiler\release\mazecompiler.pdb
c:\originalhr2\hoverraceai\nettarget\mazecompiler\release\mazecompiler.tlog\cl.command.1.tlog
c:\originalhr2\hoverraceai\nettarget\mazecompiler\release\mazecompiler.tlog\cl.items.tlog
c:\originalhr2\hoverraceai\nettarget\mazecompiler\release\mazecompiler.tlog\cl.read.1.tlog
c:\originalhr2\hoverraceai\nettarget\mazecompiler\release\mazecompiler.tlog\cl.write.1.tlog
c:\originalhr2\hoverraceai\nettarget\mazecompiler\release\mazecompiler.tlog\link.command.1.tlog
c:\originalhr2\hoverraceai\nettarget\mazecompiler\release\mazecompiler.tlog\link.read.1.tlog
c:\originalhr2\hoverraceai\nettarget\mazecompiler\release\mazecompiler.tlog\link.secondary.1.tlog
c:\originalhr2\hoverraceai\nettarget\mazecompiler\release\mazecompiler.tlog\link.write.1.tlog
c:\originalhr2\hoverraceai\nettarget\mazecompiler\release\mazecompiler.tlog\rc.command.1.tlog
c:\originalhr2\hoverraceai\nettarget\mazecompiler\release\mazecompiler.tlog\rc.read.1.tlog
c:\originalhr2\hoverraceai\nettarget\mazecompiler\release\mazecompiler.tlog\rc.write.1.tlog
