c:\originalhr2\hoverraceai\hovercad\release\hovercad.pch
c:\originalhr2\hoverraceai\hovercad\release\vc143.pdb
c:\originalhr2\hoverraceai\hovercad\release\stdafx.obj
c:\originalhr2\hoverraceai\hovercad\release\zoombar.obj
c:\originalhr2\hoverraceai\hovercad\release\selectattrib.obj
c:\originalhr2\hoverraceai\hovercad\release\scaleselect.obj
c:\originalhr2\hoverraceai\hovercad\release\mainfrm.obj
c:\originalhr2\hoverraceai\hovercad\release\hovertypes.obj
c:\originalhr2\hoverraceai\hovercad\release\hovercadview.obj
c:\originalhr2\hoverraceai\hovercad\release\hovercaddoc.obj
c:\originalhr2\hoverraceai\hovercad\release\hovercad.obj
c:\originalhr2\hoverraceai\hovercad\release\gdiresources.obj
c:\originalhr2\hoverraceai\hovercad\release\childfrm.obj
c:\originalhr\hoverrace\release\hovercad.exe
c:\originalhr\hoverrace\release\hovercad.pdb
c:\originalhr2\hoverraceai\release\hovercad.exe
c:\originalhr2\hoverraceai\release\hovercad.pdb
c:\originalhr\hoverrace\hovercad\release\hovercad.res
c:\originalhr2\hoverraceai\hovercad\release\hovercad.res
c:\originalhr2\hoverraceai\hovercad\release\hovercad.ipdb
c:\originalhr2\hoverraceai\hovercad\release\hovercad.iobj
c:\originalhr2\hoverraceai\hovercad\release\hovercad.pdb
c:\originalhr2\hoverraceai\hovercad\release\hovercad.tlog\cl.command.1.tlog
c:\originalhr2\hoverraceai\hovercad\release\hovercad.tlog\cl.items.tlog
c:\originalhr2\hoverraceai\hovercad\release\hovercad.tlog\cl.read.1.tlog
c:\originalhr2\hoverraceai\hovercad\release\hovercad.tlog\cl.write.1.tlog
c:\originalhr2\hoverraceai\hovercad\release\hovercad.tlog\link.command.1.tlog
c:\originalhr2\hoverraceai\hovercad\release\hovercad.tlog\link.read.1.tlog
c:\originalhr2\hoverraceai\hovercad\release\hovercad.tlog\link.secondary.1.tlog
c:\originalhr2\hoverraceai\hovercad\release\hovercad.tlog\link.write.1.tlog
c:\originalhr2\hoverraceai\hovercad\release\hovercad.tlog\rc.command.1.tlog
c:\originalhr2\hoverraceai\hovercad\release\hovercad.tlog\rc.read.1.tlog
c:\originalhr2\hoverraceai\hovercad\release\hovercad.tlog\rc.write.1.tlog
