c:\originalhr\hoverrace\hovercad\debug\hovercad.pch
c:\originalhr\hoverrace\hovercad\debug\vc143.pdb
c:\originalhr\hoverrace\hovercad\debug\vc143.idb
c:\originalhr\hoverrace\hovercad\debug\stdafx.obj
c:\originalhr\hoverrace\hovercad\debug\zoombar.obj
c:\originalhr\hoverrace\hovercad\debug\selectattrib.obj
c:\originalhr\hoverrace\hovercad\debug\scaleselect.obj
c:\originalhr\hoverrace\hovercad\debug\mainfrm.obj
c:\originalhr\hoverrace\hovercad\debug\hovertypes.obj
c:\originalhr\hoverrace\hovercad\debug\hovercadview.obj
c:\originalhr\hoverrace\hovercad\debug\hovercaddoc.obj
c:\originalhr\hoverrace\hovercad\debug\hovercad.obj
c:\originalhr\hoverrace\hovercad\debug\gdiresources.obj
c:\originalhr\hoverrace\hovercad\debug\childfrm.obj
c:\originalhr\hoverrace\release\hovercad.exe
c:\originalhr\hoverrace\release\hovercad.pdb
c:\originalhr\hoverrace\hovercad\debug\hovercad.res
c:\originalhr\hoverrace\hovercad\debug\hovercad.ilk
c:\originalhr\hoverrace\hovercad\debug\hovercad.tlog\cl.command.1.tlog
c:\originalhr\hoverrace\hovercad\debug\hovercad.tlog\cl.items.tlog
c:\originalhr\hoverrace\hovercad\debug\hovercad.tlog\cl.read.1.tlog
c:\originalhr\hoverrace\hovercad\debug\hovercad.tlog\cl.write.1.tlog
c:\originalhr\hoverrace\hovercad\debug\hovercad.tlog\link.command.1.tlog
c:\originalhr\hoverrace\hovercad\debug\hovercad.tlog\link.read.1.tlog
c:\originalhr\hoverrace\hovercad\debug\hovercad.tlog\link.secondary.1.tlog
c:\originalhr\hoverrace\hovercad\debug\hovercad.tlog\link.write.1.tlog
c:\originalhr\hoverrace\hovercad\debug\hovercad.tlog\rc.command.1.tlog
c:\originalhr\hoverrace\hovercad\debug\hovercad.tlog\rc.read.1.tlog
c:\originalhr\hoverrace\hovercad\debug\hovercad.tlog\rc.write.1.tlog
