MSBuild version 17.9.5+33de0b227 for .NET Framework

  1>Checking Build System
  Building Custom Rule C:/originalhr2/HoverRaceAI/NetTarget/RaceServer/CMakeLists.txt
  stdafx.cpp
  RaceServer.cpp
  ServerSocket.cpp
  ClientConnection.cpp
  MessageDispatcher.cpp
  GameSimulation.cpp
  RaceManager.cpp
C:\originalhr2\HoverRaceAI\NetTarget\RaceServer\GameSimulation\GameSimulation.cpp(55,34): error C2440: '<function-style-cast>': cannot convert from 'initializer list' to 'MR_Vector3' [C:\originalhr2\HoverRaceAI\NetTarget\RaceServer\build\RaceServer.vcxproj]
  C:\originalhr2\HoverRaceAI\NetTarget\RaceServer\GameSimulation\GameSimulation.cpp(55,34):
  'MR_Vector3::MR_Vector3': function does not take 3 arguments
  	C:\originalhr2\HoverRaceAI\NetTarget\RaceServer\GameSimulation\GameSimulation.cpp(55,34):
  	while trying to match the argument list '(int, int, int)'
  
C:\originalhr2\HoverRaceAI\NetTarget\RaceServer\GameSimulation\GameSimulation.cpp(56,34): error C2440: '<function-style-cast>': cannot convert from 'initializer list' to 'MR_Vector3' [C:\originalhr2\HoverRaceAI\NetTarget\RaceServer\build\RaceServer.vcxproj]
  C:\originalhr2\HoverRaceAI\NetTarget\RaceServer\GameSimulation\GameSimulation.cpp(56,34):
  'MR_Vector3::MR_Vector3': function does not take 3 arguments
  	C:\originalhr2\HoverRaceAI\NetTarget\RaceServer\GameSimulation\GameSimulation.cpp(56,34):
  	while trying to match the argument list '(int, int, int)'
  
  RaceSession.cpp
  ServerConfig.cpp
C:\originalhr2\HoverRaceAI\NetTarget\RaceServer\Config\ServerConfig.cpp(16,17): error C2065: 'MR_LOG_INFO': undeclared identifier [C:\originalhr2\HoverRaceAI\NetTarget\RaceServer\build\RaceServer.vcxproj]
  ServerLogger.cpp
  Generating Code...
