c:\originalhr\hoverrace\nettarget\model\debug\stdafx.obj
c:\originalhr\hoverrace\nettarget\model\debug\shapes.obj
c:\originalhr\hoverrace\nettarget\model\debug\shapecollisions.obj
c:\originalhr\hoverrace\nettarget\model\debug\physicalcollision.obj
c:\originalhr\hoverrace\nettarget\model\debug\mazeelement.obj
c:\originalhr\hoverrace\nettarget\model\debug\level.obj
c:\originalhr\hoverrace\nettarget\model\debug\gamesession.obj
c:\originalhr\hoverrace\nettarget\model\debug\freeelementmovinghelper.obj
c:\originalhr\hoverrace\nettarget\model\debug\contacteffect.obj
c:\originalhr\hoverrace\nettarget\model\debug\concreteshape.obj
c:\originalhr\hoverrace\nettarget\model\debug\vc143.pdb
c:\originalhr\hoverrace\debug\model.dll
c:\originalhr\hoverrace\debug\model.pdb
c:\originalhr\hoverrace\debug\model.lib
c:\originalhr\hoverrace\debug\model.exp
c:\originalhr\hoverrace\debug\model.ilk
c:\originalhr\hoverrace\nettarget\model\debug\model.vcxproj.filelistabsolute.txt
c:\originalhr\hoverrace\nettarget\model\debug\model.tlog\cl.command.1.tlog
c:\originalhr\hoverrace\nettarget\model\debug\model.tlog\cl.items.tlog
c:\originalhr\hoverrace\nettarget\model\debug\model.tlog\cl.read.1.tlog
c:\originalhr\hoverrace\nettarget\model\debug\model.tlog\cl.write.1.tlog
c:\originalhr\hoverrace\nettarget\model\debug\model.tlog\link.command.1.tlog
c:\originalhr\hoverrace\nettarget\model\debug\model.tlog\link.read.1.tlog
c:\originalhr\hoverrace\nettarget\model\debug\model.tlog\link.secondary.1.tlog
c:\originalhr\hoverrace\nettarget\model\debug\model.tlog\link.write.1.tlog
