CreatePalette: Setting palette via adapter, adapter=00B12C38
  Palette[0] = RGB(0,0,0)
  Palette[1] = RGB(1,2,0)
CreatePalette: Setting palette via adapter, adapter=00B12FF0
  Palette[0] = RGB(106,9,0)
  Palette[1] = RGB(0,0,0)
CreatePalette: Setting palette via adapter, adapter=00B12FF0
  Palette[0] = RGB(157,144,111)
  Palette[1] = RGB(200,11,0)
CreatePalette: Setting palette via adapter, adapter=00BB3B68
  Palette[0] = RGB(0,0,0)
  Palette[1] = RGB(0,0,0)
CreatePalette: Setting palette via adapter, adapter=00632668
  Palette[0] = RGB(161,21,0)
  Palette[1] = RGB(0,0,0)
CreatePalette: Setting palette via adapter, adapter=00632550
  Palette[0] = RGB(0,0,0)
  Palette[1] = RGB(8,0,0)
CreatePalette: Setting palette via adapter, adapter=00632550
  Palette[0] = RGB(200,11,0)
  Palette[1] = RGB(168,84,137)
