[FreeElement ctor] Object 00AB77D0, mPosition=(0,0,0), mOrientation=0, sizeof(mPosition)=12
[FreeElement ctor] Object 00AB75D8, mPosition=(0,0,0), mOrientation=0, sizeof(mPosition)=12
[FreeElement ctor] Object 00A2E880, mPosition=(0,0,0), mOrientation=0, sizeof(mPosition)=12
[FreeElement ctor] Object 00A21540, mPosition=(0,0,0), mOrientation=0, sizeof(mPosition)=12
[FreeElement ctor] Object 00A2E408, mPosition=(0,0,0), mOrientation=0, sizeof(mPosition)=12
[FreeElement ctor] Object 00A1B250, mPosition=(0,0,0), mOrientation=0, sizeof(mPosition)=12
[FreeElement ctor] Object 00F61BD8, mPosition=(0,0,0), mOrientation=0, sizeof(mPosition)=12
[FreeElement ctor] Object 00F617A0, mPosition=(0,0,0), mOrientation=0, sizeof(mPosition)=12
[FreeElement ctor] Object 00ED4E08, mPosition=(0,0,0), mOrientation=0, sizeof(mPosition)=12
[FreeElement ctor] Object 00ED0100, mPosition=(0,0,0), mOrientation=0, sizeof(mPosition)=12
[FreeElement ctor] Object 00ED4E60, mPosition=(0,0,0), mOrientation=0, sizeof(mPosition)=12
[FreeElement ctor] Object 00ECA548, mPosition=(0,0,0), mOrientation=0, sizeof(mPosition)=12
[FreeElement ctor] Object 00CD3650, mPosition=(0,0,0), mOrientation=0, sizeof(mPosition)=12
[FreeElement ctor] Object 00CD39B0, mPosition=(0,0,0), mOrientation=0, sizeof(mPosition)=12
[FreeElement ctor] Object 00C43DC8, mPosition=(0,0,0), mOrientation=0, sizeof(mPosition)=12
[FreeElement ctor] Object 00BF7A40, mPosition=(0,0,0), mOrientation=0, sizeof(mPosition)=12
[FreeElement ctor] Object 00C43B60, mPosition=(0,0,0), mOrientation=0, sizeof(mPosition)=12
[FreeElement ctor] Object 00C3A4B8, mPosition=(0,0,0), mOrientation=0, sizeof(mPosition)=12
[FreeElement ctor] Object 06106EC8, mPosition=(0,0,0), mOrientation=0, sizeof(mPosition)=12
[FreeElement ctor] Object 06106FE8, mPosition=(0,0,0), mOrientation=0, sizeof(mPosition)=12
[FreeElement ctor] Object 00FDFD30, mPosition=(0,0,0), mOrientation=0, sizeof(mPosition)=12
[FreeElement ctor] Object 00F94C28, mPosition=(0,0,0), mOrientation=0, sizeof(mPosition)=12
[FreeElement ctor] Object 00FDFC28, mPosition=(0,0,0), mOrientation=0, sizeof(mPosition)=12
[FreeElement ctor] Object 061E54A8, mPosition=(0,0,0), mOrientation=0, sizeof(mPosition)=12
[FreeElement ctor] Object 050B4830, mPosition=(0,0,0), mOrientation=0, sizeof(mPosition)=12
[FreeElement ctor] Object 050B4E18, mPosition=(0,0,0), mOrientation=0, sizeof(mPosition)=12
[FreeElement ctor] Object 00B69E68, mPosition=(0,0,0), mOrientation=0, sizeof(mPosition)=12
[FreeElement ctor] Object 050B49E0, mPosition=(0,0,0), mOrientation=0, sizeof(mPosition)=12
[FreeElement ctor] Object 00B69C58, mPosition=(0,0,0), mOrientation=0, sizeof(mPosition)=12
[FreeElement ctor] Object 050B1F90, mPosition=(0,0,0), mOrientation=0, sizeof(mPosition)=12
[FreeElement ctor] Object 06727D10, mPosition=(0,0,0), mOrientation=0, sizeof(mPosition)=12
[FreeElement ctor] Object 06727CC8, mPosition=(0,0,0), mOrientation=0, sizeof(mPosition)=12
[FreeElement ctor] Object 014FABC8, mPosition=(0,0,0), mOrientation=0, sizeof(mPosition)=12
[FreeElement ctor] Object 067278D8, mPosition=(0,0,0), mOrientation=0, sizeof(mPosition)=12
[FreeElement ctor] Object 014FA8B0, mPosition=(0,0,0), mOrientation=0, sizeof(mPosition)=12
[FreeElement ctor] Object 014EF360, mPosition=(0,0,0), mOrientation=0, sizeof(mPosition)=12
[FreeElement ctor] Object 05BA71C8, mPosition=(0,0,0), mOrientation=0, sizeof(mPosition)=12
[FreeElement ctor] Object 05BA7258, mPosition=(0,0,0), mOrientation=0, sizeof(mPosition)=12
[FreeElement ctor] Object 015EB6A8, mPosition=(0,0,0), mOrientation=0, sizeof(mPosition)=12
[FreeElement ctor] Object 05BA72E8, mPosition=(0,0,0), mOrientation=0, sizeof(mPosition)=12
[FreeElement ctor] Object 015EB758, mPosition=(0,0,0), mOrientation=0, sizeof(mPosition)=12
[FreeElement ctor] Object 015DA200, mPosition=(0,0,0), mOrientation=0, sizeof(mPosition)=12
[FreeElement ctor] Object 014B3EC0, mPosition=(0,0,0), mOrientation=0, sizeof(mPosition)=12
[FreeElement ctor] Object 014B4100, mPosition=(0,0,0), mOrientation=0, sizeof(mPosition)=12
[FreeElement ctor] Object 01423F10, mPosition=(0,0,0), mOrientation=0, sizeof(mPosition)=12
[FreeElement ctor] Object 014B4028, mPosition=(0,0,0), mOrientation=0, sizeof(mPosition)=12
[FreeElement ctor] Object 01424178, mPosition=(0,0,0), mOrientation=0, sizeof(mPosition)=12
[FreeElement ctor] Object 0141A010, mPosition=(0,0,0), mOrientation=0, sizeof(mPosition)=12
