
===== ResourceLib Loading Started =====
Resource file: C:\originalhr2\HoverRaceAI\Release\ObjFac1.dat
Starting LoadBitmaps...
  Loading 76 bitmaps...
    Bitmaps: 10/76
    Bitmaps: 20/76
    Bitmaps: 30/76
    Bitmaps: 40/76
    Bitmaps: 50/76
    Bitmaps: 60/76
    Bitmaps: 70/76
LoadBitmaps completed in 15 ms
Starting LoadActors...
  Loading 8 actors...
LoadActors completed in 0 ms
Starting LoadSprites...
  Loading 5 sprites...
LoadSprites completed in 0 ms
Starting LoadSounds...
LoadSounds completed in 0 ms
===== ResourceLib Loading Complete =====
Total loading time: 15 ms (0.0 seconds)
Bitmaps loaded: 76
Actors loaded: 8
Sprites loaded: 5
Short sounds loaded: 10
Continuous sounds loaded: 3


===== ResourceLib Loading Started =====
Resource file: C:\originalhr2\HoverRaceAI\Release\ObjFac1.dat
Starting LoadBitmaps...
  Loading 76 bitmaps...
    Bitmaps: 10/76
    Bitmaps: 20/76
    Bitmaps: 30/76
    Bitmaps: 40/76
    Bitmaps: 50/76
    Bitmaps: 60/76
    Bitmaps: 70/76
LoadBitmaps completed in 0 ms
Starting LoadActors...
  Loading 8 actors...
LoadActors completed in 0 ms
Starting LoadSprites...
  Loading 5 sprites...
LoadSprites completed in 0 ms
Starting LoadSounds...
LoadSounds completed in 15 ms
===== ResourceLib Loading Complete =====
Total loading time: 15 ms (0.0 seconds)
Bitmaps loaded: 76
Actors loaded: 8
Sprites loaded: 5
Short sounds loaded: 10
Continuous sounds loaded: 3


===== ResourceLib Loading Started =====
Resource file: C:\originalhr2\HoverRaceAI\Release\ObjFac1.dat
Starting LoadBitmaps...
  Loading 76 bitmaps...
    Bitmaps: 10/76
    Bitmaps: 20/76
    Bitmaps: 30/76
    Bitmaps: 40/76
    Bitmaps: 50/76
    Bitmaps: 60/76
    Bitmaps: 70/76
LoadBitmaps completed in 0 ms
Starting LoadActors...
  Loading 8 actors...
LoadActors completed in 0 ms
Starting LoadSprites...
  Loading 5 sprites...
LoadSprites completed in 0 ms
Starting LoadSounds...
LoadSounds completed in 0 ms
===== ResourceLib Loading Complete =====
Total loading time: 16 ms (0.0 seconds)
Bitmaps loaded: 76
Actors loaded: 8
Sprites loaded: 5
Short sounds loaded: 10
Continuous sounds loaded: 3


===== ResourceLib Loading Started =====
Resource file: C:\originalhr2\HoverRaceAI\Release\ObjFac1.dat
Starting LoadBitmaps...
  Loading 76 bitmaps...
    Bitmaps: 10/76
    Bitmaps: 20/76
    Bitmaps: 30/76
    Bitmaps: 40/76
    Bitmaps: 50/76
    Bitmaps: 60/76
    Bitmaps: 70/76
LoadBitmaps completed in 0 ms
Starting LoadActors...
  Loading 8 actors...
LoadActors completed in 0 ms
Starting LoadSprites...
  Loading 5 sprites...
LoadSprites completed in 0 ms
Starting LoadSounds...
LoadSounds completed in 16 ms
===== ResourceLib Loading Complete =====
Total loading time: 16 ms (0.0 seconds)
Bitmaps loaded: 76
Actors loaded: 8
Sprites loaded: 5
Short sounds loaded: 10
Continuous sounds loaded: 3

