[PlayInternalSounds] Frame 0: renderer=0611F698, motorSound=06104DA8, motorOn=0, speed=0.00
[PlayInternalSounds] Frame 100: renderer=0611F698, motorSound=06104DA8, motorOn=0, speed=0.00
[PlayInternalSounds] Frame 200: renderer=0611F698, motorSound=06104DA8, motorOn=0, speed=0.00
[PlayInternalSounds] Frame 300: renderer=0611F698, motorSound=06104DA8, motorOn=0, speed=0.00
[PlayInternalSounds] Frame 400: renderer=0611F698, motorSound=06104DA8, motorOn=0, speed=0.00
[PlayInternalSounds] Frame 500: renderer=0611F698, motorSound=06104DA8, motorOn=0, speed=0.00
[PlayInternalSounds] Frame 0: renderer=05DD20F8, motorSound=05D4ED70, motorOn=0, speed=0.00
[PlayInternalSounds] Frame 1: renderer=05DD20F8, motorSound=05D4ED70, motorOn=0, speed=0.00
[PlayInternalSounds] Frame 100: renderer=05DD20F8, motorSound=05D4ED70, motorOn=0, speed=0.00
[PlayInternalSounds] Frame 200: renderer=05DD20F8, motorSound=05D4ED70, motorOn=0, speed=0.00
[PlayInternalSounds] Frame 300: renderer=05DD20F8, motorSound=05D4ED70, motorOn=0, speed=0.00
[PlayInternalSounds] Frame 400: renderer=05DD20F8, motorSound=05D4ED70, motorOn=0, speed=0.00
[PlayInternalSounds] Frame 0: renderer=061E14B8, motorSound=061D4A88, motorOn=0, speed=0.00
[PlayInternalSounds] Frame 100: renderer=061E14B8, motorSound=061D4A88, motorOn=0, speed=0.00
[PlayInternalSounds] Frame 200: renderer=061E14B8, motorSound=061D4A88, motorOn=0, speed=0.00
[PlayInternalSounds] Frame 300: renderer=061E14B8, motorSound=061D4A88, motorOn=0, speed=0.00
[PlayInternalSounds] Frame 400: renderer=061E14B8, motorSound=061D4A88, motorOn=0, speed=0.00
[PlayInternalSounds] Frame 500: renderer=061E14B8, motorSound=061D4A88, motorOn=0, speed=0.00
[PlayInternalSounds] Frame 0: renderer=0508ADE8, motorSound=0509B1E8, motorOn=0, speed=0.00
[PlayInternalSounds] Frame 100: renderer=0508ADE8, motorSound=0509B1E8, motorOn=0, speed=0.00
[PlayInternalSounds] Frame 0: renderer=014AEBD0, motorSound=066DE390, motorOn=0, speed=0.00
[PlayInternalSounds] Frame 100: renderer=014AEBD0, motorSound=066DE390, motorOn=0, speed=0.00
[PlayInternalSounds] Frame 200: renderer=014AEBD0, motorSound=066DE390, motorOn=0, speed=0.00
[PlayInternalSounds] Frame 200: renderer=014AEBD0, motorSound=066DE390, motorOn=0, speed=0.00
[PlayInternalSounds] Frame 300: renderer=014AEBD0, motorSound=066DE390, motorOn=0, speed=0.00
[PlayInternalSounds] Frame 400: renderer=014AEBD0, motorSound=066DE390, motorOn=0, speed=0.00
[PlayInternalSounds] Frame 500: renderer=014AEBD0, motorSound=066DE390, motorOn=0, speed=0.00
[PlayInternalSounds] Frame 0: renderer=0159B670, motorSound=0159A870, motorOn=0, speed=0.00
[PlayInternalSounds] Frame 100: renderer=0159B670, motorSound=0159A870, motorOn=0, speed=0.00
[PlayInternalSounds] Frame 0: renderer=013DAAA8, motorSound=066AD0E8, motorOn=0, speed=0.00
[PlayInternalSounds] Frame 100: renderer=013DAAA8, motorSound=066AD0E8, motorOn=0, speed=0.00
[PlayInternalSounds] Frame 200: renderer=013DAAA8, motorSound=066AD0E8, motorOn=0, speed=0.00
[PlayInternalSounds] Frame 300: renderer=013DAAA8, motorSound=066AD0E8, motorOn=0, speed=0.00
[PlayInternalSounds] Frame 400: renderer=013DAAA8, motorSound=066AD0E8, motorOn=0, speed=0.00
[PlayInternalSounds] Frame 500: renderer=013DAAA8, motorSound=066AD0E8, motorOn=0, speed=0.00
[PlayInternalSounds] Frame 0: renderer=00BC9680, motorSound=05CC2458, motorOn=0, speed=0.00
[PlayInternalSounds] Frame 100: renderer=00BC9680, motorSound=05CC2458, motorOn=0, speed=0.00
[PlayInternalSounds] Frame 200: renderer=00BC9680, motorSound=05CC2458, motorOn=0, speed=0.00
[PlayInternalSounds] Frame 0: renderer=009F2518, motorSound=05B7FD18, motorOn=0, speed=0.00
[PlayInternalSounds] Frame 100: renderer=009F2518, motorSound=05B7FD18, motorOn=0, speed=0.00
[PlayInternalSounds] Frame 200: renderer=009F2518, motorSound=05B7FD18, motorOn=0, speed=0.00
[PlayInternalSounds] Frame 0: renderer=00CC6918, motorSound=05E79208, motorOn=0, speed=0.00
[PlayInternalSounds] Frame 0: renderer=05977F20, motorSound=058BEDB8, motorOn=0, speed=0.00
[PlayInternalSounds] Frame 100: renderer=05977F20, motorSound=058BEDB8, motorOn=0, speed=0.00
[PlayInternalSounds] Frame 200: renderer=05977F20, motorSound=058BEDB8, motorOn=0, speed=0.00
[PlayInternalSounds] Frame 0: renderer=065656A0, motorSound=065D8DA8, motorOn=0, speed=0.00
[PlayInternalSounds] Frame 0: renderer=06536028, motorSound=064CE1B0, motorOn=0, speed=0.00
[PlayInternalSounds] Frame 100: renderer=06536028, motorSound=064CE1B0, motorOn=0, speed=0.00
[PlayInternalSounds] Frame 200: renderer=06536028, motorSound=064CE1B0, motorOn=0, speed=0.00
[PlayInternalSounds] Frame 0: renderer=05AC06E8, motorSound=05AD11C0, motorOn=0, speed=0.00
[PlayInternalSounds] Frame 100: renderer=05AC06E8, motorSound=05AD11C0, motorOn=0, speed=0.00
[PlayInternalSounds] Frame 0: renderer=00BF9DD8, motorSound=05B8D048, motorOn=0, speed=0.00
[PlayInternalSounds] Frame 0: renderer=00BF9DD8, motorSound=05B8D048, motorOn=0, speed=0.00
[PlayInternalSounds] Frame 100: renderer=00BF9DD8, motorSound=05B8D048, motorOn=0, speed=0.00
[PlayInternalSounds] Frame 200: renderer=00BF9DD8, motorSound=05B8D048, motorOn=0, speed=0.00
[PlayInternalSounds] Frame 0: renderer=0619CDD8, motorSound=061326B0, motorOn=0, speed=0.00
[PlayInternalSounds] Frame 0: renderer=06300F90, motorSound=062FD7F8, motorOn=0, speed=0.00
[PlayInternalSounds] Frame 100: renderer=06300F90, motorSound=062FD7F8, motorOn=0, speed=0.00
[PlayInternalSounds] Frame 0: renderer=0671FCA0, motorSound=01516400, motorOn=0, speed=0.00
[PlayInternalSounds] Frame 100: renderer=0671FCA0, motorSound=01516400, motorOn=0, speed=0.00
[PlayInternalSounds] Frame 0: renderer=06769188, motorSound=015E55B0, motorOn=0, speed=0.00
[PlayInternalSounds] Frame 100: renderer=06769188, motorSound=015E55B0, motorOn=0, speed=0.00
[PlayInternalSounds] Frame 200: renderer=06769188, motorSound=015E55B0, motorOn=0, speed=0.00
[PlayInternalSounds] Frame 0: renderer=0564DBC8, motorSound=0564EE60, motorOn=0, speed=0.00
[PlayInternalSounds] Frame 100: renderer=0564DBC8, motorSound=0564EE60, motorOn=0, speed=0.00
[PlayInternalSounds] Frame 200: renderer=0564DBC8, motorSound=0564EE60, motorOn=0, speed=0.00
[PlayInternalSounds] Frame 0: renderer=05590F08, motorSound=05591640, motorOn=0, speed=0.00
[PlayInternalSounds] Frame 100: renderer=05590F08, motorSound=05591640, motorOn=0, speed=0.00
[PlayInternalSounds] Frame 200: renderer=05590F08, motorSound=05591640, motorOn=0, speed=0.00
