[Render #0] Model=0, Motor=OFF, HoverId=0, Actor=00F66968, Draw=YES
[Render #60] Model=0, Motor=OFF, HoverId=0, Actor=00F66968, Draw=YES
[Render #120] Model=0, Motor=OFF, HoverId=0, Actor=00F66968, Draw=YES
[Render #180] Model=0, Motor=OFF, HoverId=0, Actor=00F66968, Draw=YES
[Render #240] Model=0, Motor=OFF, HoverId=0, Actor=00F66968, Draw=YES
[Render #300] Model=0, Motor=OFF, HoverId=0, Actor=00F66968, Draw=YES
[Render #360] Model=0, Motor=OFF, HoverId=0, Actor=00F66968, Draw=YES
[Render #420] Model=0, Motor=OFF, HoverId=0, Actor=00F66968, Draw=YES
[Render #480] Model=0, Motor=OFF, HoverId=0, Actor=00F66968, Draw=YES
[Render #0] Model=0, Motor=OFF, HoverId=0, Actor=00CD85C8, Draw=YES
[Render #60] Model=0, Motor=OFF, HoverId=0, Actor=00CD85C8, Draw=YES
[Render #120] Model=0, Motor=OFF, HoverId=0, Actor=00CD85C8, Draw=YES
[Render #180] Model=0, Motor=OFF, HoverId=0, Actor=00CD85C8, Draw=YES
[Render #240] Model=0, Motor=OFF, HoverId=0, Actor=00CD85C8, Draw=YES
[Render #300] Model=0, Motor=OFF, HoverId=0, Actor=00CD85C8, Draw=YES
[Render #360] Model=0, Motor=OFF, HoverId=0, Actor=00CD85C8, Draw=YES
[Render #0] Model=0, Motor=OFF, HoverId=0, Actor=061903E0, Draw=YES
[Render #60] Model=0, Motor=OFF, HoverId=0, Actor=061903E0, Draw=YES
[Render #120] Model=0, Motor=OFF, HoverId=0, Actor=061903E0, Draw=YES
[Render #180] Model=0, Motor=OFF, HoverId=0, Actor=061903E0, Draw=YES
[Render #240] Model=0, Motor=OFF, HoverId=0, Actor=061903E0, Draw=YES
[Render #300] Model=0, Motor=OFF, HoverId=0, Actor=061903E0, Draw=YES
[Render #360] Model=0, Motor=OFF, HoverId=0, Actor=061903E0, Draw=YES
[Render #420] Model=0, Motor=OFF, HoverId=0, Actor=061903E0, Draw=YES
[Render #480] Model=0, Motor=OFF, HoverId=0, Actor=061903E0, Draw=YES
[Render #0] Model=0, Motor=OFF, HoverId=0, Actor=04FF9620, Draw=YES
[Render #60] Model=0, Motor=OFF, HoverId=0, Actor=04FF9620, Draw=YES
[Render #120] Model=0, Motor=OFF, HoverId=0, Actor=04FF9620, Draw=YES
[Render #0] Model=0, Motor=OFF, HoverId=0, Actor=06647120, Draw=YES
[Render #60] Model=0, Motor=OFF, HoverId=0, Actor=06647120, Draw=YES
[Render #120] Model=0, Motor=OFF, HoverId=0, Actor=06647120, Draw=YES
[Render #180] Model=0, Motor=OFF, HoverId=0, Actor=06647120, Draw=YES
[Render #240] Model=0, Motor=OFF, HoverId=0, Actor=06647120, Draw=YES
[Render #300] Model=0, Motor=OFF, HoverId=0, Actor=06647120, Draw=YES
[Render #360] Model=0, Motor=OFF, HoverId=0, Actor=06647120, Draw=YES
[Render #420] Model=0, Motor=OFF, HoverId=0, Actor=06647120, Draw=YES
[Render #480] Model=0, Motor=OFF, HoverId=0, Actor=06647120, Draw=YES
[Render #0] Model=0, Motor=OFF, HoverId=0, Actor=05C30740, Draw=YES
[Render #60] Model=0, Motor=OFF, HoverId=0, Actor=05C30740, Draw=YES
[Render #120] Model=0, Motor=OFF, HoverId=0, Actor=05C30740, Draw=YES
[Render #0] Model=0, Motor=OFF, HoverId=0, Actor=014B8DE8, Draw=YES
[Render #60] Model=0, Motor=OFF, HoverId=0, Actor=014B8DE8, Draw=YES
[Render #120] Model=0, Motor=OFF, HoverId=0, Actor=014B8DE8, Draw=YES
[Render #180] Model=0, Motor=OFF, HoverId=0, Actor=014B8DE8, Draw=YES
[Render #240] Model=0, Motor=OFF, HoverId=0, Actor=014B8DE8, Draw=YES
[Render #300] Model=0, Motor=OFF, HoverId=0, Actor=014B8DE8, Draw=YES
[Render #360] Model=0, Motor=OFF, HoverId=0, Actor=014B8DE8, Draw=YES
[Render #420] Model=0, Motor=OFF, HoverId=0, Actor=014B8DE8, Draw=YES
[Render #480] Model=0, Motor=OFF, HoverId=0, Actor=014B8DE8, Draw=YES
[Render #0] Model=0, Motor=OFF, HoverId=0, Actor=05C70410, Draw=YES
[Render #60] Model=0, Motor=OFF, HoverId=0, Actor=05C70410, Draw=YES
[Render #120] Model=0, Motor=OFF, HoverId=0, Actor=05C70410, Draw=YES
[Render #180] Model=0, Motor=OFF, HoverId=0, Actor=05C70410, Draw=YES
[Render #240] Model=0, Motor=OFF, HoverId=0, Actor=05C70410, Draw=YES
[Render #300] Model=0, Motor=OFF, HoverId=0, Actor=05C70410, Draw=YES
[Render #360] Model=0, Motor=OFF, HoverId=0, Actor=05C70410, Draw=YES
[Render #420] Model=0, Motor=OFF, HoverId=0, Actor=05C70410, Draw=YES
[Render #480] Model=0, Motor=OFF, HoverId=0, Actor=05C70410, Draw=YES
[Render #0] Model=0, Motor=OFF, HoverId=0, Actor=00ABD758, Draw=YES
[Render #60] Model=0, Motor=OFF, HoverId=0, Actor=00ABD758, Draw=YES
[Render #120] Model=0, Motor=OFF, HoverId=0, Actor=00ABD758, Draw=YES
[Render #180] Model=0, Motor=OFF, HoverId=0, Actor=00ABD758, Draw=YES
[Render #240] Model=0, Motor=OFF, HoverId=0, Actor=00ABD758, Draw=YES
[Render #300] Model=0, Motor=OFF, HoverId=0, Actor=00ABD758, Draw=YES
[Render #360] Model=0, Motor=OFF, HoverId=0, Actor=00ABD758, Draw=YES
[Render #420] Model=0, Motor=OFF, HoverId=0, Actor=00ABD758, Draw=YES
[Render #480] Model=0, Motor=OFF, HoverId=0, Actor=00ABD758, Draw=YES
[Render #0] Model=0, Motor=OFF, HoverId=0, Actor=05E100B0, Draw=YES
[Render #60] Model=0, Motor=OFF, HoverId=0, Actor=05E100B0, Draw=YES
[Render #0] Model=0, Motor=OFF, HoverId=0, Actor=058A3380, Draw=YES
[Render #60] Model=0, Motor=OFF, HoverId=0, Actor=058A3380, Draw=YES
[Render #120] Model=0, Motor=OFF, HoverId=0, Actor=058A3380, Draw=YES
[Render #180] Model=0, Motor=OFF, HoverId=0, Actor=058A3380, Draw=YES
[Render #240] Model=0, Motor=OFF, HoverId=0, Actor=058A3380, Draw=YES
[Render #300] Model=0, Motor=OFF, HoverId=0, Actor=058A3380, Draw=YES
[Render #300] Model=0, Motor=OFF, HoverId=0, Actor=058A3380, Draw=YES
[Render #360] Model=0, Motor=OFF, HoverId=0, Actor=058A3380, Draw=YES
[Render #0] Model=0, Motor=OFF, HoverId=0, Actor=01586E10, Draw=YES
[Render #0] Model=0, Motor=OFF, HoverId=0, Actor=064B25C8, Draw=YES
[Render #60] Model=0, Motor=OFF, HoverId=0, Actor=064B25C8, Draw=YES
[Render #120] Model=0, Motor=OFF, HoverId=0, Actor=064B25C8, Draw=YES
[Render #180] Model=0, Motor=OFF, HoverId=0, Actor=064B25C8, Draw=YES
[Render #240] Model=0, Motor=OFF, HoverId=0, Actor=064B25C8, Draw=YES
[Render #300] Model=0, Motor=OFF, HoverId=0, Actor=064B25C8, Draw=YES
[Render #360] Model=0, Motor=OFF, HoverId=0, Actor=064B25C8, Draw=YES
[Render #420] Model=0, Motor=OFF, HoverId=0, Actor=064B25C8, Draw=YES
[Render #480] Model=0, Motor=OFF, HoverId=0, Actor=064B25C8, Draw=YES
[Render #0] Model=0, Motor=OFF, HoverId=0, Actor=05A700D8, Draw=YES
[Render #60] Model=0, Motor=OFF, HoverId=0, Actor=05A700D8, Draw=YES
[Render #60] Model=0, Motor=OFF, HoverId=0, Actor=05A700D8, Draw=YES
[Render #120] Model=0, Motor=OFF, HoverId=0, Actor=05A700D8, Draw=YES
[Render #180] Model=0, Motor=OFF, HoverId=0, Actor=05A700D8, Draw=YES
[Render #240] Model=0, Motor=OFF, HoverId=0, Actor=05A700D8, Draw=YES
[Render #0] Model=0, Motor=OFF, HoverId=0, Actor=05B735A0, Draw=YES
[Render #60] Model=0, Motor=OFF, HoverId=0, Actor=05B735A0, Draw=YES
[Render #120] Model=0, Motor=OFF, HoverId=0, Actor=05B735A0, Draw=YES
[Render #180] Model=0, Motor=OFF, HoverId=0, Actor=05B735A0, Draw=YES
[Render #240] Model=0, Motor=OFF, HoverId=0, Actor=05B735A0, Draw=YES
[Render #300] Model=0, Motor=OFF, HoverId=0, Actor=05B735A0, Draw=YES
[Render #360] Model=0, Motor=OFF, HoverId=0, Actor=05B735A0, Draw=YES
[Render #420] Model=0, Motor=OFF, HoverId=0, Actor=05B735A0, Draw=YES
[Render #480] Model=0, Motor=OFF, HoverId=0, Actor=05B735A0, Draw=YES
[Render #0] Model=0, Motor=OFF, HoverId=0, Actor=0114EB40, Draw=YES
[Render #60] Model=0, Motor=OFF, HoverId=0, Actor=0114EB40, Draw=YES
[Render #0] Model=0, Motor=OFF, HoverId=0, Actor=011CE030, Draw=YES
[Render #60] Model=0, Motor=OFF, HoverId=0, Actor=011CE030, Draw=YES
[Render #120] Model=0, Motor=OFF, HoverId=0, Actor=011CE030, Draw=YES
[Render #180] Model=0, Motor=OFF, HoverId=0, Actor=011CE030, Draw=YES
[Render #240] Model=0, Motor=OFF, HoverId=0, Actor=011CE030, Draw=YES
[Render #0] Model=0, Motor=OFF, HoverId=0, Actor=06689278, Draw=YES
[Render #60] Model=0, Motor=OFF, HoverId=0, Actor=06689278, Draw=YES
[Render #120] Model=0, Motor=OFF, HoverId=0, Actor=06689278, Draw=YES
[Render #180] Model=0, Motor=OFF, HoverId=0, Actor=06689278, Draw=YES
[Render #0] Model=0, Motor=OFF, HoverId=0, Actor=0674B268, Draw=YES
[Render #60] Model=0, Motor=OFF, HoverId=0, Actor=0674B268, Draw=YES
[Render #120] Model=0, Motor=OFF, HoverId=0, Actor=0674B268, Draw=YES
[Render #180] Model=0, Motor=OFF, HoverId=0, Actor=0674B268, Draw=YES
[Render #240] Model=0, Motor=OFF, HoverId=0, Actor=0674B268, Draw=YES
[Render #300] Model=0, Motor=OFF, HoverId=0, Actor=0674B268, Draw=YES
[Render #360] Model=0, Motor=OFF, HoverId=0, Actor=0674B268, Draw=YES
[Render #420] Model=0, Motor=OFF, HoverId=0, Actor=0674B268, Draw=YES
[Render #480] Model=0, Motor=OFF, HoverId=0, Actor=0674B268, Draw=YES
[Render #0] Model=0, Motor=OFF, HoverId=0, Actor=055F0320, Draw=YES
[Render #60] Model=0, Motor=OFF, HoverId=0, Actor=055F0320, Draw=YES
[Render #120] Model=0, Motor=OFF, HoverId=0, Actor=055F0320, Draw=YES
[Render #180] Model=0, Motor=OFF, HoverId=0, Actor=055F0320, Draw=YES
[Render #240] Model=0, Motor=OFF, HoverId=0, Actor=055F0320, Draw=YES
[Render #300] Model=0, Motor=OFF, HoverId=0, Actor=055F0320, Draw=YES
[Render #360] Model=0, Motor=OFF, HoverId=0, Actor=055F0320, Draw=YES
[Render #420] Model=0, Motor=OFF, HoverId=0, Actor=055F0320, Draw=YES
[Render #480] Model=0, Motor=OFF, HoverId=0, Actor=055F0320, Draw=YES
[Render #0] Model=0, Motor=OFF, HoverId=0, Actor=054F9780, Draw=YES
[Render #60] Model=0, Motor=OFF, HoverId=0, Actor=054F9780, Draw=YES
[Render #120] Model=0, Motor=OFF, HoverId=0, Actor=054F9780, Draw=YES
[Render #180] Model=0, Motor=OFF, HoverId=0, Actor=054F9780, Draw=YES
[Render #240] Model=0, Motor=OFF, HoverId=0, Actor=054F9780, Draw=YES
[Render #300] Model=0, Motor=OFF, HoverId=0, Actor=054F9780, Draw=YES
[Render #360] Model=0, Motor=OFF, HoverId=0, Actor=054F9780, Draw=YES
[Render #420] Model=0, Motor=OFF, HoverId=0, Actor=054F9780, Draw=YES
[Render #480] Model=0, Motor=OFF, HoverId=0, Actor=054F9780, Draw=YES
