--- MainLoop START ---
Frame 0 STARTUP: About to enter while loop
Frame 0: Checking messages
Frame 0: mMainWindow = 00070048
Frame 0: About to call IsWindow
Frame 0: IsWindow returned 1
Frame 0: About to call PeekMessage
Frame 0: PeekMessage returned 1
Frame 0: Got message 799
Frame 0: Checking messages
Frame 0: mMainWindow = 00070048
Frame 0: About to call IsWindow
Frame 0: IsWindow returned 1
Frame 0: About to call PeekMessage
Frame 0: PeekMessage returned 1
Frame 0: Got message 49374
Frame 0: Checking messages
Frame 0: mMainWindow = 00070048
Frame 0: About to call IsWindow
Frame 0: IsWindow returned 1
Frame 0: About to call PeekMessage
Frame 0: PeekMessage returned 0
Frame 0: No message, processing game
Frame 0:   About to call mCurrentSession->Process()
Frame 0:   Process() succeeded
Frame 0:   About to call RefreshView()
Frame 0:   RefreshView() succeeded
Frame 1: Checking messages
Frame 1: mMainWindow = 00070048
Frame 1: About to call IsWindow
Frame 1: IsWindow returned 1
Frame 1: About to call PeekMessage
Frame 1: PeekMessage returned 0
Frame 1: No message, processing game
Frame 1:   About to call mCurrentSession->Process()
Frame 1:   Process() succeeded
Frame 1:   About to call RefreshView()
Frame 1:   RefreshView() succeeded
Frame 2: Checking messages
Frame 2: mMainWindow = 00070048
Frame 2: About to call IsWindow
Frame 2: IsWindow returned 1
Frame 2: About to call PeekMessage
Frame 2: PeekMessage returned 0
Frame 2: No message, processing game
Frame 2:   About to call mCurrentSession->Process()
Frame 2:   Process() succeeded
Frame 2:   About to call RefreshView()
Frame 2:   RefreshView() succeeded
Frame 3: Checking messages
Frame 3: mMainWindow = 00070048
Frame 3: About to call IsWindow
Frame 3: IsWindow returned 1
Frame 3: About to call PeekMessage
Frame 3: PeekMessage returned 0
Frame 3: No message, processing game
Frame 3:   About to call mCurrentSession->Process()
Frame 3:   Process() succeeded
Frame 3:   About to call RefreshView()
Frame 3:   RefreshView() succeeded
Frame 4: Checking messages
Frame 4: mMainWindow = 00070048
Frame 4: About to call IsWindow
Frame 4: IsWindow returned 1
Frame 4: About to call PeekMessage
Frame 4: PeekMessage returned 0
Frame 4: No message, processing game
Frame 4:   About to call mCurrentSession->Process()
Frame 4:   Process() succeeded
Frame 4:   About to call RefreshView()
Frame 4:   RefreshView() succeeded
Frame 5: Checking messages
Frame 5: mMainWindow = 00070048
Frame 5: About to call IsWindow
Frame 5: IsWindow returned 1
Frame 5: About to call PeekMessage
Frame 5: PeekMessage returned 0
Frame 5: No message, processing game
Frame 5:   About to call mCurrentSession->Process()
Frame 5:   Process() succeeded
Frame 5:   About to call RefreshView()
Frame 5:   RefreshView() succeeded
Frame 6: Checking messages
Frame 6: mMainWindow = 00070048
Frame 6: About to call IsWindow
Frame 6: IsWindow returned 1
Frame 6: About to call PeekMessage
Frame 6: PeekMessage returned 0
Frame 6: No message, processing game
Frame 6:   About to call mCurrentSession->Process()
Frame 6:   Process() succeeded
Frame 6:   About to call RefreshView()
Frame 6:   RefreshView() succeeded
Frame 7: Checking messages
Frame 7: mMainWindow = 00070048
Frame 7: About to call IsWindow
Frame 7: IsWindow returned 1
Frame 7: About to call PeekMessage
Frame 7: PeekMessage returned 0
Frame 7: No message, processing game
Frame 7:   About to call mCurrentSession->Process()
Frame 7:   Process() succeeded
Frame 7:   About to call RefreshView()
Frame 7:   RefreshView() succeeded
Frame 8: Checking messages
Frame 8: mMainWindow = 00070048
Frame 8: About to call IsWindow
Frame 8: IsWindow returned 1
Frame 8: About to call PeekMessage
Frame 8: PeekMessage returned 0
Frame 8: No message, processing game
Frame 8:   About to call mCurrentSession->Process()
Frame 8:   Process() succeeded
Frame 8:   About to call RefreshView()
Frame 8:   RefreshView() succeeded
Frame 9: Checking messages
Frame 9: mMainWindow = 00070048
Frame 9: About to call IsWindow
Frame 9: IsWindow returned 1
Frame 9: About to call PeekMessage
Frame 9: PeekMessage returned 0
Frame 9: No message, processing game
Frame 9:   About to call mCurrentSession->Process()
Frame 9:   Process() succeeded
Frame 9:   About to call RefreshView()
Frame 9:   RefreshView() succeeded
Frame 10: Checking messages
Frame 10: mMainWindow = 00070048
Frame 10: About to call IsWindow
Frame 10: IsWindow returned 1
Frame 10: About to call PeekMessage
Frame 10: PeekMessage returned 0
Frame 10: No message, processing game
Frame 10:   About to call mCurrentSession->Process()
Frame 10:   Process() succeeded
Frame 10:   About to call RefreshView()
Frame 10:   RefreshView() succeeded
Frame 11: Checking messages
Frame 11: mMainWindow = 00070048
Frame 11: About to call IsWindow
Frame 11: IsWindow returned 1
Frame 11: About to call PeekMessage
Frame 11: PeekMessage returned 0
Frame 11: No message, processing game
Frame 11:   About to call mCurrentSession->Process()
Frame 11:   Process() succeeded
Frame 11:   About to call RefreshView()
Frame 11:   RefreshView() succeeded
Frame 12: Checking messages
Frame 12: mMainWindow = 00070048
Frame 12: About to call IsWindow
Frame 12: IsWindow returned 1
Frame 12: About to call PeekMessage
Frame 12: PeekMessage returned 0
Frame 12: No message, processing game
Frame 12:   About to call mCurrentSession->Process()
Frame 12:   Process() succeeded
Frame 12:   About to call RefreshView()
Frame 12:   RefreshView() succeeded
Frame 13: Checking messages
Frame 13: mMainWindow = 00070048
Frame 13: About to call IsWindow
Frame 13: IsWindow returned 1
Frame 13: About to call PeekMessage
Frame 13: PeekMessage returned 0
Frame 13: No message, processing game
Frame 13:   About to call mCurrentSession->Process()
Frame 13:   Process() succeeded
Frame 13:   About to call RefreshView()
Frame 13:   RefreshView() succeeded
Frame 14: Checking messages
Frame 14: mMainWindow = 00070048
Frame 14: About to call IsWindow
Frame 14: IsWindow returned 1
Frame 14: About to call PeekMessage
Frame 14: PeekMessage returned 0
Frame 14: No message, processing game
Frame 14:   About to call mCurrentSession->Process()
Frame 14:   Process() succeeded
Frame 14:   About to call RefreshView()
Frame 14:   RefreshView() succeeded
Frame 15: Checking messages
Frame 15: mMainWindow = 00070048
Frame 15: About to call IsWindow
Frame 15: IsWindow returned 1
Frame 15: About to call PeekMessage
Frame 15: PeekMessage returned 0
Frame 15: No message, processing game
Frame 15:   About to call mCurrentSession->Process()
Frame 15:   Process() succeeded
Frame 15:   About to call RefreshView()
Frame 15:   RefreshView() succeeded
Frame 16: Checking messages
Frame 16: mMainWindow = 00070048
Frame 16: About to call IsWindow
Frame 16: IsWindow returned 1
Frame 16: About to call PeekMessage
Frame 16: PeekMessage returned 0
Frame 16: No message, processing game
Frame 16:   About to call mCurrentSession->Process()
Frame 16:   Process() succeeded
Frame 16:   About to call RefreshView()
Frame 16:   RefreshView() succeeded
Frame 17: Checking messages
Frame 17: mMainWindow = 00070048
Frame 17: About to call IsWindow
Frame 17: IsWindow returned 1
Frame 17: About to call PeekMessage
Frame 17: PeekMessage returned 0
Frame 17: No message, processing game
Frame 17:   About to call mCurrentSession->Process()
Frame 17:   Process() succeeded
Frame 17:   About to call RefreshView()
Frame 17:   RefreshView() succeeded
Frame 18: Checking messages
Frame 18: mMainWindow = 00070048
Frame 18: About to call IsWindow
Frame 18: IsWindow returned 1
Frame 18: About to call PeekMessage
Frame 18: PeekMessage returned 0
Frame 18: No message, processing game
Frame 18:   About to call mCurrentSession->Process()
Frame 18:   Process() succeeded
Frame 18:   About to call RefreshView()
Frame 18:   RefreshView() succeeded
Frame 19: Checking messages
Frame 19: mMainWindow = 00070048
Frame 19: About to call IsWindow
Frame 19: IsWindow returned 1
Frame 19: About to call PeekMessage
Frame 19: PeekMessage returned 0
Frame 19: No message, processing game
Frame 19:   About to call mCurrentSession->Process()
Frame 19:   Process() succeeded
Frame 19:   About to call RefreshView()
Frame 19:   RefreshView() succeeded
Frame 20: Checking messages
Frame 20: mMainWindow = 00070048
Frame 20: About to call IsWindow
Frame 20: IsWindow returned 1
Frame 20: About to call PeekMessage
Frame 20: PeekMessage returned 0
Frame 20: No message, processing game
Frame 20:   About to call mCurrentSession->Process()
Frame 20:   Process() succeeded
Frame 20:   About to call RefreshView()
Frame 20:   RefreshView() succeeded
Frame 21: Checking messages
Frame 21: mMainWindow = 00070048
Frame 21: About to call IsWindow
Frame 21: IsWindow returned 1
Frame 21: About to call PeekMessage
Frame 21: PeekMessage returned 0
Frame 21: No message, processing game
Frame 21:   About to call mCurrentSession->Process()
Frame 21:   Process() succeeded
Frame 21:   About to call RefreshView()
Frame 21:   RefreshView() succeeded
Frame 22: Checking messages
Frame 22: mMainWindow = 00070048
Frame 22: About to call IsWindow
Frame 22: IsWindow returned 1
Frame 22: About to call PeekMessage
Frame 22: PeekMessage returned 0
Frame 22: No message, processing game
Frame 22:   About to call mCurrentSession->Process()
Frame 22:   Process() succeeded
Frame 22:   About to call RefreshView()
Frame 22:   RefreshView() succeeded
Frame 23: Checking messages
Frame 23: mMainWindow = 00070048
Frame 23: About to call IsWindow
Frame 23: IsWindow returned 1
Frame 23: About to call PeekMessage
Frame 23: PeekMessage returned 0
Frame 23: No message, processing game
Frame 23:   About to call mCurrentSession->Process()
Frame 23:   Process() succeeded
Frame 23:   About to call RefreshView()
Frame 23:   RefreshView() succeeded
Frame 24: Checking messages
Frame 24: mMainWindow = 00070048
Frame 24: About to call IsWindow
Frame 24: IsWindow returned 1
Frame 24: About to call PeekMessage
Frame 24: PeekMessage returned 0
Frame 24: No message, processing game
Frame 24:   About to call mCurrentSession->Process()
Frame 24:   Process() succeeded
Frame 24:   About to call RefreshView()
Frame 24:   RefreshView() succeeded
Frame 25: Checking messages
Frame 25: mMainWindow = 00070048
Frame 25: About to call IsWindow
Frame 25: IsWindow returned 1
Frame 25: About to call PeekMessage
Frame 25: PeekMessage returned 0
Frame 25: No message, processing game
Frame 25:   About to call mCurrentSession->Process()
Frame 25:   Process() succeeded
Frame 25:   About to call RefreshView()
Frame 25:   RefreshView() succeeded
Frame 26: Checking messages
Frame 26: mMainWindow = 00070048
Frame 26: About to call IsWindow
Frame 26: IsWindow returned 1
Frame 26: About to call PeekMessage
Frame 26: PeekMessage returned 0
Frame 26: No message, processing game
Frame 26:   About to call mCurrentSession->Process()
Frame 26:   Process() succeeded
Frame 26:   About to call RefreshView()
Frame 26:   RefreshView() succeeded
Frame 27: Checking messages
Frame 27: mMainWindow = 00070048
Frame 27: About to call IsWindow
Frame 27: IsWindow returned 1
Frame 27: About to call PeekMessage
Frame 27: PeekMessage returned 0
Frame 27: No message, processing game
Frame 27:   About to call mCurrentSession->Process()
Frame 27:   Process() succeeded
Frame 27:   About to call RefreshView()
Frame 27:   RefreshView() succeeded
Frame 28: Checking messages
Frame 28: mMainWindow = 00070048
Frame 28: About to call IsWindow
Frame 28: IsWindow returned 1
Frame 28: About to call PeekMessage
Frame 28: PeekMessage returned 0
Frame 28: No message, processing game
Frame 28:   About to call mCurrentSession->Process()
Frame 28:   Process() succeeded
Frame 28:   About to call RefreshView()
Frame 28:   RefreshView() succeeded
Frame 29: Checking messages
Frame 29: mMainWindow = 00070048
Frame 29: About to call IsWindow
Frame 29: IsWindow returned 1
Frame 29: About to call PeekMessage
Frame 29: PeekMessage returned 0
Frame 29: No message, processing game
Frame 29:   About to call mCurrentSession->Process()
Frame 29:   Process() succeeded
Frame 29:   About to call RefreshView()
RefreshView: About to render UI overlay
RefreshView: Observer1 RenderNormalDisplay completed
RefreshView: UI overlay rendering completed
RefreshView: mObserver2=00000000
RefreshView: GetMainCharacter2() returned 00000000
RefreshView: EXITING e3DView block
RefreshView: Cannot render observer2 - observer2=00000000, character2=00000000
RefreshView: About to call Unlock()
RefreshView: About to render UI overlay
RefreshView: UI overlay rendering completed
RefreshView: EXITING e3DView block
RefreshView: About to call Unlock()
RefreshView: Unlock() succeeded
RefreshView: EXITING (success)
RefreshView: ENTERED
RefreshView: mVideoBuffer = 016895F8
RefreshView: About to call Lock()
RefreshView: Lock() succeeded
RefreshView: ENTERING e3DView block
RefreshView: In e3DView mode
RefreshView: mClrScrTodo=0
RefreshView: mObserver1=0169E528
RefreshView: Unlock() succeeded
RefreshView: GetMainCharacter() returned 0169AB70
RefreshView: EXITING (success)
ReadAssyncInputControler: ENTRY, mCurrentSession=016A3100
ReadAssyncInputControler: Session valid, checking controls
ReadAssyncInput: mMotorOn1=28, Shift check result=0
RefreshView: ENTERED
RefreshView: mVideoBuffer = 016895F8
RefreshView: CAUGHT EXCEPTION in rendering pipeline, attempting Unlock()
RefreshView: About to call Lock()
RefreshView: Emergency Unlock() succeeded
RefreshView: EXITING (success)
RefreshView: ENTERED
RefreshView: mVideoBuffer = 016895F8
RefreshView: About to call Lock()
RefreshView: Lock() succeeded
RefreshView: ENTERING e3DView block
RefreshView: In e3DView mode
RefreshView: mClrScrTodo=0
RefreshView: mObserver1=0169E528
RefreshView: Lock() succeeded
RefreshView: ENTERING e3DView block
ned 0169AB70
RefreshView: About to call Observer1 RenderNormalDisplay
RefreshView: mClrScrTodo=0
RefreshView: mObserver1=0169E528
RefreshView: GetMainCharacter() returned 0169AB70
RefreshView: About to call Observer1 RenderNormalDisplay
RefreshView: Observer1 RenderNormalDisplay completed
RefreshView: mObserver2=00000000
RefreshView: GetMainCharacter2() returned 00000000
RefreshView: Observer1 RenderNormalDisplay completed
RefreshView: Cannot render observer2 - observer2=00000000, character2=00000000
RefreshView: mObserver2=00000000
RefreshView: About to render UI overlay
RefreshView: GetMainCharacter2() returned 00000000
RefreshView: UI overlay rendering completed
RefreshView: Cannot render observer2 - observer2=00000000, character2=00000000
RefreshView: EXITING e3DView block
RefreshView: About to call Unlock()
ay
RefreshView: UI overlay rendering completed
RefreshView: EXITING e3DView block
RefreshView: About to call Unlock()
RefreshView: Unlock() succeeded
RefreshView: EXITING (success)
RefreshView: ENTERED
RefreshView: mVideoBuffer = 016895F8
RefreshView: About to call Lock()
RefreshView: Lock() succeeded
RefreshView: Unlock() succeeded
RefreshView: ENTERING e3DView block
RefreshView: EXITING (success)
RefreshView: In e3DView mode
ReadAssyncInputControler: ENTRY, mCurrentSession=016A3100
RefreshView: mClrScrTodo=0
ReadAssyncInputControler: Session valid, checking controls
RefreshView: mObserver1=0169E528
ReadAssyncInput: mMotorOn1=28, Shift check result=0
RefreshView: GetMainCharacter() returned 0169AB70
RefreshView: ENTERED
RefreshView: About to call Observer1 RenderNormalDisplay
RefreshView: mVideoBuffer = 016895F8
RefreshView: About to call Lock()
RefreshView: CAUGHT EXCEPTION in rendering pipeline, attempting Unlock()
RefreshView: Emergency Unlock() succeeded
RefreshView: EXITING (success)
RefreshView: Lock() succeeded
RefreshView: ENTERING e3DView block
RefreshView: ENTERED
RefreshView: In e3DView mode
RefreshView: mVideoBuffer = 016895F8
RefreshView: mClrScrTodo=0
RefreshView: About to call Lock()
RefreshView: mObserver1=0169E528
RefreshView: GetMainCharacter() returned 0169AB70
RefreshView: About to call Observer1 RenderNormalDisplay
RefreshView: Lock() succeeded
RefreshView: ENTERING e3DView block
RefreshView: In e3DView mode
RefreshView: mClrScrTodo=0
RefreshView: mObserver1=0169E528
RefreshView: GetMainCharacter() returned 0169AB70
RefreshView: About to call Observer1 RenderNormalDisplay
RefreshView: Observer1 RenderNormalDisplay completed
RefreshView: mObserver2=00000000
RefreshView: GetMainCharacter2() returned 00000000
RefreshView: Cannot render observer2 - observer2=00000000, character2=00000000
RefreshView: About to render UI overlay
RefreshView: Observer1 RenderNormalDisplay completed
RefreshView: mObserver2=00000000
RefreshView: UI overlay rendering completed
RefreshView: GetMainCharacter2() returned 00000000
RefreshView: About to call Unlock()
RefreshView: Cannot render observer2 - observer2=00000000, character2=00000000
RefreshView: About to render UI overlay
RefreshView: UI overlay rendering completed
RefreshView: EXITING e3DView block
RefreshView: About to call Unlock()
RefreshView: Unlock() succeeded
RefreshView: EXITING (success)
RefreshView: ENTERED
RefreshView: mVideoBuffer = 016895F8
RefreshView: About to call Lock()
RefreshView: Lock() succeeded
RefreshView: ENTERING e3DView block
RefreshView: In e3DView mode
RefreshView: mClrScrTodo=0
RefreshView: mObserver1=0169E528
RefreshView: GetMainCharacter() returned 0169AB70
RefreshView: About to call Observer1 RenderNormalDisplay
RefreshView: Unlock() succeeded
RefreshView: EXITING (success)
ReadAssyncInputControler: ENTRY, mCurrentSession=016A3100
ReadAssyncInputControler: Session valid, checking controls
RefreshView: CAUGHT EXCEPTION in rendering pipeline, attempting Unlock()
RefreshView: ENTERED
RefreshView: mVideoBuffer = 016895F8
RefreshView: Emergency Unlock() succeeded
RefreshView: About to call Lock()
RefreshView: EXITING (success)
RefreshView: ENTERED
RefreshView: mVideoBuffer = 016895F8
RefreshView: About to call Lock()
RefreshView: Lock() succeeded
RefreshView: ENTERING e3DView block
RefreshView: In e3DView mode
RefreshView: mClrScrTodo=0
RefreshView: mObserver1=0169E528
RefreshView: Lock() succeeded
RefreshView: GetMainCharacter() returned 0169AB70
RefreshView: ENTERING e3DView block
RefreshView: About to call Observer1 RenderNormalDisplay
RefreshView: In e3DView mode
RefreshView: mClrScrTodo=0
RefreshView: mObserver1=0169E528
RefreshView: GetMainCharacter() returned 0169AB70
RefreshView: About to call Observer1 RenderNormalDisplay
RefreshView: Observer1 RenderNormalDisplay completed
RefreshView: mObserver2=00000000
RefreshView: GetMainCharacter2() returned 00000000
RefreshView: Observer1 RenderNormalDisplay completed
RefreshView: Cannot render observer2 - observer2=00000000, character2=00000000
RefreshView: mObserver2=00000000
RefreshView: About to render UI overlay
RefreshView: GetMainCharacter2() returned 00000000
RefreshView: UI overlay rendering completed
RefreshView: EXITING e3DView block
RefreshView: Cannot render observer2 - observer2=00000000, character2=00000000
RefreshView: About to call Unlock()
RefreshView: About to render UI overlay
RefreshView: UI overlay rendering completed
RefreshView: EXITING e3DView block
RefreshView: About to call Unlock()
RefreshView: Unlock() succeeded
RefreshView: EXITING (success)
RefreshView: ENTERED
RefreshView: mVideoBuffer = 016895F8
RefreshView: About to call Lock()
RefreshView: Lock() succeeded
RefreshView: ENTERING e3DView block
RefreshView: In e3DView mode
RefreshView: mClrScrTodo=0
RefreshView: mObserver1=0169E528
RefreshView: GetMainCharacter() returned 0169AB70
RefreshView: About to call Observer1 RenderNormalDisplay
RefreshView: Unlock() succeeded
RefreshView: EXITING (success)
ReadAssyncInputControler: ENTRY, mCurrentSession=016A3100
ReadAssyncInputControler: Session valid, checking controls
ReadAssyncInput: mMotorOn1=28, Shift check result=0
RefreshView: ENTERED
RefreshView: mVideoBuffer = 016895F8
RefreshView: About to call Lock()
RefreshView: Lock() succeeded
RefreshView: ENTERING e3DView block
RefreshView: In e3DView mode
RefreshView: mClrScrTodo=0
RefreshView: mObserver1=0169E528
RefreshView: GetMainCharacter() returned 0169AB70
RefreshView: About to call Observer1 RenderNormalDisplay
RefreshView: Observer1 RenderNormalDisplay completed
RefreshView: mObserver2=00000000
RefreshView: GetMainCharacter2() returned 00000000
RefreshView: Cannot render observer2 - observer2=00000000, character2=00000000
RefreshView: About to render UI overlay
RefreshView: UI overlay rendering completed
RefreshView: EXITING e3DView block
RefreshView: About to call Unlock()
RefreshView: Observer1 RenderNormalDisplay completed
RefreshView: mObserver2=00000000
RefreshView: GetMainCharacter2() returned 00000000
RefreshView: Cannot render observer2 - observer2=00000000, character2=00000000
RefreshView: About to render UI overlay
RefreshView: UI overlay rendering completed
RefreshView: EXITING e3DView block
RefreshView: About to call Unlock()
RefreshView: Unlock() succeeded
RefreshView: Unlock() succeeded
RefreshView: EXITING (success)
RefreshView: ENTERED
ReadAssyncInputControler: ENTRY, mCurrentSession=016A3100
RefreshView: mVideoBuffer = 016895F8
RefreshView: About to call Lock()
alid, checking controls
ReadAssyncInput: mMotorOn1=28, Shift check result=0
RefreshView: ENTERED
RefreshView: Lock() succeeded
895F8
RefreshView: About to call Lock()
RefreshView: ENTERING e3DView block
RefreshView: In e3DView mode
RefreshView: mClrScrTodo=0
RefreshView: mObserver1=0169E528
RefreshView: GetMainCharacter() returned 0169AB70
RefreshView: Lock() succeeded
RefreshView: ENTERING e3DView block
RefreshView: About to call Observer1 RenderNormalDisplay
RefreshView: In e3DView mode
RefreshView: mClrScrTodo=0
RefreshView: mObserver1=0169E528
RefreshView: GetMainCharacter() returned 0169AB70
RefreshView: About to call Observer1 RenderNormalDisplay
RefreshView: Observer1 RenderNormalDisplay completed
RefreshView: mObserver2=00000000
RefreshView: GetMainCharacter2() returned 00000000
RefreshView: Observer1 RenderNormalDisplay completed
RefreshView: Cannot render observer2 - observer2=00000000, character2=00000000
RefreshView: mObserver2=00000000
RefreshView: GetMainCharacter2() returned 00000000
RefreshView: UI overlay rendering completed
er2=00000000, character2=00000000
RefreshView: EXITING e3DView block
lay
RefreshView: About to call Unlock()
pleted
RefreshView: EXITING e3DView block
RefreshView: About to call Unlock()
RefreshView: Unlock() succeeded
RefreshView: EXITING (success)
ReadAssyncInputControler: ENTRY, mCurrentSession=016A3100
ReadAssyncInputControler: Session valid, checking controls
ReadAssyncInput: mMotorOn1=28, Shift check result=0
RefreshView: ENTERED
RefreshView: mVideoBuffer = 016895F8
RefreshView: About to call Lock()
RefreshView: Lock() succeeded
RefreshView: ENTERING e3DView block
RefreshView: In e3DView mode
RefreshView: mClrScrTodo=0
RefreshView: mObserver1=0169E528
RefreshView: GetMainCharacter() returned 0169AB70
RefreshView: About to call Observer1 RenderNormalDisplay
RefreshView: Unlock() succeeded
RefreshView: EXITING (success)
RefreshView: ENTERED
 RenderNormalDisplay completed
RefreshView: mVideoBuffer = 016895F8
RefreshView: About to call Lock()
RefreshView: GetMainCharacter2() returned 00000000
RefreshView: Cannot render observer2 - observer2=00000000, character2=00000000
RefreshView: About to render UI overlay
RefreshView: UI overlay rendering completed
RefreshView: ENTERING e3DView block
RefreshView: EXITING e3DView block
RefreshView: In e3DView mode
RefreshView: About to call Unlock()
RefreshView: mClrScrTodo=0
RefreshView: mObserver1=0169E528
RefreshView: GetMainCharacter() returned 0169AB70
RefreshView: About to call Observer1 RenderNormalDisplay
RefreshView: Observer1 RenderNormalDisplay completed
RefreshView: EXITING (success)
RefreshView: mObserver2=00000000
ReadAssyncInputControler: ENTRY, mCurrentSession=016A3100
RefreshView: GetMainCharacter2() returned 00000000
ReadAssyncInputControler: Session valid, checking controls
RefreshView: Cannot render observer2 - observer2=00000000, character2=00000000
ReadAssyncInput: mMotorOn1=28, Shift check result=0
RefreshView: About to render UI overlay
RefreshView: ENTERED
RefreshView: mVideoBuffer = 016895F8
RefreshView: About to call Lock()
RefreshView: UI overlay rendering completed
RefreshView: Lock() succeeded
RefreshView: EXITING e3DView block
RefreshView: ENTERING e3DView block
RefreshView: About to call Unlock()
RefreshView: In e3DView mode
RefreshView: mClrScrTodo=0
RefreshView: mObserver1=0169E528
RefreshView: GetMainCharacter() returned 0169AB70
RefreshView: About to call Observer1 RenderNormalDisplay
RefreshView: Observer1 RenderNormalDisplay completed
RefreshView: mObserver2=00000000
RefreshView: GetMainCharacter2() returned 00000000
RefreshView: Cannot render observer2 - observer2=00000000, character2=00000000
RefreshView: About to render UI overlay
RefreshView: UI overlay rendering completed
RefreshView: EXITING e3DView block
RefreshView: About to call Unlock()
RefreshView: EXITING (success)
RefreshView: ENTERED
RefreshView: Unlock() succeeded
RefreshView: mVideoBuffer = 016895F8
RefreshView: About to call Lock()
ReadAssyncInputControler: ENTRY, mCurrentSession=016A3100
ReadAssyncInputControler: Session valid, checking controls
ReadAssyncInput: mMotorOn1=28, Shift check result=0
RefreshView: ENTERED
RefreshView: Lock() succeeded
RefreshView: ENTERING e3DView block
RefreshView: mVideoBuffer = 016895F8
RefreshView: About to call Lock()
RefreshView: mClrScrTodo=0
RefreshView: mObserver1=0169E528
RefreshView: GetMainCharacter() returned 0169AB70
RefreshView: About to call Observer1 RenderNormalDisplay
RefreshView: Lock() succeeded
RefreshView: ENTERING e3DView block
RefreshView: In e3DView mode
RefreshView: mClrScrTodo=0
RefreshView: mObserver1=0169E528
RefreshView: GetMainCharacter() returned 0169AB70
RefreshView: About to call Observer1 RenderNormalDisplay
RefreshView: Observer1 RenderNormalDisplay completed
RefreshView: mObserver2=00000000
RefreshView: GetMainCharacter2() returned 00000000
RefreshView: Cannot render observer2 - observer2=00000000, character2=00000000
RefreshView: About to render UI overlay
RefreshView: UI overlay rendering completed
RefreshView: EXITING e3DView block
RefreshView: About to call Unlock()
RefreshView: Observer1 RenderNormalDisplay completed
RefreshView: mObserver2=00000000
RefreshView: GetMainCharacter2() returned 00000000
RefreshView: Cannot render observer2 - observer2=00000000, character2=00000000
RefreshView: About to render UI overlay
RefreshView: UI overlay rendering completed
RefreshView: EXITING e3DView block
RefreshView: About to call Unlock()
RefreshView: Unlock() succeeded
RefreshView: EXITING (success)
ReadAssyncInputControler: ENTRY, mCurrentSession=016A3100
ReadAssyncInputControler: Session valid, checking controls
ReadAssyncInput: mMotorOn1=28, Shift check result=0
RefreshView: ENTERED
RefreshView: mVideoBuffer = 016895F8
RefreshView: About to call Lock()
RefreshView: Unlock() succeeded
RefreshView: Lock() succeeded
RefreshView: EXITING (success)
RefreshView: ENTERING e3DView block
RefreshView: In e3DView mode
RefreshView: ENTERED
RefreshView: mVideoBuffer = 016895F8
RefreshView: About to call Lock()
RefreshView: GetMainCharacter() returned 0169AB70
RefreshView: About to call Observer1 RenderNormalDisplay
RefreshView: Lock() succeeded
RefreshView: ENTERING e3DView block
RefreshView: In e3DView mode
RefreshView: mClrScrTodo=0
RefreshView: mObserver1=0169E528
RefreshView: GetMainCharacter() returned 0169AB70
RefreshView: About to call Observer1 RenderNormalDisplay
RefreshView: Observer1 RenderNormalDisplay completed
RefreshView: mObserver2=00000000
RefreshView: GetMainCharacter2() returned 00000000
RefreshView: Cannot render observer2 - observer2=00000000, character2=00000000
RefreshView: About to render UI overlay
RefreshView: UI overlay rendering completed
RefreshView: EXITING e3DView block
RefreshView: About to call Unlock()
RefreshView: Observer1 RenderNormalDisplay completed
RefreshView: mObserver2=00000000
RefreshView: GetMainCharacter2() returned 00000000
RefreshView: Cannot render observer2 - observer2=00000000, character2=00000000
RefreshView: About to render UI overlay
RefreshView: UI overlay rendering completed
RefreshView: EXITING e3DView block
RefreshView: About to call Unlock()
RefreshView: Unlock() succeeded
RefreshView: EXITING (success)
RefreshView: ENTERED
RefreshView: Unlock() succeeded
RefreshView: mVideoBuffer = 016895F8
RefreshView: About to call Lock()
RefreshView: Lock() succeeded
RefreshView: ENTERING e3DView block
RefreshView: In e3DView mode
RefreshView: mClrScrTodo=0
RefreshView: mObserver1=0169E528
RefreshView: GetMainCharacter() returned 0169AB70
RefreshView: About to call Observer1 RenderNormalDisplay
RefreshView: EXITING (success)
ReadAssyncInputControler: ENTRY, mCurrentSession=016A3100
ReadAssyncInputControler: Session valid, checking controls
ReadAssyncInput: mMotorOn1=28, Shift check result=0
RefreshView: ENTERED
RefreshView: mVideoBuffer = 016895F8
RefreshView: About to call Lock()
RefreshView: Lock() succeeded
RefreshView: ENTERING e3DView block
RefreshView: In e3DView mode
RefreshView: mClrScrTodo=0
RefreshView: mObserver1=0169E528
RefreshView: GetMainCharacter() returned 0169AB70
RefreshView: About to call Observer1 RenderNormalDisplay
RefreshView: Observer1 RenderNormalDisplay completed
RefreshView: mObserver2=00000000
RefreshView: GetMainCharacter2() returned 00000000
RefreshView: Cannot render observer2 - observer2=00000000, character2=00000000
RefreshView: About to render UI overlay
RefreshView: UI overlay rendering completed
RefreshView: EXITING e3DView block
RefreshView: About to call Unlock()
RefreshView: Observer1 RenderNormalDisplay completed
RefreshView: mObserver2=00000000
RefreshView: GetMainCharacter2() returned 00000000
RefreshView: Cannot render observer2 - observer2=00000000, character2=00000000
RefreshView: About to render UI overlay
RefreshView: UI overlay rendering completed
RefreshView: EXITING e3DView block
RefreshView: About to call Unlock()
RefreshView: Unlock() succeeded
RefreshView: EXITING (success)
ReadAssyncInputControler: ENTRY, mCurrentSession=016A3100
ReadAssyncInputControler: Session valid, checking controls
ReadAssyncInput: mMotorOn1=28, Shift check result=0
RefreshView: ENTERED
RefreshView: mVideoBuffer = 016895F8
RefreshView: About to call Lock()
RefreshView: Lock() succeeded
RefreshView: ENTERING e3DView block
RefreshView: In e3DView mode
RefreshView: Unlock() succeeded
RefreshView: EXITING (success)
RefreshView: mClrScrTodo=0
RefreshView: mObserver1=0169E528
RefreshView: ENTERED
RefreshView: GetMainCharacter() returned 0169AB70
RefreshView: mVideoBuffer = 016895F8
RefreshView: About to call Lock()
RefreshView: About to call Observer1 RenderNormalDisplay
RefreshView: Lock() succeeded
RefreshView: CAUGHT EXCEPTION in rendering pipeline, attempting Unlock()
RefreshView: ENTERING e3DView block
RefreshView: In e3DView mode
RefreshView: mClrScrTodo=0
RefreshView: mObserver1=0169E528
RefreshView: GetMainCharacter() returned 0169AB70
RefreshView: About to call Observer1 RenderNormalDisplay
RefreshView: Observer1 RenderNormalDisplay completed
RefreshView: mObserver2=00000000
RefreshView: GetMainCharacter2() returned 00000000
RefreshView: Cannot render observer2 - observer2=00000000, character2=00000000
RefreshView: About to render UI overlay
RefreshView: Emergency Unlock() succeeded
RefreshView: EXITING (success)
ReadAssyncInputControler: ENTRY, mCurrentSession=016A3100
ReadAssyncInputControler: Session valid, checking controls
ReadAssyncInput: mMotorOn1=28, Shift check result=0
RefreshView: ENTERED
RefreshView: UI overlay rendering completed
RefreshView: mVideoBuffer = 016895F8
RefreshView: EXITING e3DView block
RefreshView: About to call Lock()
RefreshView: About to call Unlock()
RefreshView: Lock() succeeded

RefreshView: EXITING (success)
ock
RefreshView: In e3DView mode
RefreshView: ENTERED
RefreshView: mClrScrTodo=0
RefreshView: mVideoBuffer = 016895F8
RefreshView: mObserver1=0169E528
RefreshView: About to call Lock()
RefreshView: GetMainCharacter() returned 0169AB70
RefreshView: About to call Observer1 RenderNormalDisplay
RefreshView: Lock() succeeded
RefreshView: ENTERING e3DView block
RefreshView: In e3DView mode
RefreshView: mClrScrTodo=0
RefreshView: mObserver1=0169E528
RefreshView: GetMainCharacter() returned 0169AB70
RefreshView: About to call Observer1 RenderNormalDisplay
RefreshView: Observer1 RenderNormalDisplay completed
RefreshView: mObserver2=00000000
RefreshView: GetMainCharacter2() returned 00000000
RefreshView: Cannot render observer2 - observer2=00000000, character2=00000000
RefreshView: About to render UI overlay
RefreshView: Observer1 RenderNormalDisplay completed
RefreshView: UI overlay rendering completed
RefreshView: GetMainCharacter2() returned 00000000
RefreshView: Cannot render observer2 - observer2=00000000, character2=00000000
RefreshView: About to render UI overlay
RefreshView: UI overlay rendering completed
RefreshView: EXITING e3DView block
RefreshView: About to call Unlock()
RefreshView: Unlock() succeeded
RefreshView: EXITING (success)
RefreshView: ENTERED
RefreshView: mVideoBuffer = 016895F8
RefreshView: About to call Lock()
RefreshView: Lock() succeeded
RefreshView: ENTERING e3DView block
RefreshView: In e3DView mode
RefreshView: mClrScrTodo=0
RefreshView: mObserver1=0169E528
RefreshView: GetMainCharacter() returned 0169AB70
RefreshView: About to call Observer1 RenderNormalDisplay
RefreshView: Unlock() succeeded
RefreshView: EXITING (success)
ReadAssyncInputControler: ENTRY, mCurrentSession=016A3100
ReadAssyncInputControler: Session valid, checking controls
ReadAssyncInput: mMotorOn1=28, Shift check result=0
RefreshView: ENTERED
RefreshView: mVideoBuffer = 016895F8
RefreshView: About to call Lock()
RefreshView: Lock() succeeded
RefreshView: ENTERING e3DView block
RefreshView: In e3DView mode
RefreshView: Observer1 RenderNormalDisplay completed
RefreshView: mClrScrTodo=0
RefreshView: mObserver2=00000000
RefreshView: mObserver1=0169E528
RefreshView: GetMainCharacter2() returned 00000000
RefreshView: GetMainCharacter() returned 0169AB70
RefreshView: Cannot render observer2 - observer2=00000000, character2=00000000
RefreshView: About to call Observer1 RenderNormalDisplay
RefreshView: About to render UI overlay
RefreshView: UI overlay rendering completed
RefreshView: EXITING e3DView block
RefreshView: About to call Unlock()
RefreshView: Observer1 RenderNormalDisplay completed
RefreshView: mObserver2=00000000
RefreshView: GetMainCharacter2() returned 00000000
RefreshView: Cannot render observer2 - observer2=00000000, character2=00000000
RefreshView: About to render UI overlay
RefreshView: UI overlay rendering completed
RefreshView: EXITING e3DView block
RefreshView: About to call Unlock()
RefreshView: Unlock() succeeded
RefreshView: EXITING (success)
RefreshView: Unlock() succeeded
mCurrentSession=016A3100
ReadAssyncInputControler: Session valid, checking controls
RefreshView: EXITING (success)
ReadAssyncInput: mMotorOn1=28, Shift check result=0
RefreshView: ENTERED
RefreshView: ENTERED
RefreshView: mVideoBuffer = 016895F8
RefreshView: mVideoBuffer = 016895F8
RefreshView: About to call Lock()
RefreshView: About to call Lock()
RefreshView: Lock() succeeded
RefreshView: ENTERING e3DView block
RefreshView: In e3DView mode
RefreshView: mClrScrTodo=0
RefreshView: mClrScrTodo=0
RefreshView: mObserver1=0169E528
RefreshView: mObserver1=0169E528
RefreshView: GetMainCharacter() returned 0169AB70
RefreshView: About to call Observer1 RenderNormalDisplay
RefreshView: About to call Observer1 RenderNormalDisplay
RefreshView: Observer1 RenderNormalDisplay completed
RefreshView: mObserver2=00000000
RefreshView: GetMainCharacter2() returned 00000000
RefreshView: Cannot render observer2 - observer2=00000000, character2=00000000
RefreshView: Observer1 RenderNormalDisplay completed
RefreshView: About to render UI overlay
RefreshView: mObserver2=00000000
RefreshView: UI overlay rendering completed
RefreshView: GetMainCharacter2() returned 00000000
RefreshView: EXITING e3DView block
RefreshView: Cannot render observer2 - observer2=00000000, character2=00000000
RefreshView: About to call Unlock()
RefreshView: About to render UI overlay
RefreshView: UI overlay rendering completed
RefreshView: EXITING e3DView block
RefreshView: About to call Unlock()
RefreshView: Unlock() succeeded
RefreshView: EXITING (success)
RefreshView: ENTERED
RefreshView: mVideoBuffer = 016895F8
RefreshView: About to call Lock()
RefreshView: Lock() succeeded
RefreshView: ENTERING e3DView block
RefreshView: In e3DView mode
RefreshView: mClrScrTodo=0
RefreshView: mObserver1=0169E528
RefreshView: GetMainCharacter() returned 0169AB70
RefreshView: About to call Observer1 RenderNormalDisplay
RefreshView: Unlock() succeeded
RefreshView: EXITING (success)
ReadAssyncInputControler: ENTRY, mCurrentSession=016A3100
ReadAssyncInputControler: Session valid, checking controls
RefreshView: CAUGHT EXCEPTION in rendering pipeline, attempting Unlock()
RefreshView: ENTERED
RefreshView: Emergency Unlock() succeeded
RefreshView: About to call Lock()
RefreshView: ENTERED
RefreshView: mVideoBuffer = 016895F8
RefreshView: About to call Lock()
RefreshView: Lock() succeeded
RefreshView: ENTERING e3DView block
RefreshView: In e3DView mode
RefreshView: mClrScrTodo=0
d
RefreshView: mObserver1=0169E528
RefreshView: ENTERING e3DView block
RefreshView: GetMainCharacter() returned 0169AB70
RefreshView: mClrScrTodo=0
RefreshView: About to call Observer1 RenderNormalDisplay
RefreshView: mObserver1=0169E528
RefreshView: GetMainCharacter() returned 0169AB70
RefreshView: About to call Observer1 RenderNormalDisplay
RefreshView: Observer1 RenderNormalDisplay completed
RefreshView: mObserver2=00000000
RefreshView: GetMainCharacter2() returned 00000000

RefreshView: mObserver2=00000000
RefreshView: Cannot render observer2 - observer2=00000000, character2=00000000
RefreshView: GetMainCharacter2() returned 00000000
RefreshView: About to render UI overlay
RefreshView: Cannot render observer2 - observer2=00000000, character2=00000000
RefreshView: UI overlay rendering completed
RefreshView: About to render UI overlay
RefreshView: EXITING e3DView block
RefreshView: UI overlay rendering completed
RefreshView: About to call Unlock()
RefreshView: EXITING e3DView block
RefreshView: About to call Unlock()
RefreshView: Unlock() succeeded
RefreshView: EXITING (success)
RefreshView: ENTERED
RefreshView: mVideoBuffer = 016895F8
RefreshView: About to call Lock()
RefreshView: Lock() succeeded
RefreshView: ENTERING e3DView block
RefreshView: In e3DView mode
RefreshView: mClrScrTodo=0
RefreshView: mObserver1=0169E528
RefreshView: EXITING (success)
RefreshView: GetMainCharacter() returned 0169AB70
ReadAssyncInputControler: ENTRY, mCurrentSession=016A3100
RefreshView: About to call Observer1 RenderNormalDisplay
ReadAssyncInputControler: Session valid, checking controls
ReadAssyncInput: mMotorOn1=28, Shift check result=0
RefreshView: ENTERED
RefreshView: mVideoBuffer = 016895F8
RefreshView: About to call Lock()
RefreshView: CAUGHT EXCEPTION in rendering pipeline, attempting Unlock()
RefreshView: Lock() succeeded
RefreshView: ENTERING e3DView block
RefreshView: In e3DView mode
RefreshView: mClrScrTodo=0
RefreshView: mObserver1=0169E528
RefreshView: GetMainCharacter() returned 0169AB70
RefreshView: About to call Observer1 RenderNormalDisplay
RefreshView: Observer1 RenderNormalDisplay completed
RefreshView: mObserver2=00000000
cceeded
RefreshView: GetMainCharacter2() returned 00000000
RefreshView: EXITING (success)
RefreshView: Cannot render observer2 - observer2=00000000, character2=00000000
RefreshView: About to render UI overlay
RefreshView: mVideoBuffer = 016895F8
RefreshView: About to call Lock()
RefreshView: UI overlay rendering completed
RefreshView: Lock() succeeded
RefreshView: EXITING e3DView block
RefreshView: ENTERING e3DView block
RefreshView: About to call Unlock()
RefreshView: mClrScrTodo=0
RefreshView: mObserver1=0169E528
RefreshView: GetMainCharacter() returned 0169AB70
RefreshView: About to call Observer1 RenderNormalDisplay
RefreshView: Observer1 RenderNormalDisplay completed
RefreshView: mObserver2=00000000
RefreshView: GetMainCharacter2() returned 00000000
RefreshView: Cannot render observer2 - observer2=00000000, character2=00000000
RefreshView: Unlock() succeeded
RefreshView: About to render UI overlay
RefreshView: EXITING (success)
ReadAssyncInputControler: ENTRY, mCurrentSession=016A3100
ReadAssyncInputControler: Session valid, checking controls
ReadAssyncInput: mMotorOn1=28, Shift check result=0
RefreshView: ENTERED
RefreshView: mVideoBuffer = 016895F8
RefreshView: About to call Lock()
RefreshView: UI overlay rendering completed
RefreshView: EXITING e3DView block
RefreshView: About to call Unlock()
RefreshView: Lock() succeeded
RefreshView: ENTERING e3DView block
RefreshView: In e3DView mode
RefreshView: mClrScrTodo=0
RefreshView: mObserver1=0169E528
RefreshView: GetMainCharacter() returned 0169AB70
RefreshView: About to call Observer1 RenderNormalDisplay
RefreshView: Observer1 RenderNormalDisplay completed
RefreshView: Unlock() succeeded
RefreshView: mObserver2=00000000
RefreshView: EXITING (success)
RefreshView: GetMainCharacter2() returned 00000000
RefreshView: Cannot render observer2 - observer2=00000000, character2=00000000
RefreshView: ENTERED
RefreshView: About to render UI overlay
RefreshView: mVideoBuffer = 016895F8
RefreshView: About to call Lock()
RefreshView: Lock() succeeded
RefreshView: UI overlay rendering completed
RefreshView: ENTERING e3DView block
RefreshView: EXITING e3DView block
RefreshView: In e3DView mode
ock()
RefreshView: mClrScrTodo=0
RefreshView: mObserver1=0169E528
RefreshView: GetMainCharacter() returned 0169AB70
RefreshView: About to call Observer1 RenderNormalDisplay
RefreshView: Observer1 RenderNormalDisplay completed
RefreshView: mObserver2=00000000
RefreshView: GetMainCharacter2() returned 00000000
RefreshView: Cannot render observer2 - observer2=00000000, character2=00000000
RefreshView: About to render UI overlay
RefreshView: UI overlay rendering completed
RefreshView: EXITING e3DView block
RefreshView: About to call Unlock()
RefreshView: Unlock() succeeded
RefreshView: EXITING (success)
ReadAssyncInputControler: ENTRY, mCurrentSession=016A3100
RefreshView: Unlock() succeeded
ReadAssyncInputControler: Session valid, checking controls
RefreshView: EXITING (success)
ReadAssyncInput: mMotorOn1=28, Shift check result=0
RefreshView: ENTERED
RefreshView: mVideoBuffer = 016895F8
RefreshView: About to call Lock()
RefreshView: Lock() succeeded
RefreshView: ENTERING e3DView block
RefreshView: ENTERING e3DView block
RefreshView: In e3DView mode
RefreshView: In e3DView mode
RefreshView: mClrScrTodo=0
RefreshView: mClrScrTodo=0
RefreshView: mObserver1=0169E528
RefreshView: GetMainCharacter() returned 0169AB70
RefreshView: About to call Observer1 RenderNormalDisplay
