
========== MR_InitModule Called ==========
Module handle: 0x798E0000
Module path: C:\originalhr2\HoverRaceAI\Release\ObjFac1.dll
Attempting to load resource file: C:\originalhr2\HoverRaceAI\Release\ObjFac1.dat
SUCCESS: ObjFac1 resources loaded successfully
gObjectFactoryData: 0x00A20C98
========== MR_InitModule Complete ==========

========== MR_InitModule Called ==========
Module handle: 0x798E0000
Module path: C:\originalhr2\HoverRaceAI\Release\ObjFac1.dll
Attempting to load resource file: C:\originalhr2\HoverRaceAI\Release\ObjFac1.dat
SUCCESS: ObjFac1 resources loaded successfully
gObjectFactoryData: 0x0164F3B0
========== MR_InitModule Complete ==========

========== MR_InitModule Called ==========
Module handle: 0x78510000
Module path: C:\originalhr2\HoverRaceAI\Release\ObjFac1.dll
Attempting to load resource file: C:\originalhr2\HoverRaceAI\Release\ObjFac1.dat
SUCCESS: ObjFac1 resources loaded successfully
gObjectFactoryData: 0x015A07E8
========== MR_InitModule Complete ==========

========== MR_InitModule Called ==========
Module handle: 0x78510000
Module path: C:\originalhr2\HoverRaceAI\Release\ObjFac1.dll
Attempting to load resource file: C:\originalhr2\HoverRaceAI\Release\ObjFac1.dat
SUCCESS: ObjFac1 resources loaded successfully
gObjectFactoryData: 0x00E9B240
========== MR_InitModule Complete ==========

========== MR_InitModule Called ==========
Module handle: 0x78510000
Module path: C:\originalhr2\HoverRaceAI\Release\ObjFac1.dll
Attempting to load resource file: C:\originalhr2\HoverRaceAI\Release\ObjFac1.dat
SUCCESS: ObjFac1 resources loaded successfully
gObjectFactoryData: 0x00A91CA8
========== MR_InitModule Complete ==========

========== MR_InitModule Called ==========
Module handle: 0x78510000
Module path: C:\originalhr2\HoverRaceAI\Release\ObjFac1.dll
Attempting to load resource file: C:\originalhr2\HoverRaceAI\Release\ObjFac1.dat
SUCCESS: ObjFac1 resources loaded successfully
gObjectFactoryData: 0x00E4CC10
========== MR_InitModule Complete ==========

========== MR_InitModule Called ==========
Module handle: 0x77780000
Module path: C:\originalhr2\HoverRaceAI\Release\ObjFac1.dll
Attempting to load resource file: C:\originalhr2\HoverRaceAI\Release\ObjFac1.dat
SUCCESS: ObjFac1 resources loaded successfully
gObjectFactoryData: 0x01302CE0
========== MR_InitModule Complete ==========

========== MR_InitModule Called ==========
Module handle: 0x77780000
Module path: C:\originalhr2\HoverRaceAI\Release\ObjFac1.dll
Attempting to load resource file: C:\originalhr2\HoverRaceAI\Release\ObjFac1.dat
SUCCESS: ObjFac1 resources loaded successfully
gObjectFactoryData: 0x0129FC50
========== MR_InitModule Complete ==========

========== MR_InitModule Called ==========
Module handle: 0x77780000
Module path: C:\originalhr2\HoverRaceAI\Release\ObjFac1.dll
Attempting to load resource file: C:\originalhr2\HoverRaceAI\Release\ObjFac1.dat
SUCCESS: ObjFac1 resources loaded successfully
gObjectFactoryData: 0x012704D0
========== MR_InitModule Complete ==========

========== MR_InitModule Called ==========
Module handle: 0x77780000
Module path: C:\originalhr2\HoverRaceAI\Release\ObjFac1.dll
Attempting to load resource file: C:\originalhr2\HoverRaceAI\Release\ObjFac1.dat
SUCCESS: ObjFac1 resources loaded successfully
gObjectFactoryData: 0x0083EDE8
========== MR_InitModule Complete ==========

========== MR_InitModule Called ==========
Module handle: 0x77780000
Module path: C:\originalhr2\HoverRaceAI\Release\ObjFac1.dll
Attempting to load resource file: C:\originalhr2\HoverRaceAI\Release\ObjFac1.dat
SUCCESS: ObjFac1 resources loaded successfully
gObjectFactoryData: 0x00AE1520
========== MR_InitModule Complete ==========

========== MR_InitModule Called ==========
Module handle: 0x77780000
Module path: C:\originalhr2\HoverRaceAI\Release\ObjFac1.dll
Attempting to load resource file: C:\originalhr2\HoverRaceAI\Release\ObjFac1.dat
SUCCESS: ObjFac1 resources loaded successfully
gObjectFactoryData: 0x00CB31A0
========== MR_InitModule Complete ==========

========== MR_InitModule Called ==========
Module handle: 0x77780000
Module path: C:\originalhr2\HoverRaceAI\Release\ObjFac1.dll
Attempting to load resource file: C:\originalhr2\HoverRaceAI\Release\ObjFac1.dat
SUCCESS: ObjFac1 resources loaded successfully
gObjectFactoryData: 0x00E211B0
========== MR_InitModule Complete ==========

========== MR_InitModule Called ==========
Module handle: 0x77780000
Module path: C:\originalhr2\HoverRaceAI\Release\ObjFac1.dll
Attempting to load resource file: C:\originalhr2\HoverRaceAI\Release\ObjFac1.dat
SUCCESS: ObjFac1 resources loaded successfully
gObjectFactoryData: 0x00AA2EB0
========== MR_InitModule Complete ==========

========== MR_InitModule Called ==========
Module handle: 0x779B0000
Module path: C:\originalhr2\HoverRaceAI\Release\ObjFac1.dll
Attempting to load resource file: C:\originalhr2\HoverRaceAI\Release\ObjFac1.dat
SUCCESS: ObjFac1 resources loaded successfully
gObjectFactoryData: 0x00DE02B0
========== MR_InitModule Complete ==========

========== MR_InitModule Called ==========
Module handle: 0x779B0000
Module path: C:\originalhr2\HoverRaceAI\Release\ObjFac1.dll
Attempting to load resource file: C:\originalhr2\HoverRaceAI\Release\ObjFac1.dat
SUCCESS: ObjFac1 resources loaded successfully
gObjectFactoryData: 0x010322D0
========== MR_InitModule Complete ==========

========== MR_InitModule Called ==========
Module handle: 0x777A0000
Module path: C:\originalhr2\HoverRaceAI\Release\ObjFac1.dll
Attempting to load resource file: C:\originalhr2\HoverRaceAI\Release\ObjFac1.dat
SUCCESS: ObjFac1 resources loaded successfully
gObjectFactoryData: 0x013DB2A8
========== MR_InitModule Complete ==========

========== MR_InitModule Called ==========
Module handle: 0x777A0000
Module path: C:\originalhr2\HoverRaceAI\Release\ObjFac1.dll
Attempting to load resource file: C:\originalhr2\HoverRaceAI\Release\ObjFac1.dat
SUCCESS: ObjFac1 resources loaded successfully
gObjectFactoryData: 0x01340540
========== MR_InitModule Complete ==========

========== MR_InitModule Called ==========
Module handle: 0x777A0000
Module path: C:\originalhr2\HoverRaceAI\Release\ObjFac1.dll
Attempting to load resource file: C:\originalhr2\HoverRaceAI\Release\ObjFac1.dat
SUCCESS: ObjFac1 resources loaded successfully
gObjectFactoryData: 0x01367318
========== MR_InitModule Complete ==========

========== MR_InitModule Called ==========
Module handle: 0x777A0000
Module path: C:\originalhr2\HoverRaceAI\Release\ObjFac1.dll
Attempting to load resource file: C:\originalhr2\HoverRaceAI\Release\ObjFac1.dat
SUCCESS: ObjFac1 resources loaded successfully
gObjectFactoryData: 0x00B662D0
========== MR_InitModule Complete ==========

========== MR_InitModule Called ==========
Module handle: 0x777A0000
Module path: C:\originalhr2\HoverRaceAI\Release\ObjFac1.dll
Attempting to load resource file: C:\originalhr2\HoverRaceAI\Release\ObjFac1.dat
SUCCESS: ObjFac1 resources loaded successfully
gObjectFactoryData: 0x00F31308
========== MR_InitModule Complete ==========

========== MR_InitModule Called ==========
Module handle: 0x507B0000
Module path: C:\originalhr2\HoverRaceAI\Release\ObjFac1.dll
Attempting to load resource file: C:\originalhr2\HoverRaceAI\Release\ObjFac1.dat
SUCCESS: ObjFac1 resources loaded successfully
gObjectFactoryData: 0x010212C0
========== MR_InitModule Complete ==========

========== MR_InitModule Called ==========
Module handle: 0x50690000
Module path: C:\originalhr2\HoverRaceAI\Release\ObjFac1.dll
Attempting to load resource file: C:\originalhr2\HoverRaceAI\Release\ObjFac1.dat
SUCCESS: ObjFac1 resources loaded successfully
gObjectFactoryData: 0x00751028
========== MR_InitModule Complete ==========

========== MR_InitModule Called ==========
Module handle: 0x50690000
Module path: C:\originalhr2\HoverRaceAI\Release\ObjFac1.dll
Attempting to load resource file: C:\originalhr2\HoverRaceAI\Release\ObjFac1.dat
SUCCESS: ObjFac1 resources loaded successfully
gObjectFactoryData: 0x00D2D688
========== MR_InitModule Complete ==========

========== MR_InitModule Called ==========
Module handle: 0x50690000
Module path: C:\originalhr2\HoverRaceAI\Release\ObjFac1.dll
Attempting to load resource file: C:\originalhr2\HoverRaceAI\Release\ObjFac1.dat
SUCCESS: ObjFac1 resources loaded successfully
gObjectFactoryData: 0x010BBF50
========== MR_InitModule Complete ==========

========== MR_InitModule Called ==========
Module handle: 0x507B0000
Module path: C:\originalhr2\HoverRaceAI\Release\ObjFac1.dll
Attempting to load resource file: C:\originalhr2\HoverRaceAI\Release\ObjFac1.dat
SUCCESS: ObjFac1 resources loaded successfully
gObjectFactoryData: 0x015C5D68
========== MR_InitModule Complete ==========

========== MR_InitModule Called ==========
Module handle: 0x507B0000
Module path: C:\originalhr2\HoverRaceAI\Release\ObjFac1.dll
Attempting to load resource file: C:\originalhr2\HoverRaceAI\Release\ObjFac1.dat
SUCCESS: ObjFac1 resources loaded successfully
gObjectFactoryData: 0x01147F28
========== MR_InitModule Complete ==========

========== MR_InitModule Called ==========
Module handle: 0x507B0000
Module path: C:\originalhr2\HoverRaceAI\Release\ObjFac1.dll
Attempting to load resource file: C:\originalhr2\HoverRaceAI\Release\ObjFac1.dat
SUCCESS: ObjFac1 resources loaded successfully
gObjectFactoryData: 0x00A87008
========== MR_InitModule Complete ==========

========== MR_InitModule Called ==========
Module handle: 0x507B0000
Module path: C:\originalhr2\HoverRaceAI\Release\ObjFac1.dll
Attempting to load resource file: C:\originalhr2\HoverRaceAI\Release\ObjFac1.dat
SUCCESS: ObjFac1 resources loaded successfully
gObjectFactoryData: 0x015FF388
========== MR_InitModule Complete ==========

========== MR_InitModule Called ==========
Module handle: 0x507B0000
Module path: C:\originalhr2\HoverRaceAI\Release\ObjFac1.dll
Attempting to load resource file: C:\originalhr2\HoverRaceAI\Release\ObjFac1.dat
SUCCESS: ObjFac1 resources loaded successfully
gObjectFactoryData: 0x00C0D0E8
========== MR_InitModule Complete ==========

========== MR_InitModule Called ==========
Module handle: 0x507B0000
Module path: C:\originalhr2\HoverRaceAI\Release\ObjFac1.dll
Attempting to load resource file: C:\originalhr2\HoverRaceAI\Release\ObjFac1.dat
SUCCESS: ObjFac1 resources loaded successfully
gObjectFactoryData: 0x007A8C08
========== MR_InitModule Complete ==========

========== MR_InitModule Called ==========
Module handle: 0x507B0000
Module path: C:\originalhr2\HoverRaceAI\Release\ObjFac1.dll
Attempting to load resource file: C:\originalhr2\HoverRaceAI\Release\ObjFac1.dat
SUCCESS: ObjFac1 resources loaded successfully
gObjectFactoryData: 0x01296248
========== MR_InitModule Complete ==========

========== MR_InitModule Called ==========
Module handle: 0x507B0000
Module path: C:\originalhr2\HoverRaceAI\Release\ObjFac1.dll
Attempting to load resource file: C:\originalhr2\HoverRaceAI\Release\ObjFac1.dat
SUCCESS: ObjFac1 resources loaded successfully
gObjectFactoryData: 0x01400F50
========== MR_InitModule Complete ==========

========== MR_InitModule Called ==========
Module handle: 0x507B0000
Module path: C:\originalhr2\HoverRaceAI\Release\ObjFac1.dll
Attempting to load resource file: C:\originalhr2\HoverRaceAI\Release\ObjFac1.dat
SUCCESS: ObjFac1 resources loaded successfully
gObjectFactoryData: 0x011C7B38
========== MR_InitModule Complete ==========

========== MR_InitModule Called ==========
Module handle: 0x507B0000
Module path: C:\originalhr2\HoverRaceAI\Release\ObjFac1.dll
Attempting to load resource file: C:\originalhr2\HoverRaceAI\Release\ObjFac1.dat
SUCCESS: ObjFac1 resources loaded successfully
gObjectFactoryData: 0x00B02000
========== MR_InitModule Complete ==========

========== MR_InitModule Called ==========
Module handle: 0x507B0000
Module path: C:\originalhr2\HoverRaceAI\Release\ObjFac1.dll
Attempting to load resource file: C:\originalhr2\HoverRaceAI\Release\ObjFac1.dat
SUCCESS: ObjFac1 resources loaded successfully
gObjectFactoryData: 0x0065FCC8
========== MR_InitModule Complete ==========

========== MR_InitModule Called ==========
Module handle: 0x507B0000
Module path: C:\originalhr2\HoverRaceAI\Release\ObjFac1.dll
Attempting to load resource file: C:\originalhr2\HoverRaceAI\Release\ObjFac1.dat
SUCCESS: ObjFac1 resources loaded successfully
gObjectFactoryData: 0x00C77EA0
========== MR_InitModule Complete ==========

========== MR_InitModule Called ==========
Module handle: 0x507B0000
Module path: C:\originalhr2\HoverRaceAI\Release\ObjFac1.dll
Attempting to load resource file: C:\originalhr2\HoverRaceAI\Release\ObjFac1.dat
SUCCESS: ObjFac1 resources loaded successfully
gObjectFactoryData: 0x00DE19B8
========== MR_InitModule Complete ==========

========== MR_InitModule Called ==========
Module handle: 0x507B0000
Module path: C:\originalhr2\HoverRaceAI\Release\ObjFac1.dll
Attempting to load resource file: C:\originalhr2\HoverRaceAI\Release\ObjFac1.dat
SUCCESS: ObjFac1 resources loaded successfully
gObjectFactoryData: 0x00D22110
========== MR_InitModule Complete ==========

========== MR_InitModule Called ==========
Module handle: 0x507B0000
Module path: C:\originalhr2\HoverRaceAI\Release\ObjFac1.dll
Attempting to load resource file: C:\originalhr2\HoverRaceAI\Release\ObjFac1.dat
SUCCESS: ObjFac1 resources loaded successfully
gObjectFactoryData: 0x016908C0
========== MR_InitModule Complete ==========

========== MR_InitModule Called ==========
Module handle: 0x507B0000
Module path: C:\originalhr2\HoverRaceAI\Release\ObjFac1.dll
Attempting to load resource file: C:\originalhr2\HoverRaceAI\Release\ObjFac1.dat
SUCCESS: ObjFac1 resources loaded successfully
gObjectFactoryData: 0x00EB0798
========== MR_InitModule Complete ==========

========== MR_InitModule Called ==========
Module handle: 0x507B0000
Module path: C:\originalhr2\HoverRaceAI\Release\ObjFac1.dll
Attempting to load resource file: C:\originalhr2\HoverRaceAI\Release\ObjFac1.dat
SUCCESS: ObjFac1 resources loaded successfully
gObjectFactoryData: 0x010321E8
========== MR_InitModule Complete ==========

========== MR_InitModule Called ==========
Module handle: 0x507B0000
Module path: C:\originalhr2\HoverRaceAI\Release\ObjFac1.dll
Attempting to load resource file: C:\originalhr2\HoverRaceAI\Release\ObjFac1.dat
SUCCESS: ObjFac1 resources loaded successfully
gObjectFactoryData: 0x006E2790
========== MR_InitModule Complete ==========

========== MR_InitModule Called ==========
Module handle: 0x507B0000
Module path: C:\originalhr2\HoverRaceAI\Release\ObjFac1.dll
Attempting to load resource file: C:\originalhr2\HoverRaceAI\Release\ObjFac1.dat
SUCCESS: ObjFac1 resources loaded successfully
gObjectFactoryData: 0x01212A58
========== MR_InitModule Complete ==========

========== MR_InitModule Called ==========
Module handle: 0x507B0000
Module path: C:\originalhr2\HoverRaceAI\Release\ObjFac1.dll
Attempting to load resource file: C:\originalhr2\HoverRaceAI\Release\ObjFac1.dat
SUCCESS: ObjFac1 resources loaded successfully
gObjectFactoryData: 0x0108B2B0
========== MR_InitModule Complete ==========

========== MR_InitModule Called ==========
Module handle: 0x507B0000
Module path: C:\originalhr2\HoverRaceAI\Release\ObjFac1.dll
Attempting to load resource file: C:\originalhr2\HoverRaceAI\Release\ObjFac1.dat
SUCCESS: ObjFac1 resources loaded successfully
gObjectFactoryData: 0x00B63B78
========== MR_InitModule Complete ==========

========== MR_InitModule Called ==========
Module handle: 0x507B0000
Module path: C:\originalhr2\HoverRaceAI\Release\ObjFac1.dll
Attempting to load resource file: C:\originalhr2\HoverRaceAI\Release\ObjFac1.dat
SUCCESS: ObjFac1 resources loaded successfully
gObjectFactoryData: 0x0166AB08
========== MR_InitModule Complete ==========

========== MR_InitModule Called ==========
Module handle: 0x507D0000
Module path: C:\originalhr2\HoverRaceAI\Release\ObjFac1.dll
Attempting to load resource file: C:\originalhr2\HoverRaceAI\Release\ObjFac1.dat
SUCCESS: ObjFac1 resources loaded successfully
gObjectFactoryData: 0x0067CE28
========== MR_InitModule Complete ==========

========== MR_InitModule Called ==========
Module handle: 0x507B0000
Module path: C:\originalhr2\HoverRaceAI\Release\ObjFac1.dll
Attempting to load resource file: C:\originalhr2\HoverRaceAI\Release\ObjFac1.dat
SUCCESS: ObjFac1 resources loaded successfully
gObjectFactoryData: 0x015D9A40
========== MR_InitModule Complete ==========

========== MR_InitModule Called ==========
Module handle: 0x507B0000
Module path: C:\originalhr2\HoverRaceAI\Release\ObjFac1.dll
Attempting to load resource file: C:\originalhr2\HoverRaceAI\Release\ObjFac1.dat
SUCCESS: ObjFac1 resources loaded successfully
gObjectFactoryData: 0x015E32F0
========== MR_InitModule Complete ==========

========== MR_InitModule Called ==========
Module handle: 0x507B0000
Module path: C:\originalhr2\HoverRaceAI\Release\ObjFac1.dll
Attempting to load resource file: C:\originalhr2\HoverRaceAI\Release\ObjFac1.dat
SUCCESS: ObjFac1 resources loaded successfully
gObjectFactoryData: 0x01090FB8
========== MR_InitModule Complete ==========

========== MR_InitModule Called ==========
Module handle: 0x507B0000
Module path: C:\originalhr2\HoverRaceAI\Release\ObjFac1.dll
Attempting to load resource file: C:\originalhr2\HoverRaceAI\Release\ObjFac1.dat
SUCCESS: ObjFac1 resources loaded successfully
gObjectFactoryData: 0x006210A8
========== MR_InitModule Complete ==========

========== MR_InitModule Called ==========
Module handle: 0x507B0000
Module path: C:\originalhr2\HoverRaceAI\Release\ObjFac1.dll
Attempting to load resource file: C:\originalhr2\HoverRaceAI\Release\ObjFac1.dat
SUCCESS: ObjFac1 resources loaded successfully
gObjectFactoryData: 0x0117D7F0
========== MR_InitModule Complete ==========

========== MR_InitModule Called ==========
Module handle: 0x507B0000
Module path: C:\originalhr2\HoverRaceAI\Release\ObjFac1.dll
Attempting to load resource file: C:\originalhr2\HoverRaceAI\Release\ObjFac1.dat
SUCCESS: ObjFac1 resources loaded successfully
gObjectFactoryData: 0x015F09E0
========== MR_InitModule Complete ==========

========== MR_InitModule Called ==========
Module handle: 0x507B0000
Module path: C:\originalhr2\HoverRaceAI\Release\ObjFac1.dll
Attempting to load resource file: C:\originalhr2\HoverRaceAI\Release\ObjFac1.dat
SUCCESS: ObjFac1 resources loaded successfully
gObjectFactoryData: 0x00AF0468
========== MR_InitModule Complete ==========

========== MR_InitModule Called ==========
Module handle: 0x507B0000
Module path: C:\originalhr2\HoverRaceAI\Release\ObjFac1.dll
Attempting to load resource file: C:\originalhr2\HoverRaceAI\Release\ObjFac1.dat
SUCCESS: ObjFac1 resources loaded successfully
gObjectFactoryData: 0x00D6E580
========== MR_InitModule Complete ==========

========== MR_InitModule Called ==========
Module handle: 0x507B0000
Module path: C:\originalhr2\HoverRaceAI\Release\ObjFac1.dll
Attempting to load resource file: C:\originalhr2\HoverRaceAI\Release\ObjFac1.dat
SUCCESS: ObjFac1 resources loaded successfully
gObjectFactoryData: 0x00920450
========== MR_InitModule Complete ==========

========== MR_InitModule Called ==========
Module handle: 0x507B0000
Module path: C:\originalhr2\HoverRaceAI\Release\ObjFac1.dll
Attempting to load resource file: C:\originalhr2\HoverRaceAI\Release\ObjFac1.dat
SUCCESS: ObjFac1 resources loaded successfully
gObjectFactoryData: 0x015FCBC0
========== MR_InitModule Complete ==========

========== MR_InitModule Called ==========
Module handle: 0x507B0000
Module path: C:\originalhr2\HoverRaceAI\Release\ObjFac1.dll
Attempting to load resource file: C:\originalhr2\HoverRaceAI\Release\ObjFac1.dat
SUCCESS: ObjFac1 resources loaded successfully
gObjectFactoryData: 0x009E4120
========== MR_InitModule Complete ==========

========== MR_InitModule Called ==========
Module handle: 0x507B0000
Module path: C:\originalhr2\HoverRaceAI\Release\ObjFac1.dll
Attempting to load resource file: C:\originalhr2\HoverRaceAI\Release\ObjFac1.dat
SUCCESS: ObjFac1 resources loaded successfully
gObjectFactoryData: 0x01112378
========== MR_InitModule Complete ==========

========== MR_InitModule Called ==========
Module handle: 0x507B0000
Module path: C:\originalhr2\HoverRaceAI\Release\ObjFac1.dll
Attempting to load resource file: C:\originalhr2\HoverRaceAI\Release\ObjFac1.dat
SUCCESS: ObjFac1 resources loaded successfully
gObjectFactoryData: 0x00B62B80
========== MR_InitModule Complete ==========

========== MR_InitModule Called ==========
Module handle: 0x507B0000
Module path: C:\originalhr2\HoverRaceAI\Release\ObjFac1.dll
Attempting to load resource file: C:\originalhr2\HoverRaceAI\Release\ObjFac1.dat
SUCCESS: ObjFac1 resources loaded successfully
gObjectFactoryData: 0x00C0C5E8
========== MR_InitModule Complete ==========

========== MR_InitModule Called ==========
Module handle: 0x507B0000
Module path: C:\originalhr2\HoverRaceAI\Release\ObjFac1.dll
Attempting to load resource file: C:\originalhr2\HoverRaceAI\Release\ObjFac1.dat
SUCCESS: ObjFac1 resources loaded successfully
gObjectFactoryData: 0x00EAC7D8
========== MR_InitModule Complete ==========

========== MR_InitModule Called ==========
Module handle: 0x507B0000
Module path: C:\originalhr2\HoverRaceAI\Release\ObjFac1.dll
Attempting to load resource file: C:\originalhr2\HoverRaceAI\Release\ObjFac1.dat
SUCCESS: ObjFac1 resources loaded successfully
gObjectFactoryData: 0x006B43C8
========== MR_InitModule Complete ==========

========== MR_InitModule Called ==========
Module handle: 0x507B0000
Module path: C:\originalhr2\HoverRaceAI\Release\ObjFac1.dll
Attempting to load resource file: C:\originalhr2\HoverRaceAI\Release\ObjFac1.dat
SUCCESS: ObjFac1 resources loaded successfully
gObjectFactoryData: 0x011318F0
========== MR_InitModule Complete ==========

========== MR_InitModule Called ==========
Module handle: 0x507B0000
Module path: C:\originalhr2\HoverRaceAI\Release\ObjFac1.dll
Attempting to load resource file: C:\originalhr2\HoverRaceAI\Release\ObjFac1.dat
SUCCESS: ObjFac1 resources loaded successfully
gObjectFactoryData: 0x006D3E68
========== MR_InitModule Complete ==========

========== MR_InitModule Called ==========
Module handle: 0x507B0000
Module path: C:\originalhr2\HoverRaceAI\Release\ObjFac1.dll
Attempting to load resource file: C:\originalhr2\HoverRaceAI\Release\ObjFac1.dat
SUCCESS: ObjFac1 resources loaded successfully
gObjectFactoryData: 0x01260680
========== MR_InitModule Complete ==========

========== MR_InitModule Called ==========
Module handle: 0x507B0000
Module path: C:\originalhr2\HoverRaceAI\Release\ObjFac1.dll
Attempting to load resource file: C:\originalhr2\HoverRaceAI\Release\ObjFac1.dat
SUCCESS: ObjFac1 resources loaded successfully
gObjectFactoryData: 0x006A18C0
========== MR_InitModule Complete ==========

========== MR_InitModule Called ==========
Module handle: 0x507B0000
Module path: C:\originalhr2\HoverRaceAI\Release\ObjFac1.dll
Attempting to load resource file: C:\originalhr2\HoverRaceAI\Release\ObjFac1.dat
SUCCESS: ObjFac1 resources loaded successfully
gObjectFactoryData: 0x00ACC238
========== MR_InitModule Complete ==========

========== MR_InitModule Called ==========
Module handle: 0x507B0000
Module path: C:\originalhr2\HoverRaceAI\Release\ObjFac1.dll
Attempting to load resource file: C:\originalhr2\HoverRaceAI\Release\ObjFac1.dat
SUCCESS: ObjFac1 resources loaded successfully
gObjectFactoryData: 0x00CD0940
========== MR_InitModule Complete ==========

========== MR_InitModule Called ==========
Module handle: 0x507B0000
Module path: C:\originalhr2\HoverRaceAI\Release\ObjFac1.dll
Attempting to load resource file: C:\originalhr2\HoverRaceAI\Release\ObjFac1.dat
SUCCESS: ObjFac1 resources loaded successfully
gObjectFactoryData: 0x01224258
========== MR_InitModule Complete ==========

========== MR_InitModule Called ==========
Module handle: 0x507B0000
Module path: C:\originalhr2\HoverRaceAI\Release\ObjFac1.dll
Attempting to load resource file: C:\originalhr2\HoverRaceAI\Release\ObjFac1.dat
SUCCESS: ObjFac1 resources loaded successfully
gObjectFactoryData: 0x00B11190
========== MR_InitModule Complete ==========

========== MR_InitModule Called ==========
Module handle: 0x507B0000
Module path: C:\originalhr2\HoverRaceAI\Release\ObjFac1.dll
Attempting to load resource file: C:\originalhr2\HoverRaceAI\Release\ObjFac1.dat
SUCCESS: ObjFac1 resources loaded successfully
gObjectFactoryData: 0x00C3F6F0
========== MR_InitModule Complete ==========

========== MR_InitModule Called ==========
Module handle: 0x507B0000
Module path: C:\originalhr2\HoverRaceAI\Release\ObjFac1.dll
Attempting to load resource file: C:\originalhr2\HoverRaceAI\Release\ObjFac1.dat
SUCCESS: ObjFac1 resources loaded successfully
gObjectFactoryData: 0x009B3230
========== MR_InitModule Complete ==========

========== MR_InitModule Called ==========
Module handle: 0x507B0000
Module path: C:\originalhr2\HoverRaceAI\Release\ObjFac1.dll
Attempting to load resource file: C:\originalhr2\HoverRaceAI\Release\ObjFac1.dat
SUCCESS: ObjFac1 resources loaded successfully
gObjectFactoryData: 0x00C471C8
========== MR_InitModule Complete ==========

========== MR_InitModule Called ==========
Module handle: 0x507B0000
Module path: C:\originalhr2\HoverRaceAI\Release\ObjFac1.dll
Attempting to load resource file: C:\originalhr2\HoverRaceAI\Release\ObjFac1.dat
SUCCESS: ObjFac1 resources loaded successfully
gObjectFactoryData: 0x01522B00
========== MR_InitModule Complete ==========

========== MR_InitModule Called ==========
Module handle: 0x507B0000
Module path: C:\originalhr2\HoverRaceAI\Release\ObjFac1.dll
Attempting to load resource file: C:\originalhr2\HoverRaceAI\Release\ObjFac1.dat
SUCCESS: ObjFac1 resources loaded successfully
gObjectFactoryData: 0x00A00390
========== MR_InitModule Complete ==========

========== MR_InitModule Called ==========
Module handle: 0x507B0000
Module path: C:\originalhr2\HoverRaceAI\Release\ObjFac1.dll
Attempting to load resource file: C:\originalhr2\HoverRaceAI\Release\ObjFac1.dat
SUCCESS: ObjFac1 resources loaded successfully
gObjectFactoryData: 0x012E7C08
========== MR_InitModule Complete ==========

========== MR_InitModule Called ==========
Module handle: 0x507B0000
Module path: C:\originalhr2\HoverRaceAI\Release\ObjFac1.dll
Attempting to load resource file: C:\originalhr2\HoverRaceAI\Release\ObjFac1.dat
SUCCESS: ObjFac1 resources loaded successfully
gObjectFactoryData: 0x00ECA0C8
========== MR_InitModule Complete ==========

========== MR_InitModule Called ==========
Module handle: 0x7AAC0000
Module path: C:\originalhr2\HoverRaceAI\Release\ObjFac1.dll
Attempting to load resource file: C:\originalhr2\HoverRaceAI\Release\ObjFac1.dat
SUCCESS: ObjFac1 resources loaded successfully
gObjectFactoryData: 0x0131FFA0
========== MR_InitModule Complete ==========

========== MR_InitModule Called ==========
Module handle: 0x7AAC0000
Module path: C:\originalhr2\HoverRaceAI\Release\ObjFac1.dll
Attempting to load resource file: C:\originalhr2\HoverRaceAI\Release\ObjFac1.dat
SUCCESS: ObjFac1 resources loaded successfully
gObjectFactoryData: 0x010C6088
========== MR_InitModule Complete ==========

========== MR_InitModule Called ==========
Module handle: 0x7AAC0000
Module path: C:\originalhr2\HoverRaceAI\Release\ObjFac1.dll
Attempting to load resource file: C:\originalhr2\HoverRaceAI\Release\ObjFac1.dat
SUCCESS: ObjFac1 resources loaded successfully
gObjectFactoryData: 0x01643290
========== MR_InitModule Complete ==========

========== MR_InitModule Called ==========
Module handle: 0x7AAC0000
Module path: C:\originalhr2\HoverRaceAI\Release\ObjFac1.dll
Attempting to load resource file: C:\originalhr2\HoverRaceAI\Release\ObjFac1.dat
SUCCESS: ObjFac1 resources loaded successfully
gObjectFactoryData: 0x00952B40
========== MR_InitModule Complete ==========

========== MR_InitModule Called ==========
Module handle: 0x7AAC0000
Module path: C:\originalhr2\HoverRaceAI\Release\ObjFac1.dll
Attempting to load resource file: C:\originalhr2\HoverRaceAI\Release\ObjFac1.dat
SUCCESS: ObjFac1 resources loaded successfully
gObjectFactoryData: 0x013B9348
========== MR_InitModule Complete ==========

========== MR_InitModule Called ==========
Module handle: 0x7AAC0000
Module path: C:\originalhr2\HoverRaceAI\Release\ObjFac1.dll
Attempting to load resource file: C:\originalhr2\HoverRaceAI\Release\ObjFac1.dat
SUCCESS: ObjFac1 resources loaded successfully
gObjectFactoryData: 0x012A5A80
========== MR_InitModule Complete ==========

========== MR_InitModule Called ==========
Module handle: 0x7AAC0000
Module path: C:\originalhr2\HoverRaceAI\Release\ObjFac1.dll
Attempting to load resource file: C:\originalhr2\HoverRaceAI\Release\ObjFac1.dat
SUCCESS: ObjFac1 resources loaded successfully
gObjectFactoryData: 0x008401D0
========== MR_InitModule Complete ==========

========== MR_InitModule Called ==========
Module handle: 0x7AAC0000
Module path: C:\originalhr2\HoverRaceAI\Release\ObjFac1.dll
Attempting to load resource file: C:\originalhr2\HoverRaceAI\Release\ObjFac1.dat
SUCCESS: ObjFac1 resources loaded successfully
gObjectFactoryData: 0x010E60D0
========== MR_InitModule Complete ==========

========== MR_InitModule Called ==========
Module handle: 0x7AAC0000
Module path: C:\originalhr2\HoverRaceAI\Release\ObjFac1.dll
Attempting to load resource file: C:\originalhr2\HoverRaceAI\Release\ObjFac1.dat
SUCCESS: ObjFac1 resources loaded successfully
gObjectFactoryData: 0x00FEFE18
========== MR_InitModule Complete ==========
