Render3DView called #0: pSession=00FD4090, pViewingCharacter=00FDAE70, room=0
Render3DView called #100: pSession=00FD4090, pViewingCharacter=00FDAE70, room=0
Render3DView called #200: pSession=00FD4090, pViewingCharacter=00FDAE70, room=0
Render3DView called #300: pSession=00FD4090, pViewingCharacter=00FDAE70, room=0
Render3DView called #400: pSession=00FD4090, pViewingCharacter=00FDAE70, room=0
Render3DView called #400: pSession=00FD4090, pViewingCharacter=00FDAE70, room=0
Render3DView called #500: pSession=00FD4090, pViewingCharacter=00FDAE70, room=0
Render3DView called #600: pSession=00FD4090, pViewingCharacter=00FDAE70, room=0
Render3DView called #700: pSession=00FD4090, pViewingCharacter=00FDAE70, room=0
Render3DView called #800: pSession=00FD4090, pViewingCharacter=00FDAE70, room=0
Render3DView called #900: pSession=00FD4090, pViewingCharacter=00FDAE70, room=0
Render3DView called #1000: pSession=00FD4090, pViewingCharacter=00FDAE70, room=0
Render3DView called #1100: pSession=00FD4090, pViewingCharacter=00FDAE70, room=0
Render3DView called #1200: pSession=00FD4090, pViewingCharacter=00FDAE70, room=0
Render3DView called #1300: pSession=00FD4090, pViewingCharacter=00FDAE70, room=0
Render3DView called #1400: pSession=00FD4090, pViewingCharacter=00FDAE70, room=0
Render3DView called #1500: pSession=00FD4090, pViewingCharacter=00FDAE70, room=0
Render3DView called #1600: pSession=00FD4090, pViewingCharacter=00FDAE70, room=0
Render3DView called #1700: pSession=00FD4090, pViewingCharacter=00FDAE70, room=0
Render3DView called #1800: pSession=00FD4090, pViewingCharacter=00FDAE70, room=0
Render3DView called #1900: pSession=00FD4090, pViewingCharacter=00FDAE70, room=0
Render3DView called #2000: pSession=00FD4090, pViewingCharacter=00FDAE70, room=0
Render3DView called #2100: pSession=00FD4090, pViewingCharacter=00FDAE70, room=0
Render3DView called #2200: pSession=00FD4090, pViewingCharacter=00FDAE70, room=0
Render3DView called #2300: pSession=00FD4090, pViewingCharacter=00FDAE70, room=0
Render3DView called #2400: pSession=00FD4090, pViewingCharacter=00FDAE70, room=0
Render3DView called #2500: pSession=00FD4090, pViewingCharacter=00FDAE70, room=0
Render3DView called #2600: pSession=00FD4090, pViewingCharacter=00FDAE70, room=0
Render3DView called #2700: pSession=00FD4090, pViewingCharacter=00FDAE70, room=0
Render3DView called #2800: pSession=00FD4090, pViewingCharacter=00FDAE70, room=0
Render3DView called #2900: pSession=00FD4090, pViewingCharacter=00FDAE70, room=0
Render3DView called #3000: pSession=00FD4090, pViewingCharacter=00FDAE70, room=0
Render3DView called #3100: pSession=00FD4090, pViewingCharacter=00FDAE70, room=0
Render3DView called #3200: pSession=00FD4090, pViewingCharacter=00FDAE70, room=0
Render3DView called #3300: pSession=00FD4090, pViewingCharacter=00FDAE70, room=0
Render3DView called #3400: pSession=00FD4090, pViewingCharacter=00FDAE70, room=0
Render3DView called #3500: pSession=00FD4090, pViewingCharacter=00FDAE70, room=0
Render3DView called #3600: pSession=00FD4090, pViewingCharacter=00FDAE70, room=0
Render3DView called #3700: pSession=00FD4090, pViewingCharacter=00FDAE70, room=0
Render3DView called #3800: pSession=00FD4090, pViewingCharacter=00FDAE70, room=0
Render3DView called #3900: pSession=00FD4090, pViewingCharacter=00FDAE70, room=0
Render3DView called #4000: pSession=00FD4090, pViewingCharacter=00FDAE70, room=0
Render3DView called #4100: pSession=00FD4090, pViewingCharacter=00FDAE70, room=0
Render3DView called #4200: pSession=00FD4090, pViewingCharacter=00FDAE70, room=0
Render3DView called #4300: pSession=00FD4090, pViewingCharacter=00FDAE70, room=0
Render3DView called #4400: pSession=00FD4090, pViewingCharacter=00FDAE70, room=0
Render3DView called #4500: pSession=00FD4090, pViewingCharacter=00FDAE70, room=0
Render3DView called #0: pSession=00EAA980, pViewingCharacter=00EDD040, room=0
Render3DView called #100: pSession=00EAA980, pViewingCharacter=00EDD040, room=0
Render3DView called #200: pSession=00EAA980, pViewingCharacter=00EDD040, room=0
Render3DView called #0: pSession=012F67E8, pViewingCharacter=01307AA8, room=0
Render3DView called #0: pSession=00714D20, pViewingCharacter=00745680, room=0
Render3DView called #100: pSession=00714D20, pViewingCharacter=00745680, room=0
Render3DView called #200: pSession=00714D20, pViewingCharacter=00745680, room=0
Render3DView called #300: pSession=00714D20, pViewingCharacter=00745680, room=0
Render3DView called #0: pSession=00AB3CB0, pViewingCharacter=00AE5010, room=0
Render3DView called #100: pSession=00AB3CB0, pViewingCharacter=00AE5010, room=0
Render3DView called #200: pSession=00AB3CB0, pViewingCharacter=00AE5010, room=0
Render3DView called #300: pSession=00AB3CB0, pViewingCharacter=00AE5010, room=0
Render3DView called #400: pSession=00AB3CB0, pViewingCharacter=00AE5010, room=0
Render3DView called #500: pSession=00AB3CB0, pViewingCharacter=00AE5010, room=0
Render3DView called #600: pSession=00AB3CB0, pViewingCharacter=00AE5010, room=0
Render3DView called #700: pSession=00AB3CB0, pViewingCharacter=00AE5010, room=0
Render3DView called #800: pSession=00AB3CB0, pViewingCharacter=00AE5010, room=0
Render3DView called #900: pSession=00AB3CB0, pViewingCharacter=00AE5010, room=0
Render3DView called #1000: pSession=00AB3CB0, pViewingCharacter=00AE5010, room=0
Render3DView called #1100: pSession=00AB3CB0, pViewingCharacter=00AE5010, room=0
Render3DView called #1200: pSession=00AB3CB0, pViewingCharacter=00AE5010, room=0
Render3DView called #1300: pSession=00AB3CB0, pViewingCharacter=00AE5010, room=0
Render3DView called #1400: pSession=00AB3CB0, pViewingCharacter=00AE5010, room=0
Render3DView called #1500: pSession=00AB3CB0, pViewingCharacter=00AE5010, room=0
Render3DView called #1600: pSession=00AB3CB0, pViewingCharacter=00AE5010, room=0
Render3DView called #1700: pSession=00AB3CB0, pViewingCharacter=00AE5010, room=0
Render3DView called #1800: pSession=00AB3CB0, pViewingCharacter=00AE5010, room=0
Render3DView called #1900: pSession=00AB3CB0, pViewingCharacter=00AE5010, room=0
Render3DView called #2000: pSession=00AB3CB0, pViewingCharacter=00AE5010, room=0
Render3DView called #2100: pSession=00AB3CB0, pViewingCharacter=00AE5010, room=0
Render3DView called #2200: pSession=00AB3CB0, pViewingCharacter=00AE5010, room=0
Render3DView called #2300: pSession=00AB3CB0, pViewingCharacter=00AE5010, room=0
Render3DView called #2400: pSession=00AB3CB0, pViewingCharacter=00AE5010, room=0
Render3DView called #2500: pSession=00AB3CB0, pViewingCharacter=00AE5010, room=0
Render3DView called #2600: pSession=00AB3CB0, pViewingCharacter=00AE5010, room=0
Render3DView called #2700: pSession=00AB3CB0, pViewingCharacter=00AE5010, room=0
Render3DView called #2800: pSession=00AB3CB0, pViewingCharacter=00AE5010, room=0
Render3DView called #2900: pSession=00AB3CB0, pViewingCharacter=00AE5010, room=0
Render3DView called #3000: pSession=00AB3CB0, pViewingCharacter=00AE5010, room=0
Render3DView called #3100: pSession=00AB3CB0, pViewingCharacter=00AE5010, room=0
Render3DView called #3200: pSession=00AB3CB0, pViewingCharacter=00AE5010, room=0
Render3DView called #3300: pSession=00AB3CB0, pViewingCharacter=00AE5010, room=0
Render3DView called #3400: pSession=00AB3CB0, pViewingCharacter=00AE5010, room=0
Render3DView called #3500: pSession=00AB3CB0, pViewingCharacter=00AE5010, room=0
Render3DView called #3600: pSession=00AB3CB0, pViewingCharacter=00AE5010, room=0
Render3DView called #3700: pSession=00AB3CB0, pViewingCharacter=00AE5010, room=0
Render3DView called #3800: pSession=00AB3CB0, pViewingCharacter=00AE5010, room=0
Render3DView called #3900: pSession=00AB3CB0, pViewingCharacter=00AE5010, room=0
Render3DView called #4000: pSession=00AB3CB0, pViewingCharacter=00AE5010, room=0
Render3DView called #4100: pSession=00AB3CB0, pViewingCharacter=00AE5010, room=0
Render3DView called #4200: pSession=00AB3CB0, pViewingCharacter=00AE5010, room=0
Render3DView called #4300: pSession=00AB3CB0, pViewingCharacter=00AE5010, room=0
Render3DView called #4400: pSession=00AB3CB0, pViewingCharacter=00AE5010, room=0
Render3DView called #4500: pSession=00AB3CB0, pViewingCharacter=00AE5010, room=0
Render3DView called #4600: pSession=00AB3CB0, pViewingCharacter=00AE5010, room=0
Render3DView called #4700: pSession=00AB3CB0, pViewingCharacter=00AE5010, room=0
Render3DView called #4701: pSession=00AB3CB0, pViewingCharacter=00AE5010, room=0
Render3DView called #4800: pSession=00AB3CB0, pViewingCharacter=00AE5010, room=0
Render3DView called #4900: pSession=00AB3CB0, pViewingCharacter=00AE5010, room=0
Render3DView called #5000: pSession=00AB3CB0, pViewingCharacter=00AE5010, room=0
Render3DView called #5100: pSession=00AB3CB0, pViewingCharacter=00AE5010, room=0
Render3DView called #5200: pSession=00AB3CB0, pViewingCharacter=00AE5010, room=0
Render3DView called #5201: pSession=00AB3CB0, pViewingCharacter=00AE5010, room=0
Render3DView called #5300: pSession=00AB3CB0, pViewingCharacter=00AE5010, room=0
Render3DView called #5400: pSession=00AB3CB0, pViewingCharacter=00AE5010, room=0
Render3DView called #5500: pSession=00AB3CB0, pViewingCharacter=00AE5010, room=0
Render3DView called #5600: pSession=00AB3CB0, pViewingCharacter=00AE5010, room=0
Render3DView called #5700: pSession=00AB3CB0, pViewingCharacter=00AE5010, room=0
Render3DView called #5800: pSession=00AB3CB0, pViewingCharacter=00AE5010, room=0
Render3DView called #5900: pSession=00AB3CB0, pViewingCharacter=00AE5010, room=0
Render3DView called #6000: pSession=00AB3CB0, pViewingCharacter=00AE5010, room=0
Render3DView called #6100: pSession=00AB3CB0, pViewingCharacter=00AE5010, room=0
Render3DView called #6200: pSession=00AB3CB0, pViewingCharacter=00AE5010, room=0
Render3DView called #6300: pSession=00AB3CB0, pViewingCharacter=00AE5010, room=0
Render3DView called #6400: pSession=00AB3CB0, pViewingCharacter=00AE5010, room=0
Render3DView called #6500: pSession=00AB3CB0, pViewingCharacter=00AE5010, room=0
Render3DView called #6600: pSession=00AB3CB0, pViewingCharacter=00AE5010, room=0
Render3DView called #6700: pSession=00AB3CB0, pViewingCharacter=00AE5010, room=0
Render3DView called #6800: pSession=00AB3CB0, pViewingCharacter=00AE5010, room=0
Render3DView called #6900: pSession=00AB3CB0, pViewingCharacter=00AE5010, room=0
Render3DView called #7000: pSession=00AB3CB0, pViewingCharacter=00AE5010, room=0
Render3DView called #7100: pSession=00AB3CB0, pViewingCharacter=00AE5010, room=0
Render3DView called #7200: pSession=00AB3CB0, pViewingCharacter=00AE5010, room=0
Render3DView called #7300: pSession=00AB3CB0, pViewingCharacter=00AE5010, room=0
Render3DView called #7400: pSession=00AB3CB0, pViewingCharacter=00AE5010, room=0
Render3DView called #7500: pSession=00AB3CB0, pViewingCharacter=00AE5010, room=0
Render3DView called #7600: pSession=00AB3CB0, pViewingCharacter=00AE5010, room=0
Render3DView called #7700: pSession=00AB3CB0, pViewingCharacter=00AE5010, room=0
Render3DView called #7800: pSession=00AB3CB0, pViewingCharacter=00AE5010, room=0
Render3DView called #7900: pSession=00AB3CB0, pViewingCharacter=00AE5010, room=0
Render3DView called #8000: pSession=00AB3CB0, pViewingCharacter=00AE5010, room=0
Render3DView called #8100: pSession=00AB3CB0, pViewingCharacter=00AE5010, room=0
Render3DView called #8200: pSession=00AB3CB0, pViewingCharacter=00AE5010, room=0
Render3DView called #8300: pSession=00AB3CB0, pViewingCharacter=00AE5010, room=0
Render3DView called #8400: pSession=00AB3CB0, pViewingCharacter=00AE5010, room=0
Render3DView called #8500: pSession=00AB3CB0, pViewingCharacter=00AE5010, room=0
Render3DView called #8600: pSession=00AB3CB0, pViewingCharacter=00AE5010, room=0
Render3DView called #8700: pSession=00AB3CB0, pViewingCharacter=00AE5010, room=0
Render3DView called #8800: pSession=00AB3CB0, pViewingCharacter=00AE5010, room=0
Render3DView called #8900: pSession=00AB3CB0, pViewingCharacter=00AE5010, room=0
Render3DView called #9000: pSession=00AB3CB0, pViewingCharacter=00AE5010, room=0
Render3DView called #9100: pSession=00AB3CB0, pViewingCharacter=00AE5010, room=0
Render3DView called #9200: pSession=00AB3CB0, pViewingCharacter=00AE5010, room=0
Render3DView called #9300: pSession=00AB3CB0, pViewingCharacter=00AE5010, room=0
Render3DView called #9400: pSession=00AB3CB0, pViewingCharacter=00AE5010, room=0
Render3DView called #9500: pSession=00AB3CB0, pViewingCharacter=00AE5010, room=0
Render3DView called #9600: pSession=00AB3CB0, pViewingCharacter=00AE5010, room=0
Render3DView called #9700: pSession=00AB3CB0, pViewingCharacter=00AE5010, room=0
Render3DView called #9800: pSession=00AB3CB0, pViewingCharacter=00AE5010, room=0
Render3DView called #9900: pSession=00AB3CB0, pViewingCharacter=00AE5010, room=0
Render3DView called #10000: pSession=00AB3CB0, pViewingCharacter=00AE5010, room=0
Render3DView called #10100: pSession=00AB3CB0, pViewingCharacter=00AE5010, room=0
Render3DView called #10200: pSession=00AB3CB0, pViewingCharacter=00AE5010, room=0
Render3DView called #10300: pSession=00AB3CB0, pViewingCharacter=00AE5010, room=0
Render3DView called #10400: pSession=00AB3CB0, pViewingCharacter=00AE5010, room=0
Render3DView called #10500: pSession=00AB3CB0, pViewingCharacter=00AE5010, room=0
Render3DView called #10600: pSession=00AB3CB0, pViewingCharacter=00AE5010, room=0
Render3DView called #10700: pSession=00AB3CB0, pViewingCharacter=00AE5010, room=0
Render3DView called #10800: pSession=00AB3CB0, pViewingCharacter=00AE5010, room=0
Render3DView called #10900: pSession=00AB3CB0, pViewingCharacter=00AE5010, room=0
Render3DView called #10901: pSession=00AB3CB0, pViewingCharacter=00AE5010, room=0
Render3DView called #11000: pSession=00AB3CB0, pViewingCharacter=00AE5010, room=0
Render3DView called #11100: pSession=00AB3CB0, pViewingCharacter=00AE5010, room=0
Render3DView called #11200: pSession=00AB3CB0, pViewingCharacter=00AE5010, room=0
Render3DView called #11300: pSession=00AB3CB0, pViewingCharacter=00AE5010, room=0
Render3DView called #11400: pSession=00AB3CB0, pViewingCharacter=00AE5010, room=0
Render3DView called #11500: pSession=00AB3CB0, pViewingCharacter=00AE5010, room=0
Render3DView called #11600: pSession=00AB3CB0, pViewingCharacter=00AE5010, room=0
Render3DView called #11700: pSession=00AB3CB0, pViewingCharacter=00AE5010, room=0
Render3DView called #11800: pSession=00AB3CB0, pViewingCharacter=00AE5010, room=0
Render3DView called #11900: pSession=00AB3CB0, pViewingCharacter=00AE5010, room=0
Render3DView called #12000: pSession=00AB3CB0, pViewingCharacter=00AE5010, room=0
Render3DView called #0: pSession=010975C8, pViewingCharacter=010C67A0, room=0
Render3DView called #1: pSession=010975C8, pViewingCharacter=010C67A0, room=0
Render3DView called #100: pSession=010975C8, pViewingCharacter=010C67A0, room=0
Render3DView called #200: pSession=010975C8, pViewingCharacter=010C67A0, room=0
Render3DView called #300: pSession=010975C8, pViewingCharacter=010C67A0, room=0
Render3DView called #400: pSession=010975C8, pViewingCharacter=010C67A0, room=0
Render3DView called #500: pSession=010975C8, pViewingCharacter=010C67A0, room=0
Render3DView called #600: pSession=010975C8, pViewingCharacter=010C67A0, room=0
Render3DView called #700: pSession=010975C8, pViewingCharacter=010C67A0, room=0
Render3DView called #800: pSession=010975C8, pViewingCharacter=010C67A0, room=0
Render3DView called #900: pSession=010975C8, pViewingCharacter=010C67A0, room=0
Render3DView called #1000: pSession=010975C8, pViewingCharacter=010C67A0, room=0
Render3DView called #1100: pSession=010975C8, pViewingCharacter=010C67A0, room=0
Render3DView called #1200: pSession=010975C8, pViewingCharacter=010C67A0, room=0
Render3DView called #1300: pSession=010975C8, pViewingCharacter=010C67A0, room=0
Render3DView called #1400: pSession=010975C8, pViewingCharacter=010C67A0, room=0
Render3DView called #1500: pSession=010975C8, pViewingCharacter=010C67A0, room=0
Render3DView called #1600: pSession=010975C8, pViewingCharacter=010C67A0, room=0
Render3DView called #1700: pSession=010975C8, pViewingCharacter=010C67A0, room=0
Render3DView called #1800: pSession=010975C8, pViewingCharacter=010C67A0, room=0
Render3DView called #1900: pSession=010975C8, pViewingCharacter=010C67A0, room=0
Render3DView called #2000: pSession=010975C8, pViewingCharacter=010C67A0, room=0
Render3DView called #2100: pSession=010975C8, pViewingCharacter=010C67A0, room=0
Render3DView called #2200: pSession=010975C8, pViewingCharacter=010C67A0, room=0
Render3DView called #2300: pSession=010975C8, pViewingCharacter=010C67A0, room=0
Render3DView called #2400: pSession=010975C8, pViewingCharacter=010C67A0, room=0
Render3DView called #2500: pSession=010975C8, pViewingCharacter=010C67A0, room=0
Render3DView called #2600: pSession=010975C8, pViewingCharacter=010C67A0, room=0
Render3DView called #2700: pSession=010975C8, pViewingCharacter=010C67A0, room=0
Render3DView called #2800: pSession=010975C8, pViewingCharacter=010C67A0, room=0
Render3DView called #2900: pSession=010975C8, pViewingCharacter=010C67A0, room=0
Render3DView called #3000: pSession=010975C8, pViewingCharacter=010C67A0, room=0
Render3DView called #3100: pSession=010975C8, pViewingCharacter=010C67A0, room=0
Render3DView called #3200: pSession=010975C8, pViewingCharacter=010C67A0, room=0
Render3DView called #3300: pSession=010975C8, pViewingCharacter=010C67A0, room=0
Render3DView called #0: pSession=011557E8, pViewingCharacter=01185048, room=0
Render3DView called #100: pSession=011557E8, pViewingCharacter=01185048, room=0
Render3DView called #200: pSession=011557E8, pViewingCharacter=01185048, room=0
Render3DView called #300: pSession=011557E8, pViewingCharacter=01185048, room=0
Render3DView called #400: pSession=011557E8, pViewingCharacter=01185048, room=0
Render3DView called #500: pSession=011557E8, pViewingCharacter=01185048, room=0
Render3DView called #600: pSession=011557E8, pViewingCharacter=01185048, room=0
Render3DView called #700: pSession=011557E8, pViewingCharacter=01185048, room=0
Render3DView called #800: pSession=011557E8, pViewingCharacter=01185048, room=0
Render3DView called #900: pSession=011557E8, pViewingCharacter=01185048, room=0
Render3DView called #1000: pSession=011557E8, pViewingCharacter=01185048, room=0
Render3DView called #1100: pSession=011557E8, pViewingCharacter=01185048, room=0
Render3DView called #1200: pSession=011557E8, pViewingCharacter=01185048, room=0
Render3DView called #1300: pSession=011557E8, pViewingCharacter=01185048, room=0
Render3DView called #1400: pSession=011557E8, pViewingCharacter=01185048, room=0
Render3DView called #1500: pSession=011557E8, pViewingCharacter=01185048, room=0
Render3DView called #1600: pSession=011557E8, pViewingCharacter=01185048, room=0
Render3DView called #1700: pSession=011557E8, pViewingCharacter=01185048, room=0
Render3DView called #1800: pSession=011557E8, pViewingCharacter=01185048, room=0
Render3DView called #1900: pSession=011557E8, pViewingCharacter=01185048, room=0
Render3DView called #2000: pSession=011557E8, pViewingCharacter=01185048, room=0
Render3DView called #2100: pSession=011557E8, pViewingCharacter=01185048, room=0
Render3DView called #2200: pSession=011557E8, pViewingCharacter=01185048, room=0
Render3DView called #2300: pSession=011557E8, pViewingCharacter=01185048, room=0
Render3DView called #2301: pSession=011557E8, pViewingCharacter=01185048, room=0
Render3DView called #2400: pSession=011557E8, pViewingCharacter=01185048, room=0
Render3DView called #2500: pSession=011557E8, pViewingCharacter=01185048, room=0
Render3DView called #2600: pSession=011557E8, pViewingCharacter=01185048, room=0
Render3DView called #2700: pSession=011557E8, pViewingCharacter=01185048, room=0
Render3DView called #2800: pSession=011557E8, pViewingCharacter=01185048, room=0
Render3DView called #2900: pSession=011557E8, pViewingCharacter=01185048, room=0
Render3DView called #3000: pSession=011557E8, pViewingCharacter=01185048, room=0
Render3DView called #3100: pSession=011557E8, pViewingCharacter=01185048, room=0
Render3DView called #0: pSession=015CFC20, pViewingCharacter=015DA5C8, room=0
Render3DView called #0: pSession=016A3100, pViewingCharacter=0169AB70, room=0
