ReadList: Starting track search
Executable path: C:\originalhr\HoverRace\Release\tracks\
Found tracks, reading entries
Track 0: ClassicH
  Opening: C:\originalhr\HoverRace\Release\tracks\ClassicH.trk
  Successfully opened, reading entry
  Successfully read entry
Track 1: ClassicH_OLD_2020
  Opening: C:\originalhr\HoverRace\Release\tracks\ClassicH_OLD_2020.trk
  Successfully opened, reading entry
  Successfully read entry
Track 2: New_Simple_Track
  Opening: C:\originalhr\HoverRace\Release\tracks\New_Simple_Track.trk
  Successfully opened, reading entry
  Successfully read entry
Track 3: The Alley2
  Opening: C:\originalhr\HoverRace\Release\tracks\The Alley2.trk
  Successfully opened, reading entry
  Successfully read entry
Track 4: The River
  Opening: C:\originalhr\HoverRace\Release\tracks\The River.trk
  Successfully opened, reading entry
  Successfully read entry
ReadList: Completed, found 5 tracks
ation (lMajorID=0, pFileName=NULL)
    Sorting index: 30, Registration: 1
    Final magic number for FREE_TRACK: 0x142B9
    SUCCESS: Track entry validated

    ReadTrackEntry: Starting to read track
    Magic number read: 0x142B9 (expected: 0x142B9)
    Version read: 1
    Description: 'Unknown Track', Minor ID: -1, Major ID: 100
    Skipping ID validation (lMajorID=100, pFileName=NULL)
    Sorting index: 50, Registration: 1
    Final magic number for FREE_TRACK: 0x142B9
    SUCCESS: Track entry validated

    ReadTrackEntry: Starting to read track
    Magic number read: 0x142B9 (expected: 0x142B9)
    Version read: 1
    Description: 'Level: Expert
Length: 3.2km
Lot of speed zones
', Minor ID: 0, Major ID: 0
    Skipping ID validation (lMajorID=0, pFileName=NULL)
    Sorting index: 30, Registration: 1
    Final magic number for FREE_TRACK: 0x142B9
    SUCCESS: Track entry validated

    ReadTrackEntry: Starting to read track
    Magic number read: 0x142B9 (expected: 0x142B9)
    Version read: 1
    Description: 'Level: Expert
Length: 1.0 km
Lots of shortcuts


', Minor ID: 0, Major ID: 0
    Skipping ID validation (lMajorID=0, pFileName=NULL)
    Sorting index: 40, Registration: 0
    SUCCESS: Registered track validated
MR_SelectTrack: Auto-selected first track='ClassicH', laps=5, weapons=1 (no dialog)
--- MR_SelectTrack END, returning 1 ---
Track selection completed: lCurrentTrack='ClassicH', lNbLap=5, lAllowWeapons=1, lSuccess=1
1. About to call DeleteMovieWnd()
2. DeleteMovieWnd() succeeded
3. About to call MR_SoundServer::Init()
4. MR_SoundServer::Init() succeeded
4b. About to call MR_DllObjectFactory::Init()
4c. MR_DllObjectFactory::Init() succeeded
5. About to call MR_Observer::New()
6. MR_Observer::New() succeeded, pointer: 00F02308
7. About to create new MR_ClientSession
8. MR_ClientSession created successfully
8. MR_ClientSession pointer: 0558BBD8
About to call MR_TrackOpen for 'ClassicH'

MR_TrackOpen: Opening track 'ClassicH'
  Searching in: C:\originalhr\HoverRace\Release\tracks\
  Full search path: C:\originalhr\HoverRace\Release\tracks\ClassicH.trk
  Found in absolute path
  Opening file: C:\originalhr\HoverRace\Release\tracks\ClassicH.trk
  Successfully opened, reading entry

    ReadTrackEntry: Starting to read track
    Magic number read: 0x142B9 (expected: 0x142B9)
    Version read: 1
    Description: 'Level: Easy
Length: 0.6 km
Short and fast track
Lots of curve and no jumps

', Minor ID: 0, Major ID: 0
    Skipping ID validation (lMajorID=0, pFileName=ClassicH)
    Sorting index: 30, Registration: 1
    Final magic number for FREE_TRACK: 0x142B9
    SUCCESS: Track entry validated
  Successfully read entry, checking permissions
MR_TrackOpen returning: 00F8B320
MR_TrackOpen returned: 00F8B320
About to call LoadNew()

--- MR_ClientSession::LoadNew START ---
  pTitle='ClassicH'
  pMazeFile=00F8B320
  pNbLap=5, pAllowWeapons=1
  pVideo=00EEE130
  About to call mSession.LoadNew()

--- MR_GameSession::LoadNew START ---
  pTitle='ClassicH'
  pMazeFile=00F8B320
  About to call Clean()
  Clean() succeeded
  About to call LoadLevel(1)

--- MR_GameSession::LoadLevel START (pLevel=1) ---
  Deleting old level
  File has 4 records
  About to create new MR_Level
  MR_Level created successfully at 0558F328
  Selecting record 1
  Record selected
  About to create CArchive for deserialization
  CArchive created
  About to deserialize level
  Level deserialized successfully
--- MR_GameSession::LoadLevel END, returning: TRUE ---
  LoadLevel(1) returned: TRUE
--- MR_GameSession::LoadNew END, returning: TRUE ---
  mSession.LoadNew() returned: TRUE
  About to call ReadLevelAttrib()
  ReadLevelAttrib() completed
--- MR_ClientSession::LoadNew END, returning: TRUE ---
LoadNew returned: SUCCESS
About to call SetSimulationTime(-6000)
SetSimulationTime(-6000) succeeded
About to call CreateMainCharacter()

--- MR_ClientSession::CreateMainCharacter START ---
  Creating MR_MainCharacter with mNbLap=5, mAllowWeapons=1
  MR_MainCharacter created
  Got current level: 0558F328
  About to set mRoom, mPosition, Orientation
  Properties set successfully
  About to InsertElement (starting room=0)
    Starting room value: 0
  InsertElement succeeded
--- MR_ClientSession::CreateMainCharacter END, returning TRUE ---
CreateMainCharacter() returned: TRUE
=== ROOM COUNT QUERY START ===
lCurrentSession = 0558BBD8
GetCurrentLevel() returned: 0558F328
*** TRACK ROOM COUNT: 22 rooms ***
=== ROOM COUNT QUERY END ===
About to close logFile
Returned from NewLocalSession() successfully
InitGame returned: 1
Calling MainLoop...
