
MR_GetObject called with pClassId=1000
  SUCCESS: Object created at 0x01118790

MR_GetObject called with pClassId=1100
  SUCCESS: Object created at 0x01118700

MR_GetObject called with pClassId=1102
  SUCCESS: Object created at 0x011186E8

MR_GetObject called with pClassId=1103
  SUCCESS: Object created at 0x01118610

MR_GetObject called with pClassId=1101
  SUCCESS: Object created at 0x01118538

MR_GetObject called with pClassId=51
  SUCCESS: Object created at 0x0110FA80

MR_GetObject called with pClassId=50
  SUCCESS: Object created at 0x0110FAC0

MR_GetObject called with pClassId=52
  SUCCESS: Object created at 0x01117B38

MR_GetObject called with pClassId=69
  SUCCESS: Object created at 0x0110FF80

MR_GetObject called with pClassId=53
  SUCCESS: Object created at 0x01117A70

MR_GetObject called with pClassId=52
  SUCCESS: Object created at 0x01117C50

MR_GetObject called with pClassId=51
  SUCCESS: Object created at 0x011100A0

MR_GetObject called with pClassId=50
  SUCCESS: Object created at 0x0110FDC0

MR_GetObject called with pClassId=52
  SUCCESS: Object created at 0x01117C00

MR_GetObject called with pClassId=52
  SUCCESS: Object created at 0x01117A98

MR_GetObject called with pClassId=53
  SUCCESS: Object created at 0x01117930

MR_GetObject called with pClassId=61
  SUCCESS: Object created at 0x0110FDE0

MR_GetObject called with pClassId=51
  SUCCESS: Object created at 0x01110000

MR_GetObject called with pClassId=50
  SUCCESS: Object created at 0x0110FE00

MR_GetObject called with pClassId=52
  SUCCESS: Object created at 0x011179A8

MR_GetObject called with pClassId=54
  SUCCESS: Object created at 0x01117C78

MR_GetObject called with pClassId=52
  SUCCESS: Object created at 0x01117CA0

MR_GetObject called with pClassId=60
  SUCCESS: Object created at 0x0110FFC0

MR_GetObject called with pClassId=52
  SUCCESS: Object created at 0x011179F8

MR_GetObject called with pClassId=51
  SUCCESS: Object created at 0x0110FE20

MR_GetObject called with pClassId=50
  SUCCESS: Object created at 0x0110FE60

MR_GetObject called with pClassId=52
  SUCCESS: Object created at 0x01117CC8

MR_GetObject called with pClassId=54
  SUCCESS: Object created at 0x01117CF0

MR_GetObject called with pClassId=52
  SUCCESS: Object created at 0x01117958

MR_GetObject called with pClassId=60
  SUCCESS: Object created at 0x0110FF60

MR_GetObject called with pClassId=52
  SUCCESS: Object created at 0x01117B60

MR_GetObject called with pClassId=51
  SUCCESS: Object created at 0x0110FEE0

MR_GetObject called with pClassId=50
  SUCCESS: Object created at 0x0110FFA0

MR_GetObject called with pClassId=52
  SUCCESS: Object created at 0x01117D18

MR_GetObject called with pClassId=59
  SUCCESS: Object created at 0x0110FE80

MR_GetObject called with pClassId=52
  SUCCESS: Object created at 0x01117DE0

MR_GetObject called with pClassId=55
  SUCCESS: Object created at 0x01117980

MR_GetObject called with pClassId=53
  SUCCESS: Object created at 0x01117D40

MR_GetObject called with pClassId=51
  SUCCESS: Object created at 0x0110FD60

MR_GetObject called with pClassId=50
  SUCCESS: Object created at 0x0110FEA0

MR_GetObject called with pClassId=52
  SUCCESS: Object created at 0x01117908

MR_GetObject called with pClassId=52
  SUCCESS: Object created at 0x011179D0

MR_GetObject called with pClassId=53
  SUCCESS: Object created at 0x01117F20

MR_GetObject called with pClassId=52
  SUCCESS: Object created at 0x01117F48

MR_GetObject called with pClassId=51
  SUCCESS: Object created at 0x0110FF00

MR_GetObject called with pClassId=50
  SUCCESS: Object created at 0x01110040

MR_GetObject called with pClassId=59
  SUCCESS: Object created at 0x0110FFE0

MR_GetObject called with pClassId=52
  SUCCESS: Object created at 0x01117E58

MR_GetObject called with pClassId=55
  SUCCESS: Object created at 0x01118088

MR_GetObject called with pClassId=53
  SUCCESS: Object created at 0x011180B0

MR_GetObject called with pClassId=52
  SUCCESS: Object created at 0x01118010

MR_GetObject called with pClassId=51
  SUCCESS: Object created at 0x01110020

MR_GetObject called with pClassId=50
  SUCCESS: Object created at 0x01110060

MR_GetObject called with pClassId=60
  SUCCESS: Object created at 0x0110FD80

MR_GetObject called with pClassId=52
  SUCCESS: Object created at 0x01118038

MR_GetObject called with pClassId=52
  SUCCESS: Object created at 0x01117E08

MR_GetObject called with pClassId=54
  SUCCESS: Object created at 0x01117E30

MR_GetObject called with pClassId=52
  SUCCESS: Object created at 0x01117E80

MR_GetObject called with pClassId=51
  SUCCESS: Object created at 0x0110FF20

MR_GetObject called with pClassId=50
  SUCCESS: Object created at 0x0110FD40

MR_GetObject called with pClassId=52
  SUCCESS: Object created at 0x01117EA8

MR_GetObject called with pClassId=54
  SUCCESS: Object created at 0x01117F70

MR_GetObject called with pClassId=68
  SUCCESS: Object created at 0x0110FE40

MR_GetObject called with pClassId=52
  SUCCESS: Object created at 0x01117F98

MR_GetObject called with pClassId=60
  SUCCESS: Object created at 0x01110080

MR_GetObject called with pClassId=52
  SUCCESS: Object created at 0x01117FC0

MR_GetObject called with pClassId=51
  SUCCESS: Object created at 0x0110FD00

MR_GetObject called with pClassId=50
  SUCCESS: Object created at 0x0110FEC0

MR_GetObject called with pClassId=52
  SUCCESS: Object created at 0x01118060

MR_GetObject called with pClassId=52
  SUCCESS: Object created at 0x01117EF8

MR_GetObject called with pClassId=53
  SUCCESS: Object created at 0x01117FE8

MR_GetObject called with pClassId=52
  SUCCESS: Object created at 0x01117ED0

MR_GetObject called with pClassId=51
  SUCCESS: Object created at 0x0110FF40

MR_GetObject called with pClassId=50
  SUCCESS: Object created at 0x0110FD20

MR_GetObject called with pClassId=52
  SUCCESS: Object created at 0x063256A0

MR_GetObject called with pClassId=52
  SUCCESS: Object created at 0x06325650

MR_GetObject called with pClassId=53
  SUCCESS: Object created at 0x06325880

MR_GetObject called with pClassId=52
  SUCCESS: Object created at 0x063256F0

MR_GetObject called with pClassId=51
  SUCCESS: Object created at 0x0110FDA0

MR_GetObject called with pClassId=50
  SUCCESS: Object created at 0x0636D6A8

MR_GetObject called with pClassId=60
  SUCCESS: Object created at 0x0636D8A8

MR_GetObject called with pClassId=52
  SUCCESS: Object created at 0x06325790

MR_GetObject called with pClassId=61
  SUCCESS: Object created at 0x0636D908

MR_GetObject called with pClassId=56
  SUCCESS: Object created at 0x063254C0

MR_GetObject called with pClassId=54
  SUCCESS: Object created at 0x063254E8

MR_GetObject called with pClassId=52
  SUCCESS: Object created at 0x06325470

MR_GetObject called with pClassId=51
  SUCCESS: Object created at 0x0636D7C8

MR_GetObject called with pClassId=50
  SUCCESS: Object created at 0x0636D6E8

MR_GetObject called with pClassId=52
  SUCCESS: Object created at 0x063257E0

MR_GetObject called with pClassId=54
  SUCCESS: Object created at 0x06325768

MR_GetObject called with pClassId=52
  SUCCESS: Object created at 0x06325858

MR_GetObject called with pClassId=60
  SUCCESS: Object created at 0x0636D7A8

MR_GetObject called with pClassId=52
  SUCCESS: Object created at 0x063255B0

MR_GetObject called with pClassId=51
  SUCCESS: Object created at 0x0636D7E8

MR_GetObject called with pClassId=50
  SUCCESS: Object created at 0x0636D848

MR_GetObject called with pClassId=59
  SUCCESS: Object created at 0x0636D708

MR_GetObject called with pClassId=52
  SUCCESS: Object created at 0x063256C8

MR_GetObject called with pClassId=55
  SUCCESS: Object created at 0x06325740

MR_GetObject called with pClassId=53
  SUCCESS: Object created at 0x06325510

MR_GetObject called with pClassId=52
  SUCCESS: Object created at 0x063255D8

MR_GetObject called with pClassId=51
  SUCCESS: Object created at 0x0636D788

MR_GetObject called with pClassId=50
  SUCCESS: Object created at 0x0636D5A8

MR_GetObject called with pClassId=53
  SUCCESS: Object created at 0x063258A8

MR_GetObject called with pClassId=52
  SUCCESS: Object created at 0x06325600

MR_GetObject called with pClassId=52
  SUCCESS: Object created at 0x063258D0

MR_GetObject called with pClassId=52
  SUCCESS: Object created at 0x063253F8

MR_GetObject called with pClassId=51
  SUCCESS: Object created at 0x0636D748

MR_GetObject called with pClassId=50
  SUCCESS: Object created at 0x0636D728

MR_GetObject called with pClassId=53
  SUCCESS: Object created at 0x06325538

MR_GetObject called with pClassId=52
  SUCCESS: Object created at 0x063257B8

MR_GetObject called with pClassId=59
  SUCCESS: Object created at 0x0636D628

MR_GetObject called with pClassId=52
  SUCCESS: Object created at 0x06325808

MR_GetObject called with pClassId=55
  SUCCESS: Object created at 0x06325628

MR_GetObject called with pClassId=51
  SUCCESS: Object created at 0x0636D868

MR_GetObject called with pClassId=50
  SUCCESS: Object created at 0x0636D648

MR_GetObject called with pClassId=52
  SUCCESS: Object created at 0x06325448

MR_GetObject called with pClassId=54
  SUCCESS: Object created at 0x06325560

MR_GetObject called with pClassId=52
  SUCCESS: Object created at 0x06325498

MR_GetObject called with pClassId=60
  SUCCESS: Object created at 0x0636D808

MR_GetObject called with pClassId=52
  SUCCESS: Object created at 0x06325718

MR_GetObject called with pClassId=51
  SUCCESS: Object created at 0x0636D888

MR_GetObject called with pClassId=50
  SUCCESS: Object created at 0x0636D768

MR_GetObject called with pClassId=60
  SUCCESS: Object created at 0x0636D828

MR_GetObject called with pClassId=52
  SUCCESS: Object created at 0x06325830

MR_GetObject called with pClassId=52
  SUCCESS: Object created at 0x06325420

MR_GetObject called with pClassId=52
  SUCCESS: Object created at 0x06325678

MR_GetObject called with pClassId=52
  SUCCESS: Object created at 0x06325588

MR_GetObject called with pClassId=67
  SUCCESS: Object created at 0x0636D6C8

MR_GetObject called with pClassId=67
  SUCCESS: Object created at 0x0636D8C8

MR_GetObject called with pClassId=67
  SUCCESS: Object created at 0x0636D8E8

MR_GetObject called with pClassId=67
  SUCCESS: Object created at 0x0636D928

MR_GetObject called with pClassId=67
  SUCCESS: Object created at 0x0636D948

MR_GetObject called with pClassId=67
  SUCCESS: Object created at 0x0636D668

MR_GetObject called with pClassId=51
  SUCCESS: Object created at 0x0636D968

MR_GetObject called with pClassId=51
  SUCCESS: Object created at 0x0636D988

MR_GetObject called with pClassId=70
  SUCCESS: Object created at 0x0636D5C8

MR_GetObject called with pClassId=50
  SUCCESS: Object created at 0x0636D5E8

MR_GetObject called with pClassId=71
  SUCCESS: Object created at 0x0636D608

MR_GetObject called with pClassId=68
  SUCCESS: Object created at 0x0636D688

MR_GetObject called with pClassId=51
  SUCCESS: Object created at 0x0636DAE8

MR_GetObject called with pClassId=51
  SUCCESS: Object created at 0x0636DAA8

MR_GetObject called with pClassId=50
  SUCCESS: Object created at 0x0636DAC8

MR_GetObject called with pClassId=70
  SUCCESS: Object created at 0x0636DA68

MR_GetObject called with pClassId=50
  SUCCESS: Object created at 0x0636DB28

MR_GetObject called with pClassId=71
  SUCCESS: Object created at 0x0636DB08

MR_GetObject called with pClassId=65
  SUCCESS: Object created at 0x0636DA88

MR_GetObject called with pClassId=65
  SUCCESS: Object created at 0x0636DB48

MR_GetObject called with pClassId=65
  SUCCESS: Object created at 0x0636DA08

MR_GetObject called with pClassId=65
  SUCCESS: Object created at 0x0636D9C8

MR_GetObject called with pClassId=65
  SUCCESS: Object created at 0x0636DC28

MR_GetObject called with pClassId=65
  SUCCESS: Object created at 0x0636D9E8

MR_GetObject called with pClassId=65
  SUCCESS: Object created at 0x0636DCE8

MR_GetObject called with pClassId=65
  SUCCESS: Object created at 0x0636DB68

MR_GetObject called with pClassId=65
  SUCCESS: Object created at 0x0636DD08

MR_GetObject called with pClassId=65
  SUCCESS: Object created at 0x0636DD28

MR_GetObject called with pClassId=203
  SUCCESS: Object created at 0x011217C0

MR_GetObject called with pClassId=204
  SUCCESS: Object created at 0x011216A0

MR_GetObject called with pClassId=152
  SUCCESS: Object created at 0x0639DE00

MR_GetObject called with pClassId=202
  SUCCESS: Object created at 0x011212F8

MR_GetObject called with pClassId=200
  SUCCESS: Object created at 0x0639E5E8

MR_GetObject called with pClassId=100
  SUCCESS: Object created at 0x0632F760
