=== SDL2Graphics Software Rendering Initialize called ===
Width: 942, Height: 648
Window handle valid
SDL_InitSubSystem OK
SDL_CreateWindowFrom OK
SDL_CreateRenderer OK (software)
SDL_CreateTexture OK
Palette buffer allocated (0 bytes)
Initialization successful (waiting for SetPalette to provide real palette)
=== SDL2Graphics Software Rendering Initialize called ===
Width: 942, Height: 648
Window handle valid
SDL_InitSubSystem OK
SDL_CreateWindowFrom OK
SDL_CreateRenderer OK (software)
SDL_CreateTexture OK
Palette buffer allocated (0 bytes)
Initialization successful (waiting for SetPalette to provide real palette)
Frame: 100
Frame: 200
Frame: 300
Frame: 400
Frame: 500
Frame: 600
Frame: 700
Frame: 800
Frame: 900
Frame: 1000
Frame: 1100
Frame: 1200
Frame: 1300
Frame: 1400
Frame: 1500
Frame: 1600
Frame: 1700
Frame: 1800
Frame: 1900
Frame: 2000
Frame: 2100
Frame: 2200
Frame: 2300
Frame: 2400
Frame: 2500
=== SDL2Graphics Software Rendering Initialize called ===
Width: 942, Height: 648
Window handle valid
SDL_InitSubSystem OK
SDL_CreateWindowFrom OK
SDL_CreateRenderer OK (software)
SDL_CreateTexture OK
Palette buffer allocated (0 bytes)
Initialization successful (waiting for SetPalette to provide real palette)
Frame: 2600
Frame: 2700
Frame: 2800
Frame: 2900
Frame: 3000
Frame: 3100
Frame: 3200
Frame: 3300
Frame: 3400
Frame: 3500
Frame: 3600
Frame: 3700
Frame: 3800
Frame: 3900
Frame: 4000
Frame: 4100
Frame: 4200
=== SDL2Graphics Software Rendering Initialize called ===
Width: 942, Height: 648
Window handle valid
SDL_InitSubSystem OK
SDL_CreateWindowFrom OK
SDL_CreateRenderer OK (software)
SDL_CreateTexture OK
Palette buffer allocated (0 bytes)
Initialization successful (waiting for SetPalette to provide real palette)
=== SDL2Graphics Software Rendering Initialize called ===
Width: 942, Height: 648
Window handle valid
SDL_InitSubSystem OK
SDL_CreateWindowFrom OK
SDL_CreateRenderer OK (software)
SDL_CreateTexture OK
Palette buffer allocated (0 bytes)
Initialization successful (waiting for SetPalette to provide real palette)
Frame: 100
Frame: 200
Frame: 300
Frame: 400
Frame: 500
Frame: 600
Frame: 700
Frame: 800
Frame: 900
Frame: 1000
Frame: 1100
Frame: 1200
Frame: 1300
=== SDL2Graphics Software Rendering Initialize called ===
Width: 942, Height: 648
Window handle valid
SDL_InitSubSystem OK
SDL_CreateWindowFrom OK
SDL_CreateRenderer OK (software)
SDL_CreateTexture OK
Palette buffer allocated (0 bytes)
Initialization successful (waiting for SetPalette to provide real palette)
=== SDL2Graphics Software Rendering Initialize called ===
Width: 942, Height: 648
Window handle valid
SDL_InitSubSystem OK
SDL_CreateWindowFrom OK
SDL_CreateRenderer OK (software)
SDL_CreateTexture OK
Palette buffer allocated (0 bytes)
Initialization successful (waiting for SetPalette to provide real palette)
Frame: 100
Frame: 200
Frame: 300
Frame: 400
Frame: 500
Frame: 600
Frame: 700
Frame: 800
Frame: 900
Frame: 1000
Frame: 1100
Frame: 1200
Frame: 1300
Frame: 1400
Frame: 1500
Frame: 1600
Frame: 1700
Frame: 1800
Frame: 1900
Frame: 2000
Frame: 2100
=== SDL2Graphics Software Rendering Initialize called ===
Width: 942, Height: 648
Window handle valid
SDL_InitSubSystem OK
SDL_CreateWindowFrom OK
SDL_CreateRenderer OK (software)
SDL_CreateTexture OK
Palette buffer allocated (0 bytes)
Initialization successful (waiting for SetPalette to provide real palette)
=== SDL2Graphics Software Rendering Initialize called ===
Width: 942, Height: 648
Window handle valid
SDL_InitSubSystem OK
SDL_CreateWindowFrom OK
SDL_CreateRenderer OK (software)
SDL_CreateTexture OK
Palette buffer allocated (0 bytes)
Initialization successful (waiting for SetPalette to provide real palette)
Frame: 100
Frame: 200
=== SDL2Graphics Software Rendering Initialize called ===
Width: 942, Height: 648
Window handle valid
SDL_InitSubSystem OK
SDL_CreateWindowFrom OK
SDL_CreateRenderer OK (software)
SDL_CreateTexture OK
Palette buffer allocated (0 bytes)
Initialization successful (waiting for SetPalette to provide real palette)
=== SDL2Graphics Software Rendering Initialize called ===
Width: 942, Height: 648
Window handle valid
SDL_InitSubSystem OK
SDL_CreateWindowFrom OK
SDL_CreateRenderer OK (software)
SDL_CreateTexture OK
Palette buffer allocated (0 bytes)
Initialization successful (waiting for SetPalette to provide real palette)
Frame: 100
=== SDL2Graphics Software Rendering Initialize called ===
Width: 942, Height: 648
Window handle valid
SDL_InitSubSystem OK
SDL_CreateWindowFrom OK
SDL_CreateRenderer OK (software)
SDL_CreateTexture OK (RGB24 format)
Palette buffer allocated (0 bytes)
Initialization successful (waiting for SetPalette to provide real palette)
=== SDL2Graphics Software Rendering Initialize called ===
Width: 942, Height: 648
Window handle valid
SDL_InitSubSystem OK
SDL_CreateWindowFrom OK
SDL_CreateRenderer OK (software)
SDL_CreateTexture OK (RGB24 format)
Palette buffer allocated (0 bytes)
Initialization successful (waiting for SetPalette to provide real palette)
Frame: 100
Frame: 200
Frame: 300
=== SDL2Graphics Software Rendering Initialize called ===
Width: 942, Height: 648
Window handle valid
SDL_InitSubSystem OK
SDL_CreateWindowFrom OK
SDL_CreateRenderer OK (software)
SDL_CreateTexture OK (RGB24 format)
Palette buffer allocated (0 bytes)
Initialization successful (waiting for SetPalette to provide real palette)
=== SDL2Graphics Software Rendering Initialize called ===
Width: 942, Height: 648
Window handle valid
SDL_InitSubSystem OK
SDL_CreateWindowFrom OK
SDL_CreateRenderer OK (software)
SDL_CreateTexture OK (RGB24 format)
Palette buffer allocated (0 bytes)
Initialization successful (waiting for SetPalette to provide real palette)
=== SDL2Graphics Software Rendering Initialize called ===
Width: 942, Height: 648
Window handle valid
SDL_InitSubSystem OK
SDL_CreateWindowFrom OK
SDL_CreateRenderer OK (software)
SDL_CreateTexture OK (RGB24 format)
Palette buffer allocated (0 bytes)
Initialization successful (waiting for SetPalette to provide real palette)
=== SDL2Graphics Software Rendering Initialize called ===
Width: 942, Height: 648
Window handle valid
SDL_InitSubSystem OK
SDL_CreateWindowFrom OK
SDL_CreateRenderer OK (software)
SDL_CreateTexture OK (RGB24 format)
Palette buffer allocated (0 bytes)
Initialization successful (waiting for SetPalette to provide real palette)
Frame: 100
Frame: 200
Frame: 300
Frame: 400
Frame: 500
Frame: 600
Frame: 700
Frame: 800
Frame: 900
Frame: 1000
=== SDL2Graphics Software Rendering Initialize called ===
Width: 942, Height: 648
Window handle valid
SDL_InitSubSystem OK
SDL_CreateWindowFrom OK
SDL_CreateRenderer OK (software)
SDL_CreateTexture OK (RGB24 format)
Palette buffer allocated (0 bytes)
Initialization successful (waiting for SetPalette to provide real palette)
=== SDL2Graphics Software Rendering Initialize called ===
Width: 942, Height: 648
Window handle valid
SDL_InitSubSystem OK
SDL_CreateWindowFrom OK
SDL_CreateRenderer OK (software)
SDL_CreateTexture OK (RGB24 format)
Palette buffer allocated (0 bytes)
Initialization successful (waiting for SetPalette to provide real palette)
=== SDL2Graphics Software Rendering Initialize called ===
Width: 942, Height: 648
Window handle valid
SDL_InitSubSystem OK
SDL_CreateWindowFrom OK
SDL_CreateRenderer OK (software)
SDL_CreateTexture OK (RGB24 format)
Palette buffer allocated (0 bytes)
Initialization successful (waiting for SetPalette to provide real palette)
=== SDL2Graphics Software Rendering Initialize called ===
Width: 942, Height: 648
Window handle valid
SDL_InitSubSystem OK
SDL_CreateWindowFrom OK
SDL_CreateRenderer OK (software)
SDL_CreateTexture OK (RGB24 format)
Palette buffer allocated (0 bytes)
Initialization successful (waiting for SetPalette to provide real palette)
Frame: 100
Frame: 200
Frame: 300
Frame: 400
=== SDL2Graphics Software Rendering Initialize called ===
Width: 942, Height: 648
Window handle valid
SDL_InitSubSystem OK
SDL_CreateWindowFrom OK
SDL_CreateRenderer OK (software)
SDL_CreateTexture OK (RGB24 format)
Palette buffer allocated (0 bytes)
Initialization successful (waiting for SetPalette to provide real palette)
Frame: 500
=== SDL2Graphics Software Rendering Initialize called ===
Width: 942, Height: 648
Window handle valid
SDL_InitSubSystem OK
SDL_CreateWindowFrom OK
SDL_CreateRenderer OK (software)
SDL_CreateTexture OK (RGB24 format)
Palette buffer allocated (0 bytes)
Initialization successful (waiting for SetPalette to provide real palette)
=== SDL2Graphics Software Rendering Initialize called ===
Width: 942, Height: 648
Window handle valid
SDL_InitSubSystem OK
SDL_CreateWindowFrom OK
SDL_CreateRenderer OK (software)
SDL_CreateTexture OK (RGB24 format)
Palette buffer allocated (0 bytes)
Initialization successful (waiting for SetPalette to provide real palette)
Frame: 100
Frame: 200
=== SDL2Graphics Software Rendering Initialize called ===
Width: 942, Height: 648
Window handle valid
SDL_InitSubSystem OK
SDL_CreateWindowFrom OK
SDL_CreateRenderer OK (software)
SDL_CreateTexture OK (RGB24 format)
Palette buffer allocated (0 bytes)
Initialization successful (waiting for SetPalette to provide real palette)
=== SDL2Graphics Software Rendering Initialize called ===
Width: 942, Height: 648
Window handle valid
SDL_InitSubSystem OK
SDL_CreateWindowFrom OK
SDL_CreateRenderer OK (software)
SDL_CreateTexture OK (RGB24 format)
Palette buffer allocated (0 bytes)
Initialization successful (waiting for SetPalette to provide real palette)
Frame: 100
Frame: 200
Frame: 300
Frame: 400
Frame: 500
Frame: 600
Frame: 700
Frame: 800
Frame: 900
Frame: 1000
Frame: 1100
Frame: 1200
Frame: 1300
Frame: 1400
Frame: 1500
Frame: 1600
Frame: 1700
Frame: 1800
Frame: 1900
Frame: 2000
=== SDL2Graphics Software Rendering Initialize called ===
Width: 942, Height: 648
Window handle valid
SDL_InitSubSystem OK
SDL_CreateWindowFrom OK
SDL_CreateRenderer OK (software)
SDL_CreateTexture OK (RGB24 format)
Palette buffer allocated (0 bytes)
Initialization successful (waiting for SetPalette to provide real palette)
Frame: 2100
Frame: 2200
Frame: 2300
Frame: 2400
Frame: 2500
Frame: 2600
Frame: 2700
Frame: 2800
Frame: 2900
Frame: 3000
Frame: 3100
Frame: 3200
Frame: 3300
Frame: 3400
Frame: 3500
Frame: 3600
Frame: 3700
Frame: 3800
Frame: 3900
=== SDL2Graphics Software Rendering Initialize called ===
Width: 942, Height: 648
Window handle valid
SDL_InitSubSystem OK
SDL_CreateWindowFrom OK
SDL_CreateRenderer OK (software)
SDL_CreateTexture OK (RGB24 format)
Palette buffer allocated (0 bytes)
Initialization successful (waiting for SetPalette to provide real palette)
=== SDL2Graphics Software Rendering Initialize called ===
Width: 942, Height: 648
Window handle valid
SDL_InitSubSystem OK
SDL_CreateWindowFrom OK
SDL_CreateRenderer OK (software)
SDL_CreateTexture OK (RGB24 format)
Palette buffer allocated (0 bytes)
Initialization successful (waiting for SetPalette to provide real palette)
Frame: 100
Frame: 200
=== SDL2Graphics Software Rendering Initialize called ===
Width: 942, Height: 648
Window handle valid
SDL_InitSubSystem OK
SDL_CreateWindowFrom OK
SDL_CreateRenderer OK (software)
SDL_CreateTexture OK (RGB24 format)
Palette buffer allocated (0 bytes)
Initialization successful (waiting for SetPalette to provide real palette)
=== SDL2Graphics Software Rendering Initialize called ===
Width: 942, Height: 648
Window handle valid
SDL_InitSubSystem OK
SDL_CreateWindowFrom OK
SDL_CreateRenderer OK (software)
SDL_CreateTexture OK (RGB24 format)
Palette buffer allocated (0 bytes)
Initialization successful (waiting for SetPalette to provide real palette)
Frame: 100
Frame: 200
Frame: 300
Frame: 400
Frame: 500
Frame: 600
Frame: 700
Frame: 800
Frame: 900
=== SDL2Graphics Software Rendering Initialize called ===
Width: 942, Height: 648
Window handle valid
SDL_InitSubSystem OK
SDL_CreateWindowFrom OK
SDL_CreateRenderer OK (software)
SDL_CreateTexture OK (RGB24 format)
Palette buffer allocated (0 bytes)
Initialization successful (waiting for SetPalette to provide real palette)
Frame: 1000
Frame: 1100
Frame: 1200
Frame: 1300
=== SDL2Graphics Software Rendering Initialize called ===
Width: 942, Height: 648
Window handle valid
SDL_InitSubSystem OK
SDL_CreateWindowFrom OK
SDL_CreateRenderer OK (software)
SDL_CreateTexture OK (RGB24 format)
Palette buffer allocated (0 bytes)
Initialization successful (waiting for SetPalette to provide real palette)
Frame: 1400
=== SDL2Graphics Software Rendering Initialize called ===
Width: 942, Height: 648
Window handle valid
SDL_InitSubSystem OK
SDL_CreateWindowFrom OK
SDL_CreateRenderer OK (software)
SDL_CreateTexture OK (RGB24 format)
Palette buffer allocated (0 bytes)
Initialization successful (waiting for SetPalette to provide real palette)
=== SDL2Graphics Software Rendering Initialize called ===
Width: 0, Height: 0
Window handle valid
SDL_InitSubSystem OK
SDL_CreateWindowFrom OK
ERROR: SDL_CreateRenderer failed: Couldn't find matching render driver
=== SDL2Graphics Software Rendering Initialize called ===
Width: 942, Height: 648
Window handle valid
SDL_InitSubSystem OK
SDL_CreateWindowFrom OK
SDL_CreateRenderer OK (software)
SDL_CreateTexture OK (RGB24 format)
Palette buffer allocated (0 bytes)
Initialization successful (waiting for SetPalette to provide real palette)
Frame: 1500
=== SDL2Graphics Software Rendering Initialize called ===
Width: 942, Height: 648
Window handle valid
SDL_InitSubSystem OK
SDL_CreateWindowFrom OK
SDL_CreateRenderer OK (software)
SDL_CreateTexture OK (RGB24 format)
Palette buffer allocated (0 bytes)
Initialization successful (waiting for SetPalette to provide real palette)
Frame: 1600
Frame: 1700
Frame: 1800
Frame: 1900
Frame: 2000
Frame: 2100
=== SDL2Graphics Software Rendering Initialize called ===
Width: 942, Height: 648
Window handle valid
SDL_InitSubSystem OK
SDL_CreateWindowFrom OK
SDL_CreateRenderer OK (software)
SDL_CreateTexture OK (RGB24 format)
Palette buffer allocated (0 bytes)
Initialization successful (waiting for SetPalette to provide real palette)
=== SDL2Graphics Software Rendering Initialize called ===
Width: 942, Height: 648
Window handle valid
SDL_InitSubSystem OK
SDL_CreateWindowFrom OK
SDL_CreateRenderer OK (software)
SDL_CreateTexture OK (RGB24 format)
Palette buffer allocated (0 bytes)
Initialization successful (waiting for SetPalette to provide real palette)
=== SDL2Graphics Software Rendering Initialize called ===
Width: 942, Height: 648
Window handle valid
SDL_InitSubSystem OK
SDL_CreateWindowFrom OK
SDL_CreateRenderer OK (software)
SDL_CreateTexture OK (RGB24 format)
Palette buffer allocated (0 bytes)
Initialization successful (waiting for SetPalette to provide real palette)
=== SDL2Graphics Software Rendering Initialize called ===
Width: 942, Height: 648
Window handle valid
SDL_InitSubSystem OK
SDL_CreateWindowFrom OK
SDL_CreateRenderer OK (software)
SDL_CreateTexture OK (RGB24 format)
Palette buffer allocated (0 bytes)
Initialization successful (waiting for SetPalette to provide real palette)
=== SDL2Graphics Software Rendering Initialize called ===
Width: 942, Height: 648
Window handle valid
SDL_InitSubSystem OK
SDL_CreateWindowFrom OK
SDL_CreateRenderer OK (software)
SDL_CreateTexture OK (RGB24 format)
Palette buffer allocated (0 bytes)
Initialization successful (waiting for SetPalette to provide real palette)
=== SDL2Graphics Software Rendering Initialize called ===
Width: 942, Height: 648
Window handle valid
SDL_InitSubSystem OK
SDL_CreateWindowFrom OK
SDL_CreateRenderer OK (software)
SDL_CreateTexture OK (RGB24 format)
Palette buffer allocated (0 bytes)
Initialization successful (waiting for SetPalette to provide real palette)
Frame: 100
=== SDL2Graphics Software Rendering Initialize called ===
Width: 942, Height: 648
Window handle valid
SDL_InitSubSystem OK
SDL_CreateWindowFrom OK
SDL_CreateRenderer OK (software)
SDL_CreateTexture OK (RGB24 format)
Palette buffer allocated (0 bytes)
Initialization successful (waiting for SetPalette to provide real palette)
=== SDL2Graphics Software Rendering Initialize called ===
Width: 942, Height: 648
Window handle valid
SDL_InitSubSystem OK
SDL_CreateWindowFrom OK
SDL_CreateRenderer OK (software)
SDL_CreateTexture OK (RGB24 format)
Palette buffer allocated (0 bytes)
Initialization successful (waiting for SetPalette to provide real palette)
Frame: 100
=== SDL2Graphics Software Rendering Initialize called ===
Width: 942, Height: 648
Window handle valid
SDL_InitSubSystem OK
SDL_CreateWindowFrom OK
SDL_CreateRenderer OK (software)
SDL_CreateTexture OK (RGB24 format)
Palette buffer allocated (0 bytes)
Initialization successful (waiting for SetPalette to provide real palette)
=== SDL2Graphics Software Rendering Initialize called ===
Width: 942, Height: 648
Window handle valid
SDL_InitSubSystem OK
SDL_CreateWindowFrom OK
SDL_CreateRenderer OK (software)
SDL_CreateTexture OK (RGB24 format)
Palette buffer allocated (0 bytes)
Initialization successful (waiting for SetPalette to provide real palette)
=== SDL2Graphics Software Rendering Initialize called ===
Width: 942, Height: 648
Window handle valid
SDL_InitSubSystem OK
SDL_CreateWindowFrom OK
SDL_CreateRenderer OK (software)
SDL_CreateTexture OK (RGB24 format)
Palette buffer allocated (0 bytes)
Initialization successful (waiting for SetPalette to provide real palette)
=== SDL2Graphics Software Rendering Initialize called ===
Width: 942, Height: 648
Window handle valid
SDL_InitSubSystem OK
SDL_CreateWindowFrom OK
SDL_CreateRenderer OK (software)
SDL_CreateTexture OK (RGB24 format)
Palette buffer allocated (0 bytes)
Initialization successful (waiting for SetPalette to provide real palette)
Frame: 100
=== SDL2Graphics Software Rendering Initialize called ===
Width: 942, Height: 648
Window handle valid
SDL_InitSubSystem OK
SDL_CreateWindowFrom OK
SDL_CreateRenderer OK (software)
SDL_CreateTexture OK (RGB24 format)
Palette buffer allocated (0 bytes)
Initialization successful (waiting for SetPalette to provide real palette)
=== SDL2Graphics Software Rendering Initialize called ===
Width: 942, Height: 648
Window handle valid
SDL_InitSubSystem OK
SDL_CreateWindowFrom OK
SDL_CreateRenderer OK (software)
SDL_CreateTexture OK (RGB24 format)
Palette buffer allocated (0 bytes)
Initialization successful (waiting for SetPalette to provide real palette)
Frame: 100
=== SDL2Graphics Software Rendering Initialize called ===
Width: 942, Height: 648
Window handle valid
SDL_InitSubSystem OK
SDL_CreateWindowFrom OK
SDL_CreateRenderer OK (software)
SDL_CreateTexture OK (RGB24 format)
Palette buffer allocated (0 bytes)
Initialization successful (waiting for SetPalette to provide real palette)
=== SDL2Graphics Software Rendering Initialize called ===
Width: 942, Height: 648
Window handle valid
SDL_InitSubSystem OK
SDL_CreateWindowFrom OK
SDL_CreateRenderer OK (software)
SDL_CreateTexture OK (RGB24 format)
Palette buffer allocated (0 bytes)
Initialization successful (waiting for SetPalette to provide real palette)
Frame: 100
Frame: 200
=== SDL2Graphics Software Rendering Initialize called ===
Width: 942, Height: 648
Window handle valid
SDL_InitSubSystem OK
SDL_CreateWindowFrom OK
SDL_CreateRenderer OK (software)
SDL_CreateTexture OK (RGB24 format)
Palette buffer allocated (0 bytes)
Initialization successful (waiting for SetPalette to provide real palette)
=== SDL2Graphics Software Rendering Initialize called ===
Width: 942, Height: 648
Window handle valid
SDL_InitSubSystem OK
SDL_CreateWindowFrom OK
SDL_CreateRenderer OK (software)
SDL_CreateTexture OK (RGB24 format)
Palette buffer allocated (0 bytes)
Initialization successful (waiting for SetPalette to provide real palette)
Frame: 100
Frame: 200
Frame: 300
Frame: 400
Frame: 500
Frame: 600
Frame: 700
Frame: 800
Frame: 900
Frame: 1000
Frame: 1100
=== SDL2Graphics Software Rendering Initialize called ===
Width: 942, Height: 648
Window handle valid
SDL_InitSubSystem OK
SDL_CreateWindowFrom OK
SDL_CreateRenderer OK (software)
SDL_CreateTexture OK (RGB24 format)
Palette buffer allocated (0 bytes)
Initialization successful (waiting for SetPalette to provide real palette)
Frame: 1200
=== SDL2Graphics Software Rendering Initialize called ===
Width: 942, Height: 648
Window handle valid
SDL_InitSubSystem OK
SDL_CreateWindowFrom OK
SDL_CreateRenderer OK (software)
SDL_CreateTexture OK (RGB24 format)
Palette buffer allocated (0 bytes)
Initialization successful (waiting for SetPalette to provide real palette)
=== SDL2Graphics Software Rendering Initialize called ===
Width: 942, Height: 648
Window handle valid
SDL_InitSubSystem OK
SDL_CreateWindowFrom OK
SDL_CreateRenderer OK (software)
SDL_CreateTexture OK (RGB24 format)
Palette buffer allocated (0 bytes)
Initialization successful (waiting for SetPalette to provide real palette)
=== SDL2Graphics Software Rendering Initialize called ===
Width: 942, Height: 648
Window handle valid
SDL_InitSubSystem OK
SDL_CreateWindowFrom OK
SDL_CreateRenderer OK (software)
SDL_CreateTexture OK (RGB24 format)
Palette buffer allocated (0 bytes)
Initialization successful (waiting for SetPalette to provide real palette)
=== SDL2Graphics Software Rendering Initialize called ===
Width: 942, Height: 648
Window handle valid
SDL_InitSubSystem OK
SDL_CreateWindowFrom OK
SDL_CreateRenderer OK (software)
SDL_CreateTexture OK (RGB24 format)
Palette buffer allocated (0 bytes)
Initialization successful (waiting for SetPalette to provide real palette)
Frame: 100
Frame: 200
=== SDL2Graphics Software Rendering Initialize called ===
Width: 942, Height: 648
Window handle valid
SDL_InitSubSystem OK
SDL_CreateWindowFrom OK
SDL_CreateRenderer OK (software)
SDL_CreateTexture OK (RGB24 format)
Palette buffer allocated (0 bytes)
Initialization successful (waiting for SetPalette to provide real palette)
=== SDL2Graphics Software Rendering Initialize called ===
Width: 942, Height: 648
Window handle valid
SDL_InitSubSystem OK
SDL_CreateWindowFrom OK
SDL_CreateRenderer OK (software)
SDL_CreateTexture OK (RGB24 format)
Palette buffer allocated (0 bytes)
Initialization successful (waiting for SetPalette to provide real palette)
Frame: 100
Frame: 200
Frame: 300
Frame: 400
Frame: 500
Frame: 600
Frame: 700
Frame: 800
Frame: 900
Frame: 1000
=== SDL2Graphics Software Rendering Initialize called ===
Width: 942, Height: 648
Window handle valid
SDL_InitSubSystem OK
SDL_CreateWindowFrom OK
SDL_CreateRenderer OK (software)
SDL_CreateTexture OK (RGB24 format)
Palette buffer allocated (0 bytes)
Initialization successful (waiting for SetPalette to provide real palette)
=== SDL2Graphics Software Rendering Initialize called ===
Width: 942, Height: 648
Window handle valid
SDL_InitSubSystem OK
SDL_CreateWindowFrom OK
SDL_CreateRenderer OK (software)
SDL_CreateTexture OK (RGB24 format)
Palette buffer allocated (0 bytes)
Initialization successful (waiting for SetPalette to provide real palette)
Frame: 100
Frame: 200
Frame: 300
Frame: 400
Frame: 500
Frame: 600
Frame: 700
Frame: 800
Frame: 900
Frame: 1000
Frame: 1100
Frame: 1200
Frame: 1300
Frame: 1400
Frame: 1500
=== SDL2Graphics Software Rendering Initialize called ===
Width: 942, Height: 648
Window handle valid
SDL_InitSubSystem OK
SDL_CreateWindowFrom OK
SDL_CreateRenderer OK (software)
SDL_CreateTexture OK (RGB24 format)
Palette buffer allocated (0 bytes)
Initialization successful (waiting for SetPalette to provide real palette)
Frame: 1600
Frame: 1700
Frame: 1800
Frame: 1900
=== SDL2Graphics Software Rendering Initialize called ===
Width: 942, Height: 648
Window handle valid
SDL_InitSubSystem OK
SDL_CreateWindowFrom OK
SDL_CreateRenderer OK (software)
SDL_CreateTexture OK (RGB24 format)
Palette buffer allocated (0 bytes)
Initialization successful (waiting for SetPalette to provide real palette)
=== SDL2Graphics Software Rendering Initialize called ===
Width: 942, Height: 648
Window handle valid
SDL_InitSubSystem OK
SDL_CreateWindowFrom OK
SDL_CreateRenderer OK (software)
SDL_CreateTexture OK (RGB24 format)
Palette buffer allocated (0 bytes)
Initialization successful (waiting for SetPalette to provide real palette)
Frame: 100
Frame: 200
=== SDL2Graphics Software Rendering Initialize called ===
Width: 942, Height: 648
Window handle valid
SDL_InitSubSystem OK
SDL_CreateWindowFrom OK
SDL_CreateRenderer OK (software)
SDL_CreateTexture OK (RGB24 format)
Palette buffer allocated (0 bytes)
Initialization successful (waiting for SetPalette to provide real palette)
Frame: 300
Frame: 400
=== SDL2Graphics Software Rendering Initialize called ===
Width: 942, Height: 648
Window handle valid
SDL_InitSubSystem OK
SDL_CreateWindowFrom OK
SDL_CreateRenderer OK (software)
SDL_CreateTexture OK (RGB24 format)
Palette buffer allocated (0 bytes)
Initialization successful (waiting for SetPalette to provide real palette)
=== SDL2Graphics Software Rendering Initialize called ===
Width: 942, Height: 648
Window handle valid
SDL_InitSubSystem OK
SDL_CreateWindowFrom OK
SDL_CreateRenderer OK (software)
SDL_CreateTexture OK (RGB24 format)
Palette buffer allocated (0 bytes)
Initialization successful (waiting for SetPalette to provide real palette)
Frame: 100
Frame: 200
Frame: 300
Frame: 400
Frame: 500
Frame: 600
Frame: 700
=== SDL2Graphics Software Rendering Initialize called ===
Width: 942, Height: 648
Window handle valid
SDL_InitSubSystem OK
SDL_CreateWindowFrom OK
SDL_CreateRenderer OK (software)
SDL_CreateTexture OK (RGB24 format)
Palette buffer allocated (0 bytes)
Initialization successful (waiting for SetPalette to provide real palette)
=== SDL2Graphics Software Rendering Initialize called ===
Width: 942, Height: 648
Window handle valid
SDL_InitSubSystem OK
SDL_CreateWindowFrom OK
SDL_CreateRenderer OK (software)
SDL_CreateTexture OK (RGB24 format)
Palette buffer allocated (0 bytes)
Initialization successful (waiting for SetPalette to provide real palette)
Frame: 100
Frame: 200
Frame: 300
Frame: 400
Frame: 500
Frame: 600
Frame: 700
Frame: 800
Frame: 900
Frame: 1000
Frame: 1100
Frame: 1200
Frame: 1300
Frame: 1400
Frame: 1500
Frame: 1600
Frame: 1700
Frame: 1800
Frame: 1900
Frame: 2000
Frame: 2100
Frame: 2200
Frame: 2300
Frame: 2400
Frame: 2500
Frame: 2600
Frame: 2700
Frame: 2800
Frame: 2900
Frame: 3000
Frame: 3100
Frame: 3200
Frame: 3300
Frame: 3400
Frame: 3500
Frame: 3600
=== SDL2Graphics Software Rendering Initialize called ===
Width: 942, Height: 648
Window handle valid
SDL_InitSubSystem OK
SDL_CreateWindowFrom OK
SDL_CreateRenderer OK (software)
SDL_CreateTexture OK (RGB24 format)
Palette buffer allocated (0 bytes)
Initialization successful (waiting for SetPalette to provide real palette)
=== SDL2Graphics Software Rendering Initialize called ===
Width: 942, Height: 648
Window handle valid
SDL_InitSubSystem OK
SDL_CreateWindowFrom OK
SDL_CreateRenderer OK (software)
SDL_CreateTexture OK (RGB24 format)
Palette buffer allocated (0 bytes)
Initialization successful (waiting for SetPalette to provide real palette)
=== SDL2Graphics Software Rendering Initialize called ===
Width: 942, Height: 648
Window handle valid
SDL_InitSubSystem OK
SDL_CreateWindowFrom OK
SDL_CreateRenderer OK (software)
SDL_CreateTexture OK (RGB24 format)
Palette buffer allocated (0 bytes)
Initialization successful (waiting for SetPalette to provide real palette)
=== SDL2Graphics Software Rendering Initialize called ===
Width: 942, Height: 648
Window handle valid
SDL_InitSubSystem OK
SDL_CreateWindowFrom OK
SDL_CreateRenderer OK (software)
SDL_CreateTexture OK (RGB24 format)
Palette buffer allocated (0 bytes)
Initialization successful (waiting for SetPalette to provide real palette)
=== SDL2Graphics Software Rendering Initialize called ===
Width: 942, Height: 648
Window handle valid
SDL_InitSubSystem OK
SDL_CreateWindowFrom OK
SDL_CreateRenderer OK (software)
SDL_CreateTexture OK (RGB24 format)
Palette buffer allocated (0 bytes)
Initialization successful (waiting for SetPalette to provide real palette)
=== SDL2Graphics Software Rendering Initialize called ===
Width: 942, Height: 648
Window handle valid
SDL_InitSubSystem OK
SDL_CreateWindowFrom OK
SDL_CreateRenderer OK (software)
SDL_CreateTexture OK (RGB24 format)
Palette buffer allocated (0 bytes)
Initialization successful (waiting for SetPalette to provide real palette)
=== SDL2Graphics Software Rendering Initialize called ===
Width: 942, Height: 648
Window handle valid
SDL_InitSubSystem OK
SDL_CreateWindowFrom OK
SDL_CreateRenderer OK (software)
SDL_CreateTexture OK (RGB24 format)
Palette buffer allocated (0 bytes)
Initialization successful (waiting for SetPalette to provide real palette)
=== SDL2Graphics Software Rendering Initialize called ===
Width: 942, Height: 648
Window handle valid
SDL_InitSubSystem OK
SDL_CreateWindowFrom OK
SDL_CreateRenderer OK (software)
SDL_CreateTexture OK (RGB24 format)
Palette buffer allocated (0 bytes)
Initialization successful (waiting for SetPalette to provide real palette)
Frame: 100
Frame: 200
Frame: 300
Frame: 400
Frame: 500
Frame: 600
=== SDL2Graphics Software Rendering Initialize called ===
Width: 942, Height: 648
Window handle valid
SDL_InitSubSystem OK
SDL_CreateWindowFrom OK
SDL_CreateRenderer OK (software)
SDL_CreateTexture OK (RGB24 format)
Palette buffer allocated (0 bytes)
Initialization successful (waiting for SetPalette to provide real palette)
=== SDL2Graphics Software Rendering Initialize called ===
Width: 942, Height: 648
Window handle valid
SDL_InitSubSystem OK
SDL_CreateWindowFrom OK
SDL_CreateRenderer OK (software)
SDL_CreateTexture OK (RGB24 format)
Palette buffer allocated (0 bytes)
Initialization successful (waiting for SetPalette to provide real palette)
Frame: 100
Frame: 200
Frame: 300
Frame: 400
Frame: 500
Frame: 600
Frame: 700
Frame: 800
Frame: 900
Frame: 1000
Frame: 1100
Frame: 1200
Frame: 1300
Frame: 1400
Frame: 1500
Frame: 1600
Frame: 1700
Frame: 1800
Frame: 1900
Frame: 2000
Frame: 2100
Frame: 2200
Frame: 2300
Frame: 2400
Frame: 2500
Frame: 2600
Frame: 2700
Frame: 2800
Frame: 2900
Frame: 3000
Frame: 3100
Frame: 3200
Frame: 3300
Frame: 3400
Frame: 3500
Frame: 3600
Frame: 3700
Frame: 3800
Frame: 3900
Frame: 4000
Frame: 4100
Frame: 4200
Frame: 4300
Frame: 4400
Frame: 4500
Frame: 4600
Frame: 4700
Frame: 4800
Frame: 4900
Frame: 5000
Frame: 5100
Frame: 5200
Frame: 5300
Frame: 5400
Frame: 5500
Frame: 5600
Frame: 5700
Frame: 5800
Frame: 5900
Frame: 6000
Frame: 6100
Frame: 6200
Frame: 6300
=== SDL2Graphics Software Rendering Initialize called ===
Width: 942, Height: 648
Window handle valid
SDL_InitSubSystem OK
SDL_CreateWindowFrom OK
SDL_CreateRenderer OK (software)
SDL_CreateTexture OK (RGB24 format)
Palette buffer allocated (0 bytes)
Initialization successful (waiting for SetPalette to provide real palette)
=== SDL2Graphics Software Rendering Initialize called ===
Width: 942, Height: 648
Window handle valid
SDL_InitSubSystem OK
SDL_CreateWindowFrom OK
SDL_CreateRenderer OK (software)
SDL_CreateTexture OK (RGB24 format)
Palette buffer allocated (0 bytes)
Initialization successful (waiting for SetPalette to provide real palette)
Frame: 100
Frame: 200
Frame: 300
Frame: 400
Frame: 500
Frame: 600
Frame: 700
Frame: 800
Frame: 900
Frame: 1000
Frame: 1100
Frame: 1200
Frame: 1300
Frame: 1400
Frame: 1500
Frame: 1600
Frame: 1700
Frame: 1800
Frame: 1900
Frame: 2000
Frame: 2100
Frame: 2200
Frame: 2300
Frame: 2400
Frame: 2500
Frame: 2600
Frame: 2700
Frame: 2800
Frame: 2900
Frame: 3000
Frame: 3100
Frame: 3200
Frame: 3300
Frame: 3400
Frame: 3500
Frame: 3600
Frame: 3700
Frame: 3800
Frame: 3900
Frame: 4000
Frame: 4100
Frame: 4200
Frame: 4300
Frame: 4400
Frame: 4500
Frame: 4600
Frame: 4700
Frame: 4800
Frame: 4900
Frame: 5000
Frame: 5100
Frame: 5200
Frame: 5300
Frame: 5400
Frame: 5500
Frame: 5600
Frame: 5700
Frame: 5800
Frame: 5900
Frame: 6000
Frame: 6100
Frame: 6200
Frame: 6300
Frame: 6400
Frame: 6500
Frame: 6600
Frame: 6700
Frame: 6800
Frame: 6900
Frame: 7000
Frame: 7100
Frame: 7200
Frame: 7300
Frame: 7400
Frame: 7500
=== SDL2Graphics Software Rendering Initialize called ===
Width: 942, Height: 648
Window handle valid
SDL_InitSubSystem OK
SDL_CreateWindowFrom OK
SDL_CreateRenderer OK (software)
SDL_CreateTexture OK (RGB24 format)
Palette buffer allocated (0 bytes)
Initialization successful (waiting for SetPalette to provide real palette)
Frame: 7600
=== SDL2Graphics Software Rendering Initialize called ===
Width: 942, Height: 648
Window handle valid
SDL_InitSubSystem OK
SDL_CreateWindowFrom OK
SDL_CreateRenderer OK (software)
SDL_CreateTexture OK (RGB24 format)
Palette buffer allocated (0 bytes)
Initialization successful (waiting for SetPalette to provide real palette)
=== SDL2Graphics Software Rendering Initialize called ===
Width: 942, Height: 648
Window handle valid
SDL_InitSubSystem OK
SDL_CreateWindowFrom OK
SDL_CreateRenderer OK (software)
SDL_CreateTexture OK (RGB24 format)
Palette buffer allocated (0 bytes)
Initialization successful (waiting for SetPalette to provide real palette)
Frame: 100
Frame: 200
Frame: 300
Frame: 400
Frame: 500
Frame: 600
Frame: 700
Frame: 800
Frame: 900
=== SDL2Graphics Software Rendering Initialize called ===
Width: 942, Height: 648
Window handle valid
SDL_InitSubSystem OK
SDL_CreateWindowFrom OK
SDL_CreateRenderer OK (software)
SDL_CreateTexture OK (RGB24 format)
Palette buffer allocated (0 bytes)
Initialization successful (waiting for SetPalette to provide real palette)
=== SDL2Graphics Software Rendering Initialize called ===
Width: 942, Height: 648
Window handle valid
SDL_InitSubSystem OK
SDL_CreateWindowFrom OK
SDL_CreateRenderer OK (software)
SDL_CreateTexture OK (RGB24 format)
Palette buffer allocated (0 bytes)
Initialization successful (waiting for SetPalette to provide real palette)
Frame: 100
Frame: 200
Frame: 300
Frame: 400
Frame: 500
Frame: 600
Frame: 700
Frame: 800
Frame: 900
Frame: 1000
=== SDL2Graphics Software Rendering Initialize called ===
Width: 942, Height: 648
Window handle valid
SDL_InitSubSystem OK
SDL_CreateWindowFrom OK
SDL_CreateRenderer OK (software)
SDL_CreateTexture OK (RGB24 format)
Palette buffer allocated (0 bytes)
Initialization successful (waiting for SetPalette to provide real palette)
=== SDL2Graphics Software Rendering Initialize called ===
Width: 942, Height: 648
Window handle valid
SDL_InitSubSystem OK
SDL_CreateWindowFrom OK
SDL_CreateRenderer OK (software)
SDL_CreateTexture OK (RGB24 format)
Palette buffer allocated (0 bytes)
Initialization successful (waiting for SetPalette to provide real palette)
Frame: 100
Frame: 200
Frame: 300
Frame: 400
Frame: 500
Frame: 600
=== SDL2Graphics Software Rendering Initialize called ===
Width: 942, Height: 648
Window handle valid
SDL_InitSubSystem OK
SDL_CreateWindowFrom OK
SDL_CreateRenderer OK (software)
SDL_CreateTexture OK (RGB24 format)
Palette buffer allocated (0 bytes)
Initialization successful (waiting for SetPalette to provide real palette)
=== SDL2Graphics Software Rendering Initialize called ===
Width: 942, Height: 648
Window handle valid
SDL_InitSubSystem OK
SDL_CreateWindowFrom OK
SDL_CreateRenderer OK (software)
SDL_CreateTexture OK (RGB24 format)
Palette buffer allocated (0 bytes)
Initialization successful (waiting for SetPalette to provide real palette)
=== SDL2Graphics Software Rendering Initialize called ===
Width: 942, Height: 648
Window handle valid
SDL_InitSubSystem OK
SDL_CreateWindowFrom OK
SDL_CreateRenderer OK (software)
SDL_CreateTexture OK (RGB24 format)
Palette buffer allocated (0 bytes)
Initialization successful (waiting for SetPalette to provide real palette)
=== SDL2Graphics Software Rendering Initialize called ===
Width: 942, Height: 648
Window handle valid
SDL_InitSubSystem OK
SDL_CreateWindowFrom OK
SDL_CreateRenderer OK (software)
SDL_CreateTexture OK (RGB24 format)
Palette buffer allocated (0 bytes)
Initialization successful (waiting for SetPalette to provide real palette)
=== SDL2Graphics Software Rendering Initialize called ===
Width: 942, Height: 648
Window handle valid
SDL_InitSubSystem OK
SDL_CreateWindowFrom OK
SDL_CreateRenderer OK (software)
SDL_CreateTexture OK (RGB24 format)
Palette buffer allocated (0 bytes)
Initialization successful (waiting for SetPalette to provide real palette)
=== SDL2Graphics Software Rendering Initialize called ===
Width: 942, Height: 648
Window handle valid
SDL_InitSubSystem OK
SDL_CreateWindowFrom OK
SDL_CreateRenderer OK (software)
SDL_CreateTexture OK (RGB24 format)
Palette buffer allocated (0 bytes)
Initialization successful (waiting for SetPalette to provide real palette)
Frame: 100
Frame: 200
Frame: 300
Frame: 400
Frame: 500
Frame: 600
Frame: 700
Frame: 800
Frame: 900
Frame: 1000
Frame: 1100
Frame: 1200
Frame: 1300
Frame: 1400
Frame: 1500
Frame: 1600
Frame: 1700
Frame: 1800
Frame: 1900
Frame: 2000
Frame: 2100
Frame: 2200
Frame: 2300
Frame: 2400
Frame: 2500
Frame: 2600
Frame: 2700
Frame: 2800
Frame: 2900
Frame: 3000
Frame: 3100
Frame: 3200
Frame: 3300
Frame: 3400
Frame: 3500
Frame: 3600
Frame: 3700
Frame: 3800
Frame: 3900
Frame: 4000
Frame: 4100
Frame: 4200
Frame: 4300
Frame: 4400
Frame: 4500
Frame: 4600
Frame: 4700
Frame: 4800
Frame: 4900
Frame: 5000
Frame: 5100
Frame: 5200
Frame: 5300
Frame: 5400
Frame: 5500
Frame: 5600
Frame: 5700
Frame: 5800
Frame: 5900
Frame: 6000
Frame: 6100
Frame: 6200
Frame: 6300
Frame: 6400
Frame: 6500
Frame: 6600
Frame: 6700
Frame: 6800
Frame: 6900
Frame: 7000
Frame: 7100
=== SDL2Graphics Software Rendering Initialize called ===
Width: 942, Height: 648
Window handle valid
SDL_InitSubSystem OK
SDL_CreateWindowFrom OK
SDL_CreateRenderer OK (software)
SDL_CreateTexture OK (RGB24 format)
Palette buffer allocated (0 bytes)
Initialization successful (waiting for SetPalette to provide real palette)
=== SDL2Graphics Software Rendering Initialize called ===
Width: 942, Height: 648
Window handle valid
SDL_InitSubSystem OK
SDL_CreateWindowFrom OK
SDL_CreateRenderer OK (software)
SDL_CreateTexture OK (RGB24 format)
Palette buffer allocated (0 bytes)
Initialization successful (waiting for SetPalette to provide real palette)
Frame: 100
Frame: 200
Frame: 300
Frame: 400
Frame: 500
Frame: 600
Frame: 700
Frame: 800
=== SDL2Graphics Software Rendering Initialize called ===
Width: 942, Height: 648
Window handle valid
SDL_InitSubSystem OK
SDL_CreateWindowFrom OK
SDL_CreateRenderer OK (software)
SDL_CreateTexture OK (RGB24 format)
Palette buffer allocated (0 bytes)
Initialization successful (waiting for SetPalette to provide real palette)
=== SDL2Graphics Software Rendering Initialize called ===
Width: 942, Height: 648
Window handle valid
SDL_InitSubSystem OK
SDL_CreateWindowFrom OK
SDL_CreateRenderer OK (software)
SDL_CreateTexture OK (RGB24 format)
Palette buffer allocated (0 bytes)
Initialization successful (waiting for SetPalette to provide real palette)
Frame: 100
Frame: 200
Frame: 300
Frame: 400
Frame: 500
Frame: 600
Frame: 700
Frame: 800
Frame: 900
Frame: 1000
Frame: 1100
Frame: 1200
Frame: 1300
Frame: 1400
Frame: 1500
Frame: 1600
Frame: 1700
Frame: 1800
Frame: 1900
Frame: 2000
Frame: 2100
=== SDL2Graphics Software Rendering Initialize called ===
Width: 942, Height: 648
Window handle valid
SDL_InitSubSystem OK
SDL_CreateWindowFrom OK
SDL_CreateRenderer OK (software)
SDL_CreateTexture OK (RGB24 format)
Palette buffer allocated (0 bytes)
Initialization successful (waiting for SetPalette to provide real palette)
=== SDL2Graphics Software Rendering Initialize called ===
Width: 942, Height: 648
Window handle valid
SDL_InitSubSystem OK
SDL_CreateWindowFrom OK
SDL_CreateRenderer OK (software)
SDL_CreateTexture OK (RGB24 format)
Palette buffer allocated (0 bytes)
Initialization successful (waiting for SetPalette to provide real palette)
Frame: 100
=== SDL2Graphics Software Rendering Initialize called ===
Width: 942, Height: 648
Window handle valid
SDL_InitSubSystem OK
SDL_CreateWindowFrom OK
SDL_CreateRenderer OK (software)
SDL_CreateTexture OK (RGB24 format)
Palette buffer allocated (0 bytes)
Initialization successful (waiting for SetPalette to provide real palette)
=== SDL2Graphics Software Rendering Initialize called ===
Width: 942, Height: 648
Window handle valid
SDL_InitSubSystem OK
SDL_CreateWindowFrom OK
SDL_CreateRenderer OK (software)
SDL_CreateTexture OK (RGB24 format)
Palette buffer allocated (0 bytes)
Initialization successful (waiting for SetPalette to provide real palette)
=== SDL2Graphics Software Rendering Initialize called ===
Width: 942, Height: 648
Window handle valid
SDL_InitSubSystem OK
SDL_CreateWindowFrom OK
SDL_CreateRenderer OK (software)
SDL_CreateTexture OK (RGB24 format)
Palette buffer allocated (0 bytes)
Initialization successful (waiting for SetPalette to provide real palette)
=== SDL2Graphics Software Rendering Initialize called ===
Width: 942, Height: 648
Window handle valid
SDL_InitSubSystem OK
SDL_CreateWindowFrom OK
SDL_CreateRenderer OK (software)
SDL_CreateTexture OK (RGB24 format)
Palette buffer allocated (0 bytes)
Initialization successful (waiting for SetPalette to provide real palette)
Frame: 100
=== SDL2Graphics Software Rendering Initialize called ===
Width: 942, Height: 648
Window handle valid
SDL_InitSubSystem OK
SDL_CreateWindowFrom OK
SDL_CreateRenderer OK (software)
SDL_CreateTexture OK (RGB24 format)
Palette buffer allocated (0 bytes)
Initialization successful (waiting for SetPalette to provide real palette)
=== SDL2Graphics Software Rendering Initialize called ===
Width: 942, Height: 648
Window handle valid
SDL_InitSubSystem OK
SDL_CreateWindowFrom OK
SDL_CreateRenderer OK (software)
SDL_CreateTexture OK (RGB24 format)
Palette buffer allocated (0 bytes)
Initialization successful (waiting for SetPalette to provide real palette)
Frame: 100
Frame: 200
Frame: 300
Frame: 400
Frame: 500
Frame: 600
Frame: 700
Frame: 800
Frame: 900
Frame: 1000
Frame: 1100
Frame: 1200
Frame: 1300
Frame: 1400
Frame: 1500
Frame: 1600
Frame: 1700
Frame: 1800
Frame: 1900
Frame: 2000
Frame: 2100
Frame: 2200
Frame: 2300
Frame: 2400
Frame: 2500
Frame: 2600
Frame: 2700
Frame: 2800
Frame: 2900
Frame: 3000
Frame: 3100
Frame: 3200
Frame: 3300
Frame: 3400
Frame: 3500
Frame: 3600
Frame: 3700
Frame: 3800
Frame: 3900
Frame: 4000
Frame: 4100
Frame: 4200
Frame: 4300
Frame: 4400
Frame: 4500
Frame: 4600
Frame: 4700
Frame: 4800
Frame: 4900
Frame: 5000
Frame: 5100
Frame: 5200
Frame: 5300
Frame: 5400
Frame: 5500
Frame: 5600
Frame: 5700
Frame: 5800
Frame: 5900
Frame: 6000
Frame: 6100
Frame: 6200
Frame: 6300
Frame: 6400
Frame: 6500
=== SDL2Graphics Software Rendering Initialize called ===
Width: 942, Height: 648
Window handle valid
SDL_InitSubSystem OK
SDL_CreateWindowFrom OK
SDL_CreateRenderer OK (software)
SDL_CreateTexture OK (RGB24 format)
Palette buffer allocated (0 bytes)
Initialization successful (waiting for SetPalette to provide real palette)
=== SDL2Graphics Software Rendering Initialize called ===
Width: 942, Height: 648
Window handle valid
SDL_InitSubSystem OK
SDL_CreateWindowFrom OK
SDL_CreateRenderer OK (software)
SDL_CreateTexture OK (RGB24 format)
Palette buffer allocated (0 bytes)
Initialization successful (waiting for SetPalette to provide real palette)
Frame: 100
Frame: 200
Frame: 300
Frame: 400
Frame: 500
Frame: 600
Frame: 700
Frame: 800
Frame: 900
Frame: 1000
Frame: 1100
Frame: 1200
Frame: 1300
Frame: 1400
Frame: 1500
Frame: 1600
=== SDL2Graphics Software Rendering Initialize called ===
Width: 942, Height: 648
Window handle valid
SDL_InitSubSystem OK
SDL_CreateWindowFrom OK
SDL_CreateRenderer OK (software)
SDL_CreateTexture OK (RGB24 format)
Palette buffer allocated (0 bytes)
Initialization successful (waiting for SetPalette to provide real palette)
=== SDL2Graphics Software Rendering Initialize called ===
Width: 942, Height: 648
Window handle valid
SDL_InitSubSystem OK
SDL_CreateWindowFrom OK
SDL_CreateRenderer OK (software)
SDL_CreateTexture OK (RGB24 format)
Palette buffer allocated (0 bytes)
Initialization successful (waiting for SetPalette to provide real palette)
Frame: 100
Frame: 200
Frame: 300
Frame: 400
Frame: 500
Frame: 600
Frame: 700
Frame: 800
Frame: 900
Frame: 1000
Frame: 1100
Frame: 1200
Frame: 1300
Frame: 1400
Frame: 1500
Frame: 1600
=== SDL2Graphics Software Rendering Initialize called ===
Width: 942, Height: 648
Window handle valid
SDL_InitSubSystem OK
SDL_CreateWindowFrom OK
SDL_CreateRenderer OK (software)
SDL_CreateTexture OK (RGB24 format)
Palette buffer allocated (0 bytes)
Initialization successful (waiting for SetPalette to provide real palette)
=== SDL2Graphics Software Rendering Initialize called ===
Width: 942, Height: 648
Window handle valid
SDL_InitSubSystem OK
SDL_CreateWindowFrom OK
SDL_CreateRenderer OK (software)
SDL_CreateTexture OK (RGB24 format)
Palette buffer allocated (0 bytes)
Initialization successful (waiting for SetPalette to provide real palette)
=== SDL2Graphics Software Rendering Initialize called ===
Width: 942, Height: 648
Window handle valid
SDL_InitSubSystem OK
SDL_CreateWindowFrom OK
SDL_CreateRenderer OK (software)
SDL_CreateTexture OK (RGB24 format)
Palette buffer allocated (0 bytes)
Initialization successful (waiting for SetPalette to provide real palette)
=== SDL2Graphics Software Rendering Initialize called ===
Width: 942, Height: 648
Window handle valid
SDL_InitSubSystem OK
SDL_CreateWindowFrom OK
SDL_CreateRenderer OK (software)
SDL_CreateTexture OK (RGB24 format)
Palette buffer allocated (0 bytes)
Initialization successful (waiting for SetPalette to provide real palette)
