SetPalette called successfully - logging ALL 256 colors (RGB):
========================================================

Index   0-  7: (157,144,111)  (200, 11,  0)  (168, 84,137)  (152,253,107)  (152,245, 51)  (141,216,156)  (  3,  0,  0)  (155,225,127)  
Index   8- 15: ( 49,  1,  0)  (  0,  0,  0)* (255,255,255)* (  0,  0,  0)* (240,240,240)* (224,224,224)* (208,208,208)* (192,192,192)* 
Index  16- 23: (176,176,176)* (160,160,160)* (144,144,144)* (128,128,128)* (112,112,112)* ( 96, 96, 96)* ( 80, 80, 80)* ( 64, 64, 64)* 
Index  24- 31: ( 48, 48, 48)* ( 32, 32, 32)* ( 16, 16, 16)* (248,165, 98)  (224,149, 88)  (174,115, 68)  (250,188,137)  ( 89,205, 69)  
Index  32- 39: ( 67,154, 51)  ( 44,102, 34)  (172,230,162)  (253, 10, 10)  (190,  7,  7)  (126,  5,  5)  (254,133,133)  (252,215,  1)  
Index  40- 47: (189,161,  0)  (126,107,  0)  ( 63, 53,  0)  (227,  6, 62)  (205,  5, 56)  (182,  4, 49)  (159,  4, 43)  (234, 68,110)  
Index  48- 55: (241,131,159)  (248,193,207)  (  0, 44,193)  (  0, 39,174)  (  0, 35,155)  (  0, 30,135)  ( 64, 97,209)  (128,150,224)  
Index  56- 63: (192,203,240)  (142, 70,166)  (128, 63,149)  (114, 56,133)  ( 99, 49,116)  (170,116,188)  (199,163,211)  (227,209,233)  
Index  64- 71: (247,247,  0)  (227,227,  0)  (206,206,  0)  (185,185,  0)  (249,249, 64)  (251,251,128)  (253,253,192)  (255,136, 17)  
Index  72- 79: (234,125, 15)  (213,113, 14)  (192,102, 12)  (255,166, 76)  (255,196,136)  (255,226,196)  (255,255, 53)  (  0,  0,  0)* 
Index  80- 87: (255,255, 55)  (  0,  0,  0)* (255,255, 57)  (  0,  0,  0)* (255,255, 59)  (  0,  0,  0)* (255,255, 61)  (  0,  0,  0)* 
Index  88- 95: (255,255, 63)  (  0,  0,  0)* (255,255, 65)  (  0,  0,  0)* (255,255, 67)  (  0,  0,  0)* (255,255, 69)  (  0,  0,  0)* 
Index  96-103: (255,255, 71)  (  0,  0,  0)* (255,255, 73)  (  0,  0,  0)* (255,255, 75)  (  0,  0,  0)* (255,255, 77)  (  0,  0,  0)* 
Index 104-111: (255,255, 79)  (  0,  0,  0)* (255,255, 81)  (  0,  0,  0)* (255,255, 83)  (  0,  0,  0)* (  5,  4,  6)  (  8, 16, 12)  
Index 112-119: ( 16, 10, 10)  ( 24, 16,  8)  ( 17, 19, 16)  ( 17, 22, 27)  ( 30, 22, 17)  ( 29, 32, 24)  ( 16, 33, 41)  ( 24, 33, 37)  
Index 120-127: ( 26, 34, 39)  ( 24, 41, 49)  ( 33, 33, 33)* ( 33, 33, 41)  ( 33, 41, 33)  ( 33, 41, 41)  ( 41, 25, 21)  ( 41, 35, 32)  
Index 128-135: ( 38, 43, 38)  ( 33, 41, 49)  ( 47, 39, 25)  ( 45, 44, 42)  ( 57, 33, 33)  ( 63, 43, 28)  ( 33, 49, 49)  ( 41, 54, 46)  
Index 136-143: ( 53, 55, 32)  ( 51, 54, 46)  ( 57, 57, 41)  ( 69, 56, 34)  ( 70, 67, 37)  ( 82, 74, 39)  ( 33, 48, 58)  ( 39, 61, 71)  
Index 144-151: ( 49, 53, 57)  ( 49, 57, 70)  ( 49, 70, 57)  ( 68, 65, 49)  ( 54, 63, 68)  ( 68, 67, 66)  ( 63, 79, 63)  ( 66, 82, 66)  
Index 152-159: ( 72, 84, 61)  ( 82, 85, 55)  ( 59, 77, 79)  ( 79, 84, 75)  ( 64, 84, 97)  ( 72,102,110)  ( 63,101,132)  ( 66,107,144)  
Index 160-167: ( 70,111,132)  ( 79,112,136)  ( 74,123,132)  ( 78,126,135)  ( 72,119,153)  ( 82,119,148)  ( 82,132,140)  ( 82,140,140)  
Index 168-175: ( 79,132,156)  ( 82,132,165)  ( 82,140,165)  ( 74,132,173)  ( 82,132,173)  ( 82,140,173)  ( 96, 63, 44)  (103, 83, 49)  
Index 176-183: ( 98, 90, 56)  (121, 91, 50)  (106,101, 61)  (123,108, 60)  (141,104, 54)  (140,118, 62)  (117,107, 76)  (135,127, 75)  
Index 184-191: (153,127, 70)  (171,134, 71)  ( 93,112,118)  ( 90,135,161)  (126,130,113)  (117,136,161)  (105,152,147)  (103,156,166)  
Index 192-199: ( 82,140,181)  (105,168,173)  (166,152, 86)  (186,157, 86)  (149,168,143)  (184,175,125)  (201,166, 92)  (222,178, 96)  
Index 200-207: (205,188,134)  (232,197,118)  (217,213,144)  (240,225,139)  (251,227,131)  (251,238,154)  ( 82,148,181)  ( 90,140,181)  
Index 208-215: ( 90,148,181)  ( 90,156,181)  ( 99,140,181)  ( 99,148,181)  (107,140,181)  (116,144,181)  ( 99,162,183)  ( 99,173,189)  
Index 216-223: (109,161,184)  (119,162,189)  (110,177,185)  (115,185,185)  (111,189,189)  (115,198,189)  (132,159,187)  (141,157,186)  
Index 224-231: (148,165,185)  (156,165,181)  (123,177,181)  (132,188,181)  (131,182,187)  (139,181,201)  (159,181,199)  (160,185,222)  
Index 232-239: (191,191,195)  (230,210,193)  (252,195,193)  (255,206,198)  (251,242,187)  (253,238,217)  (208,  3,  0)  (248,157, 57)  
Index 240-247: (132,  1,  0)  ( 52,249, 51)  (132,  1,  0)  (132,  1,  0)  (134,150,195)  (156, 94,101)  (248,157, 57)  (132,  1,  0)  
Index 248-255: (168,249, 51)  (132,  1,  0)  (132,  1,  0)  (136,249, 51)  (180, 85,219)  (248,157, 57)  (189, 85,219)  (  0, 49,106)  

* = Grayscale color (R=G=B)

Summary: 35 grayscale colors, 221 colored colors
