=== InitializeSDL2Graphics called ===
Window: 004D1040, Res: 942x648
Creating new VideoBufferSDL2Adapter instance...
Calling g_SDL2GraphicsAdapter->Initialize...
SDL2Graphics initialized successfully
=== InitializeSDL2Graphics called ===
Window: 004D1040, Res: 942x648
Cleaning up existing adapter
Creating new VideoBufferSDL2Adapter instance...
Calling g_SDL2GraphicsAdapter->Initialize...
SDL2Graphics initialized successfully
=== InitializeSDL2Graphics called ===
Window: 004D1040, Res: 942x648
Cleaning up existing adapter
Creating new VideoBufferSDL2Adapter instance...
Calling g_SDL2GraphicsAdapter->Initialize...
SDL2Graphics initialized successfully
=== InitializeSDL2Graphics called ===
Window: 00281080, Res: 942x648
Creating new VideoBufferSDL2Adapter instance...
Calling g_SDL2GraphicsAdapter->Initialize...
SDL2Graphics initialized successfully
=== InitializeSDL2Graphics called ===
Window: 00281080, Res: 942x648
Cleaning up existing adapter
Creating new VideoBufferSDL2Adapter instance...
Calling g_SDL2GraphicsAdapter->Initialize...
SDL2Graphics initialized successfully
=== InitializeSDL2Graphics called ===
Window: 0009100A, Res: 942x648
Creating new VideoBufferSDL2Adapter instance...
Calling g_SDL2GraphicsAdapter->Initialize...
SDL2Graphics initialized successfully
=== InitializeSDL2Graphics called ===
Window: 0009100A, Res: 942x648
Cleaning up existing adapter
Creating new VideoBufferSDL2Adapter instance...
Calling g_SDL2GraphicsAdapter->Initialize...
SDL2Graphics initialized successfully
=== InitializeSDL2Graphics called ===
Window: 00440720, Res: 942x648
Creating new VideoBufferSDL2Adapter instance...
Calling g_SDL2GraphicsAdapter->Initialize...
SDL2Graphics initialized successfully
=== InitializeSDL2Graphics called ===
Window: 00440720, Res: 942x648
Cleaning up existing adapter
Creating new VideoBufferSDL2Adapter instance...
Calling g_SDL2GraphicsAdapter->Initialize...
SDL2Graphics initialized successfully
=== InitializeSDL2Graphics called ===
Window: 00481020, Res: 942x648
Creating new VideoBufferSDL2Adapter instance...
Calling g_SDL2GraphicsAdapter->Initialize...
SDL2Graphics initialized successfully
=== InitializeSDL2Graphics called ===
Window: 00481020, Res: 942x648
Cleaning up existing adapter
Creating new VideoBufferSDL2Adapter instance...
Calling g_SDL2GraphicsAdapter->Initialize...
SDL2Graphics initialized successfully
=== InitializeSDL2Graphics called ===
Window: 000404AC, Res: 942x648
Creating new VideoBufferSDL2Adapter instance...
Calling g_SDL2GraphicsAdapter->Initialize...
SDL2Graphics initialized successfully
=== InitializeSDL2Graphics called ===
Window: 000404AC, Res: 942x648
Cleaning up existing adapter
Creating new VideoBufferSDL2Adapter instance...
Calling g_SDL2GraphicsAdapter->Initialize...
SDL2Graphics initialized successfully
=== InitializeSDL2Graphics called ===
Window: 000704CE, Res: 942x648
Creating new VideoBufferSDL2Adapter instance...
Calling g_SDL2GraphicsAdapter->Initialize...
SDL2Graphics initialized successfully
=== InitializeSDL2Graphics called ===
Window: 000704CE, Res: 942x648
Cleaning up existing adapter
Creating new VideoBufferSDL2Adapter instance...
Calling g_SDL2GraphicsAdapter->Initialize...
SDL2Graphics initialized successfully
=== InitializeSDL2Graphics called ===
Window: 0009019A, Res: 942x648
Creating new VideoBufferSDL2Adapter instance...
Calling g_SDL2GraphicsAdapter->Initialize...
SDL2Graphics initialized successfully
=== InitializeSDL2Graphics called ===
Window: 0009019A, Res: 942x648
Cleaning up existing adapter
Creating new VideoBufferSDL2Adapter instance...
Calling g_SDL2GraphicsAdapter->Initialize...
SDL2Graphics initialized successfully
