=== VideoBufferSDL2Adapter::Initialize called ===
Width: 942, Height: 648, windowHandle: 00510FBC
Calling m_backend.Initialize...
m_backend.Initialize succeeded
Calling m_backend.AllocateBuffer...
VideoBufferSDL2Adapter initialized successfully
=== VideoBufferSDL2Adapter::Initialize called ===
Width: 942, Height: 648, windowHandle: 00510FBC
Calling m_backend.Initialize...
m_backend.Initialize succeeded
Calling m_backend.AllocateBuffer...
VideoBufferSDL2Adapter initialized successfully
=== VideoBufferSDL2Adapter::Initialize called ===
Width: 942, Height: 648, windowHandle: 00510FBC
Calling m_backend.Initialize...
m_backend.Initialize succeeded
Calling m_backend.AllocateBuffer...
VideoBufferSDL2Adapter initialized successfully
=== VideoBufferSDL2Adapter::Initialize called ===
Width: 942, Height: 648, windowHandle: 00510FBC
Calling m_backend.Initialize...
m_backend.Initialize succeeded
Calling m_backend.AllocateBuffer...
VideoBufferSDL2Adapter initialized successfully
=== VideoBufferSDL2Adapter::Initialize called ===
Width: 942, Height: 648, windowHandle: 007C0934
Calling m_backend.Initialize...
m_backend.Initialize succeeded
Calling m_backend.AllocateBuffer...
VideoBufferSDL2Adapter initialized successfully
=== VideoBufferSDL2Adapter::Initialize called ===
Width: 942, Height: 648, windowHandle: 007C0934
Calling m_backend.Initialize...
m_backend.Initialize succeeded
Calling m_backend.AllocateBuffer...
VideoBufferSDL2Adapter initialized successfully
=== VideoBufferSDL2Adapter::Initialize called ===
Width: 942, Height: 648, windowHandle: 007C0934
Calling m_backend.Initialize...
m_backend.Initialize succeeded
Calling m_backend.AllocateBuffer...
VideoBufferSDL2Adapter initialized successfully
=== VideoBufferSDL2Adapter::Initialize called ===
Width: 942, Height: 648, windowHandle: 007C0934
Calling m_backend.Initialize...
m_backend.Initialize succeeded
Calling m_backend.AllocateBuffer...
VideoBufferSDL2Adapter initialized successfully
