c:\originalhr2\hoverraceai\nettarget\objfac1\release\objfac1.pch
c:\originalhr2\hoverraceai\nettarget\objfac1\release\vc143.pdb
c:\originalhr2\hoverraceai\nettarget\objfac1\release\stdafx.obj
c:\originalhr2\hoverraceai\nettarget\objfac1\release\woodsurface.obj
c:\originalhr2\hoverraceai\nettarget\objfac1\release\testelement.obj
c:\originalhr2\hoverraceai\nettarget\objfac1\release\powerup.obj
c:\originalhr2\hoverraceai\nettarget\objfac1\release\missile.obj
c:\originalhr2\hoverraceai\nettarget\objfac1\release\mine.obj
c:\originalhr2\hoverraceai\nettarget\objfac1\release\main.obj
c:\originalhr2\hoverraceai\nettarget\objfac1\release\hoverrender.obj
c:\originalhr2\hoverraceai\nettarget\objfac1\release\genericrenderer.obj
c:\originalhr2\hoverraceai\nettarget\objfac1\release\fuelsource.obj
c:\originalhr2\hoverraceai\nettarget\objfac1\release\finishline.obj
c:\originalhr2\hoverraceai\nettarget\objfac1\release\doublespeedsource.obj
c:\originalhr2\hoverraceai\nettarget\objfac1\release\defaultsurface.obj
c:\originalhr2\hoverraceai\nettarget\objfac1\release\bumpergate.obj
c:\originalhr2\hoverraceai\nettarget\objfac1\release\ballelement.obj
c:\originalhr\hoverrace\release\objfac1.dll
c:\originalhr\hoverrace\release\objfac1.pdb
c:\originalhr\hoverrace\release\objfac1.lib
c:\originalhr\hoverrace\release\objfac1.exp
c:\originalhr\hoverrace\release\objfac1.ilk
c:\originalhr2\hoverraceai\nettarget\objfac1\release\objfac1.tlog\cl.command.1.tlog
c:\originalhr2\hoverraceai\nettarget\objfac1\release\objfac1.tlog\cl.items.tlog
c:\originalhr2\hoverraceai\nettarget\objfac1\release\objfac1.tlog\cl.read.1.tlog
c:\originalhr2\hoverraceai\nettarget\objfac1\release\objfac1.tlog\cl.write.1.tlog
c:\originalhr2\hoverraceai\nettarget\objfac1\release\objfac1.tlog\link.command.1.tlog
c:\originalhr2\hoverraceai\nettarget\objfac1\release\objfac1.tlog\link.read.1.tlog
c:\originalhr2\hoverraceai\nettarget\objfac1\release\objfac1.tlog\link.secondary.1.tlog
c:\originalhr2\hoverraceai\nettarget\objfac1\release\objfac1.tlog\link.write.1.tlog
