c:\originalhr2\hoverraceai\nettarget\videoservices\release\modernrenderer.obj
c:\originalhr2\hoverraceai\nettarget\videoservices\release\modernvideobuffer.obj
c:\originalhr2\hoverraceai\nettarget\videoservices\release\graphicsutilities.obj
c:\originalhr2\hoverraceai\nettarget\videoservices\release\renderingengine.obj
c:\originalhr2\hoverraceai\nettarget\videoservices\release\alstub.obj
c:\originalhr2\hoverraceai\nettarget\videoservices\release\videobuffersdl2integration.obj
c:\originalhr2\hoverraceai\nettarget\videoservices\release\videobuffersdl2adapter.obj
c:\originalhr2\hoverraceai\nettarget\videoservices\release\sdl2graphics.obj
c:\originalhr2\hoverraceai\nettarget\videoservices\release\videobuffer2ddraw.obj
c:\originalhr2\hoverraceai\nettarget\videoservices\release\videobuffer.obj
c:\originalhr2\hoverraceai\nettarget\videoservices\release\stdafx.obj
c:\originalhr2\hoverraceai\nettarget\videoservices\release\sprite.obj
c:\originalhr2\hoverraceai\nettarget\videoservices\release\patch.obj
c:\originalhr2\hoverraceai\nettarget\videoservices\release\colortab.obj
c:\originalhr2\hoverraceai\nettarget\videoservices\release\colorpalette.obj
c:\originalhr2\hoverraceai\nettarget\videoservices\release\bitmap.obj
c:\originalhr2\hoverraceai\nettarget\videoservices\release\3dviewportrendering.obj
c:\originalhr2\hoverraceai\nettarget\videoservices\release\3dviewport.obj
c:\originalhr2\hoverraceai\nettarget\videoservices\release\2dviewport.obj
c:\originalhr2\hoverraceai\nettarget\videoservices\release\graphicstest.obj
c:\originalhr2\hoverraceai\nettarget\videoservices\release\modernactorrenderer.obj
c:\originalhr2\hoverraceai\nettarget\videoservices\release\vc143.pdb
c:\originalhr2\hoverraceai\nettarget\videoservices\release\videoservices.vcxproj.filelistabsolute.txt
c:\originalhr2\hoverraceai\nettarget\videoservices\release\videoservices.tlog\cl.command.1.tlog
c:\originalhr2\hoverraceai\nettarget\videoservices\release\videoservices.tlog\cl.read.1.tlog
c:\originalhr2\hoverraceai\nettarget\videoservices\release\videoservices.tlog\cl.write.1.tlog
