c:\originalhr\hoverrace\nettarget\util\release\worldcoordinates.obj
c:\originalhr\hoverrace\nettarget\util\release\strres.obj
c:\originalhr\hoverrace\nettarget\util\release\stdafx.obj
c:\originalhr\hoverrace\nettarget\util\release\recordfile.obj
c:\originalhr\hoverrace\nettarget\util\release\profiler.obj
c:\originalhr\hoverrace\nettarget\util\release\fuzzylogic.obj
c:\originalhr\hoverrace\nettarget\util\release\dllobjectfactory.obj
c:\originalhr\hoverrace\nettarget\util\release\vc143.pdb
c:\originalhr\hoverrace\release\util.dll
c:\originalhr\hoverrace\release\util.pdb
c:\originalhr\hoverrace\release\util.lib
c:\originalhr\hoverrace\release\util.exp
c:\originalhr\hoverrace\release\util.ilk
c:\originalhr\hoverrace\nettarget\util\release\util.vcxproj.filelistabsolute.txt
c:\originalhr\hoverrace\nettarget\util\release\util.tlog\cl.command.1.tlog
c:\originalhr\hoverrace\nettarget\util\release\util.tlog\cl.items.tlog
c:\originalhr\hoverrace\nettarget\util\release\util.tlog\cl.read.1.tlog
c:\originalhr\hoverrace\nettarget\util\release\util.tlog\cl.write.1.tlog
c:\originalhr\hoverrace\nettarget\util\release\util.tlog\link.command.1.tlog
c:\originalhr\hoverrace\nettarget\util\release\util.tlog\link.read.1.tlog
c:\originalhr\hoverrace\nettarget\util\release\util.tlog\link.secondary.1.tlog
c:\originalhr\hoverrace\nettarget\util\release\util.tlog\link.write.1.tlog
