  BallElement.cpp
  _WIN32_WINNT not defined. Defaulting to _WIN32_WINNT_MAXVER (see WinSDKVer.h)
  BumperGate.cpp
  _WIN32_WINNT not defined. Defaulting to _WIN32_WINNT_MAXVER (see WinSDKVer.h)
C:\originalhr\HoverRace\NetTarget\ObjFac1\stdafx.h(12,10): error C1083: Cannot open include file: 'typeinfo.h': No such file or directory
  (compiling source file 'BallElement.cpp')
  
C:\originalhr\HoverRace\NetTarget\ObjFac1\stdafx.h(12,10): error C1083: Cannot open include file: 'typeinfo.h': No such file or directory
  (compiling source file 'BumperGate.cpp')
  
  DefaultSurface.cpp
  _WIN32_WINNT not defined. Defaulting to _WIN32_WINNT_MAXVER (see WinSDKVer.h)
C:\originalhr\HoverRace\NetTarget\ObjFac1\stdafx.h(12,10): error C1083: Cannot open include file: 'typeinfo.h': No such file or directory
  (compiling source file 'DefaultSurface.cpp')
  
  DoubleSpeedSource.cpp
  _WIN32_WINNT not defined. Defaulting to _WIN32_WINNT_MAXVER (see WinSDKVer.h)
C:\originalhr\HoverRace\NetTarget\ObjFac1\stdafx.h(12,10): error C1083: Cannot open include file: 'typeinfo.h': No such file or directory
  (compiling source file 'DoubleSpeedSource.cpp')
  
  FinishLine.cpp
  _WIN32_WINNT not defined. Defaulting to _WIN32_WINNT_MAXVER (see WinSDKVer.h)
C:\originalhr\HoverRace\NetTarget\ObjFac1\stdafx.h(12,10): error C1083: Cannot open include file: 'typeinfo.h': No such file or directory
  (compiling source file 'FinishLine.cpp')
  
  FuelSource.cpp
  _WIN32_WINNT not defined. Defaulting to _WIN32_WINNT_MAXVER (see WinSDKVer.h)
C:\originalhr\HoverRace\NetTarget\ObjFac1\stdafx.h(12,10): error C1083: Cannot open include file: 'typeinfo.h': No such file or directory
  (compiling source file 'FuelSource.cpp')
  
  GenericRenderer.cpp
  _WIN32_WINNT not defined. Defaulting to _WIN32_WINNT_MAXVER (see WinSDKVer.h)
C:\originalhr\HoverRace\NetTarget\ObjFac1\stdafx.h(12,10): error C1083: Cannot open include file: 'typeinfo.h': No such file or directory
  (compiling source file 'GenericRenderer.cpp')
  
  HoverRender.cpp
  _WIN32_WINNT not defined. Defaulting to _WIN32_WINNT_MAXVER (see WinSDKVer.h)
C:\originalhr\HoverRace\NetTarget\ObjFac1\stdafx.h(12,10): error C1083: Cannot open include file: 'typeinfo.h': No such file or directory
  (compiling source file 'HoverRender.cpp')
  
  main.cpp
  _WIN32_WINNT not defined. Defaulting to _WIN32_WINNT_MAXVER (see WinSDKVer.h)
C:\originalhr\HoverRace\NetTarget\ObjFac1\stdafx.h(12,10): error C1083: Cannot open include file: 'typeinfo.h': No such file or directory
  (compiling source file 'main.cpp')
  
  Mine.cpp
  _WIN32_WINNT not defined. Defaulting to _WIN32_WINNT_MAXVER (see WinSDKVer.h)
C:\originalhr\HoverRace\NetTarget\ObjFac1\stdafx.h(12,10): error C1083: Cannot open include file: 'typeinfo.h': No such file or directory
  (compiling source file 'Mine.cpp')
  
  Missile.cpp
  _WIN32_WINNT not defined. Defaulting to _WIN32_WINNT_MAXVER (see WinSDKVer.h)
C:\originalhr\HoverRace\NetTarget\ObjFac1\stdafx.h(12,10): error C1083: Cannot open include file: 'typeinfo.h': No such file or directory
  (compiling source file 'Missile.cpp')
  
  PowerUp.cpp
  _WIN32_WINNT not defined. Defaulting to _WIN32_WINNT_MAXVER (see WinSDKVer.h)
C:\originalhr\HoverRace\NetTarget\ObjFac1\stdafx.h(12,10): error C1083: Cannot open include file: 'typeinfo.h': No such file or directory
  (compiling source file 'PowerUp.cpp')
  
  StdAfx.cpp
  _WIN32_WINNT not defined. Defaulting to _WIN32_WINNT_MAXVER (see WinSDKVer.h)
C:\originalhr\HoverRace\NetTarget\ObjFac1\stdafx.h(12,10): error C1083: Cannot open include file: 'typeinfo.h': No such file or directory
  (compiling source file 'StdAfx.cpp')
  
  TestElement.cpp
  _WIN32_WINNT not defined. Defaulting to _WIN32_WINNT_MAXVER (see WinSDKVer.h)
C:\originalhr\HoverRace\NetTarget\ObjFac1\stdafx.h(12,10): error C1083: Cannot open include file: 'typeinfo.h': No such file or directory
  (compiling source file 'TestElement.cpp')
  
  WoodSurface.cpp
  _WIN32_WINNT not defined. Defaulting to _WIN32_WINNT_MAXVER (see WinSDKVer.h)
C:\originalhr\HoverRace\NetTarget\ObjFac1\stdafx.h(12,10): error C1083: Cannot open include file: 'typeinfo.h': No such file or directory
  (compiling source file 'WoodSurface.cpp')
  
  Generating Code...
