MSBuild version 17.9.5+33de0b227 for .NET Framework
Build started 13/11/2025 23:40:22.

Project "C:\originalhr2\HoverRaceAI\NetTarget\VideoServices\VideoServices.vcxproj" on node 1 (default targets).
Project "C:\originalhr2\HoverRaceAI\NetTarget\VideoServices\VideoServices.vcxproj" (1) is building "C:\originalhr2\HoverRaceAI\NetTarget\Util\Util.vcxproj" (2) on node 1 (default targets).
PrepareForBuild:
  Structured output is enabled. The formatting of compiler diagnostics will reflect the error hierarchy. See https://aka.ms/cpp/structured-output for more details.
InitializeBuildStatus:
  Touching "C:\originalhr2\HoverRaceAI\NetTarget\Util\Release\Util.tlog\unsuccessfulbuild".
ClCompile:
  C:\Program Files\Microsoft Visual Studio\2022\Community\VC\Tools\MSVC\14.39.33519\bin\HostX86\x86\CL.exe /c /I"C:\Program Files\Microsoft Visual Studio\2022\Community\SDK\ScopeCppSDK\vc15\VC\include" /I"C:\Program Files\Microsoft Visual Studio\2022\Community\VC\Tools\MSVC\14.39.33519\include" /Zi /nologo /W4 /WX- /diagnostics:column /O2 /Oy- /D WIN32 /D NDEBUG /D _WINDOWS /D MR_UTIL /D _AFXDLL /D _WINDLL /D _MBCS /D _AFXDLL /Gm- /EHsc /MD /GS /fp:precise /Zc:wchar_t /Zc:forScope /Zc:inline /Fo"C:\originalhr2\HoverRaceAI\NetTarget\Util\Release\\" /Fd"C:\originalhr2\HoverRaceAI\NetTarget\Util\Release\vc143.pdb" /external:W4 /Gd /TP /analyze- /FC /errorReport:queue /FS DllObjectFactory.cpp FuzzyLogic.cpp Profiler.cpp RecordFile.cpp StdAfx.cpp StrRes.cpp WorldCoordinates.cpp
  DllObjectFactory.cpp
  _WIN32_WINNT not defined. Defaulting to _WIN32_WINNT_MAXVER (see WinSDKVer.h)
C:\Program Files\Microsoft Visual Studio\2022\Community\VC\Tools\MSVC\14.39.33519\include\yvals_core.h(880,1): warning C4005: '_MSVC_STL_VERSION': macro redefinition [C:\originalhr2\HoverRaceAI\NetTarget\Util\Util.vcxproj]
  (compiling source file 'DllObjectFactory.cpp')
  C:\Program Files\Microsoft Visual Studio\2022\Community\SDK\ScopeCppSDK\vc15\VC\include\yvals.h(156,1):
  see previous definition of '_MSVC_STL_VERSION'
  
C:\Program Files\Microsoft Visual Studio\2022\Community\VC\Tools\MSVC\14.39.33519\include\yvals_core.h(881,1): warning C4005: '_MSVC_STL_UPDATE': macro redefinition [C:\originalhr2\HoverRaceAI\NetTarget\Util\Util.vcxproj]
  (compiling source file 'DllObjectFactory.cpp')
  C:\Program Files\Microsoft Visual Studio\2022\Community\SDK\ScopeCppSDK\vc15\VC\include\yvals.h(157,1):
  see previous definition of '_MSVC_STL_UPDATE'
  
C:\Program Files\Microsoft Visual Studio\2022\Community\VC\Tools\MSVC\14.39.33519\include\yvals_core.h(1000,1): warning C4005: '_DEPRECATE_TR1_NAMESPACE': macro redefinition [C:\originalhr2\HoverRaceAI\NetTarget\Util\Util.vcxproj]
  (compiling source file 'DllObjectFactory.cpp')
  C:\Program Files\Microsoft Visual Studio\2022\Community\SDK\ScopeCppSDK\vc15\VC\include\yvals.h(247,1):
  see previous definition of '_DEPRECATE_TR1_NAMESPACE'
  
C:\Program Files\Microsoft Visual Studio\2022\Community\VC\Tools\MSVC\14.39.33519\include\yvals_core.h(1014,1): warning C4005: '_MISMATCHED_ALLOCATOR_MESSAGE': macro redefinition [C:\originalhr2\HoverRaceAI\NetTarget\Util\Util.vcxproj]
  (compiling source file 'DllObjectFactory.cpp')
  C:\Program Files\Microsoft Visual Studio\2022\Community\SDK\ScopeCppSDK\vc15\VC\include\yvals.h(303,1):
  see previous definition of '_MISMATCHED_ALLOCATOR_MESSAGE'
  
C:\originalhr2\HoverRaceAI\NetTarget\Util\DllObjectFactory.cpp(372,4): warning C4996: 'sprintf': This function or variable may be unsafe. Consider using sprintf_s instead. To disable deprecation, use _CRT_SECURE_NO_WARNINGS. See online help for details. [C:\originalhr2\HoverRaceAI\NetTarget\Util\Util.vcxproj]
  FuzzyLogic.cpp
  _WIN32_WINNT not defined. Defaulting to _WIN32_WINNT_MAXVER (see WinSDKVer.h)
C:\Program Files\Microsoft Visual Studio\2022\Community\VC\Tools\MSVC\14.39.33519\include\yvals_core.h(880,1): warning C4005: '_MSVC_STL_VERSION': macro redefinition [C:\originalhr2\HoverRaceAI\NetTarget\Util\Util.vcxproj]
  (compiling source file 'FuzzyLogic.cpp')
  C:\Program Files\Microsoft Visual Studio\2022\Community\SDK\ScopeCppSDK\vc15\VC\include\yvals.h(156,1):
  see previous definition of '_MSVC_STL_VERSION'
  
C:\Program Files\Microsoft Visual Studio\2022\Community\VC\Tools\MSVC\14.39.33519\include\yvals_core.h(881,1): warning C4005: '_MSVC_STL_UPDATE': macro redefinition [C:\originalhr2\HoverRaceAI\NetTarget\Util\Util.vcxproj]
  (compiling source file 'FuzzyLogic.cpp')
  C:\Program Files\Microsoft Visual Studio\2022\Community\SDK\ScopeCppSDK\vc15\VC\include\yvals.h(157,1):
  see previous definition of '_MSVC_STL_UPDATE'
  
C:\Program Files\Microsoft Visual Studio\2022\Community\VC\Tools\MSVC\14.39.33519\include\yvals_core.h(1000,1): warning C4005: '_DEPRECATE_TR1_NAMESPACE': macro redefinition [C:\originalhr2\HoverRaceAI\NetTarget\Util\Util.vcxproj]
  (compiling source file 'FuzzyLogic.cpp')
  C:\Program Files\Microsoft Visual Studio\2022\Community\SDK\ScopeCppSDK\vc15\VC\include\yvals.h(247,1):
  see previous definition of '_DEPRECATE_TR1_NAMESPACE'
  
C:\Program Files\Microsoft Visual Studio\2022\Community\VC\Tools\MSVC\14.39.33519\include\yvals_core.h(1014,1): warning C4005: '_MISMATCHED_ALLOCATOR_MESSAGE': macro redefinition [C:\originalhr2\HoverRaceAI\NetTarget\Util\Util.vcxproj]
  (compiling source file 'FuzzyLogic.cpp')
  C:\Program Files\Microsoft Visual Studio\2022\Community\SDK\ScopeCppSDK\vc15\VC\include\yvals.h(303,1):
  see previous definition of '_MISMATCHED_ALLOCATOR_MESSAGE'
  
  Profiler.cpp
  _WIN32_WINNT not defined. Defaulting to _WIN32_WINNT_MAXVER (see WinSDKVer.h)
C:\Program Files\Microsoft Visual Studio\2022\Community\VC\Tools\MSVC\14.39.33519\include\yvals_core.h(880,1): warning C4005: '_MSVC_STL_VERSION': macro redefinition [C:\originalhr2\HoverRaceAI\NetTarget\Util\Util.vcxproj]
  (compiling source file 'Profiler.cpp')
  C:\Program Files\Microsoft Visual Studio\2022\Community\SDK\ScopeCppSDK\vc15\VC\include\yvals.h(156,1):
  see previous definition of '_MSVC_STL_VERSION'
  
C:\Program Files\Microsoft Visual Studio\2022\Community\VC\Tools\MSVC\14.39.33519\include\yvals_core.h(881,1): warning C4005: '_MSVC_STL_UPDATE': macro redefinition [C:\originalhr2\HoverRaceAI\NetTarget\Util\Util.vcxproj]
  (compiling source file 'Profiler.cpp')
  C:\Program Files\Microsoft Visual Studio\2022\Community\SDK\ScopeCppSDK\vc15\VC\include\yvals.h(157,1):
  see previous definition of '_MSVC_STL_UPDATE'
  
C:\Program Files\Microsoft Visual Studio\2022\Community\VC\Tools\MSVC\14.39.33519\include\yvals_core.h(1000,1): warning C4005: '_DEPRECATE_TR1_NAMESPACE': macro redefinition [C:\originalhr2\HoverRaceAI\NetTarget\Util\Util.vcxproj]
  (compiling source file 'Profiler.cpp')
  C:\Program Files\Microsoft Visual Studio\2022\Community\SDK\ScopeCppSDK\vc15\VC\include\yvals.h(247,1):
  see previous definition of '_DEPRECATE_TR1_NAMESPACE'
  
C:\Program Files\Microsoft Visual Studio\2022\Community\VC\Tools\MSVC\14.39.33519\include\yvals_core.h(1014,1): warning C4005: '_MISMATCHED_ALLOCATOR_MESSAGE': macro redefinition [C:\originalhr2\HoverRaceAI\NetTarget\Util\Util.vcxproj]
  (compiling source file 'Profiler.cpp')
  C:\Program Files\Microsoft Visual Studio\2022\Community\SDK\ScopeCppSDK\vc15\VC\include\yvals.h(303,1):
  see previous definition of '_MISMATCHED_ALLOCATOR_MESSAGE'
  
  RecordFile.cpp
  _WIN32_WINNT not defined. Defaulting to _WIN32_WINNT_MAXVER (see WinSDKVer.h)
C:\Program Files\Microsoft Visual Studio\2022\Community\VC\Tools\MSVC\14.39.33519\include\yvals_core.h(880,1): warning C4005: '_MSVC_STL_VERSION': macro redefinition [C:\originalhr2\HoverRaceAI\NetTarget\Util\Util.vcxproj]
  (compiling source file 'RecordFile.cpp')
  C:\Program Files\Microsoft Visual Studio\2022\Community\SDK\ScopeCppSDK\vc15\VC\include\yvals.h(156,1):
  see previous definition of '_MSVC_STL_VERSION'
  
C:\Program Files\Microsoft Visual Studio\2022\Community\VC\Tools\MSVC\14.39.33519\include\yvals_core.h(881,1): warning C4005: '_MSVC_STL_UPDATE': macro redefinition [C:\originalhr2\HoverRaceAI\NetTarget\Util\Util.vcxproj]
  (compiling source file 'RecordFile.cpp')
  C:\Program Files\Microsoft Visual Studio\2022\Community\SDK\ScopeCppSDK\vc15\VC\include\yvals.h(157,1):
  see previous definition of '_MSVC_STL_UPDATE'
  
C:\Program Files\Microsoft Visual Studio\2022\Community\VC\Tools\MSVC\14.39.33519\include\yvals_core.h(1000,1): warning C4005: '_DEPRECATE_TR1_NAMESPACE': macro redefinition [C:\originalhr2\HoverRaceAI\NetTarget\Util\Util.vcxproj]
  (compiling source file 'RecordFile.cpp')
  C:\Program Files\Microsoft Visual Studio\2022\Community\SDK\ScopeCppSDK\vc15\VC\include\yvals.h(247,1):
  see previous definition of '_DEPRECATE_TR1_NAMESPACE'
  
C:\Program Files\Microsoft Visual Studio\2022\Community\VC\Tools\MSVC\14.39.33519\include\yvals_core.h(1014,1): warning C4005: '_MISMATCHED_ALLOCATOR_MESSAGE': macro redefinition [C:\originalhr2\HoverRaceAI\NetTarget\Util\Util.vcxproj]
  (compiling source file 'RecordFile.cpp')
  C:\Program Files\Microsoft Visual Studio\2022\Community\SDK\ScopeCppSDK\vc15\VC\include\yvals.h(303,1):
  see previous definition of '_MISMATCHED_ALLOCATOR_MESSAGE'
  
C:\originalhr2\HoverRaceAI\NetTarget\Util\RecordFile.cpp(261,66): warning C4244: '=': conversion from 'ULONGLONG' to 'DWORD', possible loss of data [C:\originalhr2\HoverRaceAI\NetTarget\Util\Util.vcxproj]
C:\originalhr2\HoverRaceAI\NetTarget\Util\RecordFile.cpp(432,50): warning C4244: 'return': conversion from 'ULONGLONG' to 'LONG', possible loss of data [C:\originalhr2\HoverRaceAI\NetTarget\Util\Util.vcxproj]
C:\originalhr2\HoverRaceAI\NetTarget\Util\RecordFile.cpp(478,32): warning C4244: '=': conversion from 'ULONGLONG' to 'UINT', possible loss of data [C:\originalhr2\HoverRaceAI\NetTarget\Util\Util.vcxproj]
C:\originalhr2\HoverRaceAI\NetTarget\Util\RecordFile.cpp(539,18): warning C4996: 'fopen': This function or variable may be unsafe. Consider using fopen_s instead. To disable deprecation, use _CRT_SECURE_NO_WARNINGS. See online help for details. [C:\originalhr2\HoverRaceAI\NetTarget\Util\Util.vcxproj]
  StdAfx.cpp
  _WIN32_WINNT not defined. Defaulting to _WIN32_WINNT_MAXVER (see WinSDKVer.h)
C:\Program Files\Microsoft Visual Studio\2022\Community\VC\Tools\MSVC\14.39.33519\include\yvals_core.h(880,1): warning C4005: '_MSVC_STL_VERSION': macro redefinition [C:\originalhr2\HoverRaceAI\NetTarget\Util\Util.vcxproj]
  (compiling source file 'StdAfx.cpp')
  C:\Program Files\Microsoft Visual Studio\2022\Community\SDK\ScopeCppSDK\vc15\VC\include\yvals.h(156,1):
  see previous definition of '_MSVC_STL_VERSION'
  
C:\Program Files\Microsoft Visual Studio\2022\Community\VC\Tools\MSVC\14.39.33519\include\yvals_core.h(881,1): warning C4005: '_MSVC_STL_UPDATE': macro redefinition [C:\originalhr2\HoverRaceAI\NetTarget\Util\Util.vcxproj]
  (compiling source file 'StdAfx.cpp')
  C:\Program Files\Microsoft Visual Studio\2022\Community\SDK\ScopeCppSDK\vc15\VC\include\yvals.h(157,1):
  see previous definition of '_MSVC_STL_UPDATE'
  
C:\Program Files\Microsoft Visual Studio\2022\Community\VC\Tools\MSVC\14.39.33519\include\yvals_core.h(1000,1): warning C4005: '_DEPRECATE_TR1_NAMESPACE': macro redefinition [C:\originalhr2\HoverRaceAI\NetTarget\Util\Util.vcxproj]
  (compiling source file 'StdAfx.cpp')
  C:\Program Files\Microsoft Visual Studio\2022\Community\SDK\ScopeCppSDK\vc15\VC\include\yvals.h(247,1):
  see previous definition of '_DEPRECATE_TR1_NAMESPACE'
  
C:\Program Files\Microsoft Visual Studio\2022\Community\VC\Tools\MSVC\14.39.33519\include\yvals_core.h(1014,1): warning C4005: '_MISMATCHED_ALLOCATOR_MESSAGE': macro redefinition [C:\originalhr2\HoverRaceAI\NetTarget\Util\Util.vcxproj]
  (compiling source file 'StdAfx.cpp')
  C:\Program Files\Microsoft Visual Studio\2022\Community\SDK\ScopeCppSDK\vc15\VC\include\yvals.h(303,1):
  see previous definition of '_MISMATCHED_ALLOCATOR_MESSAGE'
  
  StrRes.cpp
  _WIN32_WINNT not defined. Defaulting to _WIN32_WINNT_MAXVER (see WinSDKVer.h)
C:\Program Files\Microsoft Visual Studio\2022\Community\VC\Tools\MSVC\14.39.33519\include\yvals_core.h(880,1): warning C4005: '_MSVC_STL_VERSION': macro redefinition [C:\originalhr2\HoverRaceAI\NetTarget\Util\Util.vcxproj]
  (compiling source file 'StrRes.cpp')
  C:\Program Files\Microsoft Visual Studio\2022\Community\SDK\ScopeCppSDK\vc15\VC\include\yvals.h(156,1):
  see previous definition of '_MSVC_STL_VERSION'
  
C:\Program Files\Microsoft Visual Studio\2022\Community\VC\Tools\MSVC\14.39.33519\include\yvals_core.h(881,1): warning C4005: '_MSVC_STL_UPDATE': macro redefinition [C:\originalhr2\HoverRaceAI\NetTarget\Util\Util.vcxproj]
  (compiling source file 'StrRes.cpp')
  C:\Program Files\Microsoft Visual Studio\2022\Community\SDK\ScopeCppSDK\vc15\VC\include\yvals.h(157,1):
  see previous definition of '_MSVC_STL_UPDATE'
  
C:\Program Files\Microsoft Visual Studio\2022\Community\VC\Tools\MSVC\14.39.33519\include\yvals_core.h(1000,1): warning C4005: '_DEPRECATE_TR1_NAMESPACE': macro redefinition [C:\originalhr2\HoverRaceAI\NetTarget\Util\Util.vcxproj]
  (compiling source file 'StrRes.cpp')
  C:\Program Files\Microsoft Visual Studio\2022\Community\SDK\ScopeCppSDK\vc15\VC\include\yvals.h(247,1):
  see previous definition of '_DEPRECATE_TR1_NAMESPACE'
  
C:\Program Files\Microsoft Visual Studio\2022\Community\VC\Tools\MSVC\14.39.33519\include\yvals_core.h(1014,1): warning C4005: '_MISMATCHED_ALLOCATOR_MESSAGE': macro redefinition [C:\originalhr2\HoverRaceAI\NetTarget\Util\Util.vcxproj]
  (compiling source file 'StrRes.cpp')
  C:\Program Files\Microsoft Visual Studio\2022\Community\SDK\ScopeCppSDK\vc15\VC\include\yvals.h(303,1):
  see previous definition of '_MISMATCHED_ALLOCATOR_MESSAGE'
  
  WorldCoordinates.cpp
  _WIN32_WINNT not defined. Defaulting to _WIN32_WINNT_MAXVER (see WinSDKVer.h)
C:\Program Files\Microsoft Visual Studio\2022\Community\VC\Tools\MSVC\14.39.33519\include\yvals_core.h(880,1): warning C4005: '_MSVC_STL_VERSION': macro redefinition [C:\originalhr2\HoverRaceAI\NetTarget\Util\Util.vcxproj]
  (compiling source file 'WorldCoordinates.cpp')
  C:\Program Files\Microsoft Visual Studio\2022\Community\SDK\ScopeCppSDK\vc15\VC\include\yvals.h(156,1):
  see previous definition of '_MSVC_STL_VERSION'
  
C:\Program Files\Microsoft Visual Studio\2022\Community\VC\Tools\MSVC\14.39.33519\include\yvals_core.h(881,1): warning C4005: '_MSVC_STL_UPDATE': macro redefinition [C:\originalhr2\HoverRaceAI\NetTarget\Util\Util.vcxproj]
  (compiling source file 'WorldCoordinates.cpp')
  C:\Program Files\Microsoft Visual Studio\2022\Community\SDK\ScopeCppSDK\vc15\VC\include\yvals.h(157,1):
  see previous definition of '_MSVC_STL_UPDATE'
  
C:\Program Files\Microsoft Visual Studio\2022\Community\VC\Tools\MSVC\14.39.33519\include\yvals_core.h(1000,1): warning C4005: '_DEPRECATE_TR1_NAMESPACE': macro redefinition [C:\originalhr2\HoverRaceAI\NetTarget\Util\Util.vcxproj]
  (compiling source file 'WorldCoordinates.cpp')
  C:\Program Files\Microsoft Visual Studio\2022\Community\SDK\ScopeCppSDK\vc15\VC\include\yvals.h(247,1):
  see previous definition of '_DEPRECATE_TR1_NAMESPACE'
  
C:\Program Files\Microsoft Visual Studio\2022\Community\VC\Tools\MSVC\14.39.33519\include\yvals_core.h(1014,1): warning C4005: '_MISMATCHED_ALLOCATOR_MESSAGE': macro redefinition [C:\originalhr2\HoverRaceAI\NetTarget\Util\Util.vcxproj]
  (compiling source file 'WorldCoordinates.cpp')
  C:\Program Files\Microsoft Visual Studio\2022\Community\SDK\ScopeCppSDK\vc15\VC\include\yvals.h(303,1):
  see previous definition of '_MISMATCHED_ALLOCATOR_MESSAGE'
  
  Generating Code...
Link:
  C:\Program Files\Microsoft Visual Studio\2022\Community\VC\Tools\MSVC\14.39.33519\bin\HostX86\x86\link.exe /ERRORREPORT:QUEUE /OUT:"C:\originalhr2\HoverRaceAI\Release\Util.dll" /NOLOGO /LIBPATH:C:\originalhr2\HoverRaceAI\NetTarget\Util\Release\ /LIBPATH:c:\originalhr\HoverRace\Release /LIBPATH:"C:\Program Files\Microsoft Visual Studio\2022\Community\SDK\ScopeCppSDK\vc15\VC\lib\x86" /LIBPATH:"C:\Program Files\Microsoft Visual Studio\2022\Community\VC\Tools\MSVC\14.39.33519\lib\x86" winmm.lib /MANIFEST /MANIFESTUAC:"level='asInvoker' uiAccess='false'" /manifest:embed /manifestinput:"C:\Program Files\Microsoft Visual Studio\2022\Community\VC\Tools\MSVC\14.39.33519\Include\Manifest\dpiaware.manifest" /DEBUG:FULL /PDB:"C:\originalhr2\HoverRaceAI\Release\Util.pdb" /TLBID:1 /DYNAMICBASE /NXCOMPAT /IMPLIB:"C:\originalhr2\HoverRaceAI\Release\Util.lib" /MACHINE:X86 /SAFESEH /DLL C:\originalhr2\HoverRaceAI\NetTarget\Util\Release\DllObjectFactory.obj
  C:\originalhr2\HoverRaceAI\NetTarget\Util\Release\FuzzyLogic.obj
  C:\originalhr2\HoverRaceAI\NetTarget\Util\Release\Profiler.obj
  C:\originalhr2\HoverRaceAI\NetTarget\Util\Release\RecordFile.obj
  C:\originalhr2\HoverRaceAI\NetTarget\Util\Release\StdAfx.obj
  C:\originalhr2\HoverRaceAI\NetTarget\Util\Release\StrRes.obj
  C:\originalhr2\HoverRaceAI\NetTarget\Util\Release\WorldCoordinates.obj
     Creating library C:\originalhr2\HoverRaceAI\Release\Util.lib and object C:\originalhr2\HoverRaceAI\Release\Util.exp
WorldCoordinates.obj : warning LNK4099: PDB '' was not found with 'WorldCoordinates.obj' or at ''; linking object as if no debug info [C:\originalhr2\HoverRaceAI\NetTarget\Util\Util.vcxproj]
StrRes.obj : warning LNK4099: PDB '' was not found with 'StrRes.obj' or at ''; linking object as if no debug info [C:\originalhr2\HoverRaceAI\NetTarget\Util\Util.vcxproj]
StdAfx.obj : warning LNK4099: PDB '' was not found with 'StdAfx.obj' or at ''; linking object as if no debug info [C:\originalhr2\HoverRaceAI\NetTarget\Util\Util.vcxproj]
RecordFile.obj : warning LNK4099: PDB '' was not found with 'RecordFile.obj' or at ''; linking object as if no debug info [C:\originalhr2\HoverRaceAI\NetTarget\Util\Util.vcxproj]
Profiler.obj : warning LNK4099: PDB '' was not found with 'Profiler.obj' or at ''; linking object as if no debug info [C:\originalhr2\HoverRaceAI\NetTarget\Util\Util.vcxproj]
FuzzyLogic.obj : warning LNK4099: PDB '' was not found with 'FuzzyLogic.obj' or at ''; linking object as if no debug info [C:\originalhr2\HoverRaceAI\NetTarget\Util\Util.vcxproj]
DllObjectFactory.obj : warning LNK4099: PDB '' was not found with 'DllObjectFactory.obj' or at ''; linking object as if no debug info [C:\originalhr2\HoverRaceAI\NetTarget\Util\Util.vcxproj]
  Util.vcxproj -> C:\originalhr2\HoverRaceAI\Release\Util.dll
FinalizeBuildStatus:
  Deleting file "C:\originalhr2\HoverRaceAI\NetTarget\Util\Release\Util.tlog\unsuccessfulbuild".
  Touching "C:\originalhr2\HoverRaceAI\NetTarget\Util\Release\Util.tlog\Util.lastbuildstate".
Done Building Project "C:\originalhr2\HoverRaceAI\NetTarget\Util\Util.vcxproj" (default targets).
PrepareForBuild:
  Structured output is enabled. The formatting of compiler diagnostics will reflect the error hierarchy. See https://aka.ms/cpp/structured-output for more details.
InitializeBuildStatus:
  Creating "C:\originalhr2\HoverRaceAI\NetTarget\VideoServices\Release\VideoServices.tlog\unsuccessfulbuild" because "AlwaysCreate" was specified.
  Touching "C:\originalhr2\HoverRaceAI\NetTarget\VideoServices\Release\VideoServices.tlog\unsuccessfulbuild".
ClCompile:
  C:\Program Files\Microsoft Visual Studio\2022\Community\VC\Tools\MSVC\14.39.33519\bin\HostX86\x86\CL.exe /c /IC:\GLEW\include /IC:\SDL2\include /IC:\originalhr\HoverRace\OpenAL /IC:\originalhr\HoverRace\NetTarget\GraphicsSDL2 /I"C:\Program Files\Microsoft Visual Studio\2022\Community\SDK\ScopeCppSDK\vc15\VC\include" /I"C:\Program Files\Microsoft Visual Studio\2022\Community\VC\Tools\MSVC\14.39.33519\include" /Zi /nologo /W4 /WX- /diagnostics:column /O2 /Oy- /D WIN32 /D NDEBUG /D _WINDOWS /D MR_VIDEO_SERVICES /D _HAVE_SDL2 /D _AFXDLL /D _WINDLL /D _MBCS /D _AFXDLL /Gm- /EHsc /MD /GS /fp:precise /Zc:wchar_t /Zc:forScope /Zc:inline /Fo"C:\originalhr2\HoverRaceAI\NetTarget\VideoServices\Release\\" /Fd"C:\originalhr2\HoverRaceAI\NetTarget\VideoServices\Release\vc143.pdb" /external:W4 /Gd /TP /analyze- /FC /errorReport:queue /FS 2DViewPort.cpp 3DViewport.cpp 3DViewportRendering.cpp Bitmap.cpp ColorPalette.cpp ColorTab.cpp Patch.cpp SoundServer.cpp Sprite.cpp StdAfx.cpp VideoBuffer.cpp VideoBuffer2DDraw.cpp ..\GraphicsSDL2\SDL2Graphics.cpp ..\GraphicsSDL2\VideoBufferSDL2Adapter.cpp VideoBufferSDL2Integration.cpp ..\..\OpenAL\alsdl2wrapper.cpp RenderingEngine.cpp GraphicsUtilities.cpp ModernVideoBuffer.cpp ModernRenderer.cpp ModernActorRenderer.cpp GraphicsTest.cpp
  2DViewPort.cpp
  _WIN32_WINNT not defined. Defaulting to _WIN32_WINNT_MAXVER (see WinSDKVer.h)
C:\Program Files\Microsoft Visual Studio\2022\Community\VC\Tools\MSVC\14.39.33519\include\yvals_core.h(880,1): warning C4005: '_MSVC_STL_VERSION': macro redefinition [C:\originalhr2\HoverRaceAI\NetTarget\VideoServices\VideoServices.vcxproj]
  (compiling source file '2DViewPort.cpp')
  C:\Program Files\Microsoft Visual Studio\2022\Community\SDK\ScopeCppSDK\vc15\VC\include\yvals.h(156,1):
  see previous definition of '_MSVC_STL_VERSION'
  
C:\Program Files\Microsoft Visual Studio\2022\Community\VC\Tools\MSVC\14.39.33519\include\yvals_core.h(881,1): warning C4005: '_MSVC_STL_UPDATE': macro redefinition [C:\originalhr2\HoverRaceAI\NetTarget\VideoServices\VideoServices.vcxproj]
  (compiling source file '2DViewPort.cpp')
  C:\Program Files\Microsoft Visual Studio\2022\Community\SDK\ScopeCppSDK\vc15\VC\include\yvals.h(157,1):
  see previous definition of '_MSVC_STL_UPDATE'
  
C:\Program Files\Microsoft Visual Studio\2022\Community\VC\Tools\MSVC\14.39.33519\include\yvals_core.h(1000,1): warning C4005: '_DEPRECATE_TR1_NAMESPACE': macro redefinition [C:\originalhr2\HoverRaceAI\NetTarget\VideoServices\VideoServices.vcxproj]
  (compiling source file '2DViewPort.cpp')
  C:\Program Files\Microsoft Visual Studio\2022\Community\SDK\ScopeCppSDK\vc15\VC\include\yvals.h(247,1):
  see previous definition of '_DEPRECATE_TR1_NAMESPACE'
  
C:\Program Files\Microsoft Visual Studio\2022\Community\VC\Tools\MSVC\14.39.33519\include\yvals_core.h(1014,1): warning C4005: '_MISMATCHED_ALLOCATOR_MESSAGE': macro redefinition [C:\originalhr2\HoverRaceAI\NetTarget\VideoServices\VideoServices.vcxproj]
  (compiling source file '2DViewPort.cpp')
  C:\Program Files\Microsoft Visual Studio\2022\Community\SDK\ScopeCppSDK\vc15\VC\include\yvals.h(303,1):
  see previous definition of '_MISMATCHED_ALLOCATOR_MESSAGE'
  
Attempting to cancel the build...
